[2025-01-05T06:33:16.876+0000] {local_task_job_runner.py:123} INFO - ::group::Pre task execution logs
[2025-01-05T06:33:16.893+0000] {taskinstance.py:2613} INFO - Dependencies all met for dep_context=non-requeueable deps ti=<TaskInstance: user_processing.create_table manual__2025-01-05T06:33:14.286564+00:00 [queued]>
[2025-01-05T06:33:16.901+0000] {taskinstance.py:2613} INFO - Dependencies all met for dep_context=requeueable deps ti=<TaskInstance: user_processing.create_table manual__2025-01-05T06:33:14.286564+00:00 [queued]>
[2025-01-05T06:33:16.903+0000] {taskinstance.py:2866} INFO - Starting attempt 1 of 1
[2025-01-05T06:33:16.917+0000] {taskinstance.py:2889} INFO - Executing <Task(PostgresOperator): create_table> on 2025-01-05 06:33:14.286564+00:00
[2025-01-05T06:33:16.927+0000] {warnings.py:112} WARNING - /home/***/.local/lib/python3.12/site-packages/***/task/task_runner/standard_task_runner.py:70: DeprecationWarning: This process (pid=1081) is multi-threaded, use of fork() may lead to deadlocks in the child.
  pid = os.fork()

[2025-01-05T06:33:16.929+0000] {standard_task_runner.py:72} INFO - Started process 1083 to run task
[2025-01-05T06:33:16.930+0000] {standard_task_runner.py:104} INFO - Running: ['***', 'tasks', 'run', 'user_processing', 'create_table', 'manual__2025-01-05T06:33:14.286564+00:00', '--job-id', '72', '--raw', '--subdir', 'DAGS_FOLDER/user_processing.py', '--cfg-path', '/tmp/tmpbtjqxoud']
[2025-01-05T06:33:16.931+0000] {standard_task_runner.py:105} INFO - Job 72: Subtask create_table
[2025-01-05T06:33:16.988+0000] {task_command.py:467} INFO - Running <TaskInstance: user_processing.create_table manual__2025-01-05T06:33:14.286564+00:00 [running]> on host a67ecbd59b00
[2025-01-05T06:33:17.084+0000] {taskinstance.py:3132} INFO - Exporting env vars: AIRFLOW_CTX_DAG_OWNER='***' AIRFLOW_CTX_DAG_ID='user_processing' AIRFLOW_CTX_TASK_ID='create_table' AIRFLOW_CTX_EXECUTION_DATE='2025-01-05T06:33:14.286564+00:00' AIRFLOW_CTX_TRY_NUMBER='1' AIRFLOW_CTX_DAG_RUN_ID='manual__2025-01-05T06:33:14.286564+00:00'
[2025-01-05T06:33:17.087+0000] {logging_mixin.py:190} INFO - Task instance is in running state
[2025-01-05T06:33:17.087+0000] {logging_mixin.py:190} INFO -  Previous state of the Task instance: queued
[2025-01-05T06:33:17.088+0000] {logging_mixin.py:190} INFO - Current task name:create_table state:running start_date:2025-01-05 06:33:16.894623+00:00
[2025-01-05T06:33:17.088+0000] {logging_mixin.py:190} INFO - Dag name:user_processing and current dag run status:running
[2025-01-05T06:33:17.089+0000] {taskinstance.py:731} INFO - ::endgroup::
[2025-01-05T06:33:17.089+0000] {sql.py:278} INFO - Executing: 
                Create TABLE IF NOT EXISTS users(
                    firstname TEXT NOT NULL,
                    lastname TEXT NOT NULL,
                    country TEXT NOT NULL,
                    username TEXT NOT NULL,
                    password TEXT NOT NULL,
                    email TEXT NOT NULL
                    );
[2025-01-05T06:33:17.098+0000] {base.py:84} INFO - Retrieving connection 'postgres'
[2025-01-05T06:33:17.106+0000] {base.py:84} INFO - Retrieving connection 'postgres'
[2025-01-05T06:33:17.111+0000] {sql.py:544} INFO - Running statement: 
                Create TABLE IF NOT EXISTS users(
                    firstname TEXT NOT NULL,
                    lastname TEXT NOT NULL,
                    country TEXT NOT NULL,
                    username TEXT NOT NULL,
                    password TEXT NOT NULL,
                    email TEXT NOT NULL
                    );, parameters: None
[2025-01-05T06:33:17.121+0000] {taskinstance.py:340} INFO - ::group::Post task execution logs
[2025-01-05T06:33:17.122+0000] {taskinstance.py:352} INFO - Marking task as SUCCESS. dag_id=user_processing, task_id=create_table, run_id=manual__2025-01-05T06:33:14.286564+00:00, execution_date=20250105T063314, start_date=20250105T063316, end_date=20250105T063317
[2025-01-05T06:33:17.131+0000] {logging_mixin.py:190} INFO - Task instance in success state
[2025-01-05T06:33:17.132+0000] {logging_mixin.py:190} INFO -  Previous state of the Task instance: running
[2025-01-05T06:33:17.133+0000] {logging_mixin.py:190} INFO - Dag name:user_processing queued_at:2025-01-05 06:33:14.312623+00:00
[2025-01-05T06:33:17.133+0000] {logging_mixin.py:190} INFO - Task hostname:a67ecbd59b00 operator:PostgresOperator
[2025-01-05T06:33:17.147+0000] {local_task_job_runner.py:266} INFO - Task exited with return code 0
[2025-01-05T06:33:17.176+0000] {taskinstance.py:3895} INFO - 1 downstream tasks scheduled from follow-on schedule check
[2025-01-05T06:33:17.179+0000] {local_task_job_runner.py:245} INFO - ::endgroup::
