[2025-01-05T06:06:46.536+0000] {local_task_job_runner.py:123} INFO - ::group::Pre task execution logs
[2025-01-05T06:06:46.561+0000] {taskinstance.py:2613} INFO - Dependencies all met for dep_context=non-requeueable deps ti=<TaskInstance: user_processing.create_table manual__2025-01-05T06:06:43.468299+00:00 [queued]>
[2025-01-05T06:06:46.573+0000] {taskinstance.py:2613} INFO - Dependencies all met for dep_context=requeueable deps ti=<TaskInstance: user_processing.create_table manual__2025-01-05T06:06:43.468299+00:00 [queued]>
[2025-01-05T06:06:46.574+0000] {taskinstance.py:2866} INFO - Starting attempt 1 of 1
[2025-01-05T06:06:46.592+0000] {taskinstance.py:2889} INFO - Executing <Task(PostgresOperator): create_table> on 2025-01-05 06:06:43.468299+00:00
[2025-01-05T06:06:46.602+0000] {warnings.py:112} WARNING - /home/***/.local/lib/python3.12/site-packages/***/task/task_runner/standard_task_runner.py:70: DeprecationWarning: This process (pid=676) is multi-threaded, use of fork() may lead to deadlocks in the child.
  pid = os.fork()

[2025-01-05T06:06:46.604+0000] {standard_task_runner.py:72} INFO - Started process 678 to run task
[2025-01-05T06:06:46.606+0000] {standard_task_runner.py:104} INFO - Running: ['***', 'tasks', 'run', 'user_processing', 'create_table', 'manual__2025-01-05T06:06:43.468299+00:00', '--job-id', '57', '--raw', '--subdir', 'DAGS_FOLDER/user_processing.py', '--cfg-path', '/tmp/tmp8k5yjvda']
[2025-01-05T06:06:46.608+0000] {standard_task_runner.py:105} INFO - Job 57: Subtask create_table
[2025-01-05T06:06:46.673+0000] {task_command.py:467} INFO - Running <TaskInstance: user_processing.create_table manual__2025-01-05T06:06:43.468299+00:00 [running]> on host a67ecbd59b00
[2025-01-05T06:06:46.779+0000] {taskinstance.py:3132} INFO - Exporting env vars: AIRFLOW_CTX_DAG_OWNER='***' AIRFLOW_CTX_DAG_ID='user_processing' AIRFLOW_CTX_TASK_ID='create_table' AIRFLOW_CTX_EXECUTION_DATE='2025-01-05T06:06:43.468299+00:00' AIRFLOW_CTX_TRY_NUMBER='1' AIRFLOW_CTX_DAG_RUN_ID='manual__2025-01-05T06:06:43.468299+00:00'
[2025-01-05T06:06:46.782+0000] {logging_mixin.py:190} INFO - Task instance is in running state
[2025-01-05T06:06:46.782+0000] {logging_mixin.py:190} INFO -  Previous state of the Task instance: queued
[2025-01-05T06:06:46.783+0000] {logging_mixin.py:190} INFO - Current task name:create_table state:running start_date:2025-01-05 06:06:46.562746+00:00
[2025-01-05T06:06:46.783+0000] {logging_mixin.py:190} INFO - Dag name:user_processing and current dag run status:running
[2025-01-05T06:06:46.784+0000] {taskinstance.py:731} INFO - ::endgroup::
[2025-01-05T06:06:46.785+0000] {sql.py:278} INFO - Executing: 
                Create TABLE IF NOT EXISTS users(
                    firstname TEXT NOT NULL,
                    lastname TEXT NOT NULL,
                    country TEXT NOT NULL,
                    username TEXT NOT NULL,
                    password TEXT NOT NULL,
                    email TEXT NOT NULL
                    );
[2025-01-05T06:06:46.794+0000] {base.py:84} INFO - Retrieving connection 'postgres'
[2025-01-05T06:06:46.804+0000] {base.py:84} INFO - Retrieving connection 'postgres'
[2025-01-05T06:06:46.808+0000] {sql.py:544} INFO - Running statement: 
                Create TABLE IF NOT EXISTS users(
                    firstname TEXT NOT NULL,
                    lastname TEXT NOT NULL,
                    country TEXT NOT NULL,
                    username TEXT NOT NULL,
                    password TEXT NOT NULL,
                    email TEXT NOT NULL
                    );, parameters: None
[2025-01-05T06:06:46.817+0000] {taskinstance.py:340} INFO - ::group::Post task execution logs
[2025-01-05T06:06:46.818+0000] {taskinstance.py:352} INFO - Marking task as SUCCESS. dag_id=user_processing, task_id=create_table, run_id=manual__2025-01-05T06:06:43.468299+00:00, execution_date=20250105T060643, start_date=20250105T060646, end_date=20250105T060646
[2025-01-05T06:06:46.829+0000] {logging_mixin.py:190} INFO - Task instance in success state
[2025-01-05T06:06:46.831+0000] {logging_mixin.py:190} INFO -  Previous state of the Task instance: running
[2025-01-05T06:06:46.832+0000] {logging_mixin.py:190} INFO - Dag name:user_processing queued_at:2025-01-05 06:06:43.497235+00:00
[2025-01-05T06:06:46.832+0000] {logging_mixin.py:190} INFO - Task hostname:a67ecbd59b00 operator:PostgresOperator
[2025-01-05T06:06:46.864+0000] {local_task_job_runner.py:266} INFO - Task exited with return code 0
[2025-01-05T06:06:46.891+0000] {taskinstance.py:3895} INFO - 1 downstream tasks scheduled from follow-on schedule check
[2025-01-05T06:06:46.895+0000] {local_task_job_runner.py:245} INFO - ::endgroup::
