[2024-12-20T08:44:15.563+0000] {local_task_job_runner.py:123} INFO - ::group::Pre task execution logs
[2024-12-20T08:44:15.580+0000] {taskinstance.py:2613} INFO - Dependencies all met for dep_context=non-requeueable deps ti=<TaskInstance: user_processing.is_api_available scheduled__2024-12-19T00:00:00+00:00 [queued]>
[2024-12-20T08:44:15.587+0000] {taskinstance.py:2613} INFO - Dependencies all met for dep_context=requeueable deps ti=<TaskInstance: user_processing.is_api_available scheduled__2024-12-19T00:00:00+00:00 [queued]>
[2024-12-20T08:44:15.588+0000] {taskinstance.py:2866} INFO - Starting attempt 1 of 1
[2024-12-20T08:44:15.803+0000] {taskinstance.py:2889} INFO - Executing <Task(HttpSensor): is_api_available> on 2024-12-19 00:00:00+00:00
[2024-12-20T08:44:15.814+0000] {warnings.py:112} WARNING - /home/***/.local/lib/python3.12/site-packages/***/task/task_runner/standard_task_runner.py:70: DeprecationWarning: This process (pid=1076) is multi-threaded, use of fork() may lead to deadlocks in the child.
  pid = os.fork()

[2024-12-20T08:44:15.817+0000] {standard_task_runner.py:104} INFO - Running: ['***', 'tasks', 'run', 'user_processing', 'is_api_available', 'scheduled__2024-12-19T00:00:00+00:00', '--job-id', '22', '--raw', '--subdir', 'DAGS_FOLDER/user_processing.py', '--cfg-path', '/tmp/tmp5anqmv_l']
[2024-12-20T08:44:15.818+0000] {standard_task_runner.py:72} INFO - Started process 1079 to run task
[2024-12-20T08:44:15.819+0000] {standard_task_runner.py:105} INFO - Job 22: Subtask is_api_available
[2024-12-20T08:44:15.880+0000] {task_command.py:467} INFO - Running <TaskInstance: user_processing.is_api_available scheduled__2024-12-19T00:00:00+00:00 [running]> on host a67ecbd59b00
[2024-12-20T08:44:15.950+0000] {taskinstance.py:3132} INFO - Exporting env vars: AIRFLOW_CTX_DAG_OWNER='***' AIRFLOW_CTX_DAG_ID='user_processing' AIRFLOW_CTX_TASK_ID='is_api_available' AIRFLOW_CTX_EXECUTION_DATE='2024-12-19T00:00:00+00:00' AIRFLOW_CTX_TRY_NUMBER='1' AIRFLOW_CTX_DAG_RUN_ID='scheduled__2024-12-19T00:00:00+00:00'
[2024-12-20T08:44:15.952+0000] {logging_mixin.py:190} INFO - Task instance is in running state
[2024-12-20T08:44:15.953+0000] {logging_mixin.py:190} INFO -  Previous state of the Task instance: queued
[2024-12-20T08:44:15.953+0000] {logging_mixin.py:190} INFO - Current task name:is_api_available state:running start_date:2024-12-20 08:44:15.581103+00:00
[2024-12-20T08:44:15.954+0000] {logging_mixin.py:190} INFO - Dag name:user_processing and current dag run status:running
[2024-12-20T08:44:15.954+0000] {taskinstance.py:731} INFO - ::endgroup::
[2024-12-20T08:44:15.955+0000] {baseoperator.py:416} WARNING - HttpSensor.execute cannot be called outside TaskInstance!
[2024-12-20T08:44:15.955+0000] {http.py:137} INFO - Poking: 
[2024-12-20T08:44:15.963+0000] {base.py:84} INFO - Retrieving connection 'website_api_check'
[2024-12-20T08:44:16.603+0000] {base.py:336} INFO - Success criteria met. Exiting.
[2024-12-20T08:44:16.613+0000] {taskinstance.py:340} INFO - ::group::Post task execution logs
[2024-12-20T08:44:16.614+0000] {taskinstance.py:352} INFO - Marking task as SUCCESS. dag_id=user_processing, task_id=is_api_available, run_id=scheduled__2024-12-19T00:00:00+00:00, execution_date=20241219T000000, start_date=20241220T084415, end_date=20241220T084416
[2024-12-20T08:44:16.630+0000] {logging_mixin.py:190} INFO - Task instance in success state
[2024-12-20T08:44:16.632+0000] {logging_mixin.py:190} INFO -  Previous state of the Task instance: running
[2024-12-20T08:44:16.632+0000] {logging_mixin.py:190} INFO - Dag name:user_processing queued_at:2024-12-20 08:44:11.250260+00:00
[2024-12-20T08:44:16.633+0000] {logging_mixin.py:190} INFO - Task hostname:a67ecbd59b00 operator:HttpSensor
[2024-12-20T08:44:16.678+0000] {local_task_job_runner.py:266} INFO - Task exited with return code 0
[2024-12-20T08:44:16.700+0000] {taskinstance.py:3895} INFO - 0 downstream tasks scheduled from follow-on schedule check
[2024-12-20T08:44:16.709+0000] {local_task_job_runner.py:245} INFO - ::endgroup::
