[2025-01-03T07:35:10.973+0000] {local_task_job_runner.py:123} INFO - ::group::Pre task execution logs
[2025-01-03T07:35:10.991+0000] {taskinstance.py:2613} INFO - Dependencies all met for dep_context=non-requeueable deps ti=<TaskInstance: user_processing.extract_user scheduled__2025-01-02T00:00:00+00:00 [queued]>
[2025-01-03T07:35:11.004+0000] {taskinstance.py:2613} INFO - Dependencies all met for dep_context=requeueable deps ti=<TaskInstance: user_processing.extract_user scheduled__2025-01-02T00:00:00+00:00 [queued]>
[2025-01-03T07:35:11.005+0000] {taskinstance.py:2866} INFO - Starting attempt 1 of 1
[2025-01-03T07:35:11.024+0000] {taskinstance.py:2889} INFO - Executing <Task(SimpleHttpOperator): extract_user> on 2025-01-02 00:00:00+00:00
[2025-01-03T07:35:11.035+0000] {warnings.py:112} WARNING - /home/***/.local/lib/python3.12/site-packages/***/task/task_runner/standard_task_runner.py:70: DeprecationWarning: This process (pid=74) is multi-threaded, use of fork() may lead to deadlocks in the child.
  pid = os.fork()

[2025-01-03T07:35:11.038+0000] {standard_task_runner.py:72} INFO - Started process 95 to run task
[2025-01-03T07:35:11.039+0000] {standard_task_runner.py:104} INFO - Running: ['***', 'tasks', 'run', 'user_processing', 'extract_user', 'scheduled__2025-01-02T00:00:00+00:00', '--job-id', '29', '--raw', '--subdir', 'DAGS_FOLDER/user_processing.py', '--cfg-path', '/tmp/tmp_2r6kkwi']
[2025-01-03T07:35:11.041+0000] {standard_task_runner.py:105} INFO - Job 29: Subtask extract_user
[2025-01-03T07:35:11.122+0000] {task_command.py:467} INFO - Running <TaskInstance: user_processing.extract_user scheduled__2025-01-02T00:00:00+00:00 [running]> on host a67ecbd59b00
[2025-01-03T07:35:11.249+0000] {taskinstance.py:3132} INFO - Exporting env vars: AIRFLOW_CTX_DAG_OWNER='***' AIRFLOW_CTX_DAG_ID='user_processing' AIRFLOW_CTX_TASK_ID='extract_user' AIRFLOW_CTX_EXECUTION_DATE='2025-01-02T00:00:00+00:00' AIRFLOW_CTX_TRY_NUMBER='1' AIRFLOW_CTX_DAG_RUN_ID='scheduled__2025-01-02T00:00:00+00:00'
[2025-01-03T07:35:11.252+0000] {logging_mixin.py:190} INFO - Task instance is in running state
[2025-01-03T07:35:11.253+0000] {logging_mixin.py:190} INFO -  Previous state of the Task instance: queued
[2025-01-03T07:35:11.253+0000] {logging_mixin.py:190} INFO - Current task name:extract_user state:running start_date:2025-01-03 07:35:10.992555+00:00
[2025-01-03T07:35:11.254+0000] {logging_mixin.py:190} INFO - Dag name:user_processing and current dag run status:running
[2025-01-03T07:35:11.255+0000] {taskinstance.py:731} INFO - ::endgroup::
[2025-01-03T07:35:11.256+0000] {http.py:173} INFO - Calling HTTP method
[2025-01-03T07:35:11.270+0000] {base.py:84} INFO - Retrieving connection 'user_api'
[2025-01-03T07:35:11.279+0000] {base.py:84} INFO - Retrieving connection 'user_api'
[2025-01-03T07:35:12.400+0000] {http.py:222} INFO - {"results":[{"gender":"female","name":{"title":"Mrs","first":"Pola","last":"Myrvold"},"location":{"street":{"number":2886,"name":"Von Øtkens vei"},"city":"Vikøy","state":"Finnmark - Finnmárku","country":"Norway","postcode":"4698","coordinates":{"latitude":"40.6582","longitude":"129.6912"},"timezone":{"offset":"-10:00","description":"Hawaii"}},"email":"pola.myrvold@example.com","login":{"uuid":"c9714ff4-7a50-4d2b-b2b1-43656ac41b74","username":"bigfish313","password":"probes","salt":"OwbYkS0j","md5":"acb25e9260007e52a07a725fdbe83d50","sha1":"809b16e93d72f32f509a75050f618fe6585df0d7","sha256":"c53ef0de9d23992d40bb8ebf5864bab70418fa61107fe0b034b36bf8d7767188"},"dob":{"date":"1966-10-19T11:55:34.789Z","age":58},"registered":{"date":"2009-08-31T23:48:39.705Z","age":15},"phone":"67216428","cell":"45610732","id":{"name":"FN","value":"19106607861"},"picture":{"large":"https://randomuser.me/api/portraits/women/40.jpg","medium":"https://randomuser.me/api/portraits/med/women/40.jpg","thumbnail":"https://randomuser.me/api/portraits/thumb/women/40.jpg"},"nat":"NO"}],"info":{"seed":"d31b2217d603ee75","results":1,"page":1,"version":"1.4"}}
[2025-01-03T07:35:12.435+0000] {taskinstance.py:340} INFO - ::group::Post task execution logs
[2025-01-03T07:35:12.436+0000] {taskinstance.py:352} INFO - Marking task as SUCCESS. dag_id=user_processing, task_id=extract_user, run_id=scheduled__2025-01-02T00:00:00+00:00, execution_date=20250102T000000, start_date=20250103T073510, end_date=20250103T073512
[2025-01-03T07:35:12.453+0000] {logging_mixin.py:190} INFO - Task instance in success state
[2025-01-03T07:35:12.454+0000] {logging_mixin.py:190} INFO -  Previous state of the Task instance: running
[2025-01-03T07:35:12.455+0000] {logging_mixin.py:190} INFO - Dag name:user_processing queued_at:2025-01-03 07:35:05.385903+00:00
[2025-01-03T07:35:12.456+0000] {logging_mixin.py:190} INFO - Task hostname:a67ecbd59b00 operator:SimpleHttpOperator
[2025-01-03T07:35:12.500+0000] {local_task_job_runner.py:266} INFO - Task exited with return code 0
[2025-01-03T07:35:12.533+0000] {taskinstance.py:3895} INFO - 1 downstream tasks scheduled from follow-on schedule check
[2025-01-03T07:35:12.536+0000] {local_task_job_runner.py:245} INFO - ::endgroup::
