[2024-12-20T08:44:15.563+0000] {local_task_job_runner.py:123} INFO - ::group::Pre task execution logs
[2024-12-20T08:44:15.771+0000] {taskinstance.py:2613} INFO - Dependencies all met for dep_context=non-requeueable deps ti=<TaskInstance: user_processing.create_table scheduled__2024-12-19T00:00:00+00:00 [queued]>
[2024-12-20T08:44:15.782+0000] {taskinstance.py:2613} INFO - Dependencies all met for dep_context=requeueable deps ti=<TaskInstance: user_processing.create_table scheduled__2024-12-19T00:00:00+00:00 [queued]>
[2024-12-20T08:44:15.783+0000] {taskinstance.py:2866} INFO - Starting attempt 1 of 1
[2024-12-20T08:44:15.806+0000] {taskinstance.py:2889} INFO - Executing <Task(PostgresOperator): create_table> on 2024-12-19 00:00:00+00:00
[2024-12-20T08:44:15.817+0000] {warnings.py:112} WARNING - /home/***/.local/lib/python3.12/site-packages/***/task/task_runner/standard_task_runner.py:70: DeprecationWarning: This process (pid=1075) is multi-threaded, use of fork() may lead to deadlocks in the child.
  pid = os.fork()

[2024-12-20T08:44:15.819+0000] {standard_task_runner.py:104} INFO - Running: ['***', 'tasks', 'run', 'user_processing', 'create_table', 'scheduled__2024-12-19T00:00:00+00:00', '--job-id', '23', '--raw', '--subdir', 'DAGS_FOLDER/user_processing.py', '--cfg-path', '/tmp/tmpejxwom6o']
[2024-12-20T08:44:15.820+0000] {standard_task_runner.py:72} INFO - Started process 1080 to run task
[2024-12-20T08:44:15.821+0000] {standard_task_runner.py:105} INFO - Job 23: Subtask create_table
[2024-12-20T08:44:15.879+0000] {task_command.py:467} INFO - Running <TaskInstance: user_processing.create_table scheduled__2024-12-19T00:00:00+00:00 [running]> on host a67ecbd59b00
[2024-12-20T08:44:15.953+0000] {taskinstance.py:3132} INFO - Exporting env vars: AIRFLOW_CTX_DAG_OWNER='***' AIRFLOW_CTX_DAG_ID='user_processing' AIRFLOW_CTX_TASK_ID='create_table' AIRFLOW_CTX_EXECUTION_DATE='2024-12-19T00:00:00+00:00' AIRFLOW_CTX_TRY_NUMBER='1' AIRFLOW_CTX_DAG_RUN_ID='scheduled__2024-12-19T00:00:00+00:00'
[2024-12-20T08:44:15.955+0000] {logging_mixin.py:190} INFO - Task instance is in running state
[2024-12-20T08:44:15.955+0000] {logging_mixin.py:190} INFO -  Previous state of the Task instance: queued
[2024-12-20T08:44:15.956+0000] {logging_mixin.py:190} INFO - Current task name:create_table state:running start_date:2024-12-20 08:44:15.772352+00:00
[2024-12-20T08:44:15.956+0000] {logging_mixin.py:190} INFO - Dag name:user_processing and current dag run status:running
[2024-12-20T08:44:15.956+0000] {taskinstance.py:731} INFO - ::endgroup::
[2024-12-20T08:44:15.957+0000] {sql.py:278} INFO - Executing: 
                Create TABLE IF NOT EXISTS users(
                    firstname TEXT NOT NULL,
                    lastname TEXT NOT NULL,
                    country TEXT NOT NULL,
                    username TEXT NOT NULL,
                    password TEXT NOT NULL,
                    email TEXT NOT NULL
                    );
[2024-12-20T08:44:15.964+0000] {base.py:84} INFO - Retrieving connection 'postgres'
[2024-12-20T08:44:15.991+0000] {base.py:84} INFO - Retrieving connection 'postgres'
[2024-12-20T08:44:15.995+0000] {sql.py:544} INFO - Running statement: 
                Create TABLE IF NOT EXISTS users(
                    firstname TEXT NOT NULL,
                    lastname TEXT NOT NULL,
                    country TEXT NOT NULL,
                    username TEXT NOT NULL,
                    password TEXT NOT NULL,
                    email TEXT NOT NULL
                    );, parameters: None
[2024-12-20T08:44:16.002+0000] {taskinstance.py:340} INFO - ::group::Post task execution logs
[2024-12-20T08:44:16.003+0000] {taskinstance.py:352} INFO - Marking task as SUCCESS. dag_id=user_processing, task_id=create_table, run_id=scheduled__2024-12-19T00:00:00+00:00, execution_date=20241219T000000, start_date=20241220T084415, end_date=20241220T084416
[2024-12-20T08:44:16.012+0000] {logging_mixin.py:190} INFO - Task instance in success state
[2024-12-20T08:44:16.012+0000] {logging_mixin.py:190} INFO -  Previous state of the Task instance: running
[2024-12-20T08:44:16.013+0000] {logging_mixin.py:190} INFO - Dag name:user_processing queued_at:2024-12-20 08:44:11.250260+00:00
[2024-12-20T08:44:16.013+0000] {logging_mixin.py:190} INFO - Task hostname:a67ecbd59b00 operator:PostgresOperator
[2024-12-20T08:44:16.037+0000] {local_task_job_runner.py:266} INFO - Task exited with return code 0
[2024-12-20T08:44:16.060+0000] {taskinstance.py:3895} INFO - 0 downstream tasks scheduled from follow-on schedule check
[2024-12-20T08:44:16.063+0000] {local_task_job_runner.py:245} INFO - ::endgroup::
