[2025-01-05T06:33:24.157+0000] {local_task_job_runner.py:123} INFO - ::group::Pre task execution logs
[2025-01-05T06:33:24.187+0000] {taskinstance.py:2613} INFO - Dependencies all met for dep_context=non-requeueable deps ti=<TaskInstance: user_processing.extract_user manual__2025-01-05T06:33:14.286564+00:00 [queued]>
[2025-01-05T06:33:24.203+0000] {taskinstance.py:2613} INFO - Dependencies all met for dep_context=requeueable deps ti=<TaskInstance: user_processing.extract_user manual__2025-01-05T06:33:14.286564+00:00 [queued]>
[2025-01-05T06:33:24.205+0000] {taskinstance.py:2866} INFO - Starting attempt 1 of 1
[2025-01-05T06:33:24.230+0000] {taskinstance.py:2889} INFO - Executing <Task(SimpleHttpOperator): extract_user> on 2025-01-05 06:33:14.286564+00:00
[2025-01-05T06:33:24.242+0000] {warnings.py:112} WARNING - /home/***/.local/lib/python3.12/site-packages/***/task/task_runner/standard_task_runner.py:70: DeprecationWarning: This process (pid=1089) is multi-threaded, use of fork() may lead to deadlocks in the child.
  pid = os.fork()

[2025-01-05T06:33:24.245+0000] {standard_task_runner.py:72} INFO - Started process 1091 to run task
[2025-01-05T06:33:24.247+0000] {standard_task_runner.py:104} INFO - Running: ['***', 'tasks', 'run', 'user_processing', 'extract_user', 'manual__2025-01-05T06:33:14.286564+00:00', '--job-id', '74', '--raw', '--subdir', 'DAGS_FOLDER/user_processing.py', '--cfg-path', '/tmp/tmpj7ns7rhs']
[2025-01-05T06:33:24.248+0000] {standard_task_runner.py:105} INFO - Job 74: Subtask extract_user
[2025-01-05T06:33:24.319+0000] {task_command.py:467} INFO - Running <TaskInstance: user_processing.extract_user manual__2025-01-05T06:33:14.286564+00:00 [running]> on host a67ecbd59b00
[2025-01-05T06:33:24.462+0000] {taskinstance.py:3132} INFO - Exporting env vars: AIRFLOW_CTX_DAG_OWNER='***' AIRFLOW_CTX_DAG_ID='user_processing' AIRFLOW_CTX_TASK_ID='extract_user' AIRFLOW_CTX_EXECUTION_DATE='2025-01-05T06:33:14.286564+00:00' AIRFLOW_CTX_TRY_NUMBER='1' AIRFLOW_CTX_DAG_RUN_ID='manual__2025-01-05T06:33:14.286564+00:00'
[2025-01-05T06:33:24.464+0000] {logging_mixin.py:190} INFO - Task instance is in running state
[2025-01-05T06:33:24.465+0000] {logging_mixin.py:190} INFO -  Previous state of the Task instance: queued
[2025-01-05T06:33:24.466+0000] {logging_mixin.py:190} INFO - Current task name:extract_user state:running start_date:2025-01-05 06:33:24.188733+00:00
[2025-01-05T06:33:24.467+0000] {logging_mixin.py:190} INFO - Dag name:user_processing and current dag run status:running
[2025-01-05T06:33:24.468+0000] {taskinstance.py:731} INFO - ::endgroup::
[2025-01-05T06:33:24.469+0000] {http.py:173} INFO - Calling HTTP method
[2025-01-05T06:33:24.480+0000] {base.py:84} INFO - Retrieving connection 'user_api'
[2025-01-05T06:33:24.491+0000] {base.py:84} INFO - Retrieving connection 'user_api'
[2025-01-05T06:33:25.191+0000] {http.py:222} INFO - {"results":[{"gender":"male","name":{"title":"Mr","first":"Hermitério","last":"Sales"},"location":{"street":{"number":5324,"name":"Rua São José "},"city":"Valinhos","state":"Amapá","country":"Brazil","postcode":88084,"coordinates":{"latitude":"-75.1154","longitude":"-138.0432"},"timezone":{"offset":"+11:00","description":"Magadan, Solomon Islands, New Caledonia"}},"email":"hermiterio.sales@example.com","login":{"uuid":"7ef8bf1d-140f-4088-88c9-ed51e3d08338","username":"smallmeercat937","password":"lkjhgfds","salt":"dqd9dHHd","md5":"b98fd897f2c181bc33ec66838a7519b2","sha1":"4081bf7539f6e3b921c3699595a29a24fa50a8f2","sha256":"0eb6b4587fe22b9a1bed344cfcb1c24c1888035cbcbf7190c181da4f90b5a9f7"},"dob":{"date":"1990-12-01T20:21:59.395Z","age":34},"registered":{"date":"2009-02-11T01:53:31.910Z","age":15},"phone":"(92) 8052-2542","cell":"(49) 8602-9957","id":{"name":"CPF","value":"822.237.440-31"},"picture":{"large":"https://randomuser.me/api/portraits/men/11.jpg","medium":"https://randomuser.me/api/portraits/med/men/11.jpg","thumbnail":"https://randomuser.me/api/portraits/thumb/men/11.jpg"},"nat":"BR"}],"info":{"seed":"e29b40c89772a16e","results":1,"page":1,"version":"1.4"}}
[2025-01-05T06:33:25.236+0000] {taskinstance.py:340} INFO - ::group::Post task execution logs
[2025-01-05T06:33:25.238+0000] {taskinstance.py:352} INFO - Marking task as SUCCESS. dag_id=user_processing, task_id=extract_user, run_id=manual__2025-01-05T06:33:14.286564+00:00, execution_date=20250105T063314, start_date=20250105T063324, end_date=20250105T063325
[2025-01-05T06:33:25.253+0000] {logging_mixin.py:190} INFO - Task instance in success state
[2025-01-05T06:33:25.255+0000] {logging_mixin.py:190} INFO -  Previous state of the Task instance: running
[2025-01-05T06:33:25.256+0000] {logging_mixin.py:190} INFO - Dag name:user_processing queued_at:2025-01-05 06:33:14.312623+00:00
[2025-01-05T06:33:25.257+0000] {logging_mixin.py:190} INFO - Task hostname:a67ecbd59b00 operator:SimpleHttpOperator
[2025-01-05T06:33:25.270+0000] {local_task_job_runner.py:266} INFO - Task exited with return code 0
[2025-01-05T06:33:25.306+0000] {taskinstance.py:3895} INFO - 1 downstream tasks scheduled from follow-on schedule check
[2025-01-05T06:33:25.312+0000] {local_task_job_runner.py:245} INFO - ::endgroup::
