[2025-01-05T06:00:41.571+0000] {local_task_job_runner.py:123} INFO - ::group::Pre task execution logs
[2025-01-05T06:00:41.601+0000] {taskinstance.py:2613} INFO - Dependencies all met for dep_context=non-requeueable deps ti=<TaskInstance: user_processing.extract_user manual__2025-01-05T06:00:32.339225+00:00 [queued]>
[2025-01-05T06:00:41.614+0000] {taskinstance.py:2613} INFO - Dependencies all met for dep_context=requeueable deps ti=<TaskInstance: user_processing.extract_user manual__2025-01-05T06:00:32.339225+00:00 [queued]>
[2025-01-05T06:00:41.615+0000] {taskinstance.py:2866} INFO - Starting attempt 1 of 1
[2025-01-05T06:00:41.634+0000] {taskinstance.py:2889} INFO - Executing <Task(SimpleHttpOperator): extract_user> on 2025-01-05 06:00:32.339225+00:00
[2025-01-05T06:00:41.645+0000] {warnings.py:112} WARNING - /home/***/.local/lib/python3.12/site-packages/***/task/task_runner/standard_task_runner.py:70: DeprecationWarning: This process (pid=580) is multi-threaded, use of fork() may lead to deadlocks in the child.
  pid = os.fork()

[2025-01-05T06:00:41.647+0000] {standard_task_runner.py:104} INFO - Running: ['***', 'tasks', 'run', 'user_processing', 'extract_user', 'manual__2025-01-05T06:00:32.339225+00:00', '--job-id', '54', '--raw', '--subdir', 'DAGS_FOLDER/user_processing.py', '--cfg-path', '/tmp/tmpddaoh7sv']
[2025-01-05T06:00:41.648+0000] {standard_task_runner.py:72} INFO - Started process 582 to run task
[2025-01-05T06:00:41.649+0000] {standard_task_runner.py:105} INFO - Job 54: Subtask extract_user
[2025-01-05T06:00:41.735+0000] {task_command.py:467} INFO - Running <TaskInstance: user_processing.extract_user manual__2025-01-05T06:00:32.339225+00:00 [running]> on host a67ecbd59b00
[2025-01-05T06:00:41.853+0000] {taskinstance.py:3132} INFO - Exporting env vars: AIRFLOW_CTX_DAG_OWNER='***' AIRFLOW_CTX_DAG_ID='user_processing' AIRFLOW_CTX_TASK_ID='extract_user' AIRFLOW_CTX_EXECUTION_DATE='2025-01-05T06:00:32.339225+00:00' AIRFLOW_CTX_TRY_NUMBER='1' AIRFLOW_CTX_DAG_RUN_ID='manual__2025-01-05T06:00:32.339225+00:00'
[2025-01-05T06:00:41.855+0000] {logging_mixin.py:190} INFO - Task instance is in running state
[2025-01-05T06:00:41.856+0000] {logging_mixin.py:190} INFO -  Previous state of the Task instance: queued
[2025-01-05T06:00:41.857+0000] {logging_mixin.py:190} INFO - Current task name:extract_user state:running start_date:2025-01-05 06:00:41.602536+00:00
[2025-01-05T06:00:41.858+0000] {logging_mixin.py:190} INFO - Dag name:user_processing and current dag run status:running
[2025-01-05T06:00:41.859+0000] {taskinstance.py:731} INFO - ::endgroup::
[2025-01-05T06:00:41.861+0000] {http.py:173} INFO - Calling HTTP method
[2025-01-05T06:00:41.874+0000] {base.py:84} INFO - Retrieving connection 'user_api'
[2025-01-05T06:00:41.886+0000] {base.py:84} INFO - Retrieving connection 'user_api'
[2025-01-05T06:00:42.895+0000] {http.py:222} INFO - {"results":[{"gender":"male","name":{"title":"Mr","first":"Ruben","last":"Legrand"},"location":{"street":{"number":8433,"name":"Rue Principale"},"city":"Saint-Denis","state":"Pyrénées-Atlantiques","country":"France","postcode":79960,"coordinates":{"latitude":"-17.8311","longitude":"-83.3546"},"timezone":{"offset":"-9:00","description":"Alaska"}},"email":"ruben.legrand@example.com","login":{"uuid":"d81dfccc-42e3-4f6f-8469-9c9e454e6b25","username":"happymeercat636","password":"dodge","salt":"pl5n8A9U","md5":"3d06243d299b8d58417576ad608c2fe7","sha1":"27002f0c72e337bf290782a2cb84b1729bd13273","sha256":"0a131446a60481702f489f60480581be4b99deb48effc048e05901a8ad8b9e85"},"dob":{"date":"1987-07-16T17:34:18.097Z","age":37},"registered":{"date":"2014-07-30T09:21:54.601Z","age":10},"phone":"02-32-84-71-30","cell":"06-09-60-29-41","id":{"name":"INSEE","value":"1870688759099 26"},"picture":{"large":"https://randomuser.me/api/portraits/men/88.jpg","medium":"https://randomuser.me/api/portraits/med/men/88.jpg","thumbnail":"https://randomuser.me/api/portraits/thumb/men/88.jpg"},"nat":"FR"}],"info":{"seed":"d6f69f5b67abf1cb","results":1,"page":1,"version":"1.4"}}
[2025-01-05T06:00:42.931+0000] {taskinstance.py:340} INFO - ::group::Post task execution logs
[2025-01-05T06:00:42.933+0000] {taskinstance.py:352} INFO - Marking task as SUCCESS. dag_id=user_processing, task_id=extract_user, run_id=manual__2025-01-05T06:00:32.339225+00:00, execution_date=20250105T060032, start_date=20250105T060041, end_date=20250105T060042
[2025-01-05T06:00:42.947+0000] {logging_mixin.py:190} INFO - Task instance in success state
[2025-01-05T06:00:42.948+0000] {logging_mixin.py:190} INFO -  Previous state of the Task instance: running
[2025-01-05T06:00:42.949+0000] {logging_mixin.py:190} INFO - Dag name:user_processing queued_at:2025-01-05 06:00:32.359757+00:00
[2025-01-05T06:00:42.950+0000] {logging_mixin.py:190} INFO - Task hostname:a67ecbd59b00 operator:SimpleHttpOperator
[2025-01-05T06:00:42.995+0000] {local_task_job_runner.py:266} INFO - Task exited with return code 0
[2025-01-05T06:00:43.037+0000] {taskinstance.py:3895} INFO - 1 downstream tasks scheduled from follow-on schedule check
[2025-01-05T06:00:43.043+0000] {local_task_job_runner.py:245} INFO - ::endgroup::
