[2025-01-05T06:10:04.203+0000] {local_task_job_runner.py:123} INFO - ::group::Pre task execution logs
[2025-01-05T06:10:04.232+0000] {taskinstance.py:2613} INFO - Dependencies all met for dep_context=non-requeueable deps ti=<TaskInstance: user_processing.extract_user manual__2025-01-05T06:09:53.829062+00:00 [queued]>
[2025-01-05T06:10:04.244+0000] {taskinstance.py:2613} INFO - Dependencies all met for dep_context=requeueable deps ti=<TaskInstance: user_processing.extract_user manual__2025-01-05T06:09:53.829062+00:00 [queued]>
[2025-01-05T06:10:04.246+0000] {taskinstance.py:2866} INFO - Starting attempt 1 of 1
[2025-01-05T06:10:04.264+0000] {taskinstance.py:2889} INFO - Executing <Task(SimpleHttpOperator): extract_user> on 2025-01-05 06:09:53.829062+00:00
[2025-01-05T06:10:04.276+0000] {warnings.py:112} WARNING - /home/***/.local/lib/python3.12/site-packages/***/task/task_runner/standard_task_runner.py:70: DeprecationWarning: This process (pid=765) is multi-threaded, use of fork() may lead to deadlocks in the child.
  pid = os.fork()

[2025-01-05T06:10:04.278+0000] {standard_task_runner.py:104} INFO - Running: ['***', 'tasks', 'run', 'user_processing', 'extract_user', 'manual__2025-01-05T06:09:53.829062+00:00', '--job-id', '69', '--raw', '--subdir', 'DAGS_FOLDER/user_processing.py', '--cfg-path', '/tmp/tmpapkjvquv']
[2025-01-05T06:10:04.279+0000] {standard_task_runner.py:72} INFO - Started process 767 to run task
[2025-01-05T06:10:04.280+0000] {standard_task_runner.py:105} INFO - Job 69: Subtask extract_user
[2025-01-05T06:10:04.335+0000] {task_command.py:467} INFO - Running <TaskInstance: user_processing.extract_user manual__2025-01-05T06:09:53.829062+00:00 [running]> on host a67ecbd59b00
[2025-01-05T06:10:04.453+0000] {taskinstance.py:3132} INFO - Exporting env vars: AIRFLOW_CTX_DAG_OWNER='***' AIRFLOW_CTX_DAG_ID='user_processing' AIRFLOW_CTX_TASK_ID='extract_user' AIRFLOW_CTX_EXECUTION_DATE='2025-01-05T06:09:53.829062+00:00' AIRFLOW_CTX_TRY_NUMBER='1' AIRFLOW_CTX_DAG_RUN_ID='manual__2025-01-05T06:09:53.829062+00:00'
[2025-01-05T06:10:04.455+0000] {logging_mixin.py:190} INFO - Task instance is in running state
[2025-01-05T06:10:04.456+0000] {logging_mixin.py:190} INFO -  Previous state of the Task instance: queued
[2025-01-05T06:10:04.457+0000] {logging_mixin.py:190} INFO - Current task name:extract_user state:running start_date:2025-01-05 06:10:04.233075+00:00
[2025-01-05T06:10:04.459+0000] {logging_mixin.py:190} INFO - Dag name:user_processing and current dag run status:running
[2025-01-05T06:10:04.460+0000] {taskinstance.py:731} INFO - ::endgroup::
[2025-01-05T06:10:04.461+0000] {http.py:173} INFO - Calling HTTP method
[2025-01-05T06:10:04.472+0000] {base.py:84} INFO - Retrieving connection 'user_api'
[2025-01-05T06:10:04.481+0000] {base.py:84} INFO - Retrieving connection 'user_api'
[2025-01-05T06:10:05.573+0000] {http.py:222} INFO - {"results":[{"gender":"female","name":{"title":"Mademoiselle","first":"Gioia","last":"Brun"},"location":{"street":{"number":6717,"name":"Rue Baraban"},"city":"Schwellbrunn","state":"Solothurn","country":"Switzerland","postcode":6501,"coordinates":{"latitude":"-56.5712","longitude":"63.3886"},"timezone":{"offset":"-11:00","description":"Midway Island, Samoa"}},"email":"gioia.brun@example.com","login":{"uuid":"5160a6ca-f6d3-41cd-9434-8bd0719fb1c4","username":"crazyleopard755","password":"claudio","salt":"A2mfWZMs","md5":"5d4f96e92187157339c24d92beb19c79","sha1":"0570616472708a7e278f0464a35b0699c3ee6166","sha256":"9d7af305a7388580818282d5753791cacc53f400fb5c6b6806994e52ecc86938"},"dob":{"date":"1994-03-28T22:48:20.112Z","age":30},"registered":{"date":"2002-09-19T12:56:10.876Z","age":22},"phone":"079 718 29 98","cell":"076 975 90 04","id":{"name":"AVS","value":"756.2979.4105.15"},"picture":{"large":"https://randomuser.me/api/portraits/women/43.jpg","medium":"https://randomuser.me/api/portraits/med/women/43.jpg","thumbnail":"https://randomuser.me/api/portraits/thumb/women/43.jpg"},"nat":"CH"}],"info":{"seed":"e8027a64f35d616c","results":1,"page":1,"version":"1.4"}}
[2025-01-05T06:10:05.627+0000] {taskinstance.py:340} INFO - ::group::Post task execution logs
[2025-01-05T06:10:05.628+0000] {taskinstance.py:352} INFO - Marking task as SUCCESS. dag_id=user_processing, task_id=extract_user, run_id=manual__2025-01-05T06:09:53.829062+00:00, execution_date=20250105T060953, start_date=20250105T061004, end_date=20250105T061005
[2025-01-05T06:10:05.646+0000] {logging_mixin.py:190} INFO - Task instance in success state
[2025-01-05T06:10:05.647+0000] {logging_mixin.py:190} INFO -  Previous state of the Task instance: running
[2025-01-05T06:10:05.648+0000] {logging_mixin.py:190} INFO - Dag name:user_processing queued_at:2025-01-05 06:09:53.858804+00:00
[2025-01-05T06:10:05.649+0000] {logging_mixin.py:190} INFO - Task hostname:a67ecbd59b00 operator:SimpleHttpOperator
[2025-01-05T06:10:05.665+0000] {local_task_job_runner.py:266} INFO - Task exited with return code 0
[2025-01-05T06:10:05.704+0000] {taskinstance.py:3895} INFO - 1 downstream tasks scheduled from follow-on schedule check
[2025-01-05T06:10:05.709+0000] {local_task_job_runner.py:245} INFO - ::endgroup::
