[2025-01-05T06:34:19.650+0000] {local_task_job_runner.py:123} INFO - ::group::Pre task execution logs
[2025-01-05T06:34:19.670+0000] {taskinstance.py:2613} INFO - Dependencies all met for dep_context=non-requeueable deps ti=<TaskInstance: user_processing.create_table manual__2025-01-05T06:34:16.992853+00:00 [queued]>
[2025-01-05T06:34:19.681+0000] {taskinstance.py:2613} INFO - Dependencies all met for dep_context=requeueable deps ti=<TaskInstance: user_processing.create_table manual__2025-01-05T06:34:16.992853+00:00 [queued]>
[2025-01-05T06:34:19.682+0000] {taskinstance.py:2866} INFO - Starting attempt 1 of 1
[2025-01-05T06:34:19.699+0000] {taskinstance.py:2889} INFO - Executing <Task(PostgresOperator): create_table> on 2025-01-05 06:34:16.992853+00:00
[2025-01-05T06:34:19.710+0000] {warnings.py:112} WARNING - /home/***/.local/lib/python3.12/site-packages/***/task/task_runner/standard_task_runner.py:70: DeprecationWarning: This process (pid=1115) is multi-threaded, use of fork() may lead to deadlocks in the child.
  pid = os.fork()

[2025-01-05T06:34:19.713+0000] {standard_task_runner.py:72} INFO - Started process 1117 to run task
[2025-01-05T06:34:19.713+0000] {standard_task_runner.py:104} INFO - Running: ['***', 'tasks', 'run', 'user_processing', 'create_table', 'manual__2025-01-05T06:34:16.992853+00:00', '--job-id', '77', '--raw', '--subdir', 'DAGS_FOLDER/user_processing.py', '--cfg-path', '/tmp/tmp06rz84gu']
[2025-01-05T06:34:19.715+0000] {standard_task_runner.py:105} INFO - Job 77: Subtask create_table
[2025-01-05T06:34:19.800+0000] {task_command.py:467} INFO - Running <TaskInstance: user_processing.create_table manual__2025-01-05T06:34:16.992853+00:00 [running]> on host a67ecbd59b00
[2025-01-05T06:34:19.912+0000] {taskinstance.py:3132} INFO - Exporting env vars: AIRFLOW_CTX_DAG_OWNER='***' AIRFLOW_CTX_DAG_ID='user_processing' AIRFLOW_CTX_TASK_ID='create_table' AIRFLOW_CTX_EXECUTION_DATE='2025-01-05T06:34:16.992853+00:00' AIRFLOW_CTX_TRY_NUMBER='1' AIRFLOW_CTX_DAG_RUN_ID='manual__2025-01-05T06:34:16.992853+00:00'
[2025-01-05T06:34:19.915+0000] {logging_mixin.py:190} INFO - Task instance is in running state
[2025-01-05T06:34:19.915+0000] {logging_mixin.py:190} INFO -  Previous state of the Task instance: queued
[2025-01-05T06:34:19.916+0000] {logging_mixin.py:190} INFO - Current task name:create_table state:running start_date:2025-01-05 06:34:19.671716+00:00
[2025-01-05T06:34:19.916+0000] {logging_mixin.py:190} INFO - Dag name:user_processing and current dag run status:running
[2025-01-05T06:34:19.916+0000] {taskinstance.py:731} INFO - ::endgroup::
[2025-01-05T06:34:19.917+0000] {sql.py:278} INFO - Executing: 
                Create TABLE IF NOT EXISTS users(
                    firstname TEXT NOT NULL,
                    lastname TEXT NOT NULL,
                    country TEXT NOT NULL,
                    username TEXT NOT NULL,
                    password TEXT NOT NULL,
                    email TEXT NOT NULL
                    );
[2025-01-05T06:34:19.927+0000] {base.py:84} INFO - Retrieving connection 'postgres'
[2025-01-05T06:34:19.936+0000] {base.py:84} INFO - Retrieving connection 'postgres'
[2025-01-05T06:34:19.942+0000] {sql.py:544} INFO - Running statement: 
                Create TABLE IF NOT EXISTS users(
                    firstname TEXT NOT NULL,
                    lastname TEXT NOT NULL,
                    country TEXT NOT NULL,
                    username TEXT NOT NULL,
                    password TEXT NOT NULL,
                    email TEXT NOT NULL
                    );, parameters: None
[2025-01-05T06:34:19.952+0000] {taskinstance.py:340} INFO - ::group::Post task execution logs
[2025-01-05T06:34:19.954+0000] {taskinstance.py:352} INFO - Marking task as SUCCESS. dag_id=user_processing, task_id=create_table, run_id=manual__2025-01-05T06:34:16.992853+00:00, execution_date=20250105T063416, start_date=20250105T063419, end_date=20250105T063419
[2025-01-05T06:34:19.968+0000] {logging_mixin.py:190} INFO - Task instance in success state
[2025-01-05T06:34:19.969+0000] {logging_mixin.py:190} INFO -  Previous state of the Task instance: running
[2025-01-05T06:34:19.971+0000] {logging_mixin.py:190} INFO - Dag name:user_processing queued_at:2025-01-05 06:34:17.014484+00:00
[2025-01-05T06:34:19.972+0000] {logging_mixin.py:190} INFO - Task hostname:a67ecbd59b00 operator:PostgresOperator
[2025-01-05T06:34:20.014+0000] {local_task_job_runner.py:266} INFO - Task exited with return code 0
[2025-01-05T06:34:20.049+0000] {taskinstance.py:3895} INFO - 1 downstream tasks scheduled from follow-on schedule check
[2025-01-05T06:34:20.056+0000] {local_task_job_runner.py:245} INFO - ::endgroup::
