[2025-01-05T05:53:26.647+0000] {local_task_job_runner.py:123} INFO - ::group::Pre task execution logs
[2025-01-05T05:53:26.667+0000] {taskinstance.py:2613} INFO - Dependencies all met for dep_context=non-requeueable deps ti=<TaskInstance: user_processing.create_table manual__2025-01-05T05:53:24.262265+00:00 [queued]>
[2025-01-05T05:53:26.684+0000] {taskinstance.py:2613} INFO - Dependencies all met for dep_context=requeueable deps ti=<TaskInstance: user_processing.create_table manual__2025-01-05T05:53:24.262265+00:00 [queued]>
[2025-01-05T05:53:26.685+0000] {taskinstance.py:2866} INFO - Starting attempt 1 of 1
[2025-01-05T05:53:26.704+0000] {taskinstance.py:2889} INFO - Executing <Task(PostgresOperator): create_table> on 2025-01-05 05:53:24.262265+00:00
[2025-01-05T05:53:26.714+0000] {warnings.py:112} WARNING - /home/***/.local/lib/python3.12/site-packages/***/task/task_runner/standard_task_runner.py:70: DeprecationWarning: This process (pid=465) is multi-threaded, use of fork() may lead to deadlocks in the child.
  pid = os.fork()

[2025-01-05T05:53:26.717+0000] {standard_task_runner.py:72} INFO - Started process 467 to run task
[2025-01-05T05:53:26.717+0000] {standard_task_runner.py:104} INFO - Running: ['***', 'tasks', 'run', 'user_processing', 'create_table', 'manual__2025-01-05T05:53:24.262265+00:00', '--job-id', '48', '--raw', '--subdir', 'DAGS_FOLDER/user_processing.py', '--cfg-path', '/tmp/tmp9w4co6j7']
[2025-01-05T05:53:26.719+0000] {standard_task_runner.py:105} INFO - Job 48: Subtask create_table
[2025-01-05T05:53:26.780+0000] {task_command.py:467} INFO - Running <TaskInstance: user_processing.create_table manual__2025-01-05T05:53:24.262265+00:00 [running]> on host a67ecbd59b00
[2025-01-05T05:53:26.887+0000] {taskinstance.py:3132} INFO - Exporting env vars: AIRFLOW_CTX_DAG_OWNER='***' AIRFLOW_CTX_DAG_ID='user_processing' AIRFLOW_CTX_TASK_ID='create_table' AIRFLOW_CTX_EXECUTION_DATE='2025-01-05T05:53:24.262265+00:00' AIRFLOW_CTX_TRY_NUMBER='1' AIRFLOW_CTX_DAG_RUN_ID='manual__2025-01-05T05:53:24.262265+00:00'
[2025-01-05T05:53:26.889+0000] {logging_mixin.py:190} INFO - Task instance is in running state
[2025-01-05T05:53:26.890+0000] {logging_mixin.py:190} INFO -  Previous state of the Task instance: queued
[2025-01-05T05:53:26.891+0000] {logging_mixin.py:190} INFO - Current task name:create_table state:running start_date:2025-01-05 05:53:26.674983+00:00
[2025-01-05T05:53:26.892+0000] {logging_mixin.py:190} INFO - Dag name:user_processing and current dag run status:running
[2025-01-05T05:53:26.893+0000] {taskinstance.py:731} INFO - ::endgroup::
[2025-01-05T05:53:26.894+0000] {sql.py:278} INFO - Executing: 
                Create TABLE IF NOT EXISTS users(
                    firstname TEXT NOT NULL,
                    lastname TEXT NOT NULL,
                    country TEXT NOT NULL,
                    username TEXT NOT NULL,
                    password TEXT NOT NULL,
                    email TEXT NOT NULL
                    );
[2025-01-05T05:53:26.906+0000] {base.py:84} INFO - Retrieving connection 'postgres'
[2025-01-05T05:53:26.916+0000] {base.py:84} INFO - Retrieving connection 'postgres'
[2025-01-05T05:53:26.921+0000] {sql.py:544} INFO - Running statement: 
                Create TABLE IF NOT EXISTS users(
                    firstname TEXT NOT NULL,
                    lastname TEXT NOT NULL,
                    country TEXT NOT NULL,
                    username TEXT NOT NULL,
                    password TEXT NOT NULL,
                    email TEXT NOT NULL
                    );, parameters: None
[2025-01-05T05:53:26.935+0000] {taskinstance.py:340} INFO - ::group::Post task execution logs
[2025-01-05T05:53:26.936+0000] {taskinstance.py:352} INFO - Marking task as SUCCESS. dag_id=user_processing, task_id=create_table, run_id=manual__2025-01-05T05:53:24.262265+00:00, execution_date=20250105T055324, start_date=20250105T055326, end_date=20250105T055326
[2025-01-05T05:53:26.949+0000] {logging_mixin.py:190} INFO - Task instance in success state
[2025-01-05T05:53:26.950+0000] {logging_mixin.py:190} INFO -  Previous state of the Task instance: running
[2025-01-05T05:53:26.951+0000] {logging_mixin.py:190} INFO - Dag name:user_processing queued_at:2025-01-05 05:53:24.277972+00:00
[2025-01-05T05:53:26.951+0000] {logging_mixin.py:190} INFO - Task hostname:a67ecbd59b00 operator:PostgresOperator
[2025-01-05T05:53:26.974+0000] {local_task_job_runner.py:266} INFO - Task exited with return code 0
[2025-01-05T05:53:27.003+0000] {taskinstance.py:3895} INFO - 1 downstream tasks scheduled from follow-on schedule check
[2025-01-05T05:53:27.009+0000] {local_task_job_runner.py:245} INFO - ::endgroup::
