[2025-01-05T05:51:15.122+0000] {local_task_job_runner.py:123} INFO - ::group::Pre task execution logs
[2025-01-05T05:51:15.144+0000] {taskinstance.py:2613} INFO - Dependencies all met for dep_context=non-requeueable deps ti=<TaskInstance: user_processing.extract_user manual__2025-01-05T05:51:04.031595+00:00 [queued]>
[2025-01-05T05:51:15.155+0000] {taskinstance.py:2613} INFO - Dependencies all met for dep_context=requeueable deps ti=<TaskInstance: user_processing.extract_user manual__2025-01-05T05:51:04.031595+00:00 [queued]>
[2025-01-05T05:51:15.157+0000] {taskinstance.py:2866} INFO - Starting attempt 1 of 1
[2025-01-05T05:51:15.173+0000] {taskinstance.py:2889} INFO - Executing <Task(SimpleHttpOperator): extract_user> on 2025-01-05 05:51:04.031595+00:00
[2025-01-05T05:51:15.182+0000] {warnings.py:112} WARNING - /home/***/.local/lib/python3.12/site-packages/***/task/task_runner/standard_task_runner.py:70: DeprecationWarning: This process (pid=429) is multi-threaded, use of fork() may lead to deadlocks in the child.
  pid = os.fork()

[2025-01-05T05:51:15.184+0000] {standard_task_runner.py:104} INFO - Running: ['***', 'tasks', 'run', 'user_processing', 'extract_user', 'manual__2025-01-05T05:51:04.031595+00:00', '--job-id', '46', '--raw', '--subdir', 'DAGS_FOLDER/user_processing.py', '--cfg-path', '/tmp/tmposl7t8yj']
[2025-01-05T05:51:15.185+0000] {standard_task_runner.py:72} INFO - Started process 431 to run task
[2025-01-05T05:51:15.186+0000] {standard_task_runner.py:105} INFO - Job 46: Subtask extract_user
[2025-01-05T05:51:15.247+0000] {task_command.py:467} INFO - Running <TaskInstance: user_processing.extract_user manual__2025-01-05T05:51:04.031595+00:00 [running]> on host a67ecbd59b00
[2025-01-05T05:51:15.345+0000] {taskinstance.py:3132} INFO - Exporting env vars: AIRFLOW_CTX_DAG_OWNER='***' AIRFLOW_CTX_DAG_ID='user_processing' AIRFLOW_CTX_TASK_ID='extract_user' AIRFLOW_CTX_EXECUTION_DATE='2025-01-05T05:51:04.031595+00:00' AIRFLOW_CTX_TRY_NUMBER='1' AIRFLOW_CTX_DAG_RUN_ID='manual__2025-01-05T05:51:04.031595+00:00'
[2025-01-05T05:51:15.347+0000] {logging_mixin.py:190} INFO - Task instance is in running state
[2025-01-05T05:51:15.348+0000] {logging_mixin.py:190} INFO -  Previous state of the Task instance: queued
[2025-01-05T05:51:15.349+0000] {logging_mixin.py:190} INFO - Current task name:extract_user state:running start_date:2025-01-05 05:51:15.145491+00:00
[2025-01-05T05:51:15.350+0000] {logging_mixin.py:190} INFO - Dag name:user_processing and current dag run status:running
[2025-01-05T05:51:15.350+0000] {taskinstance.py:731} INFO - ::endgroup::
[2025-01-05T05:51:15.351+0000] {http.py:173} INFO - Calling HTTP method
[2025-01-05T05:51:15.363+0000] {base.py:84} INFO - Retrieving connection 'user_api'
[2025-01-05T05:51:15.375+0000] {base.py:84} INFO - Retrieving connection 'user_api'
[2025-01-05T05:51:16.650+0000] {http.py:222} INFO - {"results":[{"gender":"male","name":{"title":"Mr","first":"اميرعلي","last":"کامروا"},"location":{"street":{"number":5536,"name":"دکتر لواسانی"},"city":"اصفهان","state":"خوزستان","country":"Iran","postcode":77267,"coordinates":{"latitude":"17.1219","longitude":"-38.5018"},"timezone":{"offset":"-6:00","description":"Central Time (US & Canada), Mexico City"}},"email":"myraaly.khmrw@example.com","login":{"uuid":"3c38425b-358b-441b-b222-13effe1fd4fc","username":"blackcat179","password":"bukkake","salt":"otGQsfUo","md5":"f3aff42ddc3fe7e2a70cc31c2575df8d","sha1":"edc70b0e68e74fbd668a2f3c26bd51bcdb85ce3d","sha256":"0360753d4e4048ac0ff7833ddba830e20ccdef090bc27b3aaefe8d18c9633126"},"dob":{"date":"1956-04-19T16:50:32.179Z","age":68},"registered":{"date":"2020-06-03T14:48:22.546Z","age":4},"phone":"099-19839712","cell":"0941-633-5319","id":{"name":"","value":null},"picture":{"large":"https://randomuser.me/api/portraits/men/98.jpg","medium":"https://randomuser.me/api/portraits/med/men/98.jpg","thumbnail":"https://randomuser.me/api/portraits/thumb/men/98.jpg"},"nat":"IR"}],"info":{"seed":"232b78c4b59d3aeb","results":1,"page":1,"version":"1.4"}}
[2025-01-05T05:51:16.701+0000] {taskinstance.py:340} INFO - ::group::Post task execution logs
[2025-01-05T05:51:16.704+0000] {taskinstance.py:352} INFO - Marking task as SUCCESS. dag_id=user_processing, task_id=extract_user, run_id=manual__2025-01-05T05:51:04.031595+00:00, execution_date=20250105T055104, start_date=20250105T055115, end_date=20250105T055116
[2025-01-05T05:51:16.717+0000] {logging_mixin.py:190} INFO - Task instance in success state
[2025-01-05T05:51:16.718+0000] {logging_mixin.py:190} INFO -  Previous state of the Task instance: running
[2025-01-05T05:51:16.720+0000] {logging_mixin.py:190} INFO - Dag name:user_processing queued_at:2025-01-05 05:51:04.066935+00:00
[2025-01-05T05:51:16.722+0000] {logging_mixin.py:190} INFO - Task hostname:a67ecbd59b00 operator:SimpleHttpOperator
[2025-01-05T05:51:16.768+0000] {local_task_job_runner.py:266} INFO - Task exited with return code 0
[2025-01-05T05:51:16.796+0000] {taskinstance.py:3895} INFO - 1 downstream tasks scheduled from follow-on schedule check
[2025-01-05T05:51:16.910+0000] {local_task_job_runner.py:245} INFO - ::endgroup::
