[2025-01-05T06:07:51.594+0000] {local_task_job_runner.py:123} INFO - ::group::Pre task execution logs
[2025-01-05T06:07:51.620+0000] {taskinstance.py:2613} INFO - Dependencies all met for dep_context=non-requeueable deps ti=<TaskInstance: user_processing.extract_user manual__2025-01-05T06:07:40.374299+00:00 [queued]>
[2025-01-05T06:07:51.635+0000] {taskinstance.py:2613} INFO - Dependencies all met for dep_context=requeueable deps ti=<TaskInstance: user_processing.extract_user manual__2025-01-05T06:07:40.374299+00:00 [queued]>
[2025-01-05T06:07:51.637+0000] {taskinstance.py:2866} INFO - Starting attempt 1 of 1
[2025-01-05T06:07:51.662+0000] {taskinstance.py:2889} INFO - Executing <Task(SimpleHttpOperator): extract_user> on 2025-01-05 06:07:40.374299+00:00
[2025-01-05T06:07:51.674+0000] {warnings.py:112} WARNING - /home/***/.local/lib/python3.12/site-packages/***/task/task_runner/standard_task_runner.py:70: DeprecationWarning: This process (pid=718) is multi-threaded, use of fork() may lead to deadlocks in the child.
  pid = os.fork()

[2025-01-05T06:07:51.676+0000] {standard_task_runner.py:72} INFO - Started process 720 to run task
[2025-01-05T06:07:51.676+0000] {standard_task_runner.py:104} INFO - Running: ['***', 'tasks', 'run', 'user_processing', 'extract_user', 'manual__2025-01-05T06:07:40.374299+00:00', '--job-id', '64', '--raw', '--subdir', 'DAGS_FOLDER/user_processing.py', '--cfg-path', '/tmp/tmprsu98jc6']
[2025-01-05T06:07:51.678+0000] {standard_task_runner.py:105} INFO - Job 64: Subtask extract_user
[2025-01-05T06:07:51.749+0000] {task_command.py:467} INFO - Running <TaskInstance: user_processing.extract_user manual__2025-01-05T06:07:40.374299+00:00 [running]> on host a67ecbd59b00
[2025-01-05T06:07:51.867+0000] {taskinstance.py:3132} INFO - Exporting env vars: AIRFLOW_CTX_DAG_OWNER='***' AIRFLOW_CTX_DAG_ID='user_processing' AIRFLOW_CTX_TASK_ID='extract_user' AIRFLOW_CTX_EXECUTION_DATE='2025-01-05T06:07:40.374299+00:00' AIRFLOW_CTX_TRY_NUMBER='1' AIRFLOW_CTX_DAG_RUN_ID='manual__2025-01-05T06:07:40.374299+00:00'
[2025-01-05T06:07:51.871+0000] {logging_mixin.py:190} INFO - Task instance is in running state
[2025-01-05T06:07:51.873+0000] {logging_mixin.py:190} INFO -  Previous state of the Task instance: queued
[2025-01-05T06:07:51.874+0000] {logging_mixin.py:190} INFO - Current task name:extract_user state:running start_date:2025-01-05 06:07:51.621414+00:00
[2025-01-05T06:07:51.874+0000] {logging_mixin.py:190} INFO - Dag name:user_processing and current dag run status:running
[2025-01-05T06:07:51.875+0000] {taskinstance.py:731} INFO - ::endgroup::
[2025-01-05T06:07:51.876+0000] {http.py:173} INFO - Calling HTTP method
[2025-01-05T06:07:51.890+0000] {base.py:84} INFO - Retrieving connection 'user_api'
[2025-01-05T06:07:51.900+0000] {base.py:84} INFO - Retrieving connection 'user_api'
[2025-01-05T06:07:52.860+0000] {http.py:222} INFO - {"results":[{"gender":"male","name":{"title":"Mr","first":"Nathaniel","last":"Franklin"},"location":{"street":{"number":3335,"name":"Fairview St"},"city":"Orange","state":"Pennsylvania","country":"United States","postcode":11293,"coordinates":{"latitude":"82.5042","longitude":"-107.0229"},"timezone":{"offset":"+4:00","description":"Abu Dhabi, Muscat, Baku, Tbilisi"}},"email":"nathaniel.franklin@example.com","login":{"uuid":"b4a54ac0-9272-44ab-b8a6-f1d2f47a25d4","username":"redgoose991","password":"kawasaki","salt":"LlChtOUo","md5":"417e44f57284055fc4fb4a4555c95104","sha1":"a522f94fb2978b539b0f533072ca8106abccf24a","sha256":"f6a876aab9d18ba13ae3084a05e3cb576232df2479ade6c2168d060655b54252"},"dob":{"date":"1949-12-12T16:14:42.042Z","age":75},"registered":{"date":"2019-03-04T09:00:34.499Z","age":5},"phone":"(924) 713-8269","cell":"(372) 546-1604","id":{"name":"SSN","value":"656-61-8029"},"picture":{"large":"https://randomuser.me/api/portraits/men/12.jpg","medium":"https://randomuser.me/api/portraits/med/men/12.jpg","thumbnail":"https://randomuser.me/api/portraits/thumb/men/12.jpg"},"nat":"US"}],"info":{"seed":"3b7d084b0e24dae8","results":1,"page":1,"version":"1.4"}}
[2025-01-05T06:07:52.893+0000] {taskinstance.py:340} INFO - ::group::Post task execution logs
[2025-01-05T06:07:52.895+0000] {taskinstance.py:352} INFO - Marking task as SUCCESS. dag_id=user_processing, task_id=extract_user, run_id=manual__2025-01-05T06:07:40.374299+00:00, execution_date=20250105T060740, start_date=20250105T060751, end_date=20250105T060752
[2025-01-05T06:07:52.910+0000] {logging_mixin.py:190} INFO - Task instance in success state
[2025-01-05T06:07:52.911+0000] {logging_mixin.py:190} INFO -  Previous state of the Task instance: running
[2025-01-05T06:07:52.912+0000] {logging_mixin.py:190} INFO - Dag name:user_processing queued_at:2025-01-05 06:07:40.393477+00:00
[2025-01-05T06:07:52.913+0000] {logging_mixin.py:190} INFO - Task hostname:a67ecbd59b00 operator:SimpleHttpOperator
[2025-01-05T06:07:52.944+0000] {local_task_job_runner.py:266} INFO - Task exited with return code 0
[2025-01-05T06:07:52.981+0000] {taskinstance.py:3895} INFO - 1 downstream tasks scheduled from follow-on schedule check
[2025-01-05T06:07:52.984+0000] {local_task_job_runner.py:245} INFO - ::endgroup::
