[2025-01-05T06:10:10.323+0000] {local_task_job_runner.py:123} INFO - ::group::Pre task execution logs
[2025-01-05T06:10:10.340+0000] {taskinstance.py:2613} INFO - Dependencies all met for dep_context=non-requeueable deps ti=<TaskInstance: user_processing.store_user manual__2025-01-05T06:09:53.829062+00:00 [queued]>
[2025-01-05T06:10:10.351+0000] {taskinstance.py:2613} INFO - Dependencies all met for dep_context=requeueable deps ti=<TaskInstance: user_processing.store_user manual__2025-01-05T06:09:53.829062+00:00 [queued]>
[2025-01-05T06:10:10.353+0000] {taskinstance.py:2866} INFO - Starting attempt 1 of 1
[2025-01-05T06:10:10.368+0000] {taskinstance.py:2889} INFO - Executing <Task(PythonOperator): store_user> on 2025-01-05 06:09:53.829062+00:00
[2025-01-05T06:10:10.378+0000] {warnings.py:112} WARNING - /home/***/.local/lib/python3.12/site-packages/***/task/task_runner/standard_task_runner.py:70: DeprecationWarning: This process (pid=773) is multi-threaded, use of fork() may lead to deadlocks in the child.
  pid = os.fork()

[2025-01-05T06:10:10.380+0000] {standard_task_runner.py:72} INFO - Started process 775 to run task
[2025-01-05T06:10:10.380+0000] {standard_task_runner.py:104} INFO - Running: ['***', 'tasks', 'run', 'user_processing', 'store_user', 'manual__2025-01-05T06:09:53.829062+00:00', '--job-id', '71', '--raw', '--subdir', 'DAGS_FOLDER/user_processing.py', '--cfg-path', '/tmp/tmpyy4cveic']
[2025-01-05T06:10:10.382+0000] {standard_task_runner.py:105} INFO - Job 71: Subtask store_user
[2025-01-05T06:10:10.426+0000] {task_command.py:467} INFO - Running <TaskInstance: user_processing.store_user manual__2025-01-05T06:09:53.829062+00:00 [running]> on host a67ecbd59b00
[2025-01-05T06:10:10.507+0000] {taskinstance.py:3132} INFO - Exporting env vars: AIRFLOW_CTX_DAG_OWNER='***' AIRFLOW_CTX_DAG_ID='user_processing' AIRFLOW_CTX_TASK_ID='store_user' AIRFLOW_CTX_EXECUTION_DATE='2025-01-05T06:09:53.829062+00:00' AIRFLOW_CTX_TRY_NUMBER='1' AIRFLOW_CTX_DAG_RUN_ID='manual__2025-01-05T06:09:53.829062+00:00'
[2025-01-05T06:10:10.509+0000] {logging_mixin.py:190} INFO - Task instance is in running state
[2025-01-05T06:10:10.510+0000] {logging_mixin.py:190} INFO -  Previous state of the Task instance: queued
[2025-01-05T06:10:10.512+0000] {logging_mixin.py:190} INFO - Current task name:store_user state:running start_date:2025-01-05 06:10:10.341452+00:00
[2025-01-05T06:10:10.513+0000] {logging_mixin.py:190} INFO - Dag name:user_processing and current dag run status:running
[2025-01-05T06:10:10.513+0000] {taskinstance.py:731} INFO - ::endgroup::
[2025-01-05T06:10:10.514+0000] {postgres.py:196} INFO - Running copy expert: COPY users FROM stdin WITH DELIMITER as ',', filename: /tmp/processes_user.csv
[2025-01-05T06:10:10.524+0000] {base.py:84} INFO - Retrieving connection 'postgres'
[2025-01-05T06:10:10.529+0000] {python.py:240} INFO - Done. Returned value was: None
[2025-01-05T06:10:10.540+0000] {taskinstance.py:340} INFO - ::group::Post task execution logs
[2025-01-05T06:10:10.541+0000] {taskinstance.py:352} INFO - Marking task as SUCCESS. dag_id=user_processing, task_id=store_user, run_id=manual__2025-01-05T06:09:53.829062+00:00, execution_date=20250105T060953, start_date=20250105T061010, end_date=20250105T061010
[2025-01-05T06:10:10.553+0000] {logging_mixin.py:190} INFO - Task instance in success state
[2025-01-05T06:10:10.553+0000] {logging_mixin.py:190} INFO -  Previous state of the Task instance: running
[2025-01-05T06:10:10.554+0000] {logging_mixin.py:190} INFO - Dag name:user_processing queued_at:2025-01-05 06:09:53.858804+00:00
[2025-01-05T06:10:10.555+0000] {logging_mixin.py:190} INFO - Task hostname:a67ecbd59b00 operator:PythonOperator
[2025-01-05T06:10:10.596+0000] {local_task_job_runner.py:266} INFO - Task exited with return code 0
[2025-01-05T06:10:10.612+0000] {taskinstance.py:3895} INFO - 0 downstream tasks scheduled from follow-on schedule check
[2025-01-05T06:10:10.614+0000] {local_task_job_runner.py:245} INFO - ::endgroup::
