[2025-01-05T06:07:06.421+0000] {local_task_job_runner.py:123} INFO - ::group::Pre task execution logs
[2025-01-05T06:07:06.441+0000] {taskinstance.py:2613} INFO - Dependencies all met for dep_context=non-requeueable deps ti=<TaskInstance: user_processing.store_user manual__2025-01-05T06:06:43.468299+00:00 [queued]>
[2025-01-05T06:07:06.452+0000] {taskinstance.py:2613} INFO - Dependencies all met for dep_context=requeueable deps ti=<TaskInstance: user_processing.store_user manual__2025-01-05T06:06:43.468299+00:00 [queued]>
[2025-01-05T06:07:06.453+0000] {taskinstance.py:2866} INFO - Starting attempt 1 of 1
[2025-01-05T06:07:06.468+0000] {taskinstance.py:2889} INFO - Executing <Task(PythonOperator): store_user> on 2025-01-05 06:06:43.468299+00:00
[2025-01-05T06:07:06.480+0000] {warnings.py:112} WARNING - /home/***/.local/lib/python3.12/site-packages/***/task/task_runner/standard_task_runner.py:70: DeprecationWarning: This process (pid=692) is multi-threaded, use of fork() may lead to deadlocks in the child.
  pid = os.fork()

[2025-01-05T06:07:06.483+0000] {standard_task_runner.py:72} INFO - Started process 694 to run task
[2025-01-05T06:07:06.483+0000] {standard_task_runner.py:104} INFO - Running: ['***', 'tasks', 'run', 'user_processing', 'store_user', 'manual__2025-01-05T06:06:43.468299+00:00', '--job-id', '61', '--raw', '--subdir', 'DAGS_FOLDER/user_processing.py', '--cfg-path', '/tmp/tmp2tg4cm_p']
[2025-01-05T06:07:06.485+0000] {standard_task_runner.py:105} INFO - Job 61: Subtask store_user
[2025-01-05T06:07:06.539+0000] {task_command.py:467} INFO - Running <TaskInstance: user_processing.store_user manual__2025-01-05T06:06:43.468299+00:00 [running]> on host a67ecbd59b00
[2025-01-05T06:07:06.634+0000] {taskinstance.py:3132} INFO - Exporting env vars: AIRFLOW_CTX_DAG_OWNER='***' AIRFLOW_CTX_DAG_ID='user_processing' AIRFLOW_CTX_TASK_ID='store_user' AIRFLOW_CTX_EXECUTION_DATE='2025-01-05T06:06:43.468299+00:00' AIRFLOW_CTX_TRY_NUMBER='1' AIRFLOW_CTX_DAG_RUN_ID='manual__2025-01-05T06:06:43.468299+00:00'
[2025-01-05T06:07:06.636+0000] {logging_mixin.py:190} INFO - Task instance is in running state
[2025-01-05T06:07:06.637+0000] {logging_mixin.py:190} INFO -  Previous state of the Task instance: queued
[2025-01-05T06:07:06.638+0000] {logging_mixin.py:190} INFO - Current task name:store_user state:running start_date:2025-01-05 06:07:06.442769+00:00
[2025-01-05T06:07:06.639+0000] {logging_mixin.py:190} INFO - Dag name:user_processing and current dag run status:running
[2025-01-05T06:07:06.639+0000] {taskinstance.py:731} INFO - ::endgroup::
[2025-01-05T06:07:06.641+0000] {postgres.py:196} INFO - Running copy expert: COPY users FROM stdin WITH DELIMITER as ',', filename: /tmp/processes_user.csv
[2025-01-05T06:07:06.651+0000] {base.py:84} INFO - Retrieving connection 'postgres'
[2025-01-05T06:07:06.656+0000] {python.py:240} INFO - Done. Returned value was: None
[2025-01-05T06:07:06.669+0000] {taskinstance.py:340} INFO - ::group::Post task execution logs
[2025-01-05T06:07:06.670+0000] {taskinstance.py:352} INFO - Marking task as SUCCESS. dag_id=user_processing, task_id=store_user, run_id=manual__2025-01-05T06:06:43.468299+00:00, execution_date=20250105T060643, start_date=20250105T060706, end_date=20250105T060706
[2025-01-05T06:07:06.682+0000] {logging_mixin.py:190} INFO - Task instance in success state
[2025-01-05T06:07:06.683+0000] {logging_mixin.py:190} INFO -  Previous state of the Task instance: running
[2025-01-05T06:07:06.684+0000] {logging_mixin.py:190} INFO - Dag name:user_processing queued_at:2025-01-05 06:06:43.497235+00:00
[2025-01-05T06:07:06.685+0000] {logging_mixin.py:190} INFO - Task hostname:a67ecbd59b00 operator:PythonOperator
[2025-01-05T06:07:06.701+0000] {local_task_job_runner.py:266} INFO - Task exited with return code 0
[2025-01-05T06:07:06.725+0000] {taskinstance.py:3895} INFO - 0 downstream tasks scheduled from follow-on schedule check
[2025-01-05T06:07:06.730+0000] {local_task_job_runner.py:245} INFO - ::endgroup::
