[2025-01-05T05:53:35.555+0000] {local_task_job_runner.py:123} INFO - ::group::Pre task execution logs
[2025-01-05T05:53:35.574+0000] {taskinstance.py:2613} INFO - Dependencies all met for dep_context=non-requeueable deps ti=<TaskInstance: user_processing.extract_user manual__2025-01-05T05:53:24.262265+00:00 [queued]>
[2025-01-05T05:53:35.583+0000] {taskinstance.py:2613} INFO - Dependencies all met for dep_context=requeueable deps ti=<TaskInstance: user_processing.extract_user manual__2025-01-05T05:53:24.262265+00:00 [queued]>
[2025-01-05T05:53:35.584+0000] {taskinstance.py:2866} INFO - Starting attempt 1 of 1
[2025-01-05T05:53:35.599+0000] {taskinstance.py:2889} INFO - Executing <Task(SimpleHttpOperator): extract_user> on 2025-01-05 05:53:24.262265+00:00
[2025-01-05T05:53:35.609+0000] {warnings.py:112} WARNING - /home/***/.local/lib/python3.12/site-packages/***/task/task_runner/standard_task_runner.py:70: DeprecationWarning: This process (pid=473) is multi-threaded, use of fork() may lead to deadlocks in the child.
  pid = os.fork()

[2025-01-05T05:53:35.611+0000] {standard_task_runner.py:72} INFO - Started process 475 to run task
[2025-01-05T05:53:35.611+0000] {standard_task_runner.py:104} INFO - Running: ['***', 'tasks', 'run', 'user_processing', 'extract_user', 'manual__2025-01-05T05:53:24.262265+00:00', '--job-id', '50', '--raw', '--subdir', 'DAGS_FOLDER/user_processing.py', '--cfg-path', '/tmp/tmpngtvfwxi']
[2025-01-05T05:53:35.613+0000] {standard_task_runner.py:105} INFO - Job 50: Subtask extract_user
[2025-01-05T05:53:35.653+0000] {task_command.py:467} INFO - Running <TaskInstance: user_processing.extract_user manual__2025-01-05T05:53:24.262265+00:00 [running]> on host a67ecbd59b00
[2025-01-05T05:53:35.735+0000] {taskinstance.py:3132} INFO - Exporting env vars: AIRFLOW_CTX_DAG_OWNER='***' AIRFLOW_CTX_DAG_ID='user_processing' AIRFLOW_CTX_TASK_ID='extract_user' AIRFLOW_CTX_EXECUTION_DATE='2025-01-05T05:53:24.262265+00:00' AIRFLOW_CTX_TRY_NUMBER='1' AIRFLOW_CTX_DAG_RUN_ID='manual__2025-01-05T05:53:24.262265+00:00'
[2025-01-05T05:53:35.737+0000] {logging_mixin.py:190} INFO - Task instance is in running state
[2025-01-05T05:53:35.737+0000] {logging_mixin.py:190} INFO -  Previous state of the Task instance: queued
[2025-01-05T05:53:35.738+0000] {logging_mixin.py:190} INFO - Current task name:extract_user state:running start_date:2025-01-05 05:53:35.575216+00:00
[2025-01-05T05:53:35.738+0000] {logging_mixin.py:190} INFO - Dag name:user_processing and current dag run status:running
[2025-01-05T05:53:35.739+0000] {taskinstance.py:731} INFO - ::endgroup::
[2025-01-05T05:53:35.740+0000] {http.py:173} INFO - Calling HTTP method
[2025-01-05T05:53:35.747+0000] {base.py:84} INFO - Retrieving connection 'user_api'
[2025-01-05T05:53:35.755+0000] {base.py:84} INFO - Retrieving connection 'user_api'
[2025-01-05T05:53:37.007+0000] {http.py:222} INFO - {"results":[{"gender":"female","name":{"title":"Miss","first":"Meral","last":"Durak"},"location":{"street":{"number":9097,"name":"Abanoz Sk"},"city":"Sakarya","state":"Erzurum","country":"Turkey","postcode":12217,"coordinates":{"latitude":"64.8128","longitude":"141.5503"},"timezone":{"offset":"+5:30","description":"Bombay, Calcutta, Madras, New Delhi"}},"email":"meral.durak@example.com","login":{"uuid":"a42be6a4-07ee-4271-9cc5-277ea0f17a15","username":"goldencat537","password":"samantha","salt":"E74jEhfX","md5":"81be5a2965a496defc3a6e48423f300d","sha1":"48251a351b0c882b6fe3f59d1bf76938b200eddd","sha256":"75ec46b80688d2e6fab60a9984658ea56b900e761d203b36fba233d604cf373c"},"dob":{"date":"1969-07-10T09:28:31.288Z","age":55},"registered":{"date":"2020-11-26T15:46:15.436Z","age":4},"phone":"(091)-460-3686","cell":"(304)-515-0058","id":{"name":"","value":null},"picture":{"large":"https://randomuser.me/api/portraits/women/60.jpg","medium":"https://randomuser.me/api/portraits/med/women/60.jpg","thumbnail":"https://randomuser.me/api/portraits/thumb/women/60.jpg"},"nat":"TR"}],"info":{"seed":"82aad6462c0a9357","results":1,"page":1,"version":"1.4"}}
[2025-01-05T05:53:37.042+0000] {taskinstance.py:340} INFO - ::group::Post task execution logs
[2025-01-05T05:53:37.045+0000] {taskinstance.py:352} INFO - Marking task as SUCCESS. dag_id=user_processing, task_id=extract_user, run_id=manual__2025-01-05T05:53:24.262265+00:00, execution_date=20250105T055324, start_date=20250105T055335, end_date=20250105T055337
[2025-01-05T05:53:37.061+0000] {logging_mixin.py:190} INFO - Task instance in success state
[2025-01-05T05:53:37.062+0000] {logging_mixin.py:190} INFO -  Previous state of the Task instance: running
[2025-01-05T05:53:37.062+0000] {logging_mixin.py:190} INFO - Dag name:user_processing queued_at:2025-01-05 05:53:24.277972+00:00
[2025-01-05T05:53:37.063+0000] {logging_mixin.py:190} INFO - Task hostname:a67ecbd59b00 operator:SimpleHttpOperator
[2025-01-05T05:53:37.073+0000] {local_task_job_runner.py:266} INFO - Task exited with return code 0
[2025-01-05T05:53:37.101+0000] {taskinstance.py:3895} INFO - 1 downstream tasks scheduled from follow-on schedule check
[2025-01-05T05:53:37.106+0000] {local_task_job_runner.py:245} INFO - ::endgroup::
