[2025-01-05T06:35:50.543+0000] {local_task_job_runner.py:123} INFO - ::group::Pre task execution logs
[2025-01-05T06:35:50.566+0000] {taskinstance.py:2613} INFO - Dependencies all met for dep_context=non-requeueable deps ti=<TaskInstance: user_processing.store_user manual__2025-01-05T06:35:31.059218+00:00 [queued]>
[2025-01-05T06:35:50.582+0000] {taskinstance.py:2613} INFO - Dependencies all met for dep_context=requeueable deps ti=<TaskInstance: user_processing.store_user manual__2025-01-05T06:35:31.059218+00:00 [queued]>
[2025-01-05T06:35:50.584+0000] {taskinstance.py:2866} INFO - Starting attempt 1 of 1
[2025-01-05T06:35:50.604+0000] {taskinstance.py:2889} INFO - Executing <Task(PythonOperator): store_user> on 2025-01-05 06:35:31.059218+00:00
[2025-01-05T06:35:50.616+0000] {warnings.py:112} WARNING - /home/***/.local/lib/python3.12/site-packages/***/task/task_runner/standard_task_runner.py:70: DeprecationWarning: This process (pid=1173) is multi-threaded, use of fork() may lead to deadlocks in the child.
  pid = os.fork()

[2025-01-05T06:35:50.620+0000] {standard_task_runner.py:72} INFO - Started process 1175 to run task
[2025-01-05T06:35:50.620+0000] {standard_task_runner.py:104} INFO - Running: ['***', 'tasks', 'run', 'user_processing', 'store_user', 'manual__2025-01-05T06:35:31.059218+00:00', '--job-id', '86', '--raw', '--subdir', 'DAGS_FOLDER/user_processing.py', '--cfg-path', '/tmp/tmpnk8zrpvi']
[2025-01-05T06:35:50.622+0000] {standard_task_runner.py:105} INFO - Job 86: Subtask store_user
[2025-01-05T06:35:50.693+0000] {task_command.py:467} INFO - Running <TaskInstance: user_processing.store_user manual__2025-01-05T06:35:31.059218+00:00 [running]> on host a67ecbd59b00
[2025-01-05T06:35:50.823+0000] {taskinstance.py:3132} INFO - Exporting env vars: AIRFLOW_CTX_DAG_OWNER='***' AIRFLOW_CTX_DAG_ID='user_processing' AIRFLOW_CTX_TASK_ID='store_user' AIRFLOW_CTX_EXECUTION_DATE='2025-01-05T06:35:31.059218+00:00' AIRFLOW_CTX_TRY_NUMBER='1' AIRFLOW_CTX_DAG_RUN_ID='manual__2025-01-05T06:35:31.059218+00:00'
[2025-01-05T06:35:50.826+0000] {logging_mixin.py:190} INFO - Task instance is in running state
[2025-01-05T06:35:50.827+0000] {logging_mixin.py:190} INFO -  Previous state of the Task instance: queued
[2025-01-05T06:35:50.829+0000] {logging_mixin.py:190} INFO - Current task name:store_user state:running start_date:2025-01-05 06:35:50.569523+00:00
[2025-01-05T06:35:50.830+0000] {logging_mixin.py:190} INFO - Dag name:user_processing and current dag run status:running
[2025-01-05T06:35:50.831+0000] {taskinstance.py:731} INFO - ::endgroup::
[2025-01-05T06:35:50.833+0000] {postgres.py:196} INFO - Running copy expert: COPY users FROM stdin WITH DELIMITER as ',', filename: /tmp/processed_user.csv
[2025-01-05T06:35:50.847+0000] {base.py:84} INFO - Retrieving connection 'postgres'
[2025-01-05T06:35:50.859+0000] {python.py:240} INFO - Done. Returned value was: None
[2025-01-05T06:35:50.874+0000] {taskinstance.py:340} INFO - ::group::Post task execution logs
[2025-01-05T06:35:50.875+0000] {taskinstance.py:352} INFO - Marking task as SUCCESS. dag_id=user_processing, task_id=store_user, run_id=manual__2025-01-05T06:35:31.059218+00:00, execution_date=20250105T063531, start_date=20250105T063550, end_date=20250105T063550
[2025-01-05T06:35:50.892+0000] {logging_mixin.py:190} INFO - Task instance in success state
[2025-01-05T06:35:50.893+0000] {logging_mixin.py:190} INFO -  Previous state of the Task instance: running
[2025-01-05T06:35:50.894+0000] {logging_mixin.py:190} INFO - Dag name:user_processing queued_at:2025-01-05 06:35:31.078005+00:00
[2025-01-05T06:35:50.896+0000] {logging_mixin.py:190} INFO - Task hostname:a67ecbd59b00 operator:PythonOperator
[2025-01-05T06:35:50.919+0000] {local_task_job_runner.py:266} INFO - Task exited with return code 0
[2025-01-05T06:35:50.932+0000] {local_task_job_runner.py:245} INFO - ::endgroup::
