[2024-12-15T10:23:06.614+0000] {processor.py:186} INFO - Started process (PID=98) to work on /home/airflow/.local/lib/python3.12/site-packages/airflow/example_dags/example_branch_python_dop_operator_3.py
[2024-12-15T10:23:06.615+0000] {processor.py:914} INFO - Processing file /home/airflow/.local/lib/python3.12/site-packages/airflow/example_dags/example_branch_python_dop_operator_3.py for tasks to queue
[2024-12-15T10:23:06.617+0000] {logging_mixin.py:190} INFO - [2024-12-15T10:23:06.617+0000] {dagbag.py:588} INFO - Filling up the DagBag from /home/airflow/.local/lib/python3.12/site-packages/airflow/example_dags/example_branch_python_dop_operator_3.py
[2024-12-15T10:23:06.627+0000] {processor.py:925} INFO - DAG(s) 'example_branch_dop_operator_v3' retrieved from /home/airflow/.local/lib/python3.12/site-packages/airflow/example_dags/example_branch_python_dop_operator_3.py
[2024-12-15T10:23:06.658+0000] {logging_mixin.py:190} INFO - [2024-12-15T10:23:06.658+0000] {dag.py:3239} INFO - Sync 1 DAGs
[2024-12-15T10:23:06.677+0000] {logging_mixin.py:190} INFO - [2024-12-15T10:23:06.677+0000] {dag.py:4180} INFO - Setting next_dagrun for example_branch_dop_operator_v3 to 2024-12-15 10:22:00+00:00, run_after=2024-12-15 10:23:00+00:00
[2024-12-15T10:23:06.692+0000] {processor.py:208} INFO - Processing /home/airflow/.local/lib/python3.12/site-packages/airflow/example_dags/example_branch_python_dop_operator_3.py took 0.082 seconds
[2024-12-15T10:23:37.999+0000] {processor.py:186} INFO - Started process (PID=160) to work on /home/airflow/.local/lib/python3.12/site-packages/airflow/example_dags/example_branch_python_dop_operator_3.py
[2024-12-15T10:23:38.001+0000] {processor.py:914} INFO - Processing file /home/airflow/.local/lib/python3.12/site-packages/airflow/example_dags/example_branch_python_dop_operator_3.py for tasks to queue
[2024-12-15T10:23:38.004+0000] {logging_mixin.py:190} INFO - [2024-12-15T10:23:38.004+0000] {dagbag.py:588} INFO - Filling up the DagBag from /home/airflow/.local/lib/python3.12/site-packages/airflow/example_dags/example_branch_python_dop_operator_3.py
[2024-12-15T10:23:38.011+0000] {processor.py:925} INFO - DAG(s) 'example_branch_dop_operator_v3' retrieved from /home/airflow/.local/lib/python3.12/site-packages/airflow/example_dags/example_branch_python_dop_operator_3.py
[2024-12-15T10:23:38.029+0000] {logging_mixin.py:190} INFO - [2024-12-15T10:23:38.028+0000] {dag.py:3239} INFO - Sync 1 DAGs
[2024-12-15T10:23:38.047+0000] {logging_mixin.py:190} INFO - [2024-12-15T10:23:38.047+0000] {dag.py:4180} INFO - Setting next_dagrun for example_branch_dop_operator_v3 to 2024-12-15 10:22:00+00:00, run_after=2024-12-15 10:23:00+00:00
[2024-12-15T10:23:38.071+0000] {processor.py:208} INFO - Processing /home/airflow/.local/lib/python3.12/site-packages/airflow/example_dags/example_branch_python_dop_operator_3.py took 0.076 seconds
[2024-12-15T10:24:09.088+0000] {processor.py:186} INFO - Started process (PID=223) to work on /home/airflow/.local/lib/python3.12/site-packages/airflow/example_dags/example_branch_python_dop_operator_3.py
[2024-12-15T10:24:09.088+0000] {processor.py:914} INFO - Processing file /home/airflow/.local/lib/python3.12/site-packages/airflow/example_dags/example_branch_python_dop_operator_3.py for tasks to queue
[2024-12-15T10:24:09.090+0000] {logging_mixin.py:190} INFO - [2024-12-15T10:24:09.090+0000] {dagbag.py:588} INFO - Filling up the DagBag from /home/airflow/.local/lib/python3.12/site-packages/airflow/example_dags/example_branch_python_dop_operator_3.py
[2024-12-15T10:24:09.098+0000] {processor.py:925} INFO - DAG(s) 'example_branch_dop_operator_v3' retrieved from /home/airflow/.local/lib/python3.12/site-packages/airflow/example_dags/example_branch_python_dop_operator_3.py
[2024-12-15T10:24:09.113+0000] {logging_mixin.py:190} INFO - [2024-12-15T10:24:09.113+0000] {dag.py:3239} INFO - Sync 1 DAGs
[2024-12-15T10:24:09.133+0000] {logging_mixin.py:190} INFO - [2024-12-15T10:24:09.133+0000] {dag.py:4180} INFO - Setting next_dagrun for example_branch_dop_operator_v3 to 2024-12-15 10:23:00+00:00, run_after=2024-12-15 10:24:00+00:00
[2024-12-15T10:24:09.150+0000] {processor.py:208} INFO - Processing /home/airflow/.local/lib/python3.12/site-packages/airflow/example_dags/example_branch_python_dop_operator_3.py took 0.067 seconds
[2024-12-15T10:24:40.404+0000] {processor.py:186} INFO - Started process (PID=286) to work on /home/airflow/.local/lib/python3.12/site-packages/airflow/example_dags/example_branch_python_dop_operator_3.py
[2024-12-15T10:24:40.406+0000] {processor.py:914} INFO - Processing file /home/airflow/.local/lib/python3.12/site-packages/airflow/example_dags/example_branch_python_dop_operator_3.py for tasks to queue
[2024-12-15T10:24:40.408+0000] {logging_mixin.py:190} INFO - [2024-12-15T10:24:40.408+0000] {dagbag.py:588} INFO - Filling up the DagBag from /home/airflow/.local/lib/python3.12/site-packages/airflow/example_dags/example_branch_python_dop_operator_3.py
[2024-12-15T10:24:40.416+0000] {processor.py:925} INFO - DAG(s) 'example_branch_dop_operator_v3' retrieved from /home/airflow/.local/lib/python3.12/site-packages/airflow/example_dags/example_branch_python_dop_operator_3.py
[2024-12-15T10:24:40.433+0000] {logging_mixin.py:190} INFO - [2024-12-15T10:24:40.432+0000] {dag.py:3239} INFO - Sync 1 DAGs
[2024-12-15T10:24:40.457+0000] {logging_mixin.py:190} INFO - [2024-12-15T10:24:40.457+0000] {dag.py:4180} INFO - Setting next_dagrun for example_branch_dop_operator_v3 to 2024-12-15 10:23:00+00:00, run_after=2024-12-15 10:24:00+00:00
[2024-12-15T10:24:40.472+0000] {processor.py:208} INFO - Processing /home/airflow/.local/lib/python3.12/site-packages/airflow/example_dags/example_branch_python_dop_operator_3.py took 0.073 seconds
