[2024-12-15T10:23:07.993+0000] {processor.py:186} INFO - Started process (PID=119) to work on /home/airflow/.local/lib/python3.12/site-packages/airflow/example_dags/example_sensors.py
[2024-12-15T10:23:07.994+0000] {processor.py:914} INFO - Processing file /home/airflow/.local/lib/python3.12/site-packages/airflow/example_dags/example_sensors.py for tasks to queue
[2024-12-15T10:23:07.995+0000] {logging_mixin.py:190} INFO - [2024-12-15T10:23:07.995+0000] {dagbag.py:588} INFO - Filling up the DagBag from /home/airflow/.local/lib/python3.12/site-packages/airflow/example_dags/example_sensors.py
[2024-12-15T10:23:08.004+0000] {processor.py:925} INFO - DAG(s) 'example_sensors' retrieved from /home/airflow/.local/lib/python3.12/site-packages/airflow/example_dags/example_sensors.py
[2024-12-15T10:23:08.030+0000] {logging_mixin.py:190} INFO - [2024-12-15T10:23:08.029+0000] {dag.py:3239} INFO - Sync 1 DAGs
[2024-12-15T10:23:08.042+0000] {logging_mixin.py:190} INFO - [2024-12-15T10:23:08.041+0000] {dag.py:4180} INFO - Setting next_dagrun for example_sensors to None, run_after=None
[2024-12-15T10:23:08.058+0000] {processor.py:208} INFO - Processing /home/airflow/.local/lib/python3.12/site-packages/airflow/example_dags/example_sensors.py took 0.071 seconds
[2024-12-15T10:23:39.241+0000] {processor.py:186} INFO - Started process (PID=181) to work on /home/airflow/.local/lib/python3.12/site-packages/airflow/example_dags/example_sensors.py
[2024-12-15T10:23:39.243+0000] {processor.py:914} INFO - Processing file /home/airflow/.local/lib/python3.12/site-packages/airflow/example_dags/example_sensors.py for tasks to queue
[2024-12-15T10:23:39.250+0000] {logging_mixin.py:190} INFO - [2024-12-15T10:23:39.249+0000] {dagbag.py:588} INFO - Filling up the DagBag from /home/airflow/.local/lib/python3.12/site-packages/airflow/example_dags/example_sensors.py
[2024-12-15T10:23:39.263+0000] {processor.py:925} INFO - DAG(s) 'example_sensors' retrieved from /home/airflow/.local/lib/python3.12/site-packages/airflow/example_dags/example_sensors.py
[2024-12-15T10:23:39.295+0000] {logging_mixin.py:190} INFO - [2024-12-15T10:23:39.294+0000] {dag.py:3239} INFO - Sync 1 DAGs
[2024-12-15T10:23:39.318+0000] {logging_mixin.py:190} INFO - [2024-12-15T10:23:39.318+0000] {dag.py:4180} INFO - Setting next_dagrun for example_sensors to None, run_after=None
[2024-12-15T10:23:39.349+0000] {processor.py:208} INFO - Processing /home/airflow/.local/lib/python3.12/site-packages/airflow/example_dags/example_sensors.py took 0.117 seconds
[2024-12-15T10:24:10.353+0000] {processor.py:186} INFO - Started process (PID=244) to work on /home/airflow/.local/lib/python3.12/site-packages/airflow/example_dags/example_sensors.py
[2024-12-15T10:24:10.354+0000] {processor.py:914} INFO - Processing file /home/airflow/.local/lib/python3.12/site-packages/airflow/example_dags/example_sensors.py for tasks to queue
[2024-12-15T10:24:10.357+0000] {logging_mixin.py:190} INFO - [2024-12-15T10:24:10.357+0000] {dagbag.py:588} INFO - Filling up the DagBag from /home/airflow/.local/lib/python3.12/site-packages/airflow/example_dags/example_sensors.py
[2024-12-15T10:24:10.370+0000] {processor.py:925} INFO - DAG(s) 'example_sensors' retrieved from /home/airflow/.local/lib/python3.12/site-packages/airflow/example_dags/example_sensors.py
[2024-12-15T10:24:10.398+0000] {logging_mixin.py:190} INFO - [2024-12-15T10:24:10.398+0000] {dag.py:3239} INFO - Sync 1 DAGs
[2024-12-15T10:24:10.411+0000] {logging_mixin.py:190} INFO - [2024-12-15T10:24:10.410+0000] {dag.py:4180} INFO - Setting next_dagrun for example_sensors to None, run_after=None
[2024-12-15T10:24:10.430+0000] {processor.py:208} INFO - Processing /home/airflow/.local/lib/python3.12/site-packages/airflow/example_dags/example_sensors.py took 0.085 seconds
[2024-12-15T10:24:41.543+0000] {processor.py:186} INFO - Started process (PID=307) to work on /home/airflow/.local/lib/python3.12/site-packages/airflow/example_dags/example_sensors.py
[2024-12-15T10:24:41.544+0000] {processor.py:914} INFO - Processing file /home/airflow/.local/lib/python3.12/site-packages/airflow/example_dags/example_sensors.py for tasks to queue
[2024-12-15T10:24:41.546+0000] {logging_mixin.py:190} INFO - [2024-12-15T10:24:41.546+0000] {dagbag.py:588} INFO - Filling up the DagBag from /home/airflow/.local/lib/python3.12/site-packages/airflow/example_dags/example_sensors.py
[2024-12-15T10:24:41.555+0000] {processor.py:925} INFO - DAG(s) 'example_sensors' retrieved from /home/airflow/.local/lib/python3.12/site-packages/airflow/example_dags/example_sensors.py
[2024-12-15T10:24:41.574+0000] {logging_mixin.py:190} INFO - [2024-12-15T10:24:41.574+0000] {dag.py:3239} INFO - Sync 1 DAGs
[2024-12-15T10:24:41.586+0000] {logging_mixin.py:190} INFO - [2024-12-15T10:24:41.586+0000] {dag.py:4180} INFO - Setting next_dagrun for example_sensors to None, run_after=None
[2024-12-15T10:24:41.606+0000] {processor.py:208} INFO - Processing /home/airflow/.local/lib/python3.12/site-packages/airflow/example_dags/example_sensors.py took 0.067 seconds
