[2024-12-15T10:23:02.890+0000] {processor.py:186} INFO - Started process (PID=69) to work on /home/airflow/.local/lib/python3.12/site-packages/airflow/example_dags/example_inlet_event_extra.py
[2024-12-15T10:23:02.891+0000] {processor.py:914} INFO - Processing file /home/airflow/.local/lib/python3.12/site-packages/airflow/example_dags/example_inlet_event_extra.py for tasks to queue
[2024-12-15T10:23:02.895+0000] {logging_mixin.py:190} INFO - [2024-12-15T10:23:02.894+0000] {dagbag.py:588} INFO - Filling up the DagBag from /home/airflow/.local/lib/python3.12/site-packages/airflow/example_dags/example_inlet_event_extra.py
[2024-12-15T10:23:04.015+0000] {processor.py:925} INFO - DAG(s) 'read_dataset_event_from_classic', 'read_dataset_event' retrieved from /home/airflow/.local/lib/python3.12/site-packages/airflow/example_dags/example_inlet_event_extra.py
[2024-12-15T10:23:04.052+0000] {logging_mixin.py:190} INFO - [2024-12-15T10:23:04.051+0000] {dag.py:3239} INFO - Sync 2 DAGs
[2024-12-15T10:23:04.087+0000] {logging_mixin.py:190} INFO - [2024-12-15T10:23:04.086+0000] {dag.py:4180} INFO - Setting next_dagrun for read_dataset_event to 2024-12-14 00:00:00+00:00, run_after=2024-12-15 00:00:00+00:00
[2024-12-15T10:23:04.096+0000] {logging_mixin.py:190} INFO - [2024-12-15T10:23:04.095+0000] {dag.py:4180} INFO - Setting next_dagrun for read_dataset_event_from_classic to 2024-12-14 00:00:00+00:00, run_after=2024-12-15 00:00:00+00:00
[2024-12-15T10:23:04.112+0000] {processor.py:208} INFO - Processing /home/airflow/.local/lib/python3.12/site-packages/airflow/example_dags/example_inlet_event_extra.py took 1.229 seconds
[2024-12-15T10:23:34.379+0000] {processor.py:186} INFO - Started process (PID=137) to work on /home/airflow/.local/lib/python3.12/site-packages/airflow/example_dags/example_inlet_event_extra.py
[2024-12-15T10:23:34.380+0000] {processor.py:914} INFO - Processing file /home/airflow/.local/lib/python3.12/site-packages/airflow/example_dags/example_inlet_event_extra.py for tasks to queue
[2024-12-15T10:23:34.382+0000] {logging_mixin.py:190} INFO - [2024-12-15T10:23:34.382+0000] {dagbag.py:588} INFO - Filling up the DagBag from /home/airflow/.local/lib/python3.12/site-packages/airflow/example_dags/example_inlet_event_extra.py
[2024-12-15T10:23:34.946+0000] {processor.py:925} INFO - DAG(s) 'read_dataset_event', 'read_dataset_event_from_classic' retrieved from /home/airflow/.local/lib/python3.12/site-packages/airflow/example_dags/example_inlet_event_extra.py
[2024-12-15T10:23:34.964+0000] {logging_mixin.py:190} INFO - [2024-12-15T10:23:34.963+0000] {dag.py:3239} INFO - Sync 2 DAGs
[2024-12-15T10:23:34.982+0000] {logging_mixin.py:190} INFO - [2024-12-15T10:23:34.982+0000] {dag.py:4180} INFO - Setting next_dagrun for read_dataset_event to 2024-12-14 00:00:00+00:00, run_after=2024-12-15 00:00:00+00:00
[2024-12-15T10:23:34.985+0000] {logging_mixin.py:190} INFO - [2024-12-15T10:23:34.985+0000] {dag.py:4180} INFO - Setting next_dagrun for read_dataset_event_from_classic to 2024-12-14 00:00:00+00:00, run_after=2024-12-15 00:00:00+00:00
[2024-12-15T10:23:35.000+0000] {processor.py:208} INFO - Processing /home/airflow/.local/lib/python3.12/site-packages/airflow/example_dags/example_inlet_event_extra.py took 0.630 seconds
[2024-12-15T10:24:05.701+0000] {processor.py:186} INFO - Started process (PID=200) to work on /home/airflow/.local/lib/python3.12/site-packages/airflow/example_dags/example_inlet_event_extra.py
[2024-12-15T10:24:05.703+0000] {processor.py:914} INFO - Processing file /home/airflow/.local/lib/python3.12/site-packages/airflow/example_dags/example_inlet_event_extra.py for tasks to queue
[2024-12-15T10:24:05.724+0000] {logging_mixin.py:190} INFO - [2024-12-15T10:24:05.724+0000] {dagbag.py:588} INFO - Filling up the DagBag from /home/airflow/.local/lib/python3.12/site-packages/airflow/example_dags/example_inlet_event_extra.py
[2024-12-15T10:24:06.349+0000] {processor.py:925} INFO - DAG(s) 'read_dataset_event', 'read_dataset_event_from_classic' retrieved from /home/airflow/.local/lib/python3.12/site-packages/airflow/example_dags/example_inlet_event_extra.py
[2024-12-15T10:24:06.376+0000] {logging_mixin.py:190} INFO - [2024-12-15T10:24:06.376+0000] {dag.py:3239} INFO - Sync 2 DAGs
[2024-12-15T10:24:06.400+0000] {logging_mixin.py:190} INFO - [2024-12-15T10:24:06.399+0000] {dag.py:4180} INFO - Setting next_dagrun for read_dataset_event to 2024-12-14 00:00:00+00:00, run_after=2024-12-15 00:00:00+00:00
[2024-12-15T10:24:06.406+0000] {logging_mixin.py:190} INFO - [2024-12-15T10:24:06.406+0000] {dag.py:4180} INFO - Setting next_dagrun for read_dataset_event_from_classic to 2024-12-14 00:00:00+00:00, run_after=2024-12-15 00:00:00+00:00
[2024-12-15T10:24:06.423+0000] {processor.py:208} INFO - Processing /home/airflow/.local/lib/python3.12/site-packages/airflow/example_dags/example_inlet_event_extra.py took 0.744 seconds
[2024-12-15T10:24:37.137+0000] {processor.py:186} INFO - Started process (PID=263) to work on /home/airflow/.local/lib/python3.12/site-packages/airflow/example_dags/example_inlet_event_extra.py
[2024-12-15T10:24:37.138+0000] {processor.py:914} INFO - Processing file /home/airflow/.local/lib/python3.12/site-packages/airflow/example_dags/example_inlet_event_extra.py for tasks to queue
[2024-12-15T10:24:37.144+0000] {logging_mixin.py:190} INFO - [2024-12-15T10:24:37.144+0000] {dagbag.py:588} INFO - Filling up the DagBag from /home/airflow/.local/lib/python3.12/site-packages/airflow/example_dags/example_inlet_event_extra.py
[2024-12-15T10:24:37.680+0000] {processor.py:925} INFO - DAG(s) 'read_dataset_event_from_classic', 'read_dataset_event' retrieved from /home/airflow/.local/lib/python3.12/site-packages/airflow/example_dags/example_inlet_event_extra.py
[2024-12-15T10:24:37.697+0000] {logging_mixin.py:190} INFO - [2024-12-15T10:24:37.697+0000] {dag.py:3239} INFO - Sync 2 DAGs
[2024-12-15T10:24:37.728+0000] {logging_mixin.py:190} INFO - [2024-12-15T10:24:37.727+0000] {dag.py:4180} INFO - Setting next_dagrun for read_dataset_event to 2024-12-14 00:00:00+00:00, run_after=2024-12-15 00:00:00+00:00
[2024-12-15T10:24:37.731+0000] {logging_mixin.py:190} INFO - [2024-12-15T10:24:37.731+0000] {dag.py:4180} INFO - Setting next_dagrun for read_dataset_event_from_classic to 2024-12-14 00:00:00+00:00, run_after=2024-12-15 00:00:00+00:00
[2024-12-15T10:24:37.743+0000] {processor.py:208} INFO - Processing /home/airflow/.local/lib/python3.12/site-packages/airflow/example_dags/example_inlet_event_extra.py took 0.617 seconds
[2024-12-15T10:25:08.679+0000] {processor.py:186} INFO - Started process (PID=326) to work on /home/airflow/.local/lib/python3.12/site-packages/airflow/example_dags/example_inlet_event_extra.py
[2024-12-15T10:25:08.682+0000] {processor.py:914} INFO - Processing file /home/airflow/.local/lib/python3.12/site-packages/airflow/example_dags/example_inlet_event_extra.py for tasks to queue
[2024-12-15T10:25:08.686+0000] {logging_mixin.py:190} INFO - [2024-12-15T10:25:08.686+0000] {dagbag.py:588} INFO - Filling up the DagBag from /home/airflow/.local/lib/python3.12/site-packages/airflow/example_dags/example_inlet_event_extra.py
[2024-12-15T10:25:09.239+0000] {processor.py:925} INFO - DAG(s) 'read_dataset_event', 'read_dataset_event_from_classic' retrieved from /home/airflow/.local/lib/python3.12/site-packages/airflow/example_dags/example_inlet_event_extra.py
[2024-12-15T10:25:09.257+0000] {logging_mixin.py:190} INFO - [2024-12-15T10:25:09.257+0000] {dag.py:3239} INFO - Sync 2 DAGs
[2024-12-15T10:25:09.279+0000] {logging_mixin.py:190} INFO - [2024-12-15T10:25:09.279+0000] {dag.py:4180} INFO - Setting next_dagrun for read_dataset_event to 2024-12-14 00:00:00+00:00, run_after=2024-12-15 00:00:00+00:00
[2024-12-15T10:25:09.284+0000] {logging_mixin.py:190} INFO - [2024-12-15T10:25:09.284+0000] {dag.py:4180} INFO - Setting next_dagrun for read_dataset_event_from_classic to 2024-12-14 00:00:00+00:00, run_after=2024-12-15 00:00:00+00:00
[2024-12-15T10:25:09.298+0000] {processor.py:208} INFO - Processing /home/airflow/.local/lib/python3.12/site-packages/airflow/example_dags/example_inlet_event_extra.py took 0.625 seconds
