[2024-12-15T10:23:06.856+0000] {processor.py:186} INFO - Started process (PID=102) to work on /home/airflow/.local/lib/python3.12/site-packages/airflow/example_dags/example_sla_dag.py
[2024-12-15T10:23:06.860+0000] {processor.py:914} INFO - Processing file /home/airflow/.local/lib/python3.12/site-packages/airflow/example_dags/example_sla_dag.py for tasks to queue
[2024-12-15T10:23:06.862+0000] {logging_mixin.py:190} INFO - [2024-12-15T10:23:06.862+0000] {dagbag.py:588} INFO - Filling up the DagBag from /home/airflow/.local/lib/python3.12/site-packages/airflow/example_dags/example_sla_dag.py
[2024-12-15T10:23:06.875+0000] {processor.py:925} INFO - DAG(s) 'example_sla_dag' retrieved from /home/airflow/.local/lib/python3.12/site-packages/airflow/example_dags/example_sla_dag.py
[2024-12-15T10:23:06.892+0000] {logging_mixin.py:190} INFO - [2024-12-15T10:23:06.891+0000] {dag.py:3239} INFO - Sync 1 DAGs
[2024-12-15T10:23:06.917+0000] {logging_mixin.py:190} INFO - [2024-12-15T10:23:06.916+0000] {dag.py:4180} INFO - Setting next_dagrun for example_sla_dag to 2024-12-15 10:20:00+00:00, run_after=2024-12-15 10:22:00+00:00
[2024-12-15T10:23:06.934+0000] {processor.py:208} INFO - Processing /home/airflow/.local/lib/python3.12/site-packages/airflow/example_dags/example_sla_dag.py took 0.082 seconds
[2024-12-15T10:23:38.177+0000] {processor.py:186} INFO - Started process (PID=164) to work on /home/airflow/.local/lib/python3.12/site-packages/airflow/example_dags/example_sla_dag.py
[2024-12-15T10:23:38.178+0000] {processor.py:914} INFO - Processing file /home/airflow/.local/lib/python3.12/site-packages/airflow/example_dags/example_sla_dag.py for tasks to queue
[2024-12-15T10:23:38.180+0000] {logging_mixin.py:190} INFO - [2024-12-15T10:23:38.179+0000] {dagbag.py:588} INFO - Filling up the DagBag from /home/airflow/.local/lib/python3.12/site-packages/airflow/example_dags/example_sla_dag.py
[2024-12-15T10:23:38.188+0000] {processor.py:925} INFO - DAG(s) 'example_sla_dag' retrieved from /home/airflow/.local/lib/python3.12/site-packages/airflow/example_dags/example_sla_dag.py
[2024-12-15T10:23:38.202+0000] {logging_mixin.py:190} INFO - [2024-12-15T10:23:38.202+0000] {dag.py:3239} INFO - Sync 1 DAGs
[2024-12-15T10:23:38.221+0000] {logging_mixin.py:190} INFO - [2024-12-15T10:23:38.221+0000] {dag.py:4180} INFO - Setting next_dagrun for example_sla_dag to 2024-12-15 10:20:00+00:00, run_after=2024-12-15 10:22:00+00:00
[2024-12-15T10:23:38.235+0000] {processor.py:208} INFO - Processing /home/airflow/.local/lib/python3.12/site-packages/airflow/example_dags/example_sla_dag.py took 0.063 seconds
[2024-12-15T10:24:09.281+0000] {processor.py:186} INFO - Started process (PID=227) to work on /home/airflow/.local/lib/python3.12/site-packages/airflow/example_dags/example_sla_dag.py
[2024-12-15T10:24:09.282+0000] {processor.py:914} INFO - Processing file /home/airflow/.local/lib/python3.12/site-packages/airflow/example_dags/example_sla_dag.py for tasks to queue
[2024-12-15T10:24:09.285+0000] {logging_mixin.py:190} INFO - [2024-12-15T10:24:09.284+0000] {dagbag.py:588} INFO - Filling up the DagBag from /home/airflow/.local/lib/python3.12/site-packages/airflow/example_dags/example_sla_dag.py
[2024-12-15T10:24:09.296+0000] {processor.py:925} INFO - DAG(s) 'example_sla_dag' retrieved from /home/airflow/.local/lib/python3.12/site-packages/airflow/example_dags/example_sla_dag.py
[2024-12-15T10:24:09.313+0000] {logging_mixin.py:190} INFO - [2024-12-15T10:24:09.313+0000] {dag.py:3239} INFO - Sync 1 DAGs
[2024-12-15T10:24:09.342+0000] {logging_mixin.py:190} INFO - [2024-12-15T10:24:09.342+0000] {dag.py:4180} INFO - Setting next_dagrun for example_sla_dag to 2024-12-15 10:22:00+00:00, run_after=2024-12-15 10:24:00+00:00
[2024-12-15T10:24:09.359+0000] {processor.py:208} INFO - Processing /home/airflow/.local/lib/python3.12/site-packages/airflow/example_dags/example_sla_dag.py took 0.088 seconds
[2024-12-15T10:24:40.678+0000] {processor.py:186} INFO - Started process (PID=290) to work on /home/airflow/.local/lib/python3.12/site-packages/airflow/example_dags/example_sla_dag.py
[2024-12-15T10:24:40.679+0000] {processor.py:914} INFO - Processing file /home/airflow/.local/lib/python3.12/site-packages/airflow/example_dags/example_sla_dag.py for tasks to queue
[2024-12-15T10:24:40.681+0000] {logging_mixin.py:190} INFO - [2024-12-15T10:24:40.681+0000] {dagbag.py:588} INFO - Filling up the DagBag from /home/airflow/.local/lib/python3.12/site-packages/airflow/example_dags/example_sla_dag.py
[2024-12-15T10:24:40.689+0000] {processor.py:925} INFO - DAG(s) 'example_sla_dag' retrieved from /home/airflow/.local/lib/python3.12/site-packages/airflow/example_dags/example_sla_dag.py
[2024-12-15T10:24:40.703+0000] {logging_mixin.py:190} INFO - [2024-12-15T10:24:40.703+0000] {dag.py:3239} INFO - Sync 1 DAGs
[2024-12-15T10:24:40.721+0000] {logging_mixin.py:190} INFO - [2024-12-15T10:24:40.721+0000] {dag.py:4180} INFO - Setting next_dagrun for example_sla_dag to 2024-12-15 10:22:00+00:00, run_after=2024-12-15 10:24:00+00:00
[2024-12-15T10:24:40.735+0000] {processor.py:208} INFO - Processing /home/airflow/.local/lib/python3.12/site-packages/airflow/example_dags/example_sla_dag.py took 0.061 seconds
