[2024-12-15T10:23:08.241+0000] {processor.py:186} INFO - Started process (PID=122) to work on /home/airflow/.local/lib/python3.12/site-packages/airflow/example_dags/example_datasets.py
[2024-12-15T10:23:08.242+0000] {processor.py:914} INFO - Processing file /home/airflow/.local/lib/python3.12/site-packages/airflow/example_dags/example_datasets.py for tasks to queue
[2024-12-15T10:23:08.244+0000] {logging_mixin.py:190} INFO - [2024-12-15T10:23:08.244+0000] {dagbag.py:588} INFO - Filling up the DagBag from /home/airflow/.local/lib/python3.12/site-packages/airflow/example_dags/example_datasets.py
[2024-12-15T10:23:08.728+0000] {processor.py:925} INFO - DAG(s) 'dataset_produces_2', 'consume_1_or_2_with_dataset_expressions', 'dataset_consumes_1_and_2', 'conditional_dataset_and_time_based_timetable', 'consume_1_and_2_with_dataset_expressions', 'dataset_produces_1', 'consume_1_or_both_2_and_3_with_dataset_expressions', 'dataset_consumes_1_never_scheduled', 'dataset_consumes_1', 'dataset_consumes_unknown_never_scheduled' retrieved from /home/airflow/.local/lib/python3.12/site-packages/airflow/example_dags/example_datasets.py
[2024-12-15T10:23:08.758+0000] {logging_mixin.py:190} INFO - [2024-12-15T10:23:08.757+0000] {dag.py:3239} INFO - Sync 10 DAGs
[2024-12-15T10:23:08.777+0000] {logging_mixin.py:190} INFO - [2024-12-15T10:23:08.777+0000] {dag.py:4180} INFO - Setting next_dagrun for conditional_dataset_and_time_based_timetable to 2024-12-11 01:00:00+00:00, run_after=2024-12-11 01:00:00+00:00
[2024-12-15T10:23:08.782+0000] {logging_mixin.py:190} INFO - [2024-12-15T10:23:08.782+0000] {dag.py:4180} INFO - Setting next_dagrun for consume_1_and_2_with_dataset_expressions to None, run_after=None
[2024-12-15T10:23:08.784+0000] {logging_mixin.py:190} INFO - [2024-12-15T10:23:08.784+0000] {dag.py:4180} INFO - Setting next_dagrun for consume_1_or_2_with_dataset_expressions to None, run_after=None
[2024-12-15T10:23:08.786+0000] {logging_mixin.py:190} INFO - [2024-12-15T10:23:08.785+0000] {dag.py:4180} INFO - Setting next_dagrun for consume_1_or_both_2_and_3_with_dataset_expressions to None, run_after=None
[2024-12-15T10:23:08.787+0000] {logging_mixin.py:190} INFO - [2024-12-15T10:23:08.787+0000] {dag.py:4180} INFO - Setting next_dagrun for dataset_consumes_1 to None, run_after=None
[2024-12-15T10:23:08.788+0000] {logging_mixin.py:190} INFO - [2024-12-15T10:23:08.788+0000] {dag.py:4180} INFO - Setting next_dagrun for dataset_consumes_1_and_2 to None, run_after=None
[2024-12-15T10:23:08.789+0000] {logging_mixin.py:190} INFO - [2024-12-15T10:23:08.789+0000] {dag.py:4180} INFO - Setting next_dagrun for dataset_consumes_1_never_scheduled to None, run_after=None
[2024-12-15T10:23:08.790+0000] {logging_mixin.py:190} INFO - [2024-12-15T10:23:08.790+0000] {dag.py:4180} INFO - Setting next_dagrun for dataset_consumes_unknown_never_scheduled to None, run_after=None
[2024-12-15T10:23:08.792+0000] {logging_mixin.py:190} INFO - [2024-12-15T10:23:08.792+0000] {dag.py:4180} INFO - Setting next_dagrun for dataset_produces_1 to 2024-12-14 00:00:00+00:00, run_after=2024-12-15 00:00:00+00:00
[2024-12-15T10:23:08.793+0000] {logging_mixin.py:190} INFO - [2024-12-15T10:23:08.793+0000] {dag.py:4180} INFO - Setting next_dagrun for dataset_produces_2 to None, run_after=None
[2024-12-15T10:23:08.816+0000] {processor.py:208} INFO - Processing /home/airflow/.local/lib/python3.12/site-packages/airflow/example_dags/example_datasets.py took 0.580 seconds
[2024-12-15T10:23:39.519+0000] {processor.py:186} INFO - Started process (PID=184) to work on /home/airflow/.local/lib/python3.12/site-packages/airflow/example_dags/example_datasets.py
[2024-12-15T10:23:39.524+0000] {processor.py:914} INFO - Processing file /home/airflow/.local/lib/python3.12/site-packages/airflow/example_dags/example_datasets.py for tasks to queue
[2024-12-15T10:23:39.556+0000] {logging_mixin.py:190} INFO - [2024-12-15T10:23:39.556+0000] {dagbag.py:588} INFO - Filling up the DagBag from /home/airflow/.local/lib/python3.12/site-packages/airflow/example_dags/example_datasets.py
[2024-12-15T10:23:40.116+0000] {processor.py:925} INFO - DAG(s) 'dataset_produces_1', 'consume_1_or_2_with_dataset_expressions', 'consume_1_and_2_with_dataset_expressions', 'dataset_produces_2', 'dataset_consumes_1_never_scheduled', 'conditional_dataset_and_time_based_timetable', 'dataset_consumes_1', 'dataset_consumes_unknown_never_scheduled', 'consume_1_or_both_2_and_3_with_dataset_expressions', 'dataset_consumes_1_and_2' retrieved from /home/airflow/.local/lib/python3.12/site-packages/airflow/example_dags/example_datasets.py
[2024-12-15T10:23:40.159+0000] {logging_mixin.py:190} INFO - [2024-12-15T10:23:40.159+0000] {dag.py:3239} INFO - Sync 10 DAGs
[2024-12-15T10:23:40.182+0000] {logging_mixin.py:190} INFO - [2024-12-15T10:23:40.182+0000] {dag.py:4180} INFO - Setting next_dagrun for conditional_dataset_and_time_based_timetable to 2024-12-11 01:00:00+00:00, run_after=2024-12-11 01:00:00+00:00
[2024-12-15T10:23:40.188+0000] {logging_mixin.py:190} INFO - [2024-12-15T10:23:40.187+0000] {dag.py:4180} INFO - Setting next_dagrun for consume_1_and_2_with_dataset_expressions to None, run_after=None
[2024-12-15T10:23:40.191+0000] {logging_mixin.py:190} INFO - [2024-12-15T10:23:40.190+0000] {dag.py:4180} INFO - Setting next_dagrun for consume_1_or_2_with_dataset_expressions to None, run_after=None
[2024-12-15T10:23:40.192+0000] {logging_mixin.py:190} INFO - [2024-12-15T10:23:40.192+0000] {dag.py:4180} INFO - Setting next_dagrun for consume_1_or_both_2_and_3_with_dataset_expressions to None, run_after=None
[2024-12-15T10:23:40.193+0000] {logging_mixin.py:190} INFO - [2024-12-15T10:23:40.193+0000] {dag.py:4180} INFO - Setting next_dagrun for dataset_consumes_1 to None, run_after=None
[2024-12-15T10:23:40.194+0000] {logging_mixin.py:190} INFO - [2024-12-15T10:23:40.194+0000] {dag.py:4180} INFO - Setting next_dagrun for dataset_consumes_1_and_2 to None, run_after=None
[2024-12-15T10:23:40.195+0000] {logging_mixin.py:190} INFO - [2024-12-15T10:23:40.195+0000] {dag.py:4180} INFO - Setting next_dagrun for dataset_consumes_1_never_scheduled to None, run_after=None
[2024-12-15T10:23:40.196+0000] {logging_mixin.py:190} INFO - [2024-12-15T10:23:40.196+0000] {dag.py:4180} INFO - Setting next_dagrun for dataset_consumes_unknown_never_scheduled to None, run_after=None
[2024-12-15T10:23:40.198+0000] {logging_mixin.py:190} INFO - [2024-12-15T10:23:40.198+0000] {dag.py:4180} INFO - Setting next_dagrun for dataset_produces_1 to 2024-12-14 00:00:00+00:00, run_after=2024-12-15 00:00:00+00:00
[2024-12-15T10:23:40.200+0000] {logging_mixin.py:190} INFO - [2024-12-15T10:23:40.199+0000] {dag.py:4180} INFO - Setting next_dagrun for dataset_produces_2 to None, run_after=None
[2024-12-15T10:23:40.255+0000] {processor.py:208} INFO - Processing /home/airflow/.local/lib/python3.12/site-packages/airflow/example_dags/example_datasets.py took 0.744 seconds
[2024-12-15T10:24:10.520+0000] {processor.py:186} INFO - Started process (PID=247) to work on /home/airflow/.local/lib/python3.12/site-packages/airflow/example_dags/example_datasets.py
[2024-12-15T10:24:10.521+0000] {processor.py:914} INFO - Processing file /home/airflow/.local/lib/python3.12/site-packages/airflow/example_dags/example_datasets.py for tasks to queue
[2024-12-15T10:24:10.524+0000] {logging_mixin.py:190} INFO - [2024-12-15T10:24:10.523+0000] {dagbag.py:588} INFO - Filling up the DagBag from /home/airflow/.local/lib/python3.12/site-packages/airflow/example_dags/example_datasets.py
[2024-12-15T10:24:11.058+0000] {processor.py:925} INFO - DAG(s) 'consume_1_or_2_with_dataset_expressions', 'dataset_consumes_1_never_scheduled', 'dataset_consumes_unknown_never_scheduled', 'conditional_dataset_and_time_based_timetable', 'consume_1_and_2_with_dataset_expressions', 'dataset_produces_1', 'consume_1_or_both_2_and_3_with_dataset_expressions', 'dataset_produces_2', 'dataset_consumes_1', 'dataset_consumes_1_and_2' retrieved from /home/airflow/.local/lib/python3.12/site-packages/airflow/example_dags/example_datasets.py
[2024-12-15T10:24:11.093+0000] {logging_mixin.py:190} INFO - [2024-12-15T10:24:11.093+0000] {dag.py:3239} INFO - Sync 10 DAGs
[2024-12-15T10:24:11.112+0000] {logging_mixin.py:190} INFO - [2024-12-15T10:24:11.111+0000] {dag.py:4180} INFO - Setting next_dagrun for conditional_dataset_and_time_based_timetable to 2024-12-11 01:00:00+00:00, run_after=2024-12-11 01:00:00+00:00
[2024-12-15T10:24:11.116+0000] {logging_mixin.py:190} INFO - [2024-12-15T10:24:11.115+0000] {dag.py:4180} INFO - Setting next_dagrun for consume_1_and_2_with_dataset_expressions to None, run_after=None
[2024-12-15T10:24:11.117+0000] {logging_mixin.py:190} INFO - [2024-12-15T10:24:11.117+0000] {dag.py:4180} INFO - Setting next_dagrun for consume_1_or_2_with_dataset_expressions to None, run_after=None
[2024-12-15T10:24:11.118+0000] {logging_mixin.py:190} INFO - [2024-12-15T10:24:11.118+0000] {dag.py:4180} INFO - Setting next_dagrun for consume_1_or_both_2_and_3_with_dataset_expressions to None, run_after=None
[2024-12-15T10:24:11.119+0000] {logging_mixin.py:190} INFO - [2024-12-15T10:24:11.119+0000] {dag.py:4180} INFO - Setting next_dagrun for dataset_consumes_1 to None, run_after=None
[2024-12-15T10:24:11.120+0000] {logging_mixin.py:190} INFO - [2024-12-15T10:24:11.120+0000] {dag.py:4180} INFO - Setting next_dagrun for dataset_consumes_1_and_2 to None, run_after=None
[2024-12-15T10:24:11.122+0000] {logging_mixin.py:190} INFO - [2024-12-15T10:24:11.122+0000] {dag.py:4180} INFO - Setting next_dagrun for dataset_consumes_1_never_scheduled to None, run_after=None
[2024-12-15T10:24:11.123+0000] {logging_mixin.py:190} INFO - [2024-12-15T10:24:11.123+0000] {dag.py:4180} INFO - Setting next_dagrun for dataset_consumes_unknown_never_scheduled to None, run_after=None
[2024-12-15T10:24:11.125+0000] {logging_mixin.py:190} INFO - [2024-12-15T10:24:11.125+0000] {dag.py:4180} INFO - Setting next_dagrun for dataset_produces_1 to 2024-12-14 00:00:00+00:00, run_after=2024-12-15 00:00:00+00:00
[2024-12-15T10:24:11.127+0000] {logging_mixin.py:190} INFO - [2024-12-15T10:24:11.127+0000] {dag.py:4180} INFO - Setting next_dagrun for dataset_produces_2 to None, run_after=None
[2024-12-15T10:24:11.160+0000] {processor.py:208} INFO - Processing /home/airflow/.local/lib/python3.12/site-packages/airflow/example_dags/example_datasets.py took 0.646 seconds
[2024-12-15T10:24:41.773+0000] {processor.py:186} INFO - Started process (PID=314) to work on /home/airflow/.local/lib/python3.12/site-packages/airflow/example_dags/example_datasets.py
[2024-12-15T10:24:41.774+0000] {processor.py:914} INFO - Processing file /home/airflow/.local/lib/python3.12/site-packages/airflow/example_dags/example_datasets.py for tasks to queue
[2024-12-15T10:24:41.775+0000] {logging_mixin.py:190} INFO - [2024-12-15T10:24:41.775+0000] {dagbag.py:588} INFO - Filling up the DagBag from /home/airflow/.local/lib/python3.12/site-packages/airflow/example_dags/example_datasets.py
[2024-12-15T10:24:42.255+0000] {processor.py:925} INFO - DAG(s) 'dataset_consumes_1', 'conditional_dataset_and_time_based_timetable', 'dataset_produces_1', 'dataset_consumes_1_never_scheduled', 'consume_1_or_both_2_and_3_with_dataset_expressions', 'dataset_consumes_1_and_2', 'consume_1_or_2_with_dataset_expressions', 'dataset_consumes_unknown_never_scheduled', 'consume_1_and_2_with_dataset_expressions', 'dataset_produces_2' retrieved from /home/airflow/.local/lib/python3.12/site-packages/airflow/example_dags/example_datasets.py
[2024-12-15T10:24:42.290+0000] {logging_mixin.py:190} INFO - [2024-12-15T10:24:42.290+0000] {dag.py:3239} INFO - Sync 10 DAGs
[2024-12-15T10:24:42.310+0000] {logging_mixin.py:190} INFO - [2024-12-15T10:24:42.310+0000] {dag.py:4180} INFO - Setting next_dagrun for conditional_dataset_and_time_based_timetable to 2024-12-11 01:00:00+00:00, run_after=2024-12-11 01:00:00+00:00
[2024-12-15T10:24:42.313+0000] {logging_mixin.py:190} INFO - [2024-12-15T10:24:42.313+0000] {dag.py:4180} INFO - Setting next_dagrun for consume_1_and_2_with_dataset_expressions to None, run_after=None
[2024-12-15T10:24:42.314+0000] {logging_mixin.py:190} INFO - [2024-12-15T10:24:42.314+0000] {dag.py:4180} INFO - Setting next_dagrun for consume_1_or_2_with_dataset_expressions to None, run_after=None
[2024-12-15T10:24:42.315+0000] {logging_mixin.py:190} INFO - [2024-12-15T10:24:42.315+0000] {dag.py:4180} INFO - Setting next_dagrun for consume_1_or_both_2_and_3_with_dataset_expressions to None, run_after=None
[2024-12-15T10:24:42.316+0000] {logging_mixin.py:190} INFO - [2024-12-15T10:24:42.316+0000] {dag.py:4180} INFO - Setting next_dagrun for dataset_consumes_1 to None, run_after=None
[2024-12-15T10:24:42.317+0000] {logging_mixin.py:190} INFO - [2024-12-15T10:24:42.317+0000] {dag.py:4180} INFO - Setting next_dagrun for dataset_consumes_1_and_2 to None, run_after=None
[2024-12-15T10:24:42.319+0000] {logging_mixin.py:190} INFO - [2024-12-15T10:24:42.318+0000] {dag.py:4180} INFO - Setting next_dagrun for dataset_consumes_1_never_scheduled to None, run_after=None
[2024-12-15T10:24:42.320+0000] {logging_mixin.py:190} INFO - [2024-12-15T10:24:42.319+0000] {dag.py:4180} INFO - Setting next_dagrun for dataset_consumes_unknown_never_scheduled to None, run_after=None
[2024-12-15T10:24:42.321+0000] {logging_mixin.py:190} INFO - [2024-12-15T10:24:42.321+0000] {dag.py:4180} INFO - Setting next_dagrun for dataset_produces_1 to 2024-12-14 00:00:00+00:00, run_after=2024-12-15 00:00:00+00:00
[2024-12-15T10:24:42.322+0000] {logging_mixin.py:190} INFO - [2024-12-15T10:24:42.322+0000] {dag.py:4180} INFO - Setting next_dagrun for dataset_produces_2 to None, run_after=None
[2024-12-15T10:24:42.347+0000] {processor.py:208} INFO - Processing /home/airflow/.local/lib/python3.12/site-packages/airflow/example_dags/example_datasets.py took 0.578 seconds
