[2024-12-15T10:23:04.986+0000] {processor.py:186} INFO - Started process (PID=86) to work on /home/airflow/.local/lib/python3.12/site-packages/airflow/example_dags/example_complex.py
[2024-12-15T10:23:04.987+0000] {processor.py:914} INFO - Processing file /home/airflow/.local/lib/python3.12/site-packages/airflow/example_dags/example_complex.py for tasks to queue
[2024-12-15T10:23:04.991+0000] {logging_mixin.py:190} INFO - [2024-12-15T10:23:04.991+0000] {dagbag.py:588} INFO - Filling up the DagBag from /home/airflow/.local/lib/python3.12/site-packages/airflow/example_dags/example_complex.py
[2024-12-15T10:23:05.003+0000] {processor.py:925} INFO - DAG(s) 'example_complex' retrieved from /home/airflow/.local/lib/python3.12/site-packages/airflow/example_dags/example_complex.py
[2024-12-15T10:23:05.032+0000] {logging_mixin.py:190} INFO - [2024-12-15T10:23:05.032+0000] {dag.py:3239} INFO - Sync 1 DAGs
[2024-12-15T10:23:05.049+0000] {logging_mixin.py:190} INFO - [2024-12-15T10:23:05.048+0000] {dag.py:4180} INFO - Setting next_dagrun for example_complex to None, run_after=None
[2024-12-15T10:23:05.072+0000] {processor.py:208} INFO - Processing /home/airflow/.local/lib/python3.12/site-packages/airflow/example_dags/example_complex.py took 0.091 seconds
[2024-12-15T10:23:35.547+0000] {processor.py:186} INFO - Started process (PID=148) to work on /home/airflow/.local/lib/python3.12/site-packages/airflow/example_dags/example_complex.py
[2024-12-15T10:23:35.548+0000] {processor.py:914} INFO - Processing file /home/airflow/.local/lib/python3.12/site-packages/airflow/example_dags/example_complex.py for tasks to queue
[2024-12-15T10:23:35.551+0000] {logging_mixin.py:190} INFO - [2024-12-15T10:23:35.550+0000] {dagbag.py:588} INFO - Filling up the DagBag from /home/airflow/.local/lib/python3.12/site-packages/airflow/example_dags/example_complex.py
[2024-12-15T10:23:35.562+0000] {processor.py:925} INFO - DAG(s) 'example_complex' retrieved from /home/airflow/.local/lib/python3.12/site-packages/airflow/example_dags/example_complex.py
[2024-12-15T10:23:35.586+0000] {logging_mixin.py:190} INFO - [2024-12-15T10:23:35.586+0000] {dag.py:3239} INFO - Sync 1 DAGs
[2024-12-15T10:23:35.597+0000] {logging_mixin.py:190} INFO - [2024-12-15T10:23:35.597+0000] {dag.py:4180} INFO - Setting next_dagrun for example_complex to None, run_after=None
[2024-12-15T10:23:35.613+0000] {processor.py:208} INFO - Processing /home/airflow/.local/lib/python3.12/site-packages/airflow/example_dags/example_complex.py took 0.071 seconds
[2024-12-15T10:24:06.937+0000] {processor.py:186} INFO - Started process (PID=211) to work on /home/airflow/.local/lib/python3.12/site-packages/airflow/example_dags/example_complex.py
[2024-12-15T10:24:06.939+0000] {processor.py:914} INFO - Processing file /home/airflow/.local/lib/python3.12/site-packages/airflow/example_dags/example_complex.py for tasks to queue
[2024-12-15T10:24:06.942+0000] {logging_mixin.py:190} INFO - [2024-12-15T10:24:06.942+0000] {dagbag.py:588} INFO - Filling up the DagBag from /home/airflow/.local/lib/python3.12/site-packages/airflow/example_dags/example_complex.py
[2024-12-15T10:24:06.951+0000] {processor.py:925} INFO - DAG(s) 'example_complex' retrieved from /home/airflow/.local/lib/python3.12/site-packages/airflow/example_dags/example_complex.py
[2024-12-15T10:24:06.976+0000] {logging_mixin.py:190} INFO - [2024-12-15T10:24:06.975+0000] {dag.py:3239} INFO - Sync 1 DAGs
[2024-12-15T10:24:06.987+0000] {logging_mixin.py:190} INFO - [2024-12-15T10:24:06.987+0000] {dag.py:4180} INFO - Setting next_dagrun for example_complex to None, run_after=None
[2024-12-15T10:24:07.005+0000] {processor.py:208} INFO - Processing /home/airflow/.local/lib/python3.12/site-packages/airflow/example_dags/example_complex.py took 0.073 seconds
[2024-12-15T10:24:38.226+0000] {processor.py:186} INFO - Started process (PID=274) to work on /home/airflow/.local/lib/python3.12/site-packages/airflow/example_dags/example_complex.py
[2024-12-15T10:24:38.227+0000] {processor.py:914} INFO - Processing file /home/airflow/.local/lib/python3.12/site-packages/airflow/example_dags/example_complex.py for tasks to queue
[2024-12-15T10:24:38.229+0000] {logging_mixin.py:190} INFO - [2024-12-15T10:24:38.228+0000] {dagbag.py:588} INFO - Filling up the DagBag from /home/airflow/.local/lib/python3.12/site-packages/airflow/example_dags/example_complex.py
[2024-12-15T10:24:38.238+0000] {processor.py:925} INFO - DAG(s) 'example_complex' retrieved from /home/airflow/.local/lib/python3.12/site-packages/airflow/example_dags/example_complex.py
[2024-12-15T10:24:38.259+0000] {logging_mixin.py:190} INFO - [2024-12-15T10:24:38.259+0000] {dag.py:3239} INFO - Sync 1 DAGs
[2024-12-15T10:24:38.270+0000] {logging_mixin.py:190} INFO - [2024-12-15T10:24:38.269+0000] {dag.py:4180} INFO - Setting next_dagrun for example_complex to None, run_after=None
[2024-12-15T10:24:38.285+0000] {processor.py:208} INFO - Processing /home/airflow/.local/lib/python3.12/site-packages/airflow/example_dags/example_complex.py took 0.064 seconds
[2024-12-15T10:25:09.800+0000] {processor.py:186} INFO - Started process (PID=337) to work on /home/airflow/.local/lib/python3.12/site-packages/airflow/example_dags/example_complex.py
[2024-12-15T10:25:09.802+0000] {processor.py:914} INFO - Processing file /home/airflow/.local/lib/python3.12/site-packages/airflow/example_dags/example_complex.py for tasks to queue
[2024-12-15T10:25:09.804+0000] {logging_mixin.py:190} INFO - [2024-12-15T10:25:09.804+0000] {dagbag.py:588} INFO - Filling up the DagBag from /home/airflow/.local/lib/python3.12/site-packages/airflow/example_dags/example_complex.py
[2024-12-15T10:25:09.813+0000] {processor.py:925} INFO - DAG(s) 'example_complex' retrieved from /home/airflow/.local/lib/python3.12/site-packages/airflow/example_dags/example_complex.py
[2024-12-15T10:25:09.840+0000] {logging_mixin.py:190} INFO - [2024-12-15T10:25:09.839+0000] {dag.py:3239} INFO - Sync 1 DAGs
[2024-12-15T10:25:09.851+0000] {logging_mixin.py:190} INFO - [2024-12-15T10:25:09.851+0000] {dag.py:4180} INFO - Setting next_dagrun for example_complex to None, run_after=None
[2024-12-15T10:25:09.865+0000] {processor.py:208} INFO - Processing /home/airflow/.local/lib/python3.12/site-packages/airflow/example_dags/example_complex.py took 0.070 seconds
