[2024-12-15T10:23:04.178+0000] {processor.py:186} INFO - Started process (PID=77) to work on /home/airflow/.local/lib/python3.12/site-packages/airflow/example_dags/example_subdag_operator.py
[2024-12-15T10:23:04.179+0000] {processor.py:914} INFO - Processing file /home/airflow/.local/lib/python3.12/site-packages/airflow/example_dags/example_subdag_operator.py for tasks to queue
[2024-12-15T10:23:04.181+0000] {logging_mixin.py:190} INFO - [2024-12-15T10:23:04.181+0000] {dagbag.py:588} INFO - Filling up the DagBag from /home/airflow/.local/lib/python3.12/site-packages/airflow/example_dags/example_subdag_operator.py
[2024-12-15T10:23:04.216+0000] {processor.py:925} INFO - DAG(s) 'example_subdag_operator.section-1', 'example_subdag_operator.section-2', 'example_subdag_operator' retrieved from /home/airflow/.local/lib/python3.12/site-packages/airflow/example_dags/example_subdag_operator.py
[2024-12-15T10:23:04.244+0000] {logging_mixin.py:190} INFO - [2024-12-15T10:23:04.244+0000] {dag.py:3239} INFO - Sync 3 DAGs
[2024-12-15T10:23:04.269+0000] {logging_mixin.py:190} INFO - [2024-12-15T10:23:04.268+0000] {dag.py:4180} INFO - Setting next_dagrun for example_subdag_operator to 2022-01-01 00:00:00+00:00, run_after=2022-01-01 00:00:00+00:00
[2024-12-15T10:23:04.272+0000] {logging_mixin.py:190} INFO - [2024-12-15T10:23:04.272+0000] {dag.py:4180} INFO - Setting next_dagrun for example_subdag_operator.section-1 to None, run_after=None
[2024-12-15T10:23:04.274+0000] {logging_mixin.py:190} INFO - [2024-12-15T10:23:04.274+0000] {dag.py:4180} INFO - Setting next_dagrun for example_subdag_operator.section-2 to None, run_after=None
[2024-12-15T10:23:04.282+0000] {logging_mixin.py:190} INFO - [2024-12-15T10:23:04.281+0000] {dag.py:3239} INFO - Sync 2 DAGs
[2024-12-15T10:23:04.287+0000] {logging_mixin.py:190} INFO - [2024-12-15T10:23:04.287+0000] {dag.py:4180} INFO - Setting next_dagrun for example_subdag_operator.section-1 to None, run_after=None
[2024-12-15T10:23:04.287+0000] {logging_mixin.py:190} INFO - [2024-12-15T10:23:04.287+0000] {dag.py:4180} INFO - Setting next_dagrun for example_subdag_operator.section-2 to None, run_after=None
[2024-12-15T10:23:04.302+0000] {processor.py:208} INFO - Processing /home/airflow/.local/lib/python3.12/site-packages/airflow/example_dags/example_subdag_operator.py took 0.140 seconds
[2024-12-15T10:23:35.050+0000] {processor.py:186} INFO - Started process (PID=139) to work on /home/airflow/.local/lib/python3.12/site-packages/airflow/example_dags/example_subdag_operator.py
[2024-12-15T10:23:35.051+0000] {processor.py:914} INFO - Processing file /home/airflow/.local/lib/python3.12/site-packages/airflow/example_dags/example_subdag_operator.py for tasks to queue
[2024-12-15T10:23:35.070+0000] {logging_mixin.py:190} INFO - [2024-12-15T10:23:35.069+0000] {dagbag.py:588} INFO - Filling up the DagBag from /home/airflow/.local/lib/python3.12/site-packages/airflow/example_dags/example_subdag_operator.py
[2024-12-15T10:23:35.099+0000] {processor.py:925} INFO - DAG(s) 'example_subdag_operator.section-1', 'example_subdag_operator.section-2', 'example_subdag_operator' retrieved from /home/airflow/.local/lib/python3.12/site-packages/airflow/example_dags/example_subdag_operator.py
[2024-12-15T10:23:35.114+0000] {logging_mixin.py:190} INFO - [2024-12-15T10:23:35.114+0000] {dag.py:3239} INFO - Sync 3 DAGs
[2024-12-15T10:23:35.131+0000] {logging_mixin.py:190} INFO - [2024-12-15T10:23:35.130+0000] {dag.py:4180} INFO - Setting next_dagrun for example_subdag_operator to 2022-01-01 00:00:00+00:00, run_after=2022-01-01 00:00:00+00:00
[2024-12-15T10:23:35.133+0000] {logging_mixin.py:190} INFO - [2024-12-15T10:23:35.133+0000] {dag.py:4180} INFO - Setting next_dagrun for example_subdag_operator.section-1 to None, run_after=None
[2024-12-15T10:23:35.134+0000] {logging_mixin.py:190} INFO - [2024-12-15T10:23:35.134+0000] {dag.py:4180} INFO - Setting next_dagrun for example_subdag_operator.section-2 to None, run_after=None
[2024-12-15T10:23:35.140+0000] {logging_mixin.py:190} INFO - [2024-12-15T10:23:35.140+0000] {dag.py:3239} INFO - Sync 2 DAGs
[2024-12-15T10:23:35.148+0000] {logging_mixin.py:190} INFO - [2024-12-15T10:23:35.147+0000] {dag.py:4180} INFO - Setting next_dagrun for example_subdag_operator.section-1 to None, run_after=None
[2024-12-15T10:23:35.148+0000] {logging_mixin.py:190} INFO - [2024-12-15T10:23:35.148+0000] {dag.py:4180} INFO - Setting next_dagrun for example_subdag_operator.section-2 to None, run_after=None
[2024-12-15T10:23:35.156+0000] {processor.py:208} INFO - Processing /home/airflow/.local/lib/python3.12/site-packages/airflow/example_dags/example_subdag_operator.py took 0.111 seconds
[2024-12-15T10:24:06.510+0000] {processor.py:186} INFO - Started process (PID=202) to work on /home/airflow/.local/lib/python3.12/site-packages/airflow/example_dags/example_subdag_operator.py
[2024-12-15T10:24:06.511+0000] {processor.py:914} INFO - Processing file /home/airflow/.local/lib/python3.12/site-packages/airflow/example_dags/example_subdag_operator.py for tasks to queue
[2024-12-15T10:24:06.513+0000] {logging_mixin.py:190} INFO - [2024-12-15T10:24:06.513+0000] {dagbag.py:588} INFO - Filling up the DagBag from /home/airflow/.local/lib/python3.12/site-packages/airflow/example_dags/example_subdag_operator.py
[2024-12-15T10:24:06.540+0000] {processor.py:925} INFO - DAG(s) 'example_subdag_operator.section-1', 'example_subdag_operator.section-2', 'example_subdag_operator' retrieved from /home/airflow/.local/lib/python3.12/site-packages/airflow/example_dags/example_subdag_operator.py
[2024-12-15T10:24:06.553+0000] {logging_mixin.py:190} INFO - [2024-12-15T10:24:06.553+0000] {dag.py:3239} INFO - Sync 3 DAGs
[2024-12-15T10:24:06.571+0000] {logging_mixin.py:190} INFO - [2024-12-15T10:24:06.571+0000] {dag.py:4180} INFO - Setting next_dagrun for example_subdag_operator to 2022-01-01 00:00:00+00:00, run_after=2022-01-01 00:00:00+00:00
[2024-12-15T10:24:06.574+0000] {logging_mixin.py:190} INFO - [2024-12-15T10:24:06.574+0000] {dag.py:4180} INFO - Setting next_dagrun for example_subdag_operator.section-1 to None, run_after=None
[2024-12-15T10:24:06.576+0000] {logging_mixin.py:190} INFO - [2024-12-15T10:24:06.575+0000] {dag.py:4180} INFO - Setting next_dagrun for example_subdag_operator.section-2 to None, run_after=None
[2024-12-15T10:24:06.582+0000] {logging_mixin.py:190} INFO - [2024-12-15T10:24:06.581+0000] {dag.py:3239} INFO - Sync 2 DAGs
[2024-12-15T10:24:06.586+0000] {logging_mixin.py:190} INFO - [2024-12-15T10:24:06.586+0000] {dag.py:4180} INFO - Setting next_dagrun for example_subdag_operator.section-1 to None, run_after=None
[2024-12-15T10:24:06.587+0000] {logging_mixin.py:190} INFO - [2024-12-15T10:24:06.587+0000] {dag.py:4180} INFO - Setting next_dagrun for example_subdag_operator.section-2 to None, run_after=None
[2024-12-15T10:24:06.596+0000] {processor.py:208} INFO - Processing /home/airflow/.local/lib/python3.12/site-packages/airflow/example_dags/example_subdag_operator.py took 0.092 seconds
[2024-12-15T10:24:37.780+0000] {processor.py:186} INFO - Started process (PID=265) to work on /home/airflow/.local/lib/python3.12/site-packages/airflow/example_dags/example_subdag_operator.py
[2024-12-15T10:24:37.781+0000] {processor.py:914} INFO - Processing file /home/airflow/.local/lib/python3.12/site-packages/airflow/example_dags/example_subdag_operator.py for tasks to queue
[2024-12-15T10:24:37.783+0000] {logging_mixin.py:190} INFO - [2024-12-15T10:24:37.782+0000] {dagbag.py:588} INFO - Filling up the DagBag from /home/airflow/.local/lib/python3.12/site-packages/airflow/example_dags/example_subdag_operator.py
[2024-12-15T10:24:37.800+0000] {processor.py:925} INFO - DAG(s) 'example_subdag_operator.section-1', 'example_subdag_operator.section-2', 'example_subdag_operator' retrieved from /home/airflow/.local/lib/python3.12/site-packages/airflow/example_dags/example_subdag_operator.py
[2024-12-15T10:24:37.814+0000] {logging_mixin.py:190} INFO - [2024-12-15T10:24:37.813+0000] {dag.py:3239} INFO - Sync 3 DAGs
[2024-12-15T10:24:37.834+0000] {logging_mixin.py:190} INFO - [2024-12-15T10:24:37.834+0000] {dag.py:4180} INFO - Setting next_dagrun for example_subdag_operator to 2022-01-01 00:00:00+00:00, run_after=2022-01-01 00:00:00+00:00
[2024-12-15T10:24:37.840+0000] {logging_mixin.py:190} INFO - [2024-12-15T10:24:37.840+0000] {dag.py:4180} INFO - Setting next_dagrun for example_subdag_operator.section-1 to None, run_after=None
[2024-12-15T10:24:37.841+0000] {logging_mixin.py:190} INFO - [2024-12-15T10:24:37.841+0000] {dag.py:4180} INFO - Setting next_dagrun for example_subdag_operator.section-2 to None, run_after=None
[2024-12-15T10:24:37.847+0000] {logging_mixin.py:190} INFO - [2024-12-15T10:24:37.847+0000] {dag.py:3239} INFO - Sync 2 DAGs
[2024-12-15T10:24:37.852+0000] {logging_mixin.py:190} INFO - [2024-12-15T10:24:37.852+0000] {dag.py:4180} INFO - Setting next_dagrun for example_subdag_operator.section-1 to None, run_after=None
[2024-12-15T10:24:37.853+0000] {logging_mixin.py:190} INFO - [2024-12-15T10:24:37.853+0000] {dag.py:4180} INFO - Setting next_dagrun for example_subdag_operator.section-2 to None, run_after=None
[2024-12-15T10:24:37.863+0000] {processor.py:208} INFO - Processing /home/airflow/.local/lib/python3.12/site-packages/airflow/example_dags/example_subdag_operator.py took 0.087 seconds
[2024-12-15T10:25:09.347+0000] {processor.py:186} INFO - Started process (PID=328) to work on /home/airflow/.local/lib/python3.12/site-packages/airflow/example_dags/example_subdag_operator.py
[2024-12-15T10:25:09.347+0000] {processor.py:914} INFO - Processing file /home/airflow/.local/lib/python3.12/site-packages/airflow/example_dags/example_subdag_operator.py for tasks to queue
[2024-12-15T10:25:09.349+0000] {logging_mixin.py:190} INFO - [2024-12-15T10:25:09.349+0000] {dagbag.py:588} INFO - Filling up the DagBag from /home/airflow/.local/lib/python3.12/site-packages/airflow/example_dags/example_subdag_operator.py
[2024-12-15T10:25:09.369+0000] {processor.py:925} INFO - DAG(s) 'example_subdag_operator.section-1', 'example_subdag_operator.section-2', 'example_subdag_operator' retrieved from /home/airflow/.local/lib/python3.12/site-packages/airflow/example_dags/example_subdag_operator.py
[2024-12-15T10:25:09.380+0000] {logging_mixin.py:190} INFO - [2024-12-15T10:25:09.380+0000] {dag.py:3239} INFO - Sync 3 DAGs
[2024-12-15T10:25:09.400+0000] {logging_mixin.py:190} INFO - [2024-12-15T10:25:09.399+0000] {dag.py:4180} INFO - Setting next_dagrun for example_subdag_operator to 2022-01-01 00:00:00+00:00, run_after=2022-01-01 00:00:00+00:00
[2024-12-15T10:25:09.403+0000] {logging_mixin.py:190} INFO - [2024-12-15T10:25:09.402+0000] {dag.py:4180} INFO - Setting next_dagrun for example_subdag_operator.section-1 to None, run_after=None
[2024-12-15T10:25:09.404+0000] {logging_mixin.py:190} INFO - [2024-12-15T10:25:09.404+0000] {dag.py:4180} INFO - Setting next_dagrun for example_subdag_operator.section-2 to None, run_after=None
[2024-12-15T10:25:09.409+0000] {logging_mixin.py:190} INFO - [2024-12-15T10:25:09.409+0000] {dag.py:3239} INFO - Sync 2 DAGs
[2024-12-15T10:25:09.413+0000] {logging_mixin.py:190} INFO - [2024-12-15T10:25:09.413+0000] {dag.py:4180} INFO - Setting next_dagrun for example_subdag_operator.section-1 to None, run_after=None
[2024-12-15T10:25:09.414+0000] {logging_mixin.py:190} INFO - [2024-12-15T10:25:09.413+0000] {dag.py:4180} INFO - Setting next_dagrun for example_subdag_operator.section-2 to None, run_after=None
[2024-12-15T10:25:09.422+0000] {processor.py:208} INFO - Processing /home/airflow/.local/lib/python3.12/site-packages/airflow/example_dags/example_subdag_operator.py took 0.080 seconds
