[2024-12-15T10:23:04.613+0000] {processor.py:186} INFO - Started process (PID=81) to work on /home/airflow/.local/lib/python3.12/site-packages/airflow/example_dags/example_external_task_marker_dag.py
[2024-12-15T10:23:04.614+0000] {processor.py:914} INFO - Processing file /home/airflow/.local/lib/python3.12/site-packages/airflow/example_dags/example_external_task_marker_dag.py for tasks to queue
[2024-12-15T10:23:04.616+0000] {logging_mixin.py:190} INFO - [2024-12-15T10:23:04.615+0000] {dagbag.py:588} INFO - Filling up the DagBag from /home/airflow/.local/lib/python3.12/site-packages/airflow/example_dags/example_external_task_marker_dag.py
[2024-12-15T10:23:04.624+0000] {processor.py:925} INFO - DAG(s) 'example_external_task_marker_child', 'example_external_task_marker_parent' retrieved from /home/airflow/.local/lib/python3.12/site-packages/airflow/example_dags/example_external_task_marker_dag.py
[2024-12-15T10:23:04.649+0000] {logging_mixin.py:190} INFO - [2024-12-15T10:23:04.649+0000] {dag.py:3239} INFO - Sync 2 DAGs
[2024-12-15T10:23:04.666+0000] {logging_mixin.py:190} INFO - [2024-12-15T10:23:04.665+0000] {dag.py:4180} INFO - Setting next_dagrun for example_external_task_marker_child to None, run_after=None
[2024-12-15T10:23:04.670+0000] {logging_mixin.py:190} INFO - [2024-12-15T10:23:04.669+0000] {dag.py:4180} INFO - Setting next_dagrun for example_external_task_marker_parent to None, run_after=None
[2024-12-15T10:23:04.691+0000] {processor.py:208} INFO - Processing /home/airflow/.local/lib/python3.12/site-packages/airflow/example_dags/example_external_task_marker_dag.py took 0.083 seconds
[2024-12-15T10:23:35.293+0000] {processor.py:186} INFO - Started process (PID=143) to work on /home/airflow/.local/lib/python3.12/site-packages/airflow/example_dags/example_external_task_marker_dag.py
[2024-12-15T10:23:35.294+0000] {processor.py:914} INFO - Processing file /home/airflow/.local/lib/python3.12/site-packages/airflow/example_dags/example_external_task_marker_dag.py for tasks to queue
[2024-12-15T10:23:35.299+0000] {logging_mixin.py:190} INFO - [2024-12-15T10:23:35.298+0000] {dagbag.py:588} INFO - Filling up the DagBag from /home/airflow/.local/lib/python3.12/site-packages/airflow/example_dags/example_external_task_marker_dag.py
[2024-12-15T10:23:35.308+0000] {processor.py:925} INFO - DAG(s) 'example_external_task_marker_child', 'example_external_task_marker_parent' retrieved from /home/airflow/.local/lib/python3.12/site-packages/airflow/example_dags/example_external_task_marker_dag.py
[2024-12-15T10:23:35.336+0000] {logging_mixin.py:190} INFO - [2024-12-15T10:23:35.336+0000] {dag.py:3239} INFO - Sync 2 DAGs
[2024-12-15T10:23:35.347+0000] {logging_mixin.py:190} INFO - [2024-12-15T10:23:35.347+0000] {dag.py:4180} INFO - Setting next_dagrun for example_external_task_marker_child to None, run_after=None
[2024-12-15T10:23:35.350+0000] {logging_mixin.py:190} INFO - [2024-12-15T10:23:35.350+0000] {dag.py:4180} INFO - Setting next_dagrun for example_external_task_marker_parent to None, run_after=None
[2024-12-15T10:23:35.366+0000] {processor.py:208} INFO - Processing /home/airflow/.local/lib/python3.12/site-packages/airflow/example_dags/example_external_task_marker_dag.py took 0.077 seconds
[2024-12-15T10:24:06.703+0000] {processor.py:186} INFO - Started process (PID=206) to work on /home/airflow/.local/lib/python3.12/site-packages/airflow/example_dags/example_external_task_marker_dag.py
[2024-12-15T10:24:06.703+0000] {processor.py:914} INFO - Processing file /home/airflow/.local/lib/python3.12/site-packages/airflow/example_dags/example_external_task_marker_dag.py for tasks to queue
[2024-12-15T10:24:06.705+0000] {logging_mixin.py:190} INFO - [2024-12-15T10:24:06.705+0000] {dagbag.py:588} INFO - Filling up the DagBag from /home/airflow/.local/lib/python3.12/site-packages/airflow/example_dags/example_external_task_marker_dag.py
[2024-12-15T10:24:06.712+0000] {processor.py:925} INFO - DAG(s) 'example_external_task_marker_child', 'example_external_task_marker_parent' retrieved from /home/airflow/.local/lib/python3.12/site-packages/airflow/example_dags/example_external_task_marker_dag.py
[2024-12-15T10:24:06.729+0000] {logging_mixin.py:190} INFO - [2024-12-15T10:24:06.729+0000] {dag.py:3239} INFO - Sync 2 DAGs
[2024-12-15T10:24:06.739+0000] {logging_mixin.py:190} INFO - [2024-12-15T10:24:06.739+0000] {dag.py:4180} INFO - Setting next_dagrun for example_external_task_marker_child to None, run_after=None
[2024-12-15T10:24:06.742+0000] {logging_mixin.py:190} INFO - [2024-12-15T10:24:06.742+0000] {dag.py:4180} INFO - Setting next_dagrun for example_external_task_marker_parent to None, run_after=None
[2024-12-15T10:24:06.755+0000] {processor.py:208} INFO - Processing /home/airflow/.local/lib/python3.12/site-packages/airflow/example_dags/example_external_task_marker_dag.py took 0.057 seconds
[2024-12-15T10:24:37.987+0000] {processor.py:186} INFO - Started process (PID=269) to work on /home/airflow/.local/lib/python3.12/site-packages/airflow/example_dags/example_external_task_marker_dag.py
[2024-12-15T10:24:37.988+0000] {processor.py:914} INFO - Processing file /home/airflow/.local/lib/python3.12/site-packages/airflow/example_dags/example_external_task_marker_dag.py for tasks to queue
[2024-12-15T10:24:37.990+0000] {logging_mixin.py:190} INFO - [2024-12-15T10:24:37.990+0000] {dagbag.py:588} INFO - Filling up the DagBag from /home/airflow/.local/lib/python3.12/site-packages/airflow/example_dags/example_external_task_marker_dag.py
[2024-12-15T10:24:37.997+0000] {processor.py:925} INFO - DAG(s) 'example_external_task_marker_child', 'example_external_task_marker_parent' retrieved from /home/airflow/.local/lib/python3.12/site-packages/airflow/example_dags/example_external_task_marker_dag.py
[2024-12-15T10:24:38.016+0000] {logging_mixin.py:190} INFO - [2024-12-15T10:24:38.016+0000] {dag.py:3239} INFO - Sync 2 DAGs
[2024-12-15T10:24:38.029+0000] {logging_mixin.py:190} INFO - [2024-12-15T10:24:38.029+0000] {dag.py:4180} INFO - Setting next_dagrun for example_external_task_marker_child to None, run_after=None
[2024-12-15T10:24:38.032+0000] {logging_mixin.py:190} INFO - [2024-12-15T10:24:38.032+0000] {dag.py:4180} INFO - Setting next_dagrun for example_external_task_marker_parent to None, run_after=None
[2024-12-15T10:24:38.045+0000] {processor.py:208} INFO - Processing /home/airflow/.local/lib/python3.12/site-packages/airflow/example_dags/example_external_task_marker_dag.py took 0.063 seconds
[2024-12-15T10:25:09.526+0000] {processor.py:186} INFO - Started process (PID=332) to work on /home/airflow/.local/lib/python3.12/site-packages/airflow/example_dags/example_external_task_marker_dag.py
[2024-12-15T10:25:09.527+0000] {processor.py:914} INFO - Processing file /home/airflow/.local/lib/python3.12/site-packages/airflow/example_dags/example_external_task_marker_dag.py for tasks to queue
[2024-12-15T10:25:09.529+0000] {logging_mixin.py:190} INFO - [2024-12-15T10:25:09.529+0000] {dagbag.py:588} INFO - Filling up the DagBag from /home/airflow/.local/lib/python3.12/site-packages/airflow/example_dags/example_external_task_marker_dag.py
[2024-12-15T10:25:09.536+0000] {processor.py:925} INFO - DAG(s) 'example_external_task_marker_parent', 'example_external_task_marker_child' retrieved from /home/airflow/.local/lib/python3.12/site-packages/airflow/example_dags/example_external_task_marker_dag.py
[2024-12-15T10:25:09.554+0000] {logging_mixin.py:190} INFO - [2024-12-15T10:25:09.554+0000] {dag.py:3239} INFO - Sync 2 DAGs
[2024-12-15T10:25:09.564+0000] {logging_mixin.py:190} INFO - [2024-12-15T10:25:09.564+0000] {dag.py:4180} INFO - Setting next_dagrun for example_external_task_marker_child to None, run_after=None
[2024-12-15T10:25:09.569+0000] {logging_mixin.py:190} INFO - [2024-12-15T10:25:09.568+0000] {dag.py:4180} INFO - Setting next_dagrun for example_external_task_marker_parent to None, run_after=None
[2024-12-15T10:25:09.583+0000] {processor.py:208} INFO - Processing /home/airflow/.local/lib/python3.12/site-packages/airflow/example_dags/example_external_task_marker_dag.py took 0.061 seconds
