[2024-12-15T10:23:07.069+0000] {processor.py:186} INFO - Started process (PID=106) to work on /home/airflow/.local/lib/python3.12/site-packages/airflow/example_dags/example_trigger_target_dag.py
[2024-12-15T10:23:07.070+0000] {processor.py:914} INFO - Processing file /home/airflow/.local/lib/python3.12/site-packages/airflow/example_dags/example_trigger_target_dag.py for tasks to queue
[2024-12-15T10:23:07.072+0000] {logging_mixin.py:190} INFO - [2024-12-15T10:23:07.071+0000] {dagbag.py:588} INFO - Filling up the DagBag from /home/airflow/.local/lib/python3.12/site-packages/airflow/example_dags/example_trigger_target_dag.py
[2024-12-15T10:23:07.078+0000] {processor.py:925} INFO - DAG(s) 'example_trigger_target_dag' retrieved from /home/airflow/.local/lib/python3.12/site-packages/airflow/example_dags/example_trigger_target_dag.py
[2024-12-15T10:23:07.101+0000] {logging_mixin.py:190} INFO - [2024-12-15T10:23:07.100+0000] {dag.py:3239} INFO - Sync 1 DAGs
[2024-12-15T10:23:07.112+0000] {logging_mixin.py:190} INFO - [2024-12-15T10:23:07.112+0000] {dag.py:4180} INFO - Setting next_dagrun for example_trigger_target_dag to None, run_after=None
[2024-12-15T10:23:07.125+0000] {processor.py:208} INFO - Processing /home/airflow/.local/lib/python3.12/site-packages/airflow/example_dags/example_trigger_target_dag.py took 0.062 seconds
[2024-12-15T10:23:38.351+0000] {processor.py:186} INFO - Started process (PID=168) to work on /home/airflow/.local/lib/python3.12/site-packages/airflow/example_dags/example_trigger_target_dag.py
[2024-12-15T10:23:38.352+0000] {processor.py:914} INFO - Processing file /home/airflow/.local/lib/python3.12/site-packages/airflow/example_dags/example_trigger_target_dag.py for tasks to queue
[2024-12-15T10:23:38.354+0000] {logging_mixin.py:190} INFO - [2024-12-15T10:23:38.354+0000] {dagbag.py:588} INFO - Filling up the DagBag from /home/airflow/.local/lib/python3.12/site-packages/airflow/example_dags/example_trigger_target_dag.py
[2024-12-15T10:23:38.360+0000] {processor.py:925} INFO - DAG(s) 'example_trigger_target_dag' retrieved from /home/airflow/.local/lib/python3.12/site-packages/airflow/example_dags/example_trigger_target_dag.py
[2024-12-15T10:23:38.375+0000] {logging_mixin.py:190} INFO - [2024-12-15T10:23:38.375+0000] {dag.py:3239} INFO - Sync 1 DAGs
[2024-12-15T10:23:38.385+0000] {logging_mixin.py:190} INFO - [2024-12-15T10:23:38.385+0000] {dag.py:4180} INFO - Setting next_dagrun for example_trigger_target_dag to None, run_after=None
[2024-12-15T10:23:38.399+0000] {processor.py:208} INFO - Processing /home/airflow/.local/lib/python3.12/site-packages/airflow/example_dags/example_trigger_target_dag.py took 0.053 seconds
[2024-12-15T10:24:09.505+0000] {processor.py:186} INFO - Started process (PID=231) to work on /home/airflow/.local/lib/python3.12/site-packages/airflow/example_dags/example_trigger_target_dag.py
[2024-12-15T10:24:09.506+0000] {processor.py:914} INFO - Processing file /home/airflow/.local/lib/python3.12/site-packages/airflow/example_dags/example_trigger_target_dag.py for tasks to queue
[2024-12-15T10:24:09.509+0000] {logging_mixin.py:190} INFO - [2024-12-15T10:24:09.509+0000] {dagbag.py:588} INFO - Filling up the DagBag from /home/airflow/.local/lib/python3.12/site-packages/airflow/example_dags/example_trigger_target_dag.py
[2024-12-15T10:24:09.517+0000] {processor.py:925} INFO - DAG(s) 'example_trigger_target_dag' retrieved from /home/airflow/.local/lib/python3.12/site-packages/airflow/example_dags/example_trigger_target_dag.py
[2024-12-15T10:24:09.532+0000] {logging_mixin.py:190} INFO - [2024-12-15T10:24:09.532+0000] {dag.py:3239} INFO - Sync 1 DAGs
[2024-12-15T10:24:09.544+0000] {logging_mixin.py:190} INFO - [2024-12-15T10:24:09.544+0000] {dag.py:4180} INFO - Setting next_dagrun for example_trigger_target_dag to None, run_after=None
[2024-12-15T10:24:09.559+0000] {processor.py:208} INFO - Processing /home/airflow/.local/lib/python3.12/site-packages/airflow/example_dags/example_trigger_target_dag.py took 0.059 seconds
[2024-12-15T10:24:40.849+0000] {processor.py:186} INFO - Started process (PID=294) to work on /home/airflow/.local/lib/python3.12/site-packages/airflow/example_dags/example_trigger_target_dag.py
[2024-12-15T10:24:40.850+0000] {processor.py:914} INFO - Processing file /home/airflow/.local/lib/python3.12/site-packages/airflow/example_dags/example_trigger_target_dag.py for tasks to queue
[2024-12-15T10:24:40.852+0000] {logging_mixin.py:190} INFO - [2024-12-15T10:24:40.851+0000] {dagbag.py:588} INFO - Filling up the DagBag from /home/airflow/.local/lib/python3.12/site-packages/airflow/example_dags/example_trigger_target_dag.py
[2024-12-15T10:24:40.859+0000] {processor.py:925} INFO - DAG(s) 'example_trigger_target_dag' retrieved from /home/airflow/.local/lib/python3.12/site-packages/airflow/example_dags/example_trigger_target_dag.py
[2024-12-15T10:24:40.872+0000] {logging_mixin.py:190} INFO - [2024-12-15T10:24:40.872+0000] {dag.py:3239} INFO - Sync 1 DAGs
[2024-12-15T10:24:40.884+0000] {logging_mixin.py:190} INFO - [2024-12-15T10:24:40.883+0000] {dag.py:4180} INFO - Setting next_dagrun for example_trigger_target_dag to None, run_after=None
[2024-12-15T10:24:40.898+0000] {processor.py:208} INFO - Processing /home/airflow/.local/lib/python3.12/site-packages/airflow/example_dags/example_trigger_target_dag.py took 0.054 seconds
