[2024-12-15T10:23:07.817+0000] {processor.py:186} INFO - Started process (PID=117) to work on /home/airflow/.local/lib/python3.12/site-packages/airflow/example_dags/example_nested_branch_dag.py
[2024-12-15T10:23:07.818+0000] {processor.py:914} INFO - Processing file /home/airflow/.local/lib/python3.12/site-packages/airflow/example_dags/example_nested_branch_dag.py for tasks to queue
[2024-12-15T10:23:07.821+0000] {logging_mixin.py:190} INFO - [2024-12-15T10:23:07.821+0000] {dagbag.py:588} INFO - Filling up the DagBag from /home/airflow/.local/lib/python3.12/site-packages/airflow/example_dags/example_nested_branch_dag.py
[2024-12-15T10:23:07.833+0000] {processor.py:925} INFO - DAG(s) 'example_nested_branch_dag' retrieved from /home/airflow/.local/lib/python3.12/site-packages/airflow/example_dags/example_nested_branch_dag.py
[2024-12-15T10:23:07.853+0000] {logging_mixin.py:190} INFO - [2024-12-15T10:23:07.853+0000] {dag.py:3239} INFO - Sync 1 DAGs
[2024-12-15T10:23:07.872+0000] {logging_mixin.py:190} INFO - [2024-12-15T10:23:07.872+0000] {dag.py:4180} INFO - Setting next_dagrun for example_nested_branch_dag to 2024-12-14 00:00:00+00:00, run_after=2024-12-15 00:00:00+00:00
[2024-12-15T10:23:07.887+0000] {processor.py:208} INFO - Processing /home/airflow/.local/lib/python3.12/site-packages/airflow/example_dags/example_nested_branch_dag.py took 0.077 seconds
[2024-12-15T10:23:38.989+0000] {processor.py:186} INFO - Started process (PID=179) to work on /home/airflow/.local/lib/python3.12/site-packages/airflow/example_dags/example_nested_branch_dag.py
[2024-12-15T10:23:38.990+0000] {processor.py:914} INFO - Processing file /home/airflow/.local/lib/python3.12/site-packages/airflow/example_dags/example_nested_branch_dag.py for tasks to queue
[2024-12-15T10:23:38.992+0000] {logging_mixin.py:190} INFO - [2024-12-15T10:23:38.992+0000] {dagbag.py:588} INFO - Filling up the DagBag from /home/airflow/.local/lib/python3.12/site-packages/airflow/example_dags/example_nested_branch_dag.py
[2024-12-15T10:23:39.003+0000] {processor.py:925} INFO - DAG(s) 'example_nested_branch_dag' retrieved from /home/airflow/.local/lib/python3.12/site-packages/airflow/example_dags/example_nested_branch_dag.py
[2024-12-15T10:23:39.024+0000] {logging_mixin.py:190} INFO - [2024-12-15T10:23:39.023+0000] {dag.py:3239} INFO - Sync 1 DAGs
[2024-12-15T10:23:39.043+0000] {logging_mixin.py:190} INFO - [2024-12-15T10:23:39.043+0000] {dag.py:4180} INFO - Setting next_dagrun for example_nested_branch_dag to 2024-12-14 00:00:00+00:00, run_after=2024-12-15 00:00:00+00:00
[2024-12-15T10:23:39.059+0000] {processor.py:208} INFO - Processing /home/airflow/.local/lib/python3.12/site-packages/airflow/example_dags/example_nested_branch_dag.py took 0.075 seconds
[2024-12-15T10:24:10.164+0000] {processor.py:186} INFO - Started process (PID=242) to work on /home/airflow/.local/lib/python3.12/site-packages/airflow/example_dags/example_nested_branch_dag.py
[2024-12-15T10:24:10.166+0000] {processor.py:914} INFO - Processing file /home/airflow/.local/lib/python3.12/site-packages/airflow/example_dags/example_nested_branch_dag.py for tasks to queue
[2024-12-15T10:24:10.169+0000] {logging_mixin.py:190} INFO - [2024-12-15T10:24:10.169+0000] {dagbag.py:588} INFO - Filling up the DagBag from /home/airflow/.local/lib/python3.12/site-packages/airflow/example_dags/example_nested_branch_dag.py
[2024-12-15T10:24:10.181+0000] {processor.py:925} INFO - DAG(s) 'example_nested_branch_dag' retrieved from /home/airflow/.local/lib/python3.12/site-packages/airflow/example_dags/example_nested_branch_dag.py
[2024-12-15T10:24:10.215+0000] {logging_mixin.py:190} INFO - [2024-12-15T10:24:10.214+0000] {dag.py:3239} INFO - Sync 1 DAGs
[2024-12-15T10:24:10.258+0000] {logging_mixin.py:190} INFO - [2024-12-15T10:24:10.258+0000] {dag.py:4180} INFO - Setting next_dagrun for example_nested_branch_dag to 2024-12-14 00:00:00+00:00, run_after=2024-12-15 00:00:00+00:00
[2024-12-15T10:24:10.292+0000] {processor.py:208} INFO - Processing /home/airflow/.local/lib/python3.12/site-packages/airflow/example_dags/example_nested_branch_dag.py took 0.134 seconds
[2024-12-15T10:24:41.437+0000] {processor.py:186} INFO - Started process (PID=305) to work on /home/airflow/.local/lib/python3.12/site-packages/airflow/example_dags/example_nested_branch_dag.py
[2024-12-15T10:24:41.442+0000] {processor.py:914} INFO - Processing file /home/airflow/.local/lib/python3.12/site-packages/airflow/example_dags/example_nested_branch_dag.py for tasks to queue
[2024-12-15T10:24:41.444+0000] {logging_mixin.py:190} INFO - [2024-12-15T10:24:41.443+0000] {dagbag.py:588} INFO - Filling up the DagBag from /home/airflow/.local/lib/python3.12/site-packages/airflow/example_dags/example_nested_branch_dag.py
[2024-12-15T10:24:41.453+0000] {processor.py:925} INFO - DAG(s) 'example_nested_branch_dag' retrieved from /home/airflow/.local/lib/python3.12/site-packages/airflow/example_dags/example_nested_branch_dag.py
[2024-12-15T10:24:41.474+0000] {logging_mixin.py:190} INFO - [2024-12-15T10:24:41.473+0000] {dag.py:3239} INFO - Sync 1 DAGs
[2024-12-15T10:24:41.499+0000] {logging_mixin.py:190} INFO - [2024-12-15T10:24:41.499+0000] {dag.py:4180} INFO - Setting next_dagrun for example_nested_branch_dag to 2024-12-14 00:00:00+00:00, run_after=2024-12-15 00:00:00+00:00
[2024-12-15T10:24:41.516+0000] {processor.py:208} INFO - Processing /home/airflow/.local/lib/python3.12/site-packages/airflow/example_dags/example_nested_branch_dag.py took 0.084 seconds
