[2024-12-15T10:23:04.293+0000] {processor.py:186} INFO - Started process (PID=78) to work on /home/airflow/.local/lib/python3.12/site-packages/airflow/example_dags/example_python_operator.py
[2024-12-15T10:23:04.295+0000] {processor.py:914} INFO - Processing file /home/airflow/.local/lib/python3.12/site-packages/airflow/example_dags/example_python_operator.py for tasks to queue
[2024-12-15T10:23:04.298+0000] {logging_mixin.py:190} INFO - [2024-12-15T10:23:04.298+0000] {dagbag.py:588} INFO - Filling up the DagBag from /home/airflow/.local/lib/python3.12/site-packages/airflow/example_dags/example_python_operator.py
[2024-12-15T10:23:04.327+0000] {processor.py:925} INFO - DAG(s) 'example_python_operator' retrieved from /home/airflow/.local/lib/python3.12/site-packages/airflow/example_dags/example_python_operator.py
[2024-12-15T10:23:04.548+0000] {logging_mixin.py:190} INFO - [2024-12-15T10:23:04.548+0000] {dag.py:3239} INFO - Sync 1 DAGs
[2024-12-15T10:23:04.570+0000] {logging_mixin.py:190} INFO - [2024-12-15T10:23:04.570+0000] {dag.py:4180} INFO - Setting next_dagrun for example_python_operator to None, run_after=None
[2024-12-15T10:23:04.601+0000] {processor.py:208} INFO - Processing /home/airflow/.local/lib/python3.12/site-packages/airflow/example_dags/example_python_operator.py took 0.314 seconds
[2024-12-15T10:23:35.139+0000] {processor.py:186} INFO - Started process (PID=140) to work on /home/airflow/.local/lib/python3.12/site-packages/airflow/example_dags/example_python_operator.py
[2024-12-15T10:23:35.143+0000] {processor.py:914} INFO - Processing file /home/airflow/.local/lib/python3.12/site-packages/airflow/example_dags/example_python_operator.py for tasks to queue
[2024-12-15T10:23:35.145+0000] {logging_mixin.py:190} INFO - [2024-12-15T10:23:35.145+0000] {dagbag.py:588} INFO - Filling up the DagBag from /home/airflow/.local/lib/python3.12/site-packages/airflow/example_dags/example_python_operator.py
[2024-12-15T10:23:35.155+0000] {processor.py:925} INFO - DAG(s) 'example_python_operator' retrieved from /home/airflow/.local/lib/python3.12/site-packages/airflow/example_dags/example_python_operator.py
[2024-12-15T10:23:35.174+0000] {logging_mixin.py:190} INFO - [2024-12-15T10:23:35.174+0000] {dag.py:3239} INFO - Sync 1 DAGs
[2024-12-15T10:23:35.189+0000] {logging_mixin.py:190} INFO - [2024-12-15T10:23:35.187+0000] {dag.py:4180} INFO - Setting next_dagrun for example_python_operator to None, run_after=None
[2024-12-15T10:23:35.218+0000] {processor.py:208} INFO - Processing /home/airflow/.local/lib/python3.12/site-packages/airflow/example_dags/example_python_operator.py took 0.083 seconds
[2024-12-15T10:24:06.573+0000] {processor.py:186} INFO - Started process (PID=203) to work on /home/airflow/.local/lib/python3.12/site-packages/airflow/example_dags/example_python_operator.py
[2024-12-15T10:24:06.573+0000] {processor.py:914} INFO - Processing file /home/airflow/.local/lib/python3.12/site-packages/airflow/example_dags/example_python_operator.py for tasks to queue
[2024-12-15T10:24:06.576+0000] {logging_mixin.py:190} INFO - [2024-12-15T10:24:06.576+0000] {dagbag.py:588} INFO - Filling up the DagBag from /home/airflow/.local/lib/python3.12/site-packages/airflow/example_dags/example_python_operator.py
[2024-12-15T10:24:06.586+0000] {processor.py:925} INFO - DAG(s) 'example_python_operator' retrieved from /home/airflow/.local/lib/python3.12/site-packages/airflow/example_dags/example_python_operator.py
[2024-12-15T10:24:06.604+0000] {logging_mixin.py:190} INFO - [2024-12-15T10:24:06.604+0000] {dag.py:3239} INFO - Sync 1 DAGs
[2024-12-15T10:24:06.615+0000] {logging_mixin.py:190} INFO - [2024-12-15T10:24:06.615+0000] {dag.py:4180} INFO - Setting next_dagrun for example_python_operator to None, run_after=None
[2024-12-15T10:24:06.630+0000] {processor.py:208} INFO - Processing /home/airflow/.local/lib/python3.12/site-packages/airflow/example_dags/example_python_operator.py took 0.062 seconds
[2024-12-15T10:24:37.847+0000] {processor.py:186} INFO - Started process (PID=266) to work on /home/airflow/.local/lib/python3.12/site-packages/airflow/example_dags/example_python_operator.py
[2024-12-15T10:24:37.848+0000] {processor.py:914} INFO - Processing file /home/airflow/.local/lib/python3.12/site-packages/airflow/example_dags/example_python_operator.py for tasks to queue
[2024-12-15T10:24:37.850+0000] {logging_mixin.py:190} INFO - [2024-12-15T10:24:37.850+0000] {dagbag.py:588} INFO - Filling up the DagBag from /home/airflow/.local/lib/python3.12/site-packages/airflow/example_dags/example_python_operator.py
[2024-12-15T10:24:37.860+0000] {processor.py:925} INFO - DAG(s) 'example_python_operator' retrieved from /home/airflow/.local/lib/python3.12/site-packages/airflow/example_dags/example_python_operator.py
[2024-12-15T10:24:37.879+0000] {logging_mixin.py:190} INFO - [2024-12-15T10:24:37.879+0000] {dag.py:3239} INFO - Sync 1 DAGs
[2024-12-15T10:24:37.890+0000] {logging_mixin.py:190} INFO - [2024-12-15T10:24:37.890+0000] {dag.py:4180} INFO - Setting next_dagrun for example_python_operator to None, run_after=None
[2024-12-15T10:24:37.910+0000] {processor.py:208} INFO - Processing /home/airflow/.local/lib/python3.12/site-packages/airflow/example_dags/example_python_operator.py took 0.068 seconds
[2024-12-15T10:25:09.408+0000] {processor.py:186} INFO - Started process (PID=329) to work on /home/airflow/.local/lib/python3.12/site-packages/airflow/example_dags/example_python_operator.py
[2024-12-15T10:25:09.408+0000] {processor.py:914} INFO - Processing file /home/airflow/.local/lib/python3.12/site-packages/airflow/example_dags/example_python_operator.py for tasks to queue
[2024-12-15T10:25:09.411+0000] {logging_mixin.py:190} INFO - [2024-12-15T10:25:09.411+0000] {dagbag.py:588} INFO - Filling up the DagBag from /home/airflow/.local/lib/python3.12/site-packages/airflow/example_dags/example_python_operator.py
[2024-12-15T10:25:09.423+0000] {processor.py:925} INFO - DAG(s) 'example_python_operator' retrieved from /home/airflow/.local/lib/python3.12/site-packages/airflow/example_dags/example_python_operator.py
[2024-12-15T10:25:09.444+0000] {logging_mixin.py:190} INFO - [2024-12-15T10:25:09.444+0000] {dag.py:3239} INFO - Sync 1 DAGs
[2024-12-15T10:25:09.456+0000] {logging_mixin.py:190} INFO - [2024-12-15T10:25:09.455+0000] {dag.py:4180} INFO - Setting next_dagrun for example_python_operator to None, run_after=None
[2024-12-15T10:25:09.472+0000] {processor.py:208} INFO - Processing /home/airflow/.local/lib/python3.12/site-packages/airflow/example_dags/example_python_operator.py took 0.069 seconds
