[2024-12-15T10:23:06.989+0000] {processor.py:186} INFO - Started process (PID=104) to work on /home/airflow/.local/lib/python3.12/site-packages/airflow/example_dags/example_setup_teardown.py
[2024-12-15T10:23:06.990+0000] {processor.py:914} INFO - Processing file /home/airflow/.local/lib/python3.12/site-packages/airflow/example_dags/example_setup_teardown.py for tasks to queue
[2024-12-15T10:23:06.992+0000] {logging_mixin.py:190} INFO - [2024-12-15T10:23:06.992+0000] {dagbag.py:588} INFO - Filling up the DagBag from /home/airflow/.local/lib/python3.12/site-packages/airflow/example_dags/example_setup_teardown.py
[2024-12-15T10:23:06.999+0000] {processor.py:925} INFO - DAG(s) 'example_setup_teardown' retrieved from /home/airflow/.local/lib/python3.12/site-packages/airflow/example_dags/example_setup_teardown.py
[2024-12-15T10:23:07.015+0000] {logging_mixin.py:190} INFO - [2024-12-15T10:23:07.015+0000] {dag.py:3239} INFO - Sync 1 DAGs
[2024-12-15T10:23:07.025+0000] {logging_mixin.py:190} INFO - [2024-12-15T10:23:07.025+0000] {dag.py:4180} INFO - Setting next_dagrun for example_setup_teardown to None, run_after=None
[2024-12-15T10:23:07.043+0000] {processor.py:208} INFO - Processing /home/airflow/.local/lib/python3.12/site-packages/airflow/example_dags/example_setup_teardown.py took 0.058 seconds
[2024-12-15T10:23:38.265+0000] {processor.py:186} INFO - Started process (PID=166) to work on /home/airflow/.local/lib/python3.12/site-packages/airflow/example_dags/example_setup_teardown.py
[2024-12-15T10:23:38.267+0000] {processor.py:914} INFO - Processing file /home/airflow/.local/lib/python3.12/site-packages/airflow/example_dags/example_setup_teardown.py for tasks to queue
[2024-12-15T10:23:38.269+0000] {logging_mixin.py:190} INFO - [2024-12-15T10:23:38.269+0000] {dagbag.py:588} INFO - Filling up the DagBag from /home/airflow/.local/lib/python3.12/site-packages/airflow/example_dags/example_setup_teardown.py
[2024-12-15T10:23:38.275+0000] {processor.py:925} INFO - DAG(s) 'example_setup_teardown' retrieved from /home/airflow/.local/lib/python3.12/site-packages/airflow/example_dags/example_setup_teardown.py
[2024-12-15T10:23:38.292+0000] {logging_mixin.py:190} INFO - [2024-12-15T10:23:38.291+0000] {dag.py:3239} INFO - Sync 1 DAGs
[2024-12-15T10:23:38.303+0000] {logging_mixin.py:190} INFO - [2024-12-15T10:23:38.303+0000] {dag.py:4180} INFO - Setting next_dagrun for example_setup_teardown to None, run_after=None
[2024-12-15T10:23:38.323+0000] {processor.py:208} INFO - Processing /home/airflow/.local/lib/python3.12/site-packages/airflow/example_dags/example_setup_teardown.py took 0.065 seconds
[2024-12-15T10:24:09.390+0000] {processor.py:186} INFO - Started process (PID=229) to work on /home/airflow/.local/lib/python3.12/site-packages/airflow/example_dags/example_setup_teardown.py
[2024-12-15T10:24:09.391+0000] {processor.py:914} INFO - Processing file /home/airflow/.local/lib/python3.12/site-packages/airflow/example_dags/example_setup_teardown.py for tasks to queue
[2024-12-15T10:24:09.393+0000] {logging_mixin.py:190} INFO - [2024-12-15T10:24:09.393+0000] {dagbag.py:588} INFO - Filling up the DagBag from /home/airflow/.local/lib/python3.12/site-packages/airflow/example_dags/example_setup_teardown.py
[2024-12-15T10:24:09.400+0000] {processor.py:925} INFO - DAG(s) 'example_setup_teardown' retrieved from /home/airflow/.local/lib/python3.12/site-packages/airflow/example_dags/example_setup_teardown.py
[2024-12-15T10:24:09.431+0000] {logging_mixin.py:190} INFO - [2024-12-15T10:24:09.430+0000] {dag.py:3239} INFO - Sync 1 DAGs
[2024-12-15T10:24:09.442+0000] {logging_mixin.py:190} INFO - [2024-12-15T10:24:09.442+0000] {dag.py:4180} INFO - Setting next_dagrun for example_setup_teardown to None, run_after=None
[2024-12-15T10:24:09.464+0000] {processor.py:208} INFO - Processing /home/airflow/.local/lib/python3.12/site-packages/airflow/example_dags/example_setup_teardown.py took 0.079 seconds
[2024-12-15T10:24:40.760+0000] {processor.py:186} INFO - Started process (PID=292) to work on /home/airflow/.local/lib/python3.12/site-packages/airflow/example_dags/example_setup_teardown.py
[2024-12-15T10:24:40.761+0000] {processor.py:914} INFO - Processing file /home/airflow/.local/lib/python3.12/site-packages/airflow/example_dags/example_setup_teardown.py for tasks to queue
[2024-12-15T10:24:40.763+0000] {logging_mixin.py:190} INFO - [2024-12-15T10:24:40.762+0000] {dagbag.py:588} INFO - Filling up the DagBag from /home/airflow/.local/lib/python3.12/site-packages/airflow/example_dags/example_setup_teardown.py
[2024-12-15T10:24:40.770+0000] {processor.py:925} INFO - DAG(s) 'example_setup_teardown' retrieved from /home/airflow/.local/lib/python3.12/site-packages/airflow/example_dags/example_setup_teardown.py
[2024-12-15T10:24:40.785+0000] {logging_mixin.py:190} INFO - [2024-12-15T10:24:40.784+0000] {dag.py:3239} INFO - Sync 1 DAGs
[2024-12-15T10:24:40.797+0000] {logging_mixin.py:190} INFO - [2024-12-15T10:24:40.796+0000] {dag.py:4180} INFO - Setting next_dagrun for example_setup_teardown to None, run_after=None
[2024-12-15T10:24:40.810+0000] {processor.py:208} INFO - Processing /home/airflow/.local/lib/python3.12/site-packages/airflow/example_dags/example_setup_teardown.py took 0.054 seconds
