[2024-12-15T10:23:02.362+0000] {processor.py:186} INFO - Started process (PID=65) to work on /home/airflow/.local/lib/python3.12/site-packages/airflow/example_dags/example_bash_operator.py
[2024-12-15T10:23:02.365+0000] {processor.py:914} INFO - Processing file /home/airflow/.local/lib/python3.12/site-packages/airflow/example_dags/example_bash_operator.py for tasks to queue
[2024-12-15T10:23:02.372+0000] {logging_mixin.py:190} INFO - [2024-12-15T10:23:02.371+0000] {dagbag.py:588} INFO - Filling up the DagBag from /home/airflow/.local/lib/python3.12/site-packages/airflow/example_dags/example_bash_operator.py
[2024-12-15T10:23:02.410+0000] {processor.py:925} INFO - DAG(s) 'example_bash_operator' retrieved from /home/airflow/.local/lib/python3.12/site-packages/airflow/example_dags/example_bash_operator.py
[2024-12-15T10:23:02.473+0000] {logging_mixin.py:190} INFO - [2024-12-15T10:23:02.473+0000] {dag.py:3239} INFO - Sync 1 DAGs
[2024-12-15T10:23:02.517+0000] {logging_mixin.py:190} INFO - [2024-12-15T10:23:02.517+0000] {dag.py:4180} INFO - Setting next_dagrun for example_bash_operator to 2024-12-15 00:00:00+00:00, run_after=2024-12-16 00:00:00+00:00
[2024-12-15T10:23:02.540+0000] {processor.py:208} INFO - Processing /home/airflow/.local/lib/python3.12/site-packages/airflow/example_dags/example_bash_operator.py took 0.185 seconds
[2024-12-15T10:23:33.131+0000] {processor.py:186} INFO - Started process (PID=128) to work on /home/airflow/.local/lib/python3.12/site-packages/airflow/example_dags/example_bash_operator.py
[2024-12-15T10:23:33.132+0000] {processor.py:914} INFO - Processing file /home/airflow/.local/lib/python3.12/site-packages/airflow/example_dags/example_bash_operator.py for tasks to queue
[2024-12-15T10:23:33.134+0000] {logging_mixin.py:190} INFO - [2024-12-15T10:23:33.134+0000] {dagbag.py:588} INFO - Filling up the DagBag from /home/airflow/.local/lib/python3.12/site-packages/airflow/example_dags/example_bash_operator.py
[2024-12-15T10:23:33.146+0000] {processor.py:925} INFO - DAG(s) 'example_bash_operator' retrieved from /home/airflow/.local/lib/python3.12/site-packages/airflow/example_dags/example_bash_operator.py
[2024-12-15T10:23:33.175+0000] {logging_mixin.py:190} INFO - [2024-12-15T10:23:33.175+0000] {dag.py:3239} INFO - Sync 1 DAGs
[2024-12-15T10:23:33.233+0000] {logging_mixin.py:190} INFO - [2024-12-15T10:23:33.233+0000] {dag.py:4180} INFO - Setting next_dagrun for example_bash_operator to 2024-12-15 00:00:00+00:00, run_after=2024-12-16 00:00:00+00:00
[2024-12-15T10:23:33.307+0000] {processor.py:208} INFO - Processing /home/airflow/.local/lib/python3.12/site-packages/airflow/example_dags/example_bash_operator.py took 0.184 seconds
[2024-12-15T10:24:03.486+0000] {processor.py:186} INFO - Started process (PID=190) to work on /home/airflow/.local/lib/python3.12/site-packages/airflow/example_dags/example_bash_operator.py
[2024-12-15T10:24:03.487+0000] {processor.py:914} INFO - Processing file /home/airflow/.local/lib/python3.12/site-packages/airflow/example_dags/example_bash_operator.py for tasks to queue
[2024-12-15T10:24:03.492+0000] {logging_mixin.py:190} INFO - [2024-12-15T10:24:03.492+0000] {dagbag.py:588} INFO - Filling up the DagBag from /home/airflow/.local/lib/python3.12/site-packages/airflow/example_dags/example_bash_operator.py
[2024-12-15T10:24:03.506+0000] {processor.py:925} INFO - DAG(s) 'example_bash_operator' retrieved from /home/airflow/.local/lib/python3.12/site-packages/airflow/example_dags/example_bash_operator.py
[2024-12-15T10:24:03.553+0000] {logging_mixin.py:190} INFO - [2024-12-15T10:24:03.553+0000] {dag.py:3239} INFO - Sync 1 DAGs
[2024-12-15T10:24:03.578+0000] {logging_mixin.py:190} INFO - [2024-12-15T10:24:03.578+0000] {dag.py:4180} INFO - Setting next_dagrun for example_bash_operator to 2024-12-15 00:00:00+00:00, run_after=2024-12-16 00:00:00+00:00
[2024-12-15T10:24:03.598+0000] {processor.py:208} INFO - Processing /home/airflow/.local/lib/python3.12/site-packages/airflow/example_dags/example_bash_operator.py took 0.118 seconds
[2024-12-15T10:24:33.982+0000] {processor.py:186} INFO - Started process (PID=253) to work on /home/airflow/.local/lib/python3.12/site-packages/airflow/example_dags/example_bash_operator.py
[2024-12-15T10:24:33.984+0000] {processor.py:914} INFO - Processing file /home/airflow/.local/lib/python3.12/site-packages/airflow/example_dags/example_bash_operator.py for tasks to queue
[2024-12-15T10:24:33.986+0000] {logging_mixin.py:190} INFO - [2024-12-15T10:24:33.986+0000] {dagbag.py:588} INFO - Filling up the DagBag from /home/airflow/.local/lib/python3.12/site-packages/airflow/example_dags/example_bash_operator.py
[2024-12-15T10:24:33.996+0000] {processor.py:925} INFO - DAG(s) 'example_bash_operator' retrieved from /home/airflow/.local/lib/python3.12/site-packages/airflow/example_dags/example_bash_operator.py
[2024-12-15T10:24:34.018+0000] {logging_mixin.py:190} INFO - [2024-12-15T10:24:34.018+0000] {dag.py:3239} INFO - Sync 1 DAGs
[2024-12-15T10:24:34.037+0000] {logging_mixin.py:190} INFO - [2024-12-15T10:24:34.037+0000] {dag.py:4180} INFO - Setting next_dagrun for example_bash_operator to 2024-12-15 00:00:00+00:00, run_after=2024-12-16 00:00:00+00:00
[2024-12-15T10:24:34.052+0000] {processor.py:208} INFO - Processing /home/airflow/.local/lib/python3.12/site-packages/airflow/example_dags/example_bash_operator.py took 0.074 seconds
[2024-12-15T10:25:04.549+0000] {processor.py:186} INFO - Started process (PID=322) to work on /home/airflow/.local/lib/python3.12/site-packages/airflow/example_dags/example_bash_operator.py
[2024-12-15T10:25:04.550+0000] {processor.py:914} INFO - Processing file /home/airflow/.local/lib/python3.12/site-packages/airflow/example_dags/example_bash_operator.py for tasks to queue
[2024-12-15T10:25:04.553+0000] {logging_mixin.py:190} INFO - [2024-12-15T10:25:04.553+0000] {dagbag.py:588} INFO - Filling up the DagBag from /home/airflow/.local/lib/python3.12/site-packages/airflow/example_dags/example_bash_operator.py
[2024-12-15T10:25:04.564+0000] {processor.py:925} INFO - DAG(s) 'example_bash_operator' retrieved from /home/airflow/.local/lib/python3.12/site-packages/airflow/example_dags/example_bash_operator.py
[2024-12-15T10:25:04.589+0000] {logging_mixin.py:190} INFO - [2024-12-15T10:25:04.589+0000] {dag.py:3239} INFO - Sync 1 DAGs
[2024-12-15T10:25:04.606+0000] {logging_mixin.py:190} INFO - [2024-12-15T10:25:04.606+0000] {dag.py:4180} INFO - Setting next_dagrun for example_bash_operator to 2024-12-15 00:00:00+00:00, run_after=2024-12-16 00:00:00+00:00
[2024-12-15T10:25:04.623+0000] {processor.py:208} INFO - Processing /home/airflow/.local/lib/python3.12/site-packages/airflow/example_dags/example_bash_operator.py took 0.078 seconds
