[2024-12-15T10:23:05.460+0000] {processor.py:186} INFO - Started process (PID=91) to work on /home/airflow/.local/lib/python3.12/site-packages/airflow/example_dags/example_branch_labels.py
[2024-12-15T10:23:05.461+0000] {processor.py:914} INFO - Processing file /home/airflow/.local/lib/python3.12/site-packages/airflow/example_dags/example_branch_labels.py for tasks to queue
[2024-12-15T10:23:05.463+0000] {logging_mixin.py:190} INFO - [2024-12-15T10:23:05.463+0000] {dagbag.py:588} INFO - Filling up the DagBag from /home/airflow/.local/lib/python3.12/site-packages/airflow/example_dags/example_branch_labels.py
[2024-12-15T10:23:05.472+0000] {processor.py:925} INFO - DAG(s) 'example_branch_labels' retrieved from /home/airflow/.local/lib/python3.12/site-packages/airflow/example_dags/example_branch_labels.py
[2024-12-15T10:23:05.495+0000] {logging_mixin.py:190} INFO - [2024-12-15T10:23:05.495+0000] {dag.py:3239} INFO - Sync 1 DAGs
[2024-12-15T10:23:05.519+0000] {logging_mixin.py:190} INFO - [2024-12-15T10:23:05.519+0000] {dag.py:4180} INFO - Setting next_dagrun for example_branch_labels to 2024-12-14 00:00:00+00:00, run_after=2024-12-15 00:00:00+00:00
[2024-12-15T10:23:05.536+0000] {processor.py:208} INFO - Processing /home/airflow/.local/lib/python3.12/site-packages/airflow/example_dags/example_branch_labels.py took 0.080 seconds
[2024-12-15T10:23:35.720+0000] {processor.py:186} INFO - Started process (PID=152) to work on /home/airflow/.local/lib/python3.12/site-packages/airflow/example_dags/example_branch_labels.py
[2024-12-15T10:23:35.721+0000] {processor.py:914} INFO - Processing file /home/airflow/.local/lib/python3.12/site-packages/airflow/example_dags/example_branch_labels.py for tasks to queue
[2024-12-15T10:23:35.723+0000] {logging_mixin.py:190} INFO - [2024-12-15T10:23:35.723+0000] {dagbag.py:588} INFO - Filling up the DagBag from /home/airflow/.local/lib/python3.12/site-packages/airflow/example_dags/example_branch_labels.py
[2024-12-15T10:23:35.730+0000] {processor.py:925} INFO - DAG(s) 'example_branch_labels' retrieved from /home/airflow/.local/lib/python3.12/site-packages/airflow/example_dags/example_branch_labels.py
[2024-12-15T10:23:35.746+0000] {logging_mixin.py:190} INFO - [2024-12-15T10:23:35.746+0000] {dag.py:3239} INFO - Sync 1 DAGs
[2024-12-15T10:23:35.765+0000] {logging_mixin.py:190} INFO - [2024-12-15T10:23:35.765+0000] {dag.py:4180} INFO - Setting next_dagrun for example_branch_labels to 2024-12-14 00:00:00+00:00, run_after=2024-12-15 00:00:00+00:00
[2024-12-15T10:23:35.783+0000] {processor.py:208} INFO - Processing /home/airflow/.local/lib/python3.12/site-packages/airflow/example_dags/example_branch_labels.py took 0.069 seconds
[2024-12-15T10:24:07.124+0000] {processor.py:186} INFO - Started process (PID=216) to work on /home/airflow/.local/lib/python3.12/site-packages/airflow/example_dags/example_branch_labels.py
[2024-12-15T10:24:07.125+0000] {processor.py:914} INFO - Processing file /home/airflow/.local/lib/python3.12/site-packages/airflow/example_dags/example_branch_labels.py for tasks to queue
[2024-12-15T10:24:07.127+0000] {logging_mixin.py:190} INFO - [2024-12-15T10:24:07.126+0000] {dagbag.py:588} INFO - Filling up the DagBag from /home/airflow/.local/lib/python3.12/site-packages/airflow/example_dags/example_branch_labels.py
[2024-12-15T10:24:07.134+0000] {processor.py:925} INFO - DAG(s) 'example_branch_labels' retrieved from /home/airflow/.local/lib/python3.12/site-packages/airflow/example_dags/example_branch_labels.py
[2024-12-15T10:24:07.151+0000] {logging_mixin.py:190} INFO - [2024-12-15T10:24:07.151+0000] {dag.py:3239} INFO - Sync 1 DAGs
[2024-12-15T10:24:07.170+0000] {logging_mixin.py:190} INFO - [2024-12-15T10:24:07.170+0000] {dag.py:4180} INFO - Setting next_dagrun for example_branch_labels to 2024-12-14 00:00:00+00:00, run_after=2024-12-15 00:00:00+00:00
[2024-12-15T10:24:07.182+0000] {processor.py:208} INFO - Processing /home/airflow/.local/lib/python3.12/site-packages/airflow/example_dags/example_branch_labels.py took 0.064 seconds
[2024-12-15T10:24:38.414+0000] {processor.py:186} INFO - Started process (PID=279) to work on /home/airflow/.local/lib/python3.12/site-packages/airflow/example_dags/example_branch_labels.py
[2024-12-15T10:24:38.415+0000] {processor.py:914} INFO - Processing file /home/airflow/.local/lib/python3.12/site-packages/airflow/example_dags/example_branch_labels.py for tasks to queue
[2024-12-15T10:24:38.417+0000] {logging_mixin.py:190} INFO - [2024-12-15T10:24:38.416+0000] {dagbag.py:588} INFO - Filling up the DagBag from /home/airflow/.local/lib/python3.12/site-packages/airflow/example_dags/example_branch_labels.py
[2024-12-15T10:24:38.426+0000] {processor.py:925} INFO - DAG(s) 'example_branch_labels' retrieved from /home/airflow/.local/lib/python3.12/site-packages/airflow/example_dags/example_branch_labels.py
[2024-12-15T10:24:38.442+0000] {logging_mixin.py:190} INFO - [2024-12-15T10:24:38.442+0000] {dag.py:3239} INFO - Sync 1 DAGs
[2024-12-15T10:24:38.464+0000] {logging_mixin.py:190} INFO - [2024-12-15T10:24:38.463+0000] {dag.py:4180} INFO - Setting next_dagrun for example_branch_labels to 2024-12-14 00:00:00+00:00, run_after=2024-12-15 00:00:00+00:00
[2024-12-15T10:24:38.481+0000] {processor.py:208} INFO - Processing /home/airflow/.local/lib/python3.12/site-packages/airflow/example_dags/example_branch_labels.py took 0.072 seconds
