[2024-12-15T10:23:06.580+0000] {processor.py:186} INFO - Started process (PID=97) to work on /home/airflow/.local/lib/python3.12/site-packages/airflow/example_dags/example_xcomargs.py
[2024-12-15T10:23:06.581+0000] {processor.py:914} INFO - Processing file /home/airflow/.local/lib/python3.12/site-packages/airflow/example_dags/example_xcomargs.py for tasks to queue
[2024-12-15T10:23:06.583+0000] {logging_mixin.py:190} INFO - [2024-12-15T10:23:06.583+0000] {dagbag.py:588} INFO - Filling up the DagBag from /home/airflow/.local/lib/python3.12/site-packages/airflow/example_dags/example_xcomargs.py
[2024-12-15T10:23:06.597+0000] {processor.py:925} INFO - DAG(s) 'example_xcom_args', 'example_xcom_args_with_operators' retrieved from /home/airflow/.local/lib/python3.12/site-packages/airflow/example_dags/example_xcomargs.py
[2024-12-15T10:23:06.623+0000] {logging_mixin.py:190} INFO - [2024-12-15T10:23:06.622+0000] {dag.py:3239} INFO - Sync 2 DAGs
[2024-12-15T10:23:06.640+0000] {logging_mixin.py:190} INFO - [2024-12-15T10:23:06.640+0000] {dag.py:4180} INFO - Setting next_dagrun for example_xcom_args to None, run_after=None
[2024-12-15T10:23:06.644+0000] {logging_mixin.py:190} INFO - [2024-12-15T10:23:06.644+0000] {dag.py:4180} INFO - Setting next_dagrun for example_xcom_args_with_operators to None, run_after=None
[2024-12-15T10:23:06.659+0000] {processor.py:208} INFO - Processing /home/airflow/.local/lib/python3.12/site-packages/airflow/example_dags/example_xcomargs.py took 0.086 seconds
[2024-12-15T10:23:37.937+0000] {processor.py:186} INFO - Started process (PID=159) to work on /home/airflow/.local/lib/python3.12/site-packages/airflow/example_dags/example_xcomargs.py
[2024-12-15T10:23:37.938+0000] {processor.py:914} INFO - Processing file /home/airflow/.local/lib/python3.12/site-packages/airflow/example_dags/example_xcomargs.py for tasks to queue
[2024-12-15T10:23:37.940+0000] {logging_mixin.py:190} INFO - [2024-12-15T10:23:37.940+0000] {dagbag.py:588} INFO - Filling up the DagBag from /home/airflow/.local/lib/python3.12/site-packages/airflow/example_dags/example_xcomargs.py
[2024-12-15T10:23:37.948+0000] {processor.py:925} INFO - DAG(s) 'example_xcom_args', 'example_xcom_args_with_operators' retrieved from /home/airflow/.local/lib/python3.12/site-packages/airflow/example_dags/example_xcomargs.py
[2024-12-15T10:23:37.964+0000] {logging_mixin.py:190} INFO - [2024-12-15T10:23:37.964+0000] {dag.py:3239} INFO - Sync 2 DAGs
[2024-12-15T10:23:37.975+0000] {logging_mixin.py:190} INFO - [2024-12-15T10:23:37.974+0000] {dag.py:4180} INFO - Setting next_dagrun for example_xcom_args to None, run_after=None
[2024-12-15T10:23:37.978+0000] {logging_mixin.py:190} INFO - [2024-12-15T10:23:37.978+0000] {dag.py:4180} INFO - Setting next_dagrun for example_xcom_args_with_operators to None, run_after=None
[2024-12-15T10:23:37.992+0000] {processor.py:208} INFO - Processing /home/airflow/.local/lib/python3.12/site-packages/airflow/example_dags/example_xcomargs.py took 0.060 seconds
[2024-12-15T10:24:09.032+0000] {processor.py:186} INFO - Started process (PID=222) to work on /home/airflow/.local/lib/python3.12/site-packages/airflow/example_dags/example_xcomargs.py
[2024-12-15T10:24:09.033+0000] {processor.py:914} INFO - Processing file /home/airflow/.local/lib/python3.12/site-packages/airflow/example_dags/example_xcomargs.py for tasks to queue
[2024-12-15T10:24:09.035+0000] {logging_mixin.py:190} INFO - [2024-12-15T10:24:09.035+0000] {dagbag.py:588} INFO - Filling up the DagBag from /home/airflow/.local/lib/python3.12/site-packages/airflow/example_dags/example_xcomargs.py
[2024-12-15T10:24:09.043+0000] {processor.py:925} INFO - DAG(s) 'example_xcom_args', 'example_xcom_args_with_operators' retrieved from /home/airflow/.local/lib/python3.12/site-packages/airflow/example_dags/example_xcomargs.py
[2024-12-15T10:24:09.060+0000] {logging_mixin.py:190} INFO - [2024-12-15T10:24:09.060+0000] {dag.py:3239} INFO - Sync 2 DAGs
[2024-12-15T10:24:09.072+0000] {logging_mixin.py:190} INFO - [2024-12-15T10:24:09.071+0000] {dag.py:4180} INFO - Setting next_dagrun for example_xcom_args to None, run_after=None
[2024-12-15T10:24:09.075+0000] {logging_mixin.py:190} INFO - [2024-12-15T10:24:09.075+0000] {dag.py:4180} INFO - Setting next_dagrun for example_xcom_args_with_operators to None, run_after=None
[2024-12-15T10:24:09.087+0000] {processor.py:208} INFO - Processing /home/airflow/.local/lib/python3.12/site-packages/airflow/example_dags/example_xcomargs.py took 0.060 seconds
[2024-12-15T10:24:40.404+0000] {processor.py:186} INFO - Started process (PID=285) to work on /home/airflow/.local/lib/python3.12/site-packages/airflow/example_dags/example_xcomargs.py
[2024-12-15T10:24:40.406+0000] {processor.py:914} INFO - Processing file /home/airflow/.local/lib/python3.12/site-packages/airflow/example_dags/example_xcomargs.py for tasks to queue
[2024-12-15T10:24:40.408+0000] {logging_mixin.py:190} INFO - [2024-12-15T10:24:40.408+0000] {dagbag.py:588} INFO - Filling up the DagBag from /home/airflow/.local/lib/python3.12/site-packages/airflow/example_dags/example_xcomargs.py
[2024-12-15T10:24:40.419+0000] {processor.py:925} INFO - DAG(s) 'example_xcom_args_with_operators', 'example_xcom_args' retrieved from /home/airflow/.local/lib/python3.12/site-packages/airflow/example_dags/example_xcomargs.py
[2024-12-15T10:24:40.443+0000] {logging_mixin.py:190} INFO - [2024-12-15T10:24:40.442+0000] {dag.py:3239} INFO - Sync 2 DAGs
[2024-12-15T10:24:40.454+0000] {logging_mixin.py:190} INFO - [2024-12-15T10:24:40.453+0000] {dag.py:4180} INFO - Setting next_dagrun for example_xcom_args to None, run_after=None
[2024-12-15T10:24:40.457+0000] {logging_mixin.py:190} INFO - [2024-12-15T10:24:40.457+0000] {dag.py:4180} INFO - Setting next_dagrun for example_xcom_args_with_operators to None, run_after=None
[2024-12-15T10:24:40.471+0000] {processor.py:208} INFO - Processing /home/airflow/.local/lib/python3.12/site-packages/airflow/example_dags/example_xcomargs.py took 0.071 seconds
