[2024-12-15T10:23:06.719+0000] {processor.py:186} INFO - Started process (PID=100) to work on /home/airflow/.local/lib/python3.12/site-packages/airflow/example_dags/example_task_group.py
[2024-12-15T10:23:06.721+0000] {processor.py:914} INFO - Processing file /home/airflow/.local/lib/python3.12/site-packages/airflow/example_dags/example_task_group.py for tasks to queue
[2024-12-15T10:23:06.724+0000] {logging_mixin.py:190} INFO - [2024-12-15T10:23:06.723+0000] {dagbag.py:588} INFO - Filling up the DagBag from /home/airflow/.local/lib/python3.12/site-packages/airflow/example_dags/example_task_group.py
[2024-12-15T10:23:06.731+0000] {processor.py:925} INFO - DAG(s) 'example_task_group' retrieved from /home/airflow/.local/lib/python3.12/site-packages/airflow/example_dags/example_task_group.py
[2024-12-15T10:23:06.750+0000] {logging_mixin.py:190} INFO - [2024-12-15T10:23:06.750+0000] {dag.py:3239} INFO - Sync 1 DAGs
[2024-12-15T10:23:06.763+0000] {logging_mixin.py:190} INFO - [2024-12-15T10:23:06.763+0000] {dag.py:4180} INFO - Setting next_dagrun for example_task_group to None, run_after=None
[2024-12-15T10:23:06.791+0000] {processor.py:208} INFO - Processing /home/airflow/.local/lib/python3.12/site-packages/airflow/example_dags/example_task_group.py took 0.077 seconds
[2024-12-15T10:23:38.019+0000] {processor.py:186} INFO - Started process (PID=161) to work on /home/airflow/.local/lib/python3.12/site-packages/airflow/example_dags/example_task_group.py
[2024-12-15T10:23:38.021+0000] {processor.py:914} INFO - Processing file /home/airflow/.local/lib/python3.12/site-packages/airflow/example_dags/example_task_group.py for tasks to queue
[2024-12-15T10:23:38.025+0000] {logging_mixin.py:190} INFO - [2024-12-15T10:23:38.024+0000] {dagbag.py:588} INFO - Filling up the DagBag from /home/airflow/.local/lib/python3.12/site-packages/airflow/example_dags/example_task_group.py
[2024-12-15T10:23:38.032+0000] {processor.py:925} INFO - DAG(s) 'example_task_group' retrieved from /home/airflow/.local/lib/python3.12/site-packages/airflow/example_dags/example_task_group.py
[2024-12-15T10:23:38.052+0000] {logging_mixin.py:190} INFO - [2024-12-15T10:23:38.052+0000] {dag.py:3239} INFO - Sync 1 DAGs
[2024-12-15T10:23:38.073+0000] {logging_mixin.py:190} INFO - [2024-12-15T10:23:38.072+0000] {dag.py:4180} INFO - Setting next_dagrun for example_task_group to None, run_after=None
[2024-12-15T10:23:38.088+0000] {processor.py:208} INFO - Processing /home/airflow/.local/lib/python3.12/site-packages/airflow/example_dags/example_task_group.py took 0.073 seconds
[2024-12-15T10:24:09.115+0000] {processor.py:186} INFO - Started process (PID=224) to work on /home/airflow/.local/lib/python3.12/site-packages/airflow/example_dags/example_task_group.py
[2024-12-15T10:24:09.116+0000] {processor.py:914} INFO - Processing file /home/airflow/.local/lib/python3.12/site-packages/airflow/example_dags/example_task_group.py for tasks to queue
[2024-12-15T10:24:09.118+0000] {logging_mixin.py:190} INFO - [2024-12-15T10:24:09.117+0000] {dagbag.py:588} INFO - Filling up the DagBag from /home/airflow/.local/lib/python3.12/site-packages/airflow/example_dags/example_task_group.py
[2024-12-15T10:24:09.124+0000] {processor.py:925} INFO - DAG(s) 'example_task_group' retrieved from /home/airflow/.local/lib/python3.12/site-packages/airflow/example_dags/example_task_group.py
[2024-12-15T10:24:09.140+0000] {logging_mixin.py:190} INFO - [2024-12-15T10:24:09.140+0000] {dag.py:3239} INFO - Sync 1 DAGs
[2024-12-15T10:24:09.153+0000] {logging_mixin.py:190} INFO - [2024-12-15T10:24:09.152+0000] {dag.py:4180} INFO - Setting next_dagrun for example_task_group to None, run_after=None
[2024-12-15T10:24:09.177+0000] {processor.py:208} INFO - Processing /home/airflow/.local/lib/python3.12/site-packages/airflow/example_dags/example_task_group.py took 0.069 seconds
[2024-12-15T10:24:40.586+0000] {processor.py:186} INFO - Started process (PID=288) to work on /home/airflow/.local/lib/python3.12/site-packages/airflow/example_dags/example_task_group.py
[2024-12-15T10:24:40.587+0000] {processor.py:914} INFO - Processing file /home/airflow/.local/lib/python3.12/site-packages/airflow/example_dags/example_task_group.py for tasks to queue
[2024-12-15T10:24:40.589+0000] {logging_mixin.py:190} INFO - [2024-12-15T10:24:40.588+0000] {dagbag.py:588} INFO - Filling up the DagBag from /home/airflow/.local/lib/python3.12/site-packages/airflow/example_dags/example_task_group.py
[2024-12-15T10:24:40.599+0000] {processor.py:925} INFO - DAG(s) 'example_task_group' retrieved from /home/airflow/.local/lib/python3.12/site-packages/airflow/example_dags/example_task_group.py
[2024-12-15T10:24:40.617+0000] {logging_mixin.py:190} INFO - [2024-12-15T10:24:40.617+0000] {dag.py:3239} INFO - Sync 1 DAGs
[2024-12-15T10:24:40.629+0000] {logging_mixin.py:190} INFO - [2024-12-15T10:24:40.629+0000] {dag.py:4180} INFO - Setting next_dagrun for example_task_group to None, run_after=None
[2024-12-15T10:24:40.649+0000] {processor.py:208} INFO - Processing /home/airflow/.local/lib/python3.12/site-packages/airflow/example_dags/example_task_group.py took 0.069 seconds
