[2024-12-15T10:23:07.498+0000] {processor.py:186} INFO - Started process (PID=112) to work on /home/airflow/.local/lib/python3.12/site-packages/airflow/example_dags/example_latest_only.py
[2024-12-15T10:23:07.499+0000] {processor.py:914} INFO - Processing file /home/airflow/.local/lib/python3.12/site-packages/airflow/example_dags/example_latest_only.py for tasks to queue
[2024-12-15T10:23:07.501+0000] {logging_mixin.py:190} INFO - [2024-12-15T10:23:07.501+0000] {dagbag.py:588} INFO - Filling up the DagBag from /home/airflow/.local/lib/python3.12/site-packages/airflow/example_dags/example_latest_only.py
[2024-12-15T10:23:07.507+0000] {processor.py:925} INFO - DAG(s) 'latest_only' retrieved from /home/airflow/.local/lib/python3.12/site-packages/airflow/example_dags/example_latest_only.py
[2024-12-15T10:23:07.525+0000] {logging_mixin.py:190} INFO - [2024-12-15T10:23:07.525+0000] {dag.py:3239} INFO - Sync 1 DAGs
[2024-12-15T10:23:07.542+0000] {logging_mixin.py:190} INFO - [2024-12-15T10:23:07.542+0000] {dag.py:4180} INFO - Setting next_dagrun for latest_only to 2024-12-15 04:00:00+00:00, run_after=2024-12-15 08:00:00+00:00
[2024-12-15T10:23:07.560+0000] {processor.py:208} INFO - Processing /home/airflow/.local/lib/python3.12/site-packages/airflow/example_dags/example_latest_only.py took 0.067 seconds
[2024-12-15T10:23:38.657+0000] {processor.py:186} INFO - Started process (PID=174) to work on /home/airflow/.local/lib/python3.12/site-packages/airflow/example_dags/example_latest_only.py
[2024-12-15T10:23:38.664+0000] {processor.py:914} INFO - Processing file /home/airflow/.local/lib/python3.12/site-packages/airflow/example_dags/example_latest_only.py for tasks to queue
[2024-12-15T10:23:38.669+0000] {logging_mixin.py:190} INFO - [2024-12-15T10:23:38.669+0000] {dagbag.py:588} INFO - Filling up the DagBag from /home/airflow/.local/lib/python3.12/site-packages/airflow/example_dags/example_latest_only.py
[2024-12-15T10:23:38.676+0000] {processor.py:925} INFO - DAG(s) 'latest_only' retrieved from /home/airflow/.local/lib/python3.12/site-packages/airflow/example_dags/example_latest_only.py
[2024-12-15T10:23:38.692+0000] {logging_mixin.py:190} INFO - [2024-12-15T10:23:38.692+0000] {dag.py:3239} INFO - Sync 1 DAGs
[2024-12-15T10:23:38.710+0000] {logging_mixin.py:190} INFO - [2024-12-15T10:23:38.710+0000] {dag.py:4180} INFO - Setting next_dagrun for latest_only to 2024-12-15 04:00:00+00:00, run_after=2024-12-15 08:00:00+00:00
[2024-12-15T10:23:38.726+0000] {processor.py:208} INFO - Processing /home/airflow/.local/lib/python3.12/site-packages/airflow/example_dags/example_latest_only.py took 0.075 seconds
[2024-12-15T10:24:09.822+0000] {processor.py:186} INFO - Started process (PID=237) to work on /home/airflow/.local/lib/python3.12/site-packages/airflow/example_dags/example_latest_only.py
[2024-12-15T10:24:09.823+0000] {processor.py:914} INFO - Processing file /home/airflow/.local/lib/python3.12/site-packages/airflow/example_dags/example_latest_only.py for tasks to queue
[2024-12-15T10:24:09.828+0000] {logging_mixin.py:190} INFO - [2024-12-15T10:24:09.827+0000] {dagbag.py:588} INFO - Filling up the DagBag from /home/airflow/.local/lib/python3.12/site-packages/airflow/example_dags/example_latest_only.py
[2024-12-15T10:24:09.836+0000] {processor.py:925} INFO - DAG(s) 'latest_only' retrieved from /home/airflow/.local/lib/python3.12/site-packages/airflow/example_dags/example_latest_only.py
[2024-12-15T10:24:09.853+0000] {logging_mixin.py:190} INFO - [2024-12-15T10:24:09.853+0000] {dag.py:3239} INFO - Sync 1 DAGs
[2024-12-15T10:24:09.872+0000] {logging_mixin.py:190} INFO - [2024-12-15T10:24:09.872+0000] {dag.py:4180} INFO - Setting next_dagrun for latest_only to 2024-12-15 04:00:00+00:00, run_after=2024-12-15 08:00:00+00:00
[2024-12-15T10:24:09.889+0000] {processor.py:208} INFO - Processing /home/airflow/.local/lib/python3.12/site-packages/airflow/example_dags/example_latest_only.py took 0.072 seconds
[2024-12-15T10:24:41.101+0000] {processor.py:186} INFO - Started process (PID=300) to work on /home/airflow/.local/lib/python3.12/site-packages/airflow/example_dags/example_latest_only.py
[2024-12-15T10:24:41.102+0000] {processor.py:914} INFO - Processing file /home/airflow/.local/lib/python3.12/site-packages/airflow/example_dags/example_latest_only.py for tasks to queue
[2024-12-15T10:24:41.105+0000] {logging_mixin.py:190} INFO - [2024-12-15T10:24:41.105+0000] {dagbag.py:588} INFO - Filling up the DagBag from /home/airflow/.local/lib/python3.12/site-packages/airflow/example_dags/example_latest_only.py
[2024-12-15T10:24:41.111+0000] {processor.py:925} INFO - DAG(s) 'latest_only' retrieved from /home/airflow/.local/lib/python3.12/site-packages/airflow/example_dags/example_latest_only.py
[2024-12-15T10:24:41.125+0000] {logging_mixin.py:190} INFO - [2024-12-15T10:24:41.125+0000] {dag.py:3239} INFO - Sync 1 DAGs
[2024-12-15T10:24:41.144+0000] {logging_mixin.py:190} INFO - [2024-12-15T10:24:41.144+0000] {dag.py:4180} INFO - Setting next_dagrun for latest_only to 2024-12-15 04:00:00+00:00, run_after=2024-12-15 08:00:00+00:00
[2024-12-15T10:24:41.160+0000] {processor.py:208} INFO - Processing /home/airflow/.local/lib/python3.12/site-packages/airflow/example_dags/example_latest_only.py took 0.063 seconds
