[2024-12-15T10:23:07.806+0000] {processor.py:186} INFO - Started process (PID=116) to work on /home/airflow/.local/lib/python3.12/site-packages/airflow/example_dags/example_branch_operator.py
[2024-12-15T10:23:07.807+0000] {processor.py:914} INFO - Processing file /home/airflow/.local/lib/python3.12/site-packages/airflow/example_dags/example_branch_operator.py for tasks to queue
[2024-12-15T10:23:07.810+0000] {logging_mixin.py:190} INFO - [2024-12-15T10:23:07.810+0000] {dagbag.py:588} INFO - Filling up the DagBag from /home/airflow/.local/lib/python3.12/site-packages/airflow/example_dags/example_branch_operator.py
[2024-12-15T10:23:07.827+0000] {processor.py:925} INFO - DAG(s) 'example_branch_operator' retrieved from /home/airflow/.local/lib/python3.12/site-packages/airflow/example_dags/example_branch_operator.py
[2024-12-15T10:23:07.914+0000] {logging_mixin.py:190} INFO - [2024-12-15T10:23:07.914+0000] {dag.py:3239} INFO - Sync 1 DAGs
[2024-12-15T10:23:07.938+0000] {logging_mixin.py:190} INFO - [2024-12-15T10:23:07.938+0000] {dag.py:4180} INFO - Setting next_dagrun for example_branch_operator to 2024-12-14 00:00:00+00:00, run_after=2024-12-15 00:00:00+00:00
[2024-12-15T10:23:07.953+0000] {processor.py:208} INFO - Processing /home/airflow/.local/lib/python3.12/site-packages/airflow/example_dags/example_branch_operator.py took 0.153 seconds
[2024-12-15T10:23:38.989+0000] {processor.py:186} INFO - Started process (PID=178) to work on /home/airflow/.local/lib/python3.12/site-packages/airflow/example_dags/example_branch_operator.py
[2024-12-15T10:23:38.990+0000] {processor.py:914} INFO - Processing file /home/airflow/.local/lib/python3.12/site-packages/airflow/example_dags/example_branch_operator.py for tasks to queue
[2024-12-15T10:23:38.992+0000] {logging_mixin.py:190} INFO - [2024-12-15T10:23:38.991+0000] {dagbag.py:588} INFO - Filling up the DagBag from /home/airflow/.local/lib/python3.12/site-packages/airflow/example_dags/example_branch_operator.py
[2024-12-15T10:23:39.007+0000] {processor.py:925} INFO - DAG(s) 'example_branch_operator' retrieved from /home/airflow/.local/lib/python3.12/site-packages/airflow/example_dags/example_branch_operator.py
[2024-12-15T10:23:39.030+0000] {logging_mixin.py:190} INFO - [2024-12-15T10:23:39.030+0000] {dag.py:3239} INFO - Sync 1 DAGs
[2024-12-15T10:23:39.049+0000] {logging_mixin.py:190} INFO - [2024-12-15T10:23:39.049+0000] {dag.py:4180} INFO - Setting next_dagrun for example_branch_operator to 2024-12-14 00:00:00+00:00, run_after=2024-12-15 00:00:00+00:00
[2024-12-15T10:23:39.065+0000] {processor.py:208} INFO - Processing /home/airflow/.local/lib/python3.12/site-packages/airflow/example_dags/example_branch_operator.py took 0.082 seconds
[2024-12-15T10:24:10.163+0000] {processor.py:186} INFO - Started process (PID=241) to work on /home/airflow/.local/lib/python3.12/site-packages/airflow/example_dags/example_branch_operator.py
[2024-12-15T10:24:10.164+0000] {processor.py:914} INFO - Processing file /home/airflow/.local/lib/python3.12/site-packages/airflow/example_dags/example_branch_operator.py for tasks to queue
[2024-12-15T10:24:10.169+0000] {logging_mixin.py:190} INFO - [2024-12-15T10:24:10.169+0000] {dagbag.py:588} INFO - Filling up the DagBag from /home/airflow/.local/lib/python3.12/site-packages/airflow/example_dags/example_branch_operator.py
[2024-12-15T10:24:10.188+0000] {processor.py:925} INFO - DAG(s) 'example_branch_operator' retrieved from /home/airflow/.local/lib/python3.12/site-packages/airflow/example_dags/example_branch_operator.py
[2024-12-15T10:24:10.238+0000] {logging_mixin.py:190} INFO - [2024-12-15T10:24:10.238+0000] {dag.py:3239} INFO - Sync 1 DAGs
[2024-12-15T10:24:10.283+0000] {logging_mixin.py:190} INFO - [2024-12-15T10:24:10.283+0000] {dag.py:4180} INFO - Setting next_dagrun for example_branch_operator to 2024-12-14 00:00:00+00:00, run_after=2024-12-15 00:00:00+00:00
[2024-12-15T10:24:10.315+0000] {processor.py:208} INFO - Processing /home/airflow/.local/lib/python3.12/site-packages/airflow/example_dags/example_branch_operator.py took 0.157 seconds
[2024-12-15T10:24:41.357+0000] {processor.py:186} INFO - Started process (PID=304) to work on /home/airflow/.local/lib/python3.12/site-packages/airflow/example_dags/example_branch_operator.py
[2024-12-15T10:24:41.358+0000] {processor.py:914} INFO - Processing file /home/airflow/.local/lib/python3.12/site-packages/airflow/example_dags/example_branch_operator.py for tasks to queue
[2024-12-15T10:24:41.360+0000] {logging_mixin.py:190} INFO - [2024-12-15T10:24:41.360+0000] {dagbag.py:588} INFO - Filling up the DagBag from /home/airflow/.local/lib/python3.12/site-packages/airflow/example_dags/example_branch_operator.py
[2024-12-15T10:24:41.377+0000] {processor.py:925} INFO - DAG(s) 'example_branch_operator' retrieved from /home/airflow/.local/lib/python3.12/site-packages/airflow/example_dags/example_branch_operator.py
[2024-12-15T10:24:41.400+0000] {logging_mixin.py:190} INFO - [2024-12-15T10:24:41.400+0000] {dag.py:3239} INFO - Sync 1 DAGs
[2024-12-15T10:24:41.429+0000] {logging_mixin.py:190} INFO - [2024-12-15T10:24:41.429+0000] {dag.py:4180} INFO - Setting next_dagrun for example_branch_operator to 2024-12-14 00:00:00+00:00, run_after=2024-12-15 00:00:00+00:00
[2024-12-15T10:24:41.447+0000] {processor.py:208} INFO - Processing /home/airflow/.local/lib/python3.12/site-packages/airflow/example_dags/example_branch_operator.py took 0.094 seconds
