[2024-12-15T10:23:07.064+0000] {processor.py:186} INFO - Started process (PID=105) to work on /home/airflow/.local/lib/python3.12/site-packages/airflow/example_dags/example_skip_dag.py
[2024-12-15T10:23:07.065+0000] {processor.py:914} INFO - Processing file /home/airflow/.local/lib/python3.12/site-packages/airflow/example_dags/example_skip_dag.py for tasks to queue
[2024-12-15T10:23:07.067+0000] {logging_mixin.py:190} INFO - [2024-12-15T10:23:07.067+0000] {dagbag.py:588} INFO - Filling up the DagBag from /home/airflow/.local/lib/python3.12/site-packages/airflow/example_dags/example_skip_dag.py
[2024-12-15T10:23:07.073+0000] {processor.py:925} INFO - DAG(s) 'example_skip_dag' retrieved from /home/airflow/.local/lib/python3.12/site-packages/airflow/example_dags/example_skip_dag.py
[2024-12-15T10:23:07.089+0000] {logging_mixin.py:190} INFO - [2024-12-15T10:23:07.089+0000] {dag.py:3239} INFO - Sync 1 DAGs
[2024-12-15T10:23:07.110+0000] {logging_mixin.py:190} INFO - [2024-12-15T10:23:07.110+0000] {dag.py:4180} INFO - Setting next_dagrun for example_skip_dag to 2024-12-14 00:00:00+00:00, run_after=2024-12-15 00:00:00+00:00
[2024-12-15T10:23:07.124+0000] {processor.py:208} INFO - Processing /home/airflow/.local/lib/python3.12/site-packages/airflow/example_dags/example_skip_dag.py took 0.064 seconds
[2024-12-15T10:23:38.288+0000] {processor.py:186} INFO - Started process (PID=167) to work on /home/airflow/.local/lib/python3.12/site-packages/airflow/example_dags/example_skip_dag.py
[2024-12-15T10:23:38.289+0000] {processor.py:914} INFO - Processing file /home/airflow/.local/lib/python3.12/site-packages/airflow/example_dags/example_skip_dag.py for tasks to queue
[2024-12-15T10:23:38.292+0000] {logging_mixin.py:190} INFO - [2024-12-15T10:23:38.292+0000] {dagbag.py:588} INFO - Filling up the DagBag from /home/airflow/.local/lib/python3.12/site-packages/airflow/example_dags/example_skip_dag.py
[2024-12-15T10:23:38.302+0000] {processor.py:925} INFO - DAG(s) 'example_skip_dag' retrieved from /home/airflow/.local/lib/python3.12/site-packages/airflow/example_dags/example_skip_dag.py
[2024-12-15T10:23:38.324+0000] {logging_mixin.py:190} INFO - [2024-12-15T10:23:38.324+0000] {dag.py:3239} INFO - Sync 1 DAGs
[2024-12-15T10:23:38.344+0000] {logging_mixin.py:190} INFO - [2024-12-15T10:23:38.343+0000] {dag.py:4180} INFO - Setting next_dagrun for example_skip_dag to 2024-12-14 00:00:00+00:00, run_after=2024-12-15 00:00:00+00:00
[2024-12-15T10:23:38.359+0000] {processor.py:208} INFO - Processing /home/airflow/.local/lib/python3.12/site-packages/airflow/example_dags/example_skip_dag.py took 0.077 seconds
[2024-12-15T10:24:09.442+0000] {processor.py:186} INFO - Started process (PID=230) to work on /home/airflow/.local/lib/python3.12/site-packages/airflow/example_dags/example_skip_dag.py
[2024-12-15T10:24:09.443+0000] {processor.py:914} INFO - Processing file /home/airflow/.local/lib/python3.12/site-packages/airflow/example_dags/example_skip_dag.py for tasks to queue
[2024-12-15T10:24:09.446+0000] {logging_mixin.py:190} INFO - [2024-12-15T10:24:09.446+0000] {dagbag.py:588} INFO - Filling up the DagBag from /home/airflow/.local/lib/python3.12/site-packages/airflow/example_dags/example_skip_dag.py
[2024-12-15T10:24:09.455+0000] {processor.py:925} INFO - DAG(s) 'example_skip_dag' retrieved from /home/airflow/.local/lib/python3.12/site-packages/airflow/example_dags/example_skip_dag.py
[2024-12-15T10:24:09.478+0000] {logging_mixin.py:190} INFO - [2024-12-15T10:24:09.477+0000] {dag.py:3239} INFO - Sync 1 DAGs
[2024-12-15T10:24:09.506+0000] {logging_mixin.py:190} INFO - [2024-12-15T10:24:09.505+0000] {dag.py:4180} INFO - Setting next_dagrun for example_skip_dag to 2024-12-14 00:00:00+00:00, run_after=2024-12-15 00:00:00+00:00
[2024-12-15T10:24:09.524+0000] {processor.py:208} INFO - Processing /home/airflow/.local/lib/python3.12/site-packages/airflow/example_dags/example_skip_dag.py took 0.086 seconds
[2024-12-15T10:24:40.774+0000] {processor.py:186} INFO - Started process (PID=293) to work on /home/airflow/.local/lib/python3.12/site-packages/airflow/example_dags/example_skip_dag.py
[2024-12-15T10:24:40.776+0000] {processor.py:914} INFO - Processing file /home/airflow/.local/lib/python3.12/site-packages/airflow/example_dags/example_skip_dag.py for tasks to queue
[2024-12-15T10:24:40.778+0000] {logging_mixin.py:190} INFO - [2024-12-15T10:24:40.777+0000] {dagbag.py:588} INFO - Filling up the DagBag from /home/airflow/.local/lib/python3.12/site-packages/airflow/example_dags/example_skip_dag.py
[2024-12-15T10:24:40.785+0000] {processor.py:925} INFO - DAG(s) 'example_skip_dag' retrieved from /home/airflow/.local/lib/python3.12/site-packages/airflow/example_dags/example_skip_dag.py
[2024-12-15T10:24:40.801+0000] {logging_mixin.py:190} INFO - [2024-12-15T10:24:40.801+0000] {dag.py:3239} INFO - Sync 1 DAGs
[2024-12-15T10:24:40.821+0000] {logging_mixin.py:190} INFO - [2024-12-15T10:24:40.821+0000] {dag.py:4180} INFO - Setting next_dagrun for example_skip_dag to 2024-12-14 00:00:00+00:00, run_after=2024-12-15 00:00:00+00:00
[2024-12-15T10:24:40.851+0000] {processor.py:208} INFO - Processing /home/airflow/.local/lib/python3.12/site-packages/airflow/example_dags/example_skip_dag.py took 0.081 seconds
