[2024-12-15T10:23:02.756+0000] {processor.py:186} INFO - Started process (PID=68) to work on /home/airflow/.local/lib/python3.12/site-packages/airflow/example_dags/example_display_name.py
[2024-12-15T10:23:02.760+0000] {processor.py:914} INFO - Processing file /home/airflow/.local/lib/python3.12/site-packages/airflow/example_dags/example_display_name.py for tasks to queue
[2024-12-15T10:23:02.765+0000] {logging_mixin.py:190} INFO - [2024-12-15T10:23:02.764+0000] {dagbag.py:588} INFO - Filling up the DagBag from /home/airflow/.local/lib/python3.12/site-packages/airflow/example_dags/example_display_name.py
[2024-12-15T10:23:02.777+0000] {processor.py:925} INFO - DAG(s) 'example_display_name' retrieved from /home/airflow/.local/lib/python3.12/site-packages/airflow/example_dags/example_display_name.py
[2024-12-15T10:23:02.811+0000] {logging_mixin.py:190} INFO - [2024-12-15T10:23:02.811+0000] {dag.py:3239} INFO - Sync 1 DAGs
[2024-12-15T10:23:02.834+0000] {logging_mixin.py:190} INFO - [2024-12-15T10:23:02.834+0000] {dag.py:4180} INFO - Setting next_dagrun for example_display_name to None, run_after=None
[2024-12-15T10:23:02.858+0000] {processor.py:208} INFO - Processing /home/airflow/.local/lib/python3.12/site-packages/airflow/example_dags/example_display_name.py took 0.108 seconds
[2024-12-15T10:23:33.352+0000] {processor.py:186} INFO - Started process (PID=130) to work on /home/airflow/.local/lib/python3.12/site-packages/airflow/example_dags/example_display_name.py
[2024-12-15T10:23:33.353+0000] {processor.py:914} INFO - Processing file /home/airflow/.local/lib/python3.12/site-packages/airflow/example_dags/example_display_name.py for tasks to queue
[2024-12-15T10:23:33.354+0000] {logging_mixin.py:190} INFO - [2024-12-15T10:23:33.354+0000] {dagbag.py:588} INFO - Filling up the DagBag from /home/airflow/.local/lib/python3.12/site-packages/airflow/example_dags/example_display_name.py
[2024-12-15T10:23:33.360+0000] {processor.py:925} INFO - DAG(s) 'example_display_name' retrieved from /home/airflow/.local/lib/python3.12/site-packages/airflow/example_dags/example_display_name.py
[2024-12-15T10:23:33.377+0000] {logging_mixin.py:190} INFO - [2024-12-15T10:23:33.376+0000] {dag.py:3239} INFO - Sync 1 DAGs
[2024-12-15T10:23:33.387+0000] {logging_mixin.py:190} INFO - [2024-12-15T10:23:33.387+0000] {dag.py:4180} INFO - Setting next_dagrun for example_display_name to None, run_after=None
[2024-12-15T10:23:33.407+0000] {processor.py:208} INFO - Processing /home/airflow/.local/lib/python3.12/site-packages/airflow/example_dags/example_display_name.py took 0.059 seconds
[2024-12-15T10:24:03.644+0000] {processor.py:186} INFO - Started process (PID=192) to work on /home/airflow/.local/lib/python3.12/site-packages/airflow/example_dags/example_display_name.py
[2024-12-15T10:24:03.647+0000] {processor.py:914} INFO - Processing file /home/airflow/.local/lib/python3.12/site-packages/airflow/example_dags/example_display_name.py for tasks to queue
[2024-12-15T10:24:03.649+0000] {logging_mixin.py:190} INFO - [2024-12-15T10:24:03.649+0000] {dagbag.py:588} INFO - Filling up the DagBag from /home/airflow/.local/lib/python3.12/site-packages/airflow/example_dags/example_display_name.py
[2024-12-15T10:24:03.659+0000] {processor.py:925} INFO - DAG(s) 'example_display_name' retrieved from /home/airflow/.local/lib/python3.12/site-packages/airflow/example_dags/example_display_name.py
[2024-12-15T10:24:03.678+0000] {logging_mixin.py:190} INFO - [2024-12-15T10:24:03.677+0000] {dag.py:3239} INFO - Sync 1 DAGs
[2024-12-15T10:24:03.698+0000] {logging_mixin.py:190} INFO - [2024-12-15T10:24:03.697+0000] {dag.py:4180} INFO - Setting next_dagrun for example_display_name to None, run_after=None
[2024-12-15T10:24:03.718+0000] {processor.py:208} INFO - Processing /home/airflow/.local/lib/python3.12/site-packages/airflow/example_dags/example_display_name.py took 0.080 seconds
[2024-12-15T10:24:34.062+0000] {processor.py:186} INFO - Started process (PID=255) to work on /home/airflow/.local/lib/python3.12/site-packages/airflow/example_dags/example_display_name.py
[2024-12-15T10:24:34.063+0000] {processor.py:914} INFO - Processing file /home/airflow/.local/lib/python3.12/site-packages/airflow/example_dags/example_display_name.py for tasks to queue
[2024-12-15T10:24:34.066+0000] {logging_mixin.py:190} INFO - [2024-12-15T10:24:34.065+0000] {dagbag.py:588} INFO - Filling up the DagBag from /home/airflow/.local/lib/python3.12/site-packages/airflow/example_dags/example_display_name.py
[2024-12-15T10:24:34.071+0000] {processor.py:925} INFO - DAG(s) 'example_display_name' retrieved from /home/airflow/.local/lib/python3.12/site-packages/airflow/example_dags/example_display_name.py
[2024-12-15T10:24:34.084+0000] {logging_mixin.py:190} INFO - [2024-12-15T10:24:34.084+0000] {dag.py:3239} INFO - Sync 1 DAGs
[2024-12-15T10:24:34.095+0000] {logging_mixin.py:190} INFO - [2024-12-15T10:24:34.095+0000] {dag.py:4180} INFO - Setting next_dagrun for example_display_name to None, run_after=None
[2024-12-15T10:24:34.109+0000] {processor.py:208} INFO - Processing /home/airflow/.local/lib/python3.12/site-packages/airflow/example_dags/example_display_name.py took 0.051 seconds
[2024-12-15T10:25:04.641+0000] {processor.py:186} INFO - Started process (PID=324) to work on /home/airflow/.local/lib/python3.12/site-packages/airflow/example_dags/example_display_name.py
[2024-12-15T10:25:04.642+0000] {processor.py:914} INFO - Processing file /home/airflow/.local/lib/python3.12/site-packages/airflow/example_dags/example_display_name.py for tasks to queue
[2024-12-15T10:25:04.644+0000] {logging_mixin.py:190} INFO - [2024-12-15T10:25:04.644+0000] {dagbag.py:588} INFO - Filling up the DagBag from /home/airflow/.local/lib/python3.12/site-packages/airflow/example_dags/example_display_name.py
[2024-12-15T10:25:04.649+0000] {processor.py:925} INFO - DAG(s) 'example_display_name' retrieved from /home/airflow/.local/lib/python3.12/site-packages/airflow/example_dags/example_display_name.py
[2024-12-15T10:25:04.667+0000] {logging_mixin.py:190} INFO - [2024-12-15T10:25:04.666+0000] {dag.py:3239} INFO - Sync 1 DAGs
[2024-12-15T10:25:04.678+0000] {logging_mixin.py:190} INFO - [2024-12-15T10:25:04.678+0000] {dag.py:4180} INFO - Setting next_dagrun for example_display_name to None, run_after=None
[2024-12-15T10:25:04.696+0000] {processor.py:208} INFO - Processing /home/airflow/.local/lib/python3.12/site-packages/airflow/example_dags/example_display_name.py took 0.061 seconds
