[2024-12-15T10:23:07.721+0000] {processor.py:186} INFO - Started process (PID=115) to work on /home/airflow/.local/lib/python3.12/site-packages/airflow/example_dags/tutorial.py
[2024-12-15T10:23:07.722+0000] {processor.py:914} INFO - Processing file /home/airflow/.local/lib/python3.12/site-packages/airflow/example_dags/tutorial.py for tasks to queue
[2024-12-15T10:23:07.724+0000] {logging_mixin.py:190} INFO - [2024-12-15T10:23:07.724+0000] {dagbag.py:588} INFO - Filling up the DagBag from /home/airflow/.local/lib/python3.12/site-packages/airflow/example_dags/tutorial.py
[2024-12-15T10:23:07.733+0000] {processor.py:925} INFO - DAG(s) 'tutorial' retrieved from /home/airflow/.local/lib/python3.12/site-packages/airflow/example_dags/tutorial.py
[2024-12-15T10:23:07.751+0000] {logging_mixin.py:190} INFO - [2024-12-15T10:23:07.750+0000] {dag.py:3239} INFO - Sync 1 DAGs
[2024-12-15T10:23:07.771+0000] {logging_mixin.py:190} INFO - [2024-12-15T10:23:07.770+0000] {dag.py:4180} INFO - Setting next_dagrun for tutorial to 2024-12-14 00:00:00+00:00, run_after=2024-12-15 00:00:00+00:00
[2024-12-15T10:23:07.786+0000] {processor.py:208} INFO - Processing /home/airflow/.local/lib/python3.12/site-packages/airflow/example_dags/tutorial.py took 0.071 seconds
[2024-12-15T10:23:38.876+0000] {processor.py:186} INFO - Started process (PID=177) to work on /home/airflow/.local/lib/python3.12/site-packages/airflow/example_dags/tutorial.py
[2024-12-15T10:23:38.877+0000] {processor.py:914} INFO - Processing file /home/airflow/.local/lib/python3.12/site-packages/airflow/example_dags/tutorial.py for tasks to queue
[2024-12-15T10:23:38.880+0000] {logging_mixin.py:190} INFO - [2024-12-15T10:23:38.880+0000] {dagbag.py:588} INFO - Filling up the DagBag from /home/airflow/.local/lib/python3.12/site-packages/airflow/example_dags/tutorial.py
[2024-12-15T10:23:38.892+0000] {processor.py:925} INFO - DAG(s) 'tutorial' retrieved from /home/airflow/.local/lib/python3.12/site-packages/airflow/example_dags/tutorial.py
[2024-12-15T10:23:38.913+0000] {logging_mixin.py:190} INFO - [2024-12-15T10:23:38.913+0000] {dag.py:3239} INFO - Sync 1 DAGs
[2024-12-15T10:23:38.932+0000] {logging_mixin.py:190} INFO - [2024-12-15T10:23:38.931+0000] {dag.py:4180} INFO - Setting next_dagrun for tutorial to 2024-12-14 00:00:00+00:00, run_after=2024-12-15 00:00:00+00:00
[2024-12-15T10:23:38.948+0000] {processor.py:208} INFO - Processing /home/airflow/.local/lib/python3.12/site-packages/airflow/example_dags/tutorial.py took 0.077 seconds
[2024-12-15T10:24:10.039+0000] {processor.py:186} INFO - Started process (PID=240) to work on /home/airflow/.local/lib/python3.12/site-packages/airflow/example_dags/tutorial.py
[2024-12-15T10:24:10.040+0000] {processor.py:914} INFO - Processing file /home/airflow/.local/lib/python3.12/site-packages/airflow/example_dags/tutorial.py for tasks to queue
[2024-12-15T10:24:10.042+0000] {logging_mixin.py:190} INFO - [2024-12-15T10:24:10.042+0000] {dagbag.py:588} INFO - Filling up the DagBag from /home/airflow/.local/lib/python3.12/site-packages/airflow/example_dags/tutorial.py
[2024-12-15T10:24:10.050+0000] {processor.py:925} INFO - DAG(s) 'tutorial' retrieved from /home/airflow/.local/lib/python3.12/site-packages/airflow/example_dags/tutorial.py
[2024-12-15T10:24:10.067+0000] {logging_mixin.py:190} INFO - [2024-12-15T10:24:10.066+0000] {dag.py:3239} INFO - Sync 1 DAGs
[2024-12-15T10:24:10.094+0000] {logging_mixin.py:190} INFO - [2024-12-15T10:24:10.093+0000] {dag.py:4180} INFO - Setting next_dagrun for tutorial to 2024-12-14 00:00:00+00:00, run_after=2024-12-15 00:00:00+00:00
[2024-12-15T10:24:10.119+0000] {processor.py:208} INFO - Processing /home/airflow/.local/lib/python3.12/site-packages/airflow/example_dags/tutorial.py took 0.085 seconds
[2024-12-15T10:24:41.326+0000] {processor.py:186} INFO - Started process (PID=303) to work on /home/airflow/.local/lib/python3.12/site-packages/airflow/example_dags/tutorial.py
[2024-12-15T10:24:41.327+0000] {processor.py:914} INFO - Processing file /home/airflow/.local/lib/python3.12/site-packages/airflow/example_dags/tutorial.py for tasks to queue
[2024-12-15T10:24:41.331+0000] {logging_mixin.py:190} INFO - [2024-12-15T10:24:41.330+0000] {dagbag.py:588} INFO - Filling up the DagBag from /home/airflow/.local/lib/python3.12/site-packages/airflow/example_dags/tutorial.py
[2024-12-15T10:24:41.340+0000] {processor.py:925} INFO - DAG(s) 'tutorial' retrieved from /home/airflow/.local/lib/python3.12/site-packages/airflow/example_dags/tutorial.py
[2024-12-15T10:24:41.357+0000] {logging_mixin.py:190} INFO - [2024-12-15T10:24:41.356+0000] {dag.py:3239} INFO - Sync 1 DAGs
[2024-12-15T10:24:41.376+0000] {logging_mixin.py:190} INFO - [2024-12-15T10:24:41.375+0000] {dag.py:4180} INFO - Setting next_dagrun for tutorial to 2024-12-14 00:00:00+00:00, run_after=2024-12-15 00:00:00+00:00
[2024-12-15T10:24:41.394+0000] {processor.py:208} INFO - Processing /home/airflow/.local/lib/python3.12/site-packages/airflow/example_dags/tutorial.py took 0.073 seconds
