[2025-01-05T06:00:35.148+0000] {local_task_job_runner.py:123} INFO - ::group::Pre task execution logs
[2025-01-05T06:00:35.173+0000] {taskinstance.py:2613} INFO - Dependencies all met for dep_context=non-requeueable deps ti=<TaskInstance: user_processing.create_table manual__2025-01-05T06:00:32.339225+00:00 [queued]>
[2025-01-05T06:00:35.188+0000] {taskinstance.py:2613} INFO - Dependencies all met for dep_context=requeueable deps ti=<TaskInstance: user_processing.create_table manual__2025-01-05T06:00:32.339225+00:00 [queued]>
[2025-01-05T06:00:35.190+0000] {taskinstance.py:2866} INFO - Starting attempt 1 of 1
[2025-01-05T06:00:35.212+0000] {taskinstance.py:2889} INFO - Executing <Task(PostgresOperator): create_table> on 2025-01-05 06:00:32.339225+00:00
[2025-01-05T06:00:35.222+0000] {warnings.py:112} WARNING - /home/***/.local/lib/python3.12/site-packages/***/task/task_runner/standard_task_runner.py:70: DeprecationWarning: This process (pid=572) is multi-threaded, use of fork() may lead to deadlocks in the child.
  pid = os.fork()

[2025-01-05T06:00:35.225+0000] {standard_task_runner.py:72} INFO - Started process 574 to run task
[2025-01-05T06:00:35.226+0000] {standard_task_runner.py:104} INFO - Running: ['***', 'tasks', 'run', 'user_processing', 'create_table', 'manual__2025-01-05T06:00:32.339225+00:00', '--job-id', '52', '--raw', '--subdir', 'DAGS_FOLDER/user_processing.py', '--cfg-path', '/tmp/tmpghz6wd1r']
[2025-01-05T06:00:35.227+0000] {standard_task_runner.py:105} INFO - Job 52: Subtask create_table
[2025-01-05T06:00:35.297+0000] {task_command.py:467} INFO - Running <TaskInstance: user_processing.create_table manual__2025-01-05T06:00:32.339225+00:00 [running]> on host a67ecbd59b00
[2025-01-05T06:00:35.402+0000] {taskinstance.py:3132} INFO - Exporting env vars: AIRFLOW_CTX_DAG_OWNER='***' AIRFLOW_CTX_DAG_ID='user_processing' AIRFLOW_CTX_TASK_ID='create_table' AIRFLOW_CTX_EXECUTION_DATE='2025-01-05T06:00:32.339225+00:00' AIRFLOW_CTX_TRY_NUMBER='1' AIRFLOW_CTX_DAG_RUN_ID='manual__2025-01-05T06:00:32.339225+00:00'
[2025-01-05T06:00:35.404+0000] {logging_mixin.py:190} INFO - Task instance is in running state
[2025-01-05T06:00:35.405+0000] {logging_mixin.py:190} INFO -  Previous state of the Task instance: queued
[2025-01-05T06:00:35.406+0000] {logging_mixin.py:190} INFO - Current task name:create_table state:running start_date:2025-01-05 06:00:35.175110+00:00
[2025-01-05T06:00:35.407+0000] {logging_mixin.py:190} INFO - Dag name:user_processing and current dag run status:running
[2025-01-05T06:00:35.408+0000] {taskinstance.py:731} INFO - ::endgroup::
[2025-01-05T06:00:35.409+0000] {sql.py:278} INFO - Executing: 
                Create TABLE IF NOT EXISTS users(
                    firstname TEXT NOT NULL,
                    lastname TEXT NOT NULL,
                    country TEXT NOT NULL,
                    username TEXT NOT NULL,
                    password TEXT NOT NULL,
                    email TEXT NOT NULL
                    );
[2025-01-05T06:00:35.421+0000] {base.py:84} INFO - Retrieving connection 'postgres'
[2025-01-05T06:00:35.429+0000] {base.py:84} INFO - Retrieving connection 'postgres'
[2025-01-05T06:00:35.439+0000] {sql.py:544} INFO - Running statement: 
                Create TABLE IF NOT EXISTS users(
                    firstname TEXT NOT NULL,
                    lastname TEXT NOT NULL,
                    country TEXT NOT NULL,
                    username TEXT NOT NULL,
                    password TEXT NOT NULL,
                    email TEXT NOT NULL
                    );, parameters: None
[2025-01-05T06:00:35.450+0000] {taskinstance.py:340} INFO - ::group::Post task execution logs
[2025-01-05T06:00:35.451+0000] {taskinstance.py:352} INFO - Marking task as SUCCESS. dag_id=user_processing, task_id=create_table, run_id=manual__2025-01-05T06:00:32.339225+00:00, execution_date=20250105T060032, start_date=20250105T060035, end_date=20250105T060035
[2025-01-05T06:00:35.461+0000] {logging_mixin.py:190} INFO - Task instance in success state
[2025-01-05T06:00:35.462+0000] {logging_mixin.py:190} INFO -  Previous state of the Task instance: running
[2025-01-05T06:00:35.464+0000] {logging_mixin.py:190} INFO - Dag name:user_processing queued_at:2025-01-05 06:00:32.359757+00:00
[2025-01-05T06:00:35.465+0000] {logging_mixin.py:190} INFO - Task hostname:a67ecbd59b00 operator:PostgresOperator
[2025-01-05T06:00:35.485+0000] {local_task_job_runner.py:266} INFO - Task exited with return code 0
[2025-01-05T06:00:35.515+0000] {taskinstance.py:3895} INFO - 1 downstream tasks scheduled from follow-on schedule check
[2025-01-05T06:00:35.519+0000] {local_task_job_runner.py:245} INFO - ::endgroup::
