[2025-01-05T06:34:26.732+0000] {local_task_job_runner.py:123} INFO - ::group::Pre task execution logs
[2025-01-05T06:34:26.760+0000] {taskinstance.py:2613} INFO - Dependencies all met for dep_context=non-requeueable deps ti=<TaskInstance: user_processing.extract_user manual__2025-01-05T06:34:16.992853+00:00 [queued]>
[2025-01-05T06:34:26.773+0000] {taskinstance.py:2613} INFO - Dependencies all met for dep_context=requeueable deps ti=<TaskInstance: user_processing.extract_user manual__2025-01-05T06:34:16.992853+00:00 [queued]>
[2025-01-05T06:34:26.774+0000] {taskinstance.py:2866} INFO - Starting attempt 1 of 1
[2025-01-05T06:34:26.794+0000] {taskinstance.py:2889} INFO - Executing <Task(SimpleHttpOperator): extract_user> on 2025-01-05 06:34:16.992853+00:00
[2025-01-05T06:34:26.810+0000] {warnings.py:112} WARNING - /home/***/.local/lib/python3.12/site-packages/***/task/task_runner/standard_task_runner.py:70: DeprecationWarning: This process (pid=1123) is multi-threaded, use of fork() may lead to deadlocks in the child.
  pid = os.fork()

[2025-01-05T06:34:26.813+0000] {standard_task_runner.py:104} INFO - Running: ['***', 'tasks', 'run', 'user_processing', 'extract_user', 'manual__2025-01-05T06:34:16.992853+00:00', '--job-id', '79', '--raw', '--subdir', 'DAGS_FOLDER/user_processing.py', '--cfg-path', '/tmp/tmp_mosm_aa']
[2025-01-05T06:34:26.814+0000] {standard_task_runner.py:72} INFO - Started process 1125 to run task
[2025-01-05T06:34:26.815+0000] {standard_task_runner.py:105} INFO - Job 79: Subtask extract_user
[2025-01-05T06:34:26.875+0000] {task_command.py:467} INFO - Running <TaskInstance: user_processing.extract_user manual__2025-01-05T06:34:16.992853+00:00 [running]> on host a67ecbd59b00
[2025-01-05T06:34:26.983+0000] {taskinstance.py:3132} INFO - Exporting env vars: AIRFLOW_CTX_DAG_OWNER='***' AIRFLOW_CTX_DAG_ID='user_processing' AIRFLOW_CTX_TASK_ID='extract_user' AIRFLOW_CTX_EXECUTION_DATE='2025-01-05T06:34:16.992853+00:00' AIRFLOW_CTX_TRY_NUMBER='1' AIRFLOW_CTX_DAG_RUN_ID='manual__2025-01-05T06:34:16.992853+00:00'
[2025-01-05T06:34:26.985+0000] {logging_mixin.py:190} INFO - Task instance is in running state
[2025-01-05T06:34:26.986+0000] {logging_mixin.py:190} INFO -  Previous state of the Task instance: queued
[2025-01-05T06:34:26.987+0000] {logging_mixin.py:190} INFO - Current task name:extract_user state:running start_date:2025-01-05 06:34:26.761793+00:00
[2025-01-05T06:34:26.988+0000] {logging_mixin.py:190} INFO - Dag name:user_processing and current dag run status:running
[2025-01-05T06:34:26.990+0000] {taskinstance.py:731} INFO - ::endgroup::
[2025-01-05T06:34:26.993+0000] {http.py:173} INFO - Calling HTTP method
[2025-01-05T06:34:27.006+0000] {base.py:84} INFO - Retrieving connection 'user_api'
[2025-01-05T06:34:27.015+0000] {base.py:84} INFO - Retrieving connection 'user_api'
[2025-01-05T06:34:27.649+0000] {http.py:222} INFO - {"results":[{"gender":"male","name":{"title":"Mr","first":"Yasin","last":"Fiskvik"},"location":{"street":{"number":8090,"name":"Belgerudveien"},"city":"Sandvika","state":"Nordland","country":"Norway","postcode":"5908","coordinates":{"latitude":"45.7552","longitude":"-144.5721"},"timezone":{"offset":"-3:00","description":"Brazil, Buenos Aires, Georgetown"}},"email":"yasin.fiskvik@example.com","login":{"uuid":"f35c0a7a-dc05-4041-972d-499f49f6cf01","username":"blacksnake335","password":"joseph","salt":"3UdtdqgL","md5":"4af58a9b806040c8d464d3921c6696a9","sha1":"c69a3fb5161b856f131754b6bf176da532962252","sha256":"17ee2c0f37d688a20a1f05efea2764bafc3eac33e61bae250d43bd4789a96639"},"dob":{"date":"1980-01-26T17:52:41.461Z","age":44},"registered":{"date":"2014-02-14T06:20:14.040Z","age":10},"phone":"35948901","cell":"91947345","id":{"name":"FN","value":"26018009748"},"picture":{"large":"https://randomuser.me/api/portraits/men/99.jpg","medium":"https://randomuser.me/api/portraits/med/men/99.jpg","thumbnail":"https://randomuser.me/api/portraits/thumb/men/99.jpg"},"nat":"NO"}],"info":{"seed":"e0f6ff36837e8324","results":1,"page":1,"version":"1.4"}}
[2025-01-05T06:34:27.693+0000] {taskinstance.py:340} INFO - ::group::Post task execution logs
[2025-01-05T06:34:27.694+0000] {taskinstance.py:352} INFO - Marking task as SUCCESS. dag_id=user_processing, task_id=extract_user, run_id=manual__2025-01-05T06:34:16.992853+00:00, execution_date=20250105T063416, start_date=20250105T063426, end_date=20250105T063427
[2025-01-05T06:34:27.709+0000] {logging_mixin.py:190} INFO - Task instance in success state
[2025-01-05T06:34:27.710+0000] {logging_mixin.py:190} INFO -  Previous state of the Task instance: running
[2025-01-05T06:34:27.711+0000] {logging_mixin.py:190} INFO - Dag name:user_processing queued_at:2025-01-05 06:34:17.014484+00:00
[2025-01-05T06:34:27.713+0000] {logging_mixin.py:190} INFO - Task hostname:a67ecbd59b00 operator:SimpleHttpOperator
[2025-01-05T06:34:27.756+0000] {local_task_job_runner.py:266} INFO - Task exited with return code 0
[2025-01-05T06:34:27.799+0000] {taskinstance.py:3895} INFO - 1 downstream tasks scheduled from follow-on schedule check
[2025-01-05T06:34:27.806+0000] {local_task_job_runner.py:245} INFO - ::endgroup::
