[2025-01-05T06:07:43.066+0000] {local_task_job_runner.py:123} INFO - ::group::Pre task execution logs
[2025-01-05T06:07:43.091+0000] {taskinstance.py:2613} INFO - Dependencies all met for dep_context=non-requeueable deps ti=<TaskInstance: user_processing.create_table manual__2025-01-05T06:07:40.374299+00:00 [queued]>
[2025-01-05T06:07:43.101+0000] {taskinstance.py:2613} INFO - Dependencies all met for dep_context=requeueable deps ti=<TaskInstance: user_processing.create_table manual__2025-01-05T06:07:40.374299+00:00 [queued]>
[2025-01-05T06:07:43.102+0000] {taskinstance.py:2866} INFO - Starting attempt 1 of 1
[2025-01-05T06:07:43.116+0000] {taskinstance.py:2889} INFO - Executing <Task(PostgresOperator): create_table> on 2025-01-05 06:07:40.374299+00:00
[2025-01-05T06:07:43.125+0000] {warnings.py:112} WARNING - /home/***/.local/lib/python3.12/site-packages/***/task/task_runner/standard_task_runner.py:70: DeprecationWarning: This process (pid=703) is multi-threaded, use of fork() may lead to deadlocks in the child.
  pid = os.fork()

[2025-01-05T06:07:43.128+0000] {standard_task_runner.py:72} INFO - Started process 712 to run task
[2025-01-05T06:07:43.128+0000] {standard_task_runner.py:104} INFO - Running: ['***', 'tasks', 'run', 'user_processing', 'create_table', 'manual__2025-01-05T06:07:40.374299+00:00', '--job-id', '62', '--raw', '--subdir', 'DAGS_FOLDER/user_processing.py', '--cfg-path', '/tmp/tmp53vedjw1']
[2025-01-05T06:07:43.129+0000] {standard_task_runner.py:105} INFO - Job 62: Subtask create_table
[2025-01-05T06:07:43.181+0000] {task_command.py:467} INFO - Running <TaskInstance: user_processing.create_table manual__2025-01-05T06:07:40.374299+00:00 [running]> on host a67ecbd59b00
[2025-01-05T06:07:43.277+0000] {taskinstance.py:3132} INFO - Exporting env vars: AIRFLOW_CTX_DAG_OWNER='***' AIRFLOW_CTX_DAG_ID='user_processing' AIRFLOW_CTX_TASK_ID='create_table' AIRFLOW_CTX_EXECUTION_DATE='2025-01-05T06:07:40.374299+00:00' AIRFLOW_CTX_TRY_NUMBER='1' AIRFLOW_CTX_DAG_RUN_ID='manual__2025-01-05T06:07:40.374299+00:00'
[2025-01-05T06:07:43.279+0000] {logging_mixin.py:190} INFO - Task instance is in running state
[2025-01-05T06:07:43.280+0000] {logging_mixin.py:190} INFO -  Previous state of the Task instance: queued
[2025-01-05T06:07:43.281+0000] {logging_mixin.py:190} INFO - Current task name:create_table state:running start_date:2025-01-05 06:07:43.092171+00:00
[2025-01-05T06:07:43.282+0000] {logging_mixin.py:190} INFO - Dag name:user_processing and current dag run status:running
[2025-01-05T06:07:43.283+0000] {taskinstance.py:731} INFO - ::endgroup::
[2025-01-05T06:07:43.283+0000] {sql.py:278} INFO - Executing: 
                Create TABLE IF NOT EXISTS users(
                    firstname TEXT NOT NULL,
                    lastname TEXT NOT NULL,
                    country TEXT NOT NULL,
                    username TEXT NOT NULL,
                    password TEXT NOT NULL,
                    email TEXT NOT NULL
                    );
[2025-01-05T06:07:43.292+0000] {base.py:84} INFO - Retrieving connection 'postgres'
[2025-01-05T06:07:43.300+0000] {base.py:84} INFO - Retrieving connection 'postgres'
[2025-01-05T06:07:43.305+0000] {sql.py:544} INFO - Running statement: 
                Create TABLE IF NOT EXISTS users(
                    firstname TEXT NOT NULL,
                    lastname TEXT NOT NULL,
                    country TEXT NOT NULL,
                    username TEXT NOT NULL,
                    password TEXT NOT NULL,
                    email TEXT NOT NULL
                    );, parameters: None
[2025-01-05T06:07:43.316+0000] {taskinstance.py:340} INFO - ::group::Post task execution logs
[2025-01-05T06:07:43.317+0000] {taskinstance.py:352} INFO - Marking task as SUCCESS. dag_id=user_processing, task_id=create_table, run_id=manual__2025-01-05T06:07:40.374299+00:00, execution_date=20250105T060740, start_date=20250105T060743, end_date=20250105T060743
[2025-01-05T06:07:43.328+0000] {logging_mixin.py:190} INFO - Task instance in success state
[2025-01-05T06:07:43.329+0000] {logging_mixin.py:190} INFO -  Previous state of the Task instance: running
[2025-01-05T06:07:43.330+0000] {logging_mixin.py:190} INFO - Dag name:user_processing queued_at:2025-01-05 06:07:40.393477+00:00
[2025-01-05T06:07:43.331+0000] {logging_mixin.py:190} INFO - Task hostname:a67ecbd59b00 operator:PostgresOperator
[2025-01-05T06:07:43.344+0000] {local_task_job_runner.py:266} INFO - Task exited with return code 0
[2025-01-05T06:07:43.369+0000] {taskinstance.py:3895} INFO - 1 downstream tasks scheduled from follow-on schedule check
[2025-01-05T06:07:43.372+0000] {local_task_job_runner.py:245} INFO - ::endgroup::
