[2024-12-19T06:41:17.295+0000] {processor.py:186} INFO - Started process (PID=73) to work on /home/airflow/.local/lib/python3.12/site-packages/airflow/example_dags/example_inlet_event_extra.py
[2024-12-19T06:41:17.297+0000] {processor.py:914} INFO - Processing file /home/airflow/.local/lib/python3.12/site-packages/airflow/example_dags/example_inlet_event_extra.py for tasks to queue
[2024-12-19T06:41:17.301+0000] {logging_mixin.py:190} INFO - [2024-12-19T06:41:17.301+0000] {dagbag.py:588} INFO - Filling up the DagBag from /home/airflow/.local/lib/python3.12/site-packages/airflow/example_dags/example_inlet_event_extra.py
[2024-12-19T06:41:17.946+0000] {processor.py:925} INFO - DAG(s) 'read_dataset_event', 'read_dataset_event_from_classic' retrieved from /home/airflow/.local/lib/python3.12/site-packages/airflow/example_dags/example_inlet_event_extra.py
[2024-12-19T06:41:17.975+0000] {logging_mixin.py:190} INFO - [2024-12-19T06:41:17.974+0000] {dag.py:3239} INFO - Sync 2 DAGs
[2024-12-19T06:41:18.006+0000] {logging_mixin.py:190} INFO - [2024-12-19T06:41:18.006+0000] {dag.py:4180} INFO - Setting next_dagrun for read_dataset_event to 2024-12-18 00:00:00+00:00, run_after=2024-12-19 00:00:00+00:00
[2024-12-19T06:41:18.013+0000] {logging_mixin.py:190} INFO - [2024-12-19T06:41:18.013+0000] {dag.py:4180} INFO - Setting next_dagrun for read_dataset_event_from_classic to 2024-12-18 00:00:00+00:00, run_after=2024-12-19 00:00:00+00:00
[2024-12-19T06:41:18.034+0000] {processor.py:208} INFO - Processing /home/airflow/.local/lib/python3.12/site-packages/airflow/example_dags/example_inlet_event_extra.py took 0.746 seconds
[2024-12-19T06:41:48.724+0000] {processor.py:186} INFO - Started process (PID=137) to work on /home/airflow/.local/lib/python3.12/site-packages/airflow/example_dags/example_inlet_event_extra.py
[2024-12-19T06:41:48.727+0000] {processor.py:914} INFO - Processing file /home/airflow/.local/lib/python3.12/site-packages/airflow/example_dags/example_inlet_event_extra.py for tasks to queue
[2024-12-19T06:41:48.731+0000] {logging_mixin.py:190} INFO - [2024-12-19T06:41:48.731+0000] {dagbag.py:588} INFO - Filling up the DagBag from /home/airflow/.local/lib/python3.12/site-packages/airflow/example_dags/example_inlet_event_extra.py
[2024-12-19T06:41:49.468+0000] {processor.py:925} INFO - DAG(s) 'read_dataset_event', 'read_dataset_event_from_classic' retrieved from /home/airflow/.local/lib/python3.12/site-packages/airflow/example_dags/example_inlet_event_extra.py
[2024-12-19T06:41:49.488+0000] {logging_mixin.py:190} INFO - [2024-12-19T06:41:49.488+0000] {dag.py:3239} INFO - Sync 2 DAGs
[2024-12-19T06:41:49.511+0000] {logging_mixin.py:190} INFO - [2024-12-19T06:41:49.511+0000] {dag.py:4180} INFO - Setting next_dagrun for read_dataset_event to 2024-12-18 00:00:00+00:00, run_after=2024-12-19 00:00:00+00:00
[2024-12-19T06:41:49.516+0000] {logging_mixin.py:190} INFO - [2024-12-19T06:41:49.516+0000] {dag.py:4180} INFO - Setting next_dagrun for read_dataset_event_from_classic to 2024-12-18 00:00:00+00:00, run_after=2024-12-19 00:00:00+00:00
[2024-12-19T06:41:49.534+0000] {processor.py:208} INFO - Processing /home/airflow/.local/lib/python3.12/site-packages/airflow/example_dags/example_inlet_event_extra.py took 0.819 seconds
[2024-12-19T06:42:20.012+0000] {processor.py:186} INFO - Started process (PID=207) to work on /home/airflow/.local/lib/python3.12/site-packages/airflow/example_dags/example_inlet_event_extra.py
[2024-12-19T06:42:20.013+0000] {processor.py:914} INFO - Processing file /home/airflow/.local/lib/python3.12/site-packages/airflow/example_dags/example_inlet_event_extra.py for tasks to queue
[2024-12-19T06:42:20.016+0000] {logging_mixin.py:190} INFO - [2024-12-19T06:42:20.016+0000] {dagbag.py:588} INFO - Filling up the DagBag from /home/airflow/.local/lib/python3.12/site-packages/airflow/example_dags/example_inlet_event_extra.py
[2024-12-19T06:42:20.699+0000] {processor.py:925} INFO - DAG(s) 'read_dataset_event', 'read_dataset_event_from_classic' retrieved from /home/airflow/.local/lib/python3.12/site-packages/airflow/example_dags/example_inlet_event_extra.py
[2024-12-19T06:42:20.720+0000] {logging_mixin.py:190} INFO - [2024-12-19T06:42:20.720+0000] {dag.py:3239} INFO - Sync 2 DAGs
[2024-12-19T06:42:20.744+0000] {logging_mixin.py:190} INFO - [2024-12-19T06:42:20.743+0000] {dag.py:4180} INFO - Setting next_dagrun for read_dataset_event to 2024-12-18 00:00:00+00:00, run_after=2024-12-19 00:00:00+00:00
[2024-12-19T06:42:20.749+0000] {logging_mixin.py:190} INFO - [2024-12-19T06:42:20.749+0000] {dag.py:4180} INFO - Setting next_dagrun for read_dataset_event_from_classic to 2024-12-18 00:00:00+00:00, run_after=2024-12-19 00:00:00+00:00
[2024-12-19T06:42:20.765+0000] {processor.py:208} INFO - Processing /home/airflow/.local/lib/python3.12/site-packages/airflow/example_dags/example_inlet_event_extra.py took 0.760 seconds
[2024-12-19T06:42:51.602+0000] {processor.py:186} INFO - Started process (PID=271) to work on /home/airflow/.local/lib/python3.12/site-packages/airflow/example_dags/example_inlet_event_extra.py
[2024-12-19T06:42:51.609+0000] {processor.py:914} INFO - Processing file /home/airflow/.local/lib/python3.12/site-packages/airflow/example_dags/example_inlet_event_extra.py for tasks to queue
[2024-12-19T06:42:51.614+0000] {logging_mixin.py:190} INFO - [2024-12-19T06:42:51.614+0000] {dagbag.py:588} INFO - Filling up the DagBag from /home/airflow/.local/lib/python3.12/site-packages/airflow/example_dags/example_inlet_event_extra.py
[2024-12-19T06:42:52.314+0000] {processor.py:925} INFO - DAG(s) 'read_dataset_event', 'read_dataset_event_from_classic' retrieved from /home/airflow/.local/lib/python3.12/site-packages/airflow/example_dags/example_inlet_event_extra.py
[2024-12-19T06:42:52.346+0000] {logging_mixin.py:190} INFO - [2024-12-19T06:42:52.345+0000] {dag.py:3239} INFO - Sync 2 DAGs
[2024-12-19T06:42:52.375+0000] {logging_mixin.py:190} INFO - [2024-12-19T06:42:52.374+0000] {dag.py:4180} INFO - Setting next_dagrun for read_dataset_event to 2024-12-18 00:00:00+00:00, run_after=2024-12-19 00:00:00+00:00
[2024-12-19T06:42:52.381+0000] {logging_mixin.py:190} INFO - [2024-12-19T06:42:52.381+0000] {dag.py:4180} INFO - Setting next_dagrun for read_dataset_event_from_classic to 2024-12-18 00:00:00+00:00, run_after=2024-12-19 00:00:00+00:00
[2024-12-19T06:42:52.407+0000] {processor.py:208} INFO - Processing /home/airflow/.local/lib/python3.12/site-packages/airflow/example_dags/example_inlet_event_extra.py took 0.812 seconds
[2024-12-19T06:43:23.104+0000] {processor.py:186} INFO - Started process (PID=335) to work on /home/airflow/.local/lib/python3.12/site-packages/airflow/example_dags/example_inlet_event_extra.py
[2024-12-19T06:43:23.106+0000] {processor.py:914} INFO - Processing file /home/airflow/.local/lib/python3.12/site-packages/airflow/example_dags/example_inlet_event_extra.py for tasks to queue
[2024-12-19T06:43:23.111+0000] {logging_mixin.py:190} INFO - [2024-12-19T06:43:23.110+0000] {dagbag.py:588} INFO - Filling up the DagBag from /home/airflow/.local/lib/python3.12/site-packages/airflow/example_dags/example_inlet_event_extra.py
[2024-12-19T06:43:23.808+0000] {processor.py:925} INFO - DAG(s) 'read_dataset_event_from_classic', 'read_dataset_event' retrieved from /home/airflow/.local/lib/python3.12/site-packages/airflow/example_dags/example_inlet_event_extra.py
[2024-12-19T06:43:23.831+0000] {logging_mixin.py:190} INFO - [2024-12-19T06:43:23.830+0000] {dag.py:3239} INFO - Sync 2 DAGs
[2024-12-19T06:43:23.856+0000] {logging_mixin.py:190} INFO - [2024-12-19T06:43:23.855+0000] {dag.py:4180} INFO - Setting next_dagrun for read_dataset_event to 2024-12-18 00:00:00+00:00, run_after=2024-12-19 00:00:00+00:00
[2024-12-19T06:43:23.860+0000] {logging_mixin.py:190} INFO - [2024-12-19T06:43:23.860+0000] {dag.py:4180} INFO - Setting next_dagrun for read_dataset_event_from_classic to 2024-12-18 00:00:00+00:00, run_after=2024-12-19 00:00:00+00:00
[2024-12-19T06:43:23.882+0000] {processor.py:208} INFO - Processing /home/airflow/.local/lib/python3.12/site-packages/airflow/example_dags/example_inlet_event_extra.py took 0.790 seconds
[2024-12-19T06:43:54.503+0000] {processor.py:186} INFO - Started process (PID=399) to work on /home/airflow/.local/lib/python3.12/site-packages/airflow/example_dags/example_inlet_event_extra.py
[2024-12-19T06:43:54.505+0000] {processor.py:914} INFO - Processing file /home/airflow/.local/lib/python3.12/site-packages/airflow/example_dags/example_inlet_event_extra.py for tasks to queue
[2024-12-19T06:43:54.509+0000] {logging_mixin.py:190} INFO - [2024-12-19T06:43:54.509+0000] {dagbag.py:588} INFO - Filling up the DagBag from /home/airflow/.local/lib/python3.12/site-packages/airflow/example_dags/example_inlet_event_extra.py
[2024-12-19T06:43:55.257+0000] {processor.py:925} INFO - DAG(s) 'read_dataset_event', 'read_dataset_event_from_classic' retrieved from /home/airflow/.local/lib/python3.12/site-packages/airflow/example_dags/example_inlet_event_extra.py
[2024-12-19T06:43:55.284+0000] {logging_mixin.py:190} INFO - [2024-12-19T06:43:55.283+0000] {dag.py:3239} INFO - Sync 2 DAGs
[2024-12-19T06:43:55.314+0000] {logging_mixin.py:190} INFO - [2024-12-19T06:43:55.314+0000] {dag.py:4180} INFO - Setting next_dagrun for read_dataset_event to 2024-12-18 00:00:00+00:00, run_after=2024-12-19 00:00:00+00:00
[2024-12-19T06:43:55.321+0000] {logging_mixin.py:190} INFO - [2024-12-19T06:43:55.321+0000] {dag.py:4180} INFO - Setting next_dagrun for read_dataset_event_from_classic to 2024-12-18 00:00:00+00:00, run_after=2024-12-19 00:00:00+00:00
[2024-12-19T06:43:55.341+0000] {processor.py:208} INFO - Processing /home/airflow/.local/lib/python3.12/site-packages/airflow/example_dags/example_inlet_event_extra.py took 0.849 seconds
[2024-12-19T06:44:26.328+0000] {processor.py:186} INFO - Started process (PID=463) to work on /home/airflow/.local/lib/python3.12/site-packages/airflow/example_dags/example_inlet_event_extra.py
[2024-12-19T06:44:26.330+0000] {processor.py:914} INFO - Processing file /home/airflow/.local/lib/python3.12/site-packages/airflow/example_dags/example_inlet_event_extra.py for tasks to queue
[2024-12-19T06:44:26.333+0000] {logging_mixin.py:190} INFO - [2024-12-19T06:44:26.333+0000] {dagbag.py:588} INFO - Filling up the DagBag from /home/airflow/.local/lib/python3.12/site-packages/airflow/example_dags/example_inlet_event_extra.py
[2024-12-19T06:44:27.074+0000] {processor.py:925} INFO - DAG(s) 'read_dataset_event', 'read_dataset_event_from_classic' retrieved from /home/airflow/.local/lib/python3.12/site-packages/airflow/example_dags/example_inlet_event_extra.py
[2024-12-19T06:44:27.105+0000] {logging_mixin.py:190} INFO - [2024-12-19T06:44:27.104+0000] {dag.py:3239} INFO - Sync 2 DAGs
[2024-12-19T06:44:27.139+0000] {logging_mixin.py:190} INFO - [2024-12-19T06:44:27.139+0000] {dag.py:4180} INFO - Setting next_dagrun for read_dataset_event to 2024-12-18 00:00:00+00:00, run_after=2024-12-19 00:00:00+00:00
[2024-12-19T06:44:27.145+0000] {logging_mixin.py:190} INFO - [2024-12-19T06:44:27.145+0000] {dag.py:4180} INFO - Setting next_dagrun for read_dataset_event_from_classic to 2024-12-18 00:00:00+00:00, run_after=2024-12-19 00:00:00+00:00
[2024-12-19T06:44:27.167+0000] {processor.py:208} INFO - Processing /home/airflow/.local/lib/python3.12/site-packages/airflow/example_dags/example_inlet_event_extra.py took 0.849 seconds
[2024-12-19T06:44:57.926+0000] {processor.py:186} INFO - Started process (PID=527) to work on /home/airflow/.local/lib/python3.12/site-packages/airflow/example_dags/example_inlet_event_extra.py
[2024-12-19T06:44:57.927+0000] {processor.py:914} INFO - Processing file /home/airflow/.local/lib/python3.12/site-packages/airflow/example_dags/example_inlet_event_extra.py for tasks to queue
[2024-12-19T06:44:57.932+0000] {logging_mixin.py:190} INFO - [2024-12-19T06:44:57.931+0000] {dagbag.py:588} INFO - Filling up the DagBag from /home/airflow/.local/lib/python3.12/site-packages/airflow/example_dags/example_inlet_event_extra.py
[2024-12-19T06:44:58.665+0000] {processor.py:925} INFO - DAG(s) 'read_dataset_event', 'read_dataset_event_from_classic' retrieved from /home/airflow/.local/lib/python3.12/site-packages/airflow/example_dags/example_inlet_event_extra.py
[2024-12-19T06:44:58.691+0000] {logging_mixin.py:190} INFO - [2024-12-19T06:44:58.691+0000] {dag.py:3239} INFO - Sync 2 DAGs
[2024-12-19T06:44:58.728+0000] {logging_mixin.py:190} INFO - [2024-12-19T06:44:58.728+0000] {dag.py:4180} INFO - Setting next_dagrun for read_dataset_event to 2024-12-18 00:00:00+00:00, run_after=2024-12-19 00:00:00+00:00
[2024-12-19T06:44:58.735+0000] {logging_mixin.py:190} INFO - [2024-12-19T06:44:58.734+0000] {dag.py:4180} INFO - Setting next_dagrun for read_dataset_event_from_classic to 2024-12-18 00:00:00+00:00, run_after=2024-12-19 00:00:00+00:00
[2024-12-19T06:44:58.760+0000] {processor.py:208} INFO - Processing /home/airflow/.local/lib/python3.12/site-packages/airflow/example_dags/example_inlet_event_extra.py took 0.843 seconds
[2024-12-19T06:45:29.606+0000] {processor.py:186} INFO - Started process (PID=591) to work on /home/airflow/.local/lib/python3.12/site-packages/airflow/example_dags/example_inlet_event_extra.py
[2024-12-19T06:45:29.608+0000] {processor.py:914} INFO - Processing file /home/airflow/.local/lib/python3.12/site-packages/airflow/example_dags/example_inlet_event_extra.py for tasks to queue
[2024-12-19T06:45:29.611+0000] {logging_mixin.py:190} INFO - [2024-12-19T06:45:29.611+0000] {dagbag.py:588} INFO - Filling up the DagBag from /home/airflow/.local/lib/python3.12/site-packages/airflow/example_dags/example_inlet_event_extra.py
[2024-12-19T06:45:30.341+0000] {processor.py:925} INFO - DAG(s) 'read_dataset_event', 'read_dataset_event_from_classic' retrieved from /home/airflow/.local/lib/python3.12/site-packages/airflow/example_dags/example_inlet_event_extra.py
[2024-12-19T06:45:30.372+0000] {logging_mixin.py:190} INFO - [2024-12-19T06:45:30.372+0000] {dag.py:3239} INFO - Sync 2 DAGs
[2024-12-19T06:45:30.404+0000] {logging_mixin.py:190} INFO - [2024-12-19T06:45:30.403+0000] {dag.py:4180} INFO - Setting next_dagrun for read_dataset_event to 2024-12-18 00:00:00+00:00, run_after=2024-12-19 00:00:00+00:00
[2024-12-19T06:45:30.410+0000] {logging_mixin.py:190} INFO - [2024-12-19T06:45:30.410+0000] {dag.py:4180} INFO - Setting next_dagrun for read_dataset_event_from_classic to 2024-12-18 00:00:00+00:00, run_after=2024-12-19 00:00:00+00:00
[2024-12-19T06:45:30.431+0000] {processor.py:208} INFO - Processing /home/airflow/.local/lib/python3.12/site-packages/airflow/example_dags/example_inlet_event_extra.py took 0.834 seconds
[2024-12-19T06:46:00.624+0000] {processor.py:186} INFO - Started process (PID=655) to work on /home/airflow/.local/lib/python3.12/site-packages/airflow/example_dags/example_inlet_event_extra.py
[2024-12-19T06:46:00.627+0000] {processor.py:914} INFO - Processing file /home/airflow/.local/lib/python3.12/site-packages/airflow/example_dags/example_inlet_event_extra.py for tasks to queue
[2024-12-19T06:46:00.631+0000] {logging_mixin.py:190} INFO - [2024-12-19T06:46:00.631+0000] {dagbag.py:588} INFO - Filling up the DagBag from /home/airflow/.local/lib/python3.12/site-packages/airflow/example_dags/example_inlet_event_extra.py
[2024-12-19T06:46:01.389+0000] {processor.py:925} INFO - DAG(s) 'read_dataset_event', 'read_dataset_event_from_classic' retrieved from /home/airflow/.local/lib/python3.12/site-packages/airflow/example_dags/example_inlet_event_extra.py
[2024-12-19T06:46:01.417+0000] {logging_mixin.py:190} INFO - [2024-12-19T06:46:01.417+0000] {dag.py:3239} INFO - Sync 2 DAGs
[2024-12-19T06:46:01.449+0000] {logging_mixin.py:190} INFO - [2024-12-19T06:46:01.449+0000] {dag.py:4180} INFO - Setting next_dagrun for read_dataset_event to 2024-12-18 00:00:00+00:00, run_after=2024-12-19 00:00:00+00:00
[2024-12-19T06:46:01.456+0000] {logging_mixin.py:190} INFO - [2024-12-19T06:46:01.456+0000] {dag.py:4180} INFO - Setting next_dagrun for read_dataset_event_from_classic to 2024-12-18 00:00:00+00:00, run_after=2024-12-19 00:00:00+00:00
[2024-12-19T06:46:01.482+0000] {processor.py:208} INFO - Processing /home/airflow/.local/lib/python3.12/site-packages/airflow/example_dags/example_inlet_event_extra.py took 0.867 seconds
[2024-12-19T06:46:32.069+0000] {processor.py:186} INFO - Started process (PID=719) to work on /home/airflow/.local/lib/python3.12/site-packages/airflow/example_dags/example_inlet_event_extra.py
[2024-12-19T06:46:32.071+0000] {processor.py:914} INFO - Processing file /home/airflow/.local/lib/python3.12/site-packages/airflow/example_dags/example_inlet_event_extra.py for tasks to queue
[2024-12-19T06:46:32.076+0000] {logging_mixin.py:190} INFO - [2024-12-19T06:46:32.076+0000] {dagbag.py:588} INFO - Filling up the DagBag from /home/airflow/.local/lib/python3.12/site-packages/airflow/example_dags/example_inlet_event_extra.py
[2024-12-19T06:46:32.854+0000] {processor.py:925} INFO - DAG(s) 'read_dataset_event_from_classic', 'read_dataset_event' retrieved from /home/airflow/.local/lib/python3.12/site-packages/airflow/example_dags/example_inlet_event_extra.py
[2024-12-19T06:46:32.881+0000] {logging_mixin.py:190} INFO - [2024-12-19T06:46:32.881+0000] {dag.py:3239} INFO - Sync 2 DAGs
[2024-12-19T06:46:32.911+0000] {logging_mixin.py:190} INFO - [2024-12-19T06:46:32.911+0000] {dag.py:4180} INFO - Setting next_dagrun for read_dataset_event to 2024-12-18 00:00:00+00:00, run_after=2024-12-19 00:00:00+00:00
[2024-12-19T06:46:32.918+0000] {logging_mixin.py:190} INFO - [2024-12-19T06:46:32.918+0000] {dag.py:4180} INFO - Setting next_dagrun for read_dataset_event_from_classic to 2024-12-18 00:00:00+00:00, run_after=2024-12-19 00:00:00+00:00
[2024-12-19T06:46:32.944+0000] {processor.py:208} INFO - Processing /home/airflow/.local/lib/python3.12/site-packages/airflow/example_dags/example_inlet_event_extra.py took 0.883 seconds
[2024-12-19T06:47:03.487+0000] {processor.py:186} INFO - Started process (PID=783) to work on /home/airflow/.local/lib/python3.12/site-packages/airflow/example_dags/example_inlet_event_extra.py
[2024-12-19T06:47:03.488+0000] {processor.py:914} INFO - Processing file /home/airflow/.local/lib/python3.12/site-packages/airflow/example_dags/example_inlet_event_extra.py for tasks to queue
[2024-12-19T06:47:03.491+0000] {logging_mixin.py:190} INFO - [2024-12-19T06:47:03.491+0000] {dagbag.py:588} INFO - Filling up the DagBag from /home/airflow/.local/lib/python3.12/site-packages/airflow/example_dags/example_inlet_event_extra.py
[2024-12-19T06:47:04.223+0000] {processor.py:925} INFO - DAG(s) 'read_dataset_event', 'read_dataset_event_from_classic' retrieved from /home/airflow/.local/lib/python3.12/site-packages/airflow/example_dags/example_inlet_event_extra.py
[2024-12-19T06:47:04.252+0000] {logging_mixin.py:190} INFO - [2024-12-19T06:47:04.252+0000] {dag.py:3239} INFO - Sync 2 DAGs
[2024-12-19T06:47:04.286+0000] {logging_mixin.py:190} INFO - [2024-12-19T06:47:04.286+0000] {dag.py:4180} INFO - Setting next_dagrun for read_dataset_event to 2024-12-18 00:00:00+00:00, run_after=2024-12-19 00:00:00+00:00
[2024-12-19T06:47:04.293+0000] {logging_mixin.py:190} INFO - [2024-12-19T06:47:04.292+0000] {dag.py:4180} INFO - Setting next_dagrun for read_dataset_event_from_classic to 2024-12-18 00:00:00+00:00, run_after=2024-12-19 00:00:00+00:00
[2024-12-19T06:47:04.318+0000] {processor.py:208} INFO - Processing /home/airflow/.local/lib/python3.12/site-packages/airflow/example_dags/example_inlet_event_extra.py took 0.844 seconds
[2024-12-19T06:47:34.532+0000] {processor.py:186} INFO - Started process (PID=846) to work on /home/airflow/.local/lib/python3.12/site-packages/airflow/example_dags/example_inlet_event_extra.py
[2024-12-19T06:47:34.533+0000] {processor.py:914} INFO - Processing file /home/airflow/.local/lib/python3.12/site-packages/airflow/example_dags/example_inlet_event_extra.py for tasks to queue
[2024-12-19T06:47:34.538+0000] {logging_mixin.py:190} INFO - [2024-12-19T06:47:34.537+0000] {dagbag.py:588} INFO - Filling up the DagBag from /home/airflow/.local/lib/python3.12/site-packages/airflow/example_dags/example_inlet_event_extra.py
[2024-12-19T06:47:35.274+0000] {processor.py:925} INFO - DAG(s) 'read_dataset_event_from_classic', 'read_dataset_event' retrieved from /home/airflow/.local/lib/python3.12/site-packages/airflow/example_dags/example_inlet_event_extra.py
[2024-12-19T06:47:35.310+0000] {logging_mixin.py:190} INFO - [2024-12-19T06:47:35.309+0000] {dag.py:3239} INFO - Sync 2 DAGs
[2024-12-19T06:47:35.347+0000] {logging_mixin.py:190} INFO - [2024-12-19T06:47:35.347+0000] {dag.py:4180} INFO - Setting next_dagrun for read_dataset_event to 2024-12-18 00:00:00+00:00, run_after=2024-12-19 00:00:00+00:00
[2024-12-19T06:47:35.354+0000] {logging_mixin.py:190} INFO - [2024-12-19T06:47:35.354+0000] {dag.py:4180} INFO - Setting next_dagrun for read_dataset_event_from_classic to 2024-12-18 00:00:00+00:00, run_after=2024-12-19 00:00:00+00:00
[2024-12-19T06:47:35.387+0000] {processor.py:208} INFO - Processing /home/airflow/.local/lib/python3.12/site-packages/airflow/example_dags/example_inlet_event_extra.py took 0.867 seconds
[2024-12-19T06:48:05.541+0000] {processor.py:186} INFO - Started process (PID=909) to work on /home/airflow/.local/lib/python3.12/site-packages/airflow/example_dags/example_inlet_event_extra.py
[2024-12-19T06:48:05.543+0000] {processor.py:914} INFO - Processing file /home/airflow/.local/lib/python3.12/site-packages/airflow/example_dags/example_inlet_event_extra.py for tasks to queue
[2024-12-19T06:48:05.548+0000] {logging_mixin.py:190} INFO - [2024-12-19T06:48:05.548+0000] {dagbag.py:588} INFO - Filling up the DagBag from /home/airflow/.local/lib/python3.12/site-packages/airflow/example_dags/example_inlet_event_extra.py
[2024-12-19T06:48:06.251+0000] {processor.py:925} INFO - DAG(s) 'read_dataset_event_from_classic', 'read_dataset_event' retrieved from /home/airflow/.local/lib/python3.12/site-packages/airflow/example_dags/example_inlet_event_extra.py
[2024-12-19T06:48:06.280+0000] {logging_mixin.py:190} INFO - [2024-12-19T06:48:06.279+0000] {dag.py:3239} INFO - Sync 2 DAGs
[2024-12-19T06:48:06.312+0000] {logging_mixin.py:190} INFO - [2024-12-19T06:48:06.312+0000] {dag.py:4180} INFO - Setting next_dagrun for read_dataset_event to 2024-12-18 00:00:00+00:00, run_after=2024-12-19 00:00:00+00:00
[2024-12-19T06:48:06.319+0000] {logging_mixin.py:190} INFO - [2024-12-19T06:48:06.319+0000] {dag.py:4180} INFO - Setting next_dagrun for read_dataset_event_from_classic to 2024-12-18 00:00:00+00:00, run_after=2024-12-19 00:00:00+00:00
[2024-12-19T06:48:06.344+0000] {processor.py:208} INFO - Processing /home/airflow/.local/lib/python3.12/site-packages/airflow/example_dags/example_inlet_event_extra.py took 0.816 seconds
