[2024-12-19T06:41:21.369+0000] {processor.py:186} INFO - Started process (PID=116) to work on /home/airflow/.local/lib/python3.12/site-packages/airflow/example_dags/example_latest_only.py
[2024-12-19T06:41:21.371+0000] {processor.py:914} INFO - Processing file /home/airflow/.local/lib/python3.12/site-packages/airflow/example_dags/example_latest_only.py for tasks to queue
[2024-12-19T06:41:21.374+0000] {logging_mixin.py:190} INFO - [2024-12-19T06:41:21.374+0000] {dagbag.py:588} INFO - Filling up the DagBag from /home/airflow/.local/lib/python3.12/site-packages/airflow/example_dags/example_latest_only.py
[2024-12-19T06:41:21.387+0000] {processor.py:925} INFO - DAG(s) 'latest_only' retrieved from /home/airflow/.local/lib/python3.12/site-packages/airflow/example_dags/example_latest_only.py
[2024-12-19T06:41:21.414+0000] {logging_mixin.py:190} INFO - [2024-12-19T06:41:21.413+0000] {dag.py:3239} INFO - Sync 1 DAGs
[2024-12-19T06:41:21.442+0000] {logging_mixin.py:190} INFO - [2024-12-19T06:41:21.442+0000] {dag.py:4180} INFO - Setting next_dagrun for latest_only to 2024-12-19 00:00:00+00:00, run_after=2024-12-19 04:00:00+00:00
[2024-12-19T06:41:21.468+0000] {processor.py:208} INFO - Processing /home/airflow/.local/lib/python3.12/site-packages/airflow/example_dags/example_latest_only.py took 0.109 seconds
[2024-12-19T06:41:52.193+0000] {processor.py:186} INFO - Started process (PID=180) to work on /home/airflow/.local/lib/python3.12/site-packages/airflow/example_dags/example_latest_only.py
[2024-12-19T06:41:52.195+0000] {processor.py:914} INFO - Processing file /home/airflow/.local/lib/python3.12/site-packages/airflow/example_dags/example_latest_only.py for tasks to queue
[2024-12-19T06:41:52.199+0000] {logging_mixin.py:190} INFO - [2024-12-19T06:41:52.199+0000] {dagbag.py:588} INFO - Filling up the DagBag from /home/airflow/.local/lib/python3.12/site-packages/airflow/example_dags/example_latest_only.py
[2024-12-19T06:41:52.207+0000] {processor.py:925} INFO - DAG(s) 'latest_only' retrieved from /home/airflow/.local/lib/python3.12/site-packages/airflow/example_dags/example_latest_only.py
[2024-12-19T06:41:52.230+0000] {logging_mixin.py:190} INFO - [2024-12-19T06:41:52.230+0000] {dag.py:3239} INFO - Sync 1 DAGs
[2024-12-19T06:41:52.260+0000] {logging_mixin.py:190} INFO - [2024-12-19T06:41:52.260+0000] {dag.py:4180} INFO - Setting next_dagrun for latest_only to 2024-12-19 00:00:00+00:00, run_after=2024-12-19 04:00:00+00:00
[2024-12-19T06:41:52.282+0000] {processor.py:208} INFO - Processing /home/airflow/.local/lib/python3.12/site-packages/airflow/example_dags/example_latest_only.py took 0.096 seconds
[2024-12-19T06:42:24.204+0000] {processor.py:186} INFO - Started process (PID=244) to work on /home/airflow/.local/lib/python3.12/site-packages/airflow/example_dags/example_latest_only.py
[2024-12-19T06:42:24.205+0000] {processor.py:914} INFO - Processing file /home/airflow/.local/lib/python3.12/site-packages/airflow/example_dags/example_latest_only.py for tasks to queue
[2024-12-19T06:42:24.207+0000] {logging_mixin.py:190} INFO - [2024-12-19T06:42:24.207+0000] {dagbag.py:588} INFO - Filling up the DagBag from /home/airflow/.local/lib/python3.12/site-packages/airflow/example_dags/example_latest_only.py
[2024-12-19T06:42:24.213+0000] {processor.py:925} INFO - DAG(s) 'latest_only' retrieved from /home/airflow/.local/lib/python3.12/site-packages/airflow/example_dags/example_latest_only.py
[2024-12-19T06:42:24.230+0000] {logging_mixin.py:190} INFO - [2024-12-19T06:42:24.230+0000] {dag.py:3239} INFO - Sync 1 DAGs
[2024-12-19T06:42:24.251+0000] {logging_mixin.py:190} INFO - [2024-12-19T06:42:24.250+0000] {dag.py:4180} INFO - Setting next_dagrun for latest_only to 2024-12-19 00:00:00+00:00, run_after=2024-12-19 04:00:00+00:00
[2024-12-19T06:42:24.267+0000] {processor.py:208} INFO - Processing /home/airflow/.local/lib/python3.12/site-packages/airflow/example_dags/example_latest_only.py took 0.069 seconds
[2024-12-19T06:42:55.541+0000] {processor.py:186} INFO - Started process (PID=308) to work on /home/airflow/.local/lib/python3.12/site-packages/airflow/example_dags/example_latest_only.py
[2024-12-19T06:42:55.542+0000] {processor.py:914} INFO - Processing file /home/airflow/.local/lib/python3.12/site-packages/airflow/example_dags/example_latest_only.py for tasks to queue
[2024-12-19T06:42:55.545+0000] {logging_mixin.py:190} INFO - [2024-12-19T06:42:55.544+0000] {dagbag.py:588} INFO - Filling up the DagBag from /home/airflow/.local/lib/python3.12/site-packages/airflow/example_dags/example_latest_only.py
[2024-12-19T06:42:55.552+0000] {processor.py:925} INFO - DAG(s) 'latest_only' retrieved from /home/airflow/.local/lib/python3.12/site-packages/airflow/example_dags/example_latest_only.py
[2024-12-19T06:42:55.572+0000] {logging_mixin.py:190} INFO - [2024-12-19T06:42:55.572+0000] {dag.py:3239} INFO - Sync 1 DAGs
[2024-12-19T06:42:55.597+0000] {logging_mixin.py:190} INFO - [2024-12-19T06:42:55.597+0000] {dag.py:4180} INFO - Setting next_dagrun for latest_only to 2024-12-19 00:00:00+00:00, run_after=2024-12-19 04:00:00+00:00
[2024-12-19T06:42:55.616+0000] {processor.py:208} INFO - Processing /home/airflow/.local/lib/python3.12/site-packages/airflow/example_dags/example_latest_only.py took 0.080 seconds
[2024-12-19T06:43:26.653+0000] {processor.py:186} INFO - Started process (PID=372) to work on /home/airflow/.local/lib/python3.12/site-packages/airflow/example_dags/example_latest_only.py
[2024-12-19T06:43:26.654+0000] {processor.py:914} INFO - Processing file /home/airflow/.local/lib/python3.12/site-packages/airflow/example_dags/example_latest_only.py for tasks to queue
[2024-12-19T06:43:26.656+0000] {logging_mixin.py:190} INFO - [2024-12-19T06:43:26.656+0000] {dagbag.py:588} INFO - Filling up the DagBag from /home/airflow/.local/lib/python3.12/site-packages/airflow/example_dags/example_latest_only.py
[2024-12-19T06:43:26.663+0000] {processor.py:925} INFO - DAG(s) 'latest_only' retrieved from /home/airflow/.local/lib/python3.12/site-packages/airflow/example_dags/example_latest_only.py
[2024-12-19T06:43:26.680+0000] {logging_mixin.py:190} INFO - [2024-12-19T06:43:26.680+0000] {dag.py:3239} INFO - Sync 1 DAGs
[2024-12-19T06:43:26.700+0000] {logging_mixin.py:190} INFO - [2024-12-19T06:43:26.700+0000] {dag.py:4180} INFO - Setting next_dagrun for latest_only to 2024-12-19 00:00:00+00:00, run_after=2024-12-19 04:00:00+00:00
[2024-12-19T06:43:26.718+0000] {processor.py:208} INFO - Processing /home/airflow/.local/lib/python3.12/site-packages/airflow/example_dags/example_latest_only.py took 0.071 seconds
[2024-12-19T06:43:58.753+0000] {processor.py:186} INFO - Started process (PID=436) to work on /home/airflow/.local/lib/python3.12/site-packages/airflow/example_dags/example_latest_only.py
[2024-12-19T06:43:58.754+0000] {processor.py:914} INFO - Processing file /home/airflow/.local/lib/python3.12/site-packages/airflow/example_dags/example_latest_only.py for tasks to queue
[2024-12-19T06:43:58.757+0000] {logging_mixin.py:190} INFO - [2024-12-19T06:43:58.756+0000] {dagbag.py:588} INFO - Filling up the DagBag from /home/airflow/.local/lib/python3.12/site-packages/airflow/example_dags/example_latest_only.py
[2024-12-19T06:43:58.767+0000] {processor.py:925} INFO - DAG(s) 'latest_only' retrieved from /home/airflow/.local/lib/python3.12/site-packages/airflow/example_dags/example_latest_only.py
[2024-12-19T06:43:58.785+0000] {logging_mixin.py:190} INFO - [2024-12-19T06:43:58.785+0000] {dag.py:3239} INFO - Sync 1 DAGs
[2024-12-19T06:43:58.812+0000] {logging_mixin.py:190} INFO - [2024-12-19T06:43:58.812+0000] {dag.py:4180} INFO - Setting next_dagrun for latest_only to 2024-12-19 00:00:00+00:00, run_after=2024-12-19 04:00:00+00:00
[2024-12-19T06:43:58.834+0000] {processor.py:208} INFO - Processing /home/airflow/.local/lib/python3.12/site-packages/airflow/example_dags/example_latest_only.py took 0.088 seconds
[2024-12-19T06:44:30.477+0000] {processor.py:186} INFO - Started process (PID=500) to work on /home/airflow/.local/lib/python3.12/site-packages/airflow/example_dags/example_latest_only.py
[2024-12-19T06:44:30.479+0000] {processor.py:914} INFO - Processing file /home/airflow/.local/lib/python3.12/site-packages/airflow/example_dags/example_latest_only.py for tasks to queue
[2024-12-19T06:44:30.483+0000] {logging_mixin.py:190} INFO - [2024-12-19T06:44:30.482+0000] {dagbag.py:588} INFO - Filling up the DagBag from /home/airflow/.local/lib/python3.12/site-packages/airflow/example_dags/example_latest_only.py
[2024-12-19T06:44:30.492+0000] {processor.py:925} INFO - DAG(s) 'latest_only' retrieved from /home/airflow/.local/lib/python3.12/site-packages/airflow/example_dags/example_latest_only.py
[2024-12-19T06:44:30.513+0000] {logging_mixin.py:190} INFO - [2024-12-19T06:44:30.512+0000] {dag.py:3239} INFO - Sync 1 DAGs
[2024-12-19T06:44:30.540+0000] {logging_mixin.py:190} INFO - [2024-12-19T06:44:30.540+0000] {dag.py:4180} INFO - Setting next_dagrun for latest_only to 2024-12-19 00:00:00+00:00, run_after=2024-12-19 04:00:00+00:00
[2024-12-19T06:44:30.569+0000] {processor.py:208} INFO - Processing /home/airflow/.local/lib/python3.12/site-packages/airflow/example_dags/example_latest_only.py took 0.099 seconds
[2024-12-19T06:45:02.406+0000] {processor.py:186} INFO - Started process (PID=564) to work on /home/airflow/.local/lib/python3.12/site-packages/airflow/example_dags/example_latest_only.py
[2024-12-19T06:45:02.408+0000] {processor.py:914} INFO - Processing file /home/airflow/.local/lib/python3.12/site-packages/airflow/example_dags/example_latest_only.py for tasks to queue
[2024-12-19T06:45:02.410+0000] {logging_mixin.py:190} INFO - [2024-12-19T06:45:02.410+0000] {dagbag.py:588} INFO - Filling up the DagBag from /home/airflow/.local/lib/python3.12/site-packages/airflow/example_dags/example_latest_only.py
[2024-12-19T06:45:02.417+0000] {processor.py:925} INFO - DAG(s) 'latest_only' retrieved from /home/airflow/.local/lib/python3.12/site-packages/airflow/example_dags/example_latest_only.py
[2024-12-19T06:45:02.436+0000] {logging_mixin.py:190} INFO - [2024-12-19T06:45:02.436+0000] {dag.py:3239} INFO - Sync 1 DAGs
[2024-12-19T06:45:02.460+0000] {logging_mixin.py:190} INFO - [2024-12-19T06:45:02.460+0000] {dag.py:4180} INFO - Setting next_dagrun for latest_only to 2024-12-19 00:00:00+00:00, run_after=2024-12-19 04:00:00+00:00
[2024-12-19T06:45:02.490+0000] {processor.py:208} INFO - Processing /home/airflow/.local/lib/python3.12/site-packages/airflow/example_dags/example_latest_only.py took 0.092 seconds
[2024-12-19T06:45:34.048+0000] {processor.py:186} INFO - Started process (PID=628) to work on /home/airflow/.local/lib/python3.12/site-packages/airflow/example_dags/example_latest_only.py
[2024-12-19T06:45:34.049+0000] {processor.py:914} INFO - Processing file /home/airflow/.local/lib/python3.12/site-packages/airflow/example_dags/example_latest_only.py for tasks to queue
[2024-12-19T06:45:34.052+0000] {logging_mixin.py:190} INFO - [2024-12-19T06:45:34.052+0000] {dagbag.py:588} INFO - Filling up the DagBag from /home/airflow/.local/lib/python3.12/site-packages/airflow/example_dags/example_latest_only.py
[2024-12-19T06:45:34.060+0000] {processor.py:925} INFO - DAG(s) 'latest_only' retrieved from /home/airflow/.local/lib/python3.12/site-packages/airflow/example_dags/example_latest_only.py
[2024-12-19T06:45:34.081+0000] {logging_mixin.py:190} INFO - [2024-12-19T06:45:34.081+0000] {dag.py:3239} INFO - Sync 1 DAGs
[2024-12-19T06:45:34.104+0000] {logging_mixin.py:190} INFO - [2024-12-19T06:45:34.104+0000] {dag.py:4180} INFO - Setting next_dagrun for latest_only to 2024-12-19 00:00:00+00:00, run_after=2024-12-19 04:00:00+00:00
[2024-12-19T06:45:34.121+0000] {processor.py:208} INFO - Processing /home/airflow/.local/lib/python3.12/site-packages/airflow/example_dags/example_latest_only.py took 0.079 seconds
[2024-12-19T06:46:05.732+0000] {processor.py:186} INFO - Started process (PID=692) to work on /home/airflow/.local/lib/python3.12/site-packages/airflow/example_dags/example_latest_only.py
[2024-12-19T06:46:05.734+0000] {processor.py:914} INFO - Processing file /home/airflow/.local/lib/python3.12/site-packages/airflow/example_dags/example_latest_only.py for tasks to queue
[2024-12-19T06:46:05.736+0000] {logging_mixin.py:190} INFO - [2024-12-19T06:46:05.736+0000] {dagbag.py:588} INFO - Filling up the DagBag from /home/airflow/.local/lib/python3.12/site-packages/airflow/example_dags/example_latest_only.py
[2024-12-19T06:46:05.743+0000] {processor.py:925} INFO - DAG(s) 'latest_only' retrieved from /home/airflow/.local/lib/python3.12/site-packages/airflow/example_dags/example_latest_only.py
[2024-12-19T06:46:05.764+0000] {logging_mixin.py:190} INFO - [2024-12-19T06:46:05.764+0000] {dag.py:3239} INFO - Sync 1 DAGs
[2024-12-19T06:46:05.787+0000] {logging_mixin.py:190} INFO - [2024-12-19T06:46:05.786+0000] {dag.py:4180} INFO - Setting next_dagrun for latest_only to 2024-12-19 00:00:00+00:00, run_after=2024-12-19 04:00:00+00:00
[2024-12-19T06:46:05.807+0000] {processor.py:208} INFO - Processing /home/airflow/.local/lib/python3.12/site-packages/airflow/example_dags/example_latest_only.py took 0.082 seconds
[2024-12-19T06:46:36.599+0000] {processor.py:186} INFO - Started process (PID=756) to work on /home/airflow/.local/lib/python3.12/site-packages/airflow/example_dags/example_latest_only.py
[2024-12-19T06:46:36.601+0000] {processor.py:914} INFO - Processing file /home/airflow/.local/lib/python3.12/site-packages/airflow/example_dags/example_latest_only.py for tasks to queue
[2024-12-19T06:46:36.606+0000] {logging_mixin.py:190} INFO - [2024-12-19T06:46:36.606+0000] {dagbag.py:588} INFO - Filling up the DagBag from /home/airflow/.local/lib/python3.12/site-packages/airflow/example_dags/example_latest_only.py
[2024-12-19T06:46:36.619+0000] {processor.py:925} INFO - DAG(s) 'latest_only' retrieved from /home/airflow/.local/lib/python3.12/site-packages/airflow/example_dags/example_latest_only.py
[2024-12-19T06:46:36.654+0000] {logging_mixin.py:190} INFO - [2024-12-19T06:46:36.654+0000] {dag.py:3239} INFO - Sync 1 DAGs
[2024-12-19T06:46:36.692+0000] {logging_mixin.py:190} INFO - [2024-12-19T06:46:36.691+0000] {dag.py:4180} INFO - Setting next_dagrun for latest_only to 2024-12-19 00:00:00+00:00, run_after=2024-12-19 04:00:00+00:00
[2024-12-19T06:46:36.724+0000] {processor.py:208} INFO - Processing /home/airflow/.local/lib/python3.12/site-packages/airflow/example_dags/example_latest_only.py took 0.137 seconds
[2024-12-19T06:47:07.796+0000] {processor.py:186} INFO - Started process (PID=820) to work on /home/airflow/.local/lib/python3.12/site-packages/airflow/example_dags/example_latest_only.py
[2024-12-19T06:47:07.798+0000] {processor.py:914} INFO - Processing file /home/airflow/.local/lib/python3.12/site-packages/airflow/example_dags/example_latest_only.py for tasks to queue
[2024-12-19T06:47:07.801+0000] {logging_mixin.py:190} INFO - [2024-12-19T06:47:07.801+0000] {dagbag.py:588} INFO - Filling up the DagBag from /home/airflow/.local/lib/python3.12/site-packages/airflow/example_dags/example_latest_only.py
[2024-12-19T06:47:07.813+0000] {processor.py:925} INFO - DAG(s) 'latest_only' retrieved from /home/airflow/.local/lib/python3.12/site-packages/airflow/example_dags/example_latest_only.py
[2024-12-19T06:47:07.838+0000] {logging_mixin.py:190} INFO - [2024-12-19T06:47:07.838+0000] {dag.py:3239} INFO - Sync 1 DAGs
[2024-12-19T06:47:07.867+0000] {logging_mixin.py:190} INFO - [2024-12-19T06:47:07.867+0000] {dag.py:4180} INFO - Setting next_dagrun for latest_only to 2024-12-19 00:00:00+00:00, run_after=2024-12-19 04:00:00+00:00
[2024-12-19T06:47:07.893+0000] {processor.py:208} INFO - Processing /home/airflow/.local/lib/python3.12/site-packages/airflow/example_dags/example_latest_only.py took 0.104 seconds
[2024-12-19T06:47:39.120+0000] {processor.py:186} INFO - Started process (PID=883) to work on /home/airflow/.local/lib/python3.12/site-packages/airflow/example_dags/example_latest_only.py
[2024-12-19T06:47:39.121+0000] {processor.py:914} INFO - Processing file /home/airflow/.local/lib/python3.12/site-packages/airflow/example_dags/example_latest_only.py for tasks to queue
[2024-12-19T06:47:39.123+0000] {logging_mixin.py:190} INFO - [2024-12-19T06:47:39.123+0000] {dagbag.py:588} INFO - Filling up the DagBag from /home/airflow/.local/lib/python3.12/site-packages/airflow/example_dags/example_latest_only.py
[2024-12-19T06:47:39.130+0000] {processor.py:925} INFO - DAG(s) 'latest_only' retrieved from /home/airflow/.local/lib/python3.12/site-packages/airflow/example_dags/example_latest_only.py
[2024-12-19T06:47:39.148+0000] {logging_mixin.py:190} INFO - [2024-12-19T06:47:39.147+0000] {dag.py:3239} INFO - Sync 1 DAGs
[2024-12-19T06:47:39.171+0000] {logging_mixin.py:190} INFO - [2024-12-19T06:47:39.170+0000] {dag.py:4180} INFO - Setting next_dagrun for latest_only to 2024-12-19 00:00:00+00:00, run_after=2024-12-19 04:00:00+00:00
[2024-12-19T06:47:39.198+0000] {processor.py:208} INFO - Processing /home/airflow/.local/lib/python3.12/site-packages/airflow/example_dags/example_latest_only.py took 0.082 seconds
[2024-12-19T06:48:10.600+0000] {processor.py:186} INFO - Started process (PID=946) to work on /home/airflow/.local/lib/python3.12/site-packages/airflow/example_dags/example_latest_only.py
[2024-12-19T06:48:10.601+0000] {processor.py:914} INFO - Processing file /home/airflow/.local/lib/python3.12/site-packages/airflow/example_dags/example_latest_only.py for tasks to queue
[2024-12-19T06:48:10.605+0000] {logging_mixin.py:190} INFO - [2024-12-19T06:48:10.604+0000] {dagbag.py:588} INFO - Filling up the DagBag from /home/airflow/.local/lib/python3.12/site-packages/airflow/example_dags/example_latest_only.py
[2024-12-19T06:48:10.615+0000] {processor.py:925} INFO - DAG(s) 'latest_only' retrieved from /home/airflow/.local/lib/python3.12/site-packages/airflow/example_dags/example_latest_only.py
[2024-12-19T06:48:10.640+0000] {logging_mixin.py:190} INFO - [2024-12-19T06:48:10.640+0000] {dag.py:3239} INFO - Sync 1 DAGs
[2024-12-19T06:48:10.666+0000] {logging_mixin.py:190} INFO - [2024-12-19T06:48:10.666+0000] {dag.py:4180} INFO - Setting next_dagrun for latest_only to 2024-12-19 00:00:00+00:00, run_after=2024-12-19 04:00:00+00:00
[2024-12-19T06:48:10.687+0000] {processor.py:208} INFO - Processing /home/airflow/.local/lib/python3.12/site-packages/airflow/example_dags/example_latest_only.py took 0.094 seconds
