[2024-12-19T06:41:20.226+0000] {processor.py:186} INFO - Started process (PID=102) to work on /home/airflow/.local/lib/python3.12/site-packages/airflow/example_dags/example_branch_python_dop_operator_3.py
[2024-12-19T06:41:20.230+0000] {processor.py:914} INFO - Processing file /home/airflow/.local/lib/python3.12/site-packages/airflow/example_dags/example_branch_python_dop_operator_3.py for tasks to queue
[2024-12-19T06:41:20.236+0000] {logging_mixin.py:190} INFO - [2024-12-19T06:41:20.236+0000] {dagbag.py:588} INFO - Filling up the DagBag from /home/airflow/.local/lib/python3.12/site-packages/airflow/example_dags/example_branch_python_dop_operator_3.py
[2024-12-19T06:41:20.249+0000] {processor.py:925} INFO - DAG(s) 'example_branch_dop_operator_v3' retrieved from /home/airflow/.local/lib/python3.12/site-packages/airflow/example_dags/example_branch_python_dop_operator_3.py
[2024-12-19T06:41:20.270+0000] {logging_mixin.py:190} INFO - [2024-12-19T06:41:20.270+0000] {dag.py:3239} INFO - Sync 1 DAGs
[2024-12-19T06:41:20.295+0000] {logging_mixin.py:190} INFO - [2024-12-19T06:41:20.295+0000] {dag.py:4180} INFO - Setting next_dagrun for example_branch_dop_operator_v3 to 2024-12-19 06:40:00+00:00, run_after=2024-12-19 06:41:00+00:00
[2024-12-19T06:41:20.315+0000] {processor.py:208} INFO - Processing /home/airflow/.local/lib/python3.12/site-packages/airflow/example_dags/example_branch_python_dop_operator_3.py took 0.095 seconds
[2024-12-19T06:41:51.455+0000] {processor.py:186} INFO - Started process (PID=166) to work on /home/airflow/.local/lib/python3.12/site-packages/airflow/example_dags/example_branch_python_dop_operator_3.py
[2024-12-19T06:41:51.456+0000] {processor.py:914} INFO - Processing file /home/airflow/.local/lib/python3.12/site-packages/airflow/example_dags/example_branch_python_dop_operator_3.py for tasks to queue
[2024-12-19T06:41:51.458+0000] {logging_mixin.py:190} INFO - [2024-12-19T06:41:51.458+0000] {dagbag.py:588} INFO - Filling up the DagBag from /home/airflow/.local/lib/python3.12/site-packages/airflow/example_dags/example_branch_python_dop_operator_3.py
[2024-12-19T06:41:51.468+0000] {processor.py:925} INFO - DAG(s) 'example_branch_dop_operator_v3' retrieved from /home/airflow/.local/lib/python3.12/site-packages/airflow/example_dags/example_branch_python_dop_operator_3.py
[2024-12-19T06:41:51.484+0000] {logging_mixin.py:190} INFO - [2024-12-19T06:41:51.484+0000] {dag.py:3239} INFO - Sync 1 DAGs
[2024-12-19T06:41:51.507+0000] {logging_mixin.py:190} INFO - [2024-12-19T06:41:51.507+0000] {dag.py:4180} INFO - Setting next_dagrun for example_branch_dop_operator_v3 to 2024-12-19 06:40:00+00:00, run_after=2024-12-19 06:41:00+00:00
[2024-12-19T06:41:51.523+0000] {processor.py:208} INFO - Processing /home/airflow/.local/lib/python3.12/site-packages/airflow/example_dags/example_branch_python_dop_operator_3.py took 0.074 seconds
[2024-12-19T06:42:23.464+0000] {processor.py:186} INFO - Started process (PID=230) to work on /home/airflow/.local/lib/python3.12/site-packages/airflow/example_dags/example_branch_python_dop_operator_3.py
[2024-12-19T06:42:23.466+0000] {processor.py:914} INFO - Processing file /home/airflow/.local/lib/python3.12/site-packages/airflow/example_dags/example_branch_python_dop_operator_3.py for tasks to queue
[2024-12-19T06:42:23.469+0000] {logging_mixin.py:190} INFO - [2024-12-19T06:42:23.469+0000] {dagbag.py:588} INFO - Filling up the DagBag from /home/airflow/.local/lib/python3.12/site-packages/airflow/example_dags/example_branch_python_dop_operator_3.py
[2024-12-19T06:42:23.484+0000] {processor.py:925} INFO - DAG(s) 'example_branch_dop_operator_v3' retrieved from /home/airflow/.local/lib/python3.12/site-packages/airflow/example_dags/example_branch_python_dop_operator_3.py
[2024-12-19T06:42:23.506+0000] {logging_mixin.py:190} INFO - [2024-12-19T06:42:23.505+0000] {dag.py:3239} INFO - Sync 1 DAGs
[2024-12-19T06:42:23.538+0000] {logging_mixin.py:190} INFO - [2024-12-19T06:42:23.538+0000] {dag.py:4180} INFO - Setting next_dagrun for example_branch_dop_operator_v3 to 2024-12-19 06:41:00+00:00, run_after=2024-12-19 06:42:00+00:00
[2024-12-19T06:42:23.561+0000] {processor.py:208} INFO - Processing /home/airflow/.local/lib/python3.12/site-packages/airflow/example_dags/example_branch_python_dop_operator_3.py took 0.103 seconds
[2024-12-19T06:42:54.685+0000] {processor.py:186} INFO - Started process (PID=294) to work on /home/airflow/.local/lib/python3.12/site-packages/airflow/example_dags/example_branch_python_dop_operator_3.py
[2024-12-19T06:42:54.686+0000] {processor.py:914} INFO - Processing file /home/airflow/.local/lib/python3.12/site-packages/airflow/example_dags/example_branch_python_dop_operator_3.py for tasks to queue
[2024-12-19T06:42:54.689+0000] {logging_mixin.py:190} INFO - [2024-12-19T06:42:54.689+0000] {dagbag.py:588} INFO - Filling up the DagBag from /home/airflow/.local/lib/python3.12/site-packages/airflow/example_dags/example_branch_python_dop_operator_3.py
[2024-12-19T06:42:54.701+0000] {processor.py:925} INFO - DAG(s) 'example_branch_dop_operator_v3' retrieved from /home/airflow/.local/lib/python3.12/site-packages/airflow/example_dags/example_branch_python_dop_operator_3.py
[2024-12-19T06:42:54.722+0000] {logging_mixin.py:190} INFO - [2024-12-19T06:42:54.721+0000] {dag.py:3239} INFO - Sync 1 DAGs
[2024-12-19T06:42:54.744+0000] {logging_mixin.py:190} INFO - [2024-12-19T06:42:54.744+0000] {dag.py:4180} INFO - Setting next_dagrun for example_branch_dop_operator_v3 to 2024-12-19 06:41:00+00:00, run_after=2024-12-19 06:42:00+00:00
[2024-12-19T06:42:54.762+0000] {processor.py:208} INFO - Processing /home/airflow/.local/lib/python3.12/site-packages/airflow/example_dags/example_branch_python_dop_operator_3.py took 0.083 seconds
[2024-12-19T06:43:25.948+0000] {processor.py:186} INFO - Started process (PID=358) to work on /home/airflow/.local/lib/python3.12/site-packages/airflow/example_dags/example_branch_python_dop_operator_3.py
[2024-12-19T06:43:25.949+0000] {processor.py:914} INFO - Processing file /home/airflow/.local/lib/python3.12/site-packages/airflow/example_dags/example_branch_python_dop_operator_3.py for tasks to queue
[2024-12-19T06:43:25.953+0000] {logging_mixin.py:190} INFO - [2024-12-19T06:43:25.953+0000] {dagbag.py:588} INFO - Filling up the DagBag from /home/airflow/.local/lib/python3.12/site-packages/airflow/example_dags/example_branch_python_dop_operator_3.py
[2024-12-19T06:43:25.967+0000] {processor.py:925} INFO - DAG(s) 'example_branch_dop_operator_v3' retrieved from /home/airflow/.local/lib/python3.12/site-packages/airflow/example_dags/example_branch_python_dop_operator_3.py
[2024-12-19T06:43:25.988+0000] {logging_mixin.py:190} INFO - [2024-12-19T06:43:25.987+0000] {dag.py:3239} INFO - Sync 1 DAGs
[2024-12-19T06:43:26.014+0000] {logging_mixin.py:190} INFO - [2024-12-19T06:43:26.013+0000] {dag.py:4180} INFO - Setting next_dagrun for example_branch_dop_operator_v3 to 2024-12-19 06:42:00+00:00, run_after=2024-12-19 06:43:00+00:00
[2024-12-19T06:43:26.034+0000] {processor.py:208} INFO - Processing /home/airflow/.local/lib/python3.12/site-packages/airflow/example_dags/example_branch_python_dop_operator_3.py took 0.093 seconds
[2024-12-19T06:43:57.646+0000] {processor.py:186} INFO - Started process (PID=422) to work on /home/airflow/.local/lib/python3.12/site-packages/airflow/example_dags/example_branch_python_dop_operator_3.py
[2024-12-19T06:43:57.647+0000] {processor.py:914} INFO - Processing file /home/airflow/.local/lib/python3.12/site-packages/airflow/example_dags/example_branch_python_dop_operator_3.py for tasks to queue
[2024-12-19T06:43:57.649+0000] {logging_mixin.py:190} INFO - [2024-12-19T06:43:57.648+0000] {dagbag.py:588} INFO - Filling up the DagBag from /home/airflow/.local/lib/python3.12/site-packages/airflow/example_dags/example_branch_python_dop_operator_3.py
[2024-12-19T06:43:57.658+0000] {processor.py:925} INFO - DAG(s) 'example_branch_dop_operator_v3' retrieved from /home/airflow/.local/lib/python3.12/site-packages/airflow/example_dags/example_branch_python_dop_operator_3.py
[2024-12-19T06:43:57.676+0000] {logging_mixin.py:190} INFO - [2024-12-19T06:43:57.675+0000] {dag.py:3239} INFO - Sync 1 DAGs
[2024-12-19T06:43:57.703+0000] {logging_mixin.py:190} INFO - [2024-12-19T06:43:57.703+0000] {dag.py:4180} INFO - Setting next_dagrun for example_branch_dop_operator_v3 to 2024-12-19 06:42:00+00:00, run_after=2024-12-19 06:43:00+00:00
[2024-12-19T06:43:57.720+0000] {processor.py:208} INFO - Processing /home/airflow/.local/lib/python3.12/site-packages/airflow/example_dags/example_branch_python_dop_operator_3.py took 0.079 seconds
[2024-12-19T06:44:29.359+0000] {processor.py:186} INFO - Started process (PID=486) to work on /home/airflow/.local/lib/python3.12/site-packages/airflow/example_dags/example_branch_python_dop_operator_3.py
[2024-12-19T06:44:29.361+0000] {processor.py:914} INFO - Processing file /home/airflow/.local/lib/python3.12/site-packages/airflow/example_dags/example_branch_python_dop_operator_3.py for tasks to queue
[2024-12-19T06:44:29.364+0000] {logging_mixin.py:190} INFO - [2024-12-19T06:44:29.363+0000] {dagbag.py:588} INFO - Filling up the DagBag from /home/airflow/.local/lib/python3.12/site-packages/airflow/example_dags/example_branch_python_dop_operator_3.py
[2024-12-19T06:44:29.377+0000] {processor.py:925} INFO - DAG(s) 'example_branch_dop_operator_v3' retrieved from /home/airflow/.local/lib/python3.12/site-packages/airflow/example_dags/example_branch_python_dop_operator_3.py
[2024-12-19T06:44:29.405+0000] {logging_mixin.py:190} INFO - [2024-12-19T06:44:29.405+0000] {dag.py:3239} INFO - Sync 1 DAGs
[2024-12-19T06:44:29.432+0000] {logging_mixin.py:190} INFO - [2024-12-19T06:44:29.432+0000] {dag.py:4180} INFO - Setting next_dagrun for example_branch_dop_operator_v3 to 2024-12-19 06:43:00+00:00, run_after=2024-12-19 06:44:00+00:00
[2024-12-19T06:44:29.455+0000] {processor.py:208} INFO - Processing /home/airflow/.local/lib/python3.12/site-packages/airflow/example_dags/example_branch_python_dop_operator_3.py took 0.103 seconds
[2024-12-19T06:45:01.351+0000] {processor.py:186} INFO - Started process (PID=550) to work on /home/airflow/.local/lib/python3.12/site-packages/airflow/example_dags/example_branch_python_dop_operator_3.py
[2024-12-19T06:45:01.353+0000] {processor.py:914} INFO - Processing file /home/airflow/.local/lib/python3.12/site-packages/airflow/example_dags/example_branch_python_dop_operator_3.py for tasks to queue
[2024-12-19T06:45:01.355+0000] {logging_mixin.py:190} INFO - [2024-12-19T06:45:01.355+0000] {dagbag.py:588} INFO - Filling up the DagBag from /home/airflow/.local/lib/python3.12/site-packages/airflow/example_dags/example_branch_python_dop_operator_3.py
[2024-12-19T06:45:01.365+0000] {processor.py:925} INFO - DAG(s) 'example_branch_dop_operator_v3' retrieved from /home/airflow/.local/lib/python3.12/site-packages/airflow/example_dags/example_branch_python_dop_operator_3.py
[2024-12-19T06:45:01.384+0000] {logging_mixin.py:190} INFO - [2024-12-19T06:45:01.384+0000] {dag.py:3239} INFO - Sync 1 DAGs
[2024-12-19T06:45:01.412+0000] {logging_mixin.py:190} INFO - [2024-12-19T06:45:01.412+0000] {dag.py:4180} INFO - Setting next_dagrun for example_branch_dop_operator_v3 to 2024-12-19 06:44:00+00:00, run_after=2024-12-19 06:45:00+00:00
[2024-12-19T06:45:01.431+0000] {processor.py:208} INFO - Processing /home/airflow/.local/lib/python3.12/site-packages/airflow/example_dags/example_branch_python_dop_operator_3.py took 0.087 seconds
[2024-12-19T06:45:32.811+0000] {processor.py:186} INFO - Started process (PID=614) to work on /home/airflow/.local/lib/python3.12/site-packages/airflow/example_dags/example_branch_python_dop_operator_3.py
[2024-12-19T06:45:32.812+0000] {processor.py:914} INFO - Processing file /home/airflow/.local/lib/python3.12/site-packages/airflow/example_dags/example_branch_python_dop_operator_3.py for tasks to queue
[2024-12-19T06:45:32.816+0000] {logging_mixin.py:190} INFO - [2024-12-19T06:45:32.815+0000] {dagbag.py:588} INFO - Filling up the DagBag from /home/airflow/.local/lib/python3.12/site-packages/airflow/example_dags/example_branch_python_dop_operator_3.py
[2024-12-19T06:45:32.831+0000] {processor.py:925} INFO - DAG(s) 'example_branch_dop_operator_v3' retrieved from /home/airflow/.local/lib/python3.12/site-packages/airflow/example_dags/example_branch_python_dop_operator_3.py
[2024-12-19T06:45:32.854+0000] {logging_mixin.py:190} INFO - [2024-12-19T06:45:32.854+0000] {dag.py:3239} INFO - Sync 1 DAGs
[2024-12-19T06:45:32.881+0000] {logging_mixin.py:190} INFO - [2024-12-19T06:45:32.881+0000] {dag.py:4180} INFO - Setting next_dagrun for example_branch_dop_operator_v3 to 2024-12-19 06:44:00+00:00, run_after=2024-12-19 06:45:00+00:00
[2024-12-19T06:45:32.901+0000] {processor.py:208} INFO - Processing /home/airflow/.local/lib/python3.12/site-packages/airflow/example_dags/example_branch_python_dop_operator_3.py took 0.099 seconds
[2024-12-19T06:46:04.521+0000] {processor.py:186} INFO - Started process (PID=678) to work on /home/airflow/.local/lib/python3.12/site-packages/airflow/example_dags/example_branch_python_dop_operator_3.py
[2024-12-19T06:46:04.522+0000] {processor.py:914} INFO - Processing file /home/airflow/.local/lib/python3.12/site-packages/airflow/example_dags/example_branch_python_dop_operator_3.py for tasks to queue
[2024-12-19T06:46:04.526+0000] {logging_mixin.py:190} INFO - [2024-12-19T06:46:04.525+0000] {dagbag.py:588} INFO - Filling up the DagBag from /home/airflow/.local/lib/python3.12/site-packages/airflow/example_dags/example_branch_python_dop_operator_3.py
[2024-12-19T06:46:04.538+0000] {processor.py:925} INFO - DAG(s) 'example_branch_dop_operator_v3' retrieved from /home/airflow/.local/lib/python3.12/site-packages/airflow/example_dags/example_branch_python_dop_operator_3.py
[2024-12-19T06:46:04.562+0000] {logging_mixin.py:190} INFO - [2024-12-19T06:46:04.562+0000] {dag.py:3239} INFO - Sync 1 DAGs
[2024-12-19T06:46:04.590+0000] {logging_mixin.py:190} INFO - [2024-12-19T06:46:04.589+0000] {dag.py:4180} INFO - Setting next_dagrun for example_branch_dop_operator_v3 to 2024-12-19 06:45:00+00:00, run_after=2024-12-19 06:46:00+00:00
[2024-12-19T06:46:04.613+0000] {processor.py:208} INFO - Processing /home/airflow/.local/lib/python3.12/site-packages/airflow/example_dags/example_branch_python_dop_operator_3.py took 0.099 seconds
[2024-12-19T06:46:35.354+0000] {processor.py:186} INFO - Started process (PID=742) to work on /home/airflow/.local/lib/python3.12/site-packages/airflow/example_dags/example_branch_python_dop_operator_3.py
[2024-12-19T06:46:35.355+0000] {processor.py:914} INFO - Processing file /home/airflow/.local/lib/python3.12/site-packages/airflow/example_dags/example_branch_python_dop_operator_3.py for tasks to queue
[2024-12-19T06:46:35.357+0000] {logging_mixin.py:190} INFO - [2024-12-19T06:46:35.357+0000] {dagbag.py:588} INFO - Filling up the DagBag from /home/airflow/.local/lib/python3.12/site-packages/airflow/example_dags/example_branch_python_dop_operator_3.py
[2024-12-19T06:46:35.367+0000] {processor.py:925} INFO - DAG(s) 'example_branch_dop_operator_v3' retrieved from /home/airflow/.local/lib/python3.12/site-packages/airflow/example_dags/example_branch_python_dop_operator_3.py
[2024-12-19T06:46:35.386+0000] {logging_mixin.py:190} INFO - [2024-12-19T06:46:35.386+0000] {dag.py:3239} INFO - Sync 1 DAGs
[2024-12-19T06:46:35.411+0000] {logging_mixin.py:190} INFO - [2024-12-19T06:46:35.411+0000] {dag.py:4180} INFO - Setting next_dagrun for example_branch_dop_operator_v3 to 2024-12-19 06:45:00+00:00, run_after=2024-12-19 06:46:00+00:00
[2024-12-19T06:46:35.430+0000] {processor.py:208} INFO - Processing /home/airflow/.local/lib/python3.12/site-packages/airflow/example_dags/example_branch_python_dop_operator_3.py took 0.082 seconds
[2024-12-19T06:47:06.490+0000] {processor.py:186} INFO - Started process (PID=806) to work on /home/airflow/.local/lib/python3.12/site-packages/airflow/example_dags/example_branch_python_dop_operator_3.py
[2024-12-19T06:47:06.492+0000] {processor.py:914} INFO - Processing file /home/airflow/.local/lib/python3.12/site-packages/airflow/example_dags/example_branch_python_dop_operator_3.py for tasks to queue
[2024-12-19T06:47:06.497+0000] {logging_mixin.py:190} INFO - [2024-12-19T06:47:06.497+0000] {dagbag.py:588} INFO - Filling up the DagBag from /home/airflow/.local/lib/python3.12/site-packages/airflow/example_dags/example_branch_python_dop_operator_3.py
[2024-12-19T06:47:06.515+0000] {processor.py:925} INFO - DAG(s) 'example_branch_dop_operator_v3' retrieved from /home/airflow/.local/lib/python3.12/site-packages/airflow/example_dags/example_branch_python_dop_operator_3.py
[2024-12-19T06:47:06.542+0000] {logging_mixin.py:190} INFO - [2024-12-19T06:47:06.542+0000] {dag.py:3239} INFO - Sync 1 DAGs
[2024-12-19T06:47:06.577+0000] {logging_mixin.py:190} INFO - [2024-12-19T06:47:06.577+0000] {dag.py:4180} INFO - Setting next_dagrun for example_branch_dop_operator_v3 to 2024-12-19 06:46:00+00:00, run_after=2024-12-19 06:47:00+00:00
[2024-12-19T06:47:06.601+0000] {processor.py:208} INFO - Processing /home/airflow/.local/lib/python3.12/site-packages/airflow/example_dags/example_branch_python_dop_operator_3.py took 0.123 seconds
[2024-12-19T06:47:38.298+0000] {processor.py:186} INFO - Started process (PID=869) to work on /home/airflow/.local/lib/python3.12/site-packages/airflow/example_dags/example_branch_python_dop_operator_3.py
[2024-12-19T06:47:38.299+0000] {processor.py:914} INFO - Processing file /home/airflow/.local/lib/python3.12/site-packages/airflow/example_dags/example_branch_python_dop_operator_3.py for tasks to queue
[2024-12-19T06:47:38.302+0000] {logging_mixin.py:190} INFO - [2024-12-19T06:47:38.302+0000] {dagbag.py:588} INFO - Filling up the DagBag from /home/airflow/.local/lib/python3.12/site-packages/airflow/example_dags/example_branch_python_dop_operator_3.py
[2024-12-19T06:47:38.313+0000] {processor.py:925} INFO - DAG(s) 'example_branch_dop_operator_v3' retrieved from /home/airflow/.local/lib/python3.12/site-packages/airflow/example_dags/example_branch_python_dop_operator_3.py
[2024-12-19T06:47:38.336+0000] {logging_mixin.py:190} INFO - [2024-12-19T06:47:38.336+0000] {dag.py:3239} INFO - Sync 1 DAGs
[2024-12-19T06:47:38.363+0000] {logging_mixin.py:190} INFO - [2024-12-19T06:47:38.362+0000] {dag.py:4180} INFO - Setting next_dagrun for example_branch_dop_operator_v3 to 2024-12-19 06:46:00+00:00, run_after=2024-12-19 06:47:00+00:00
[2024-12-19T06:47:38.387+0000] {processor.py:208} INFO - Processing /home/airflow/.local/lib/python3.12/site-packages/airflow/example_dags/example_branch_python_dop_operator_3.py took 0.096 seconds
[2024-12-19T06:48:09.268+0000] {processor.py:186} INFO - Started process (PID=932) to work on /home/airflow/.local/lib/python3.12/site-packages/airflow/example_dags/example_branch_python_dop_operator_3.py
[2024-12-19T06:48:09.269+0000] {processor.py:914} INFO - Processing file /home/airflow/.local/lib/python3.12/site-packages/airflow/example_dags/example_branch_python_dop_operator_3.py for tasks to queue
[2024-12-19T06:48:09.274+0000] {logging_mixin.py:190} INFO - [2024-12-19T06:48:09.274+0000] {dagbag.py:588} INFO - Filling up the DagBag from /home/airflow/.local/lib/python3.12/site-packages/airflow/example_dags/example_branch_python_dop_operator_3.py
[2024-12-19T06:48:09.286+0000] {processor.py:925} INFO - DAG(s) 'example_branch_dop_operator_v3' retrieved from /home/airflow/.local/lib/python3.12/site-packages/airflow/example_dags/example_branch_python_dop_operator_3.py
[2024-12-19T06:48:09.312+0000] {logging_mixin.py:190} INFO - [2024-12-19T06:48:09.312+0000] {dag.py:3239} INFO - Sync 1 DAGs
[2024-12-19T06:48:09.342+0000] {logging_mixin.py:190} INFO - [2024-12-19T06:48:09.342+0000] {dag.py:4180} INFO - Setting next_dagrun for example_branch_dop_operator_v3 to 2024-12-19 06:47:00+00:00, run_after=2024-12-19 06:48:00+00:00
[2024-12-19T06:48:09.365+0000] {processor.py:208} INFO - Processing /home/airflow/.local/lib/python3.12/site-packages/airflow/example_dags/example_branch_python_dop_operator_3.py took 0.105 seconds
