[2024-12-19T06:41:19.236+0000] {processor.py:186} INFO - Started process (PID=91) to work on /home/airflow/.local/lib/python3.12/site-packages/airflow/example_dags/example_dataset_alias.py
[2024-12-19T06:41:19.237+0000] {processor.py:914} INFO - Processing file /home/airflow/.local/lib/python3.12/site-packages/airflow/example_dags/example_dataset_alias.py for tasks to queue
[2024-12-19T06:41:19.239+0000] {logging_mixin.py:190} INFO - [2024-12-19T06:41:19.239+0000] {dagbag.py:588} INFO - Filling up the DagBag from /home/airflow/.local/lib/python3.12/site-packages/airflow/example_dags/example_dataset_alias.py
[2024-12-19T06:41:19.835+0000] {processor.py:925} INFO - DAG(s) 'dataset_alias_example_alias_producer', 'dataset_alias_example_alias_consumer', 'dataset_s3_bucket_consumer', 'dataset_s3_bucket_producer' retrieved from /home/airflow/.local/lib/python3.12/site-packages/airflow/example_dags/example_dataset_alias.py
[2024-12-19T06:41:19.861+0000] {logging_mixin.py:190} INFO - [2024-12-19T06:41:19.860+0000] {dag.py:3239} INFO - Sync 4 DAGs
[2024-12-19T06:41:19.891+0000] {logging_mixin.py:190} INFO - [2024-12-19T06:41:19.891+0000] {dag.py:4180} INFO - Setting next_dagrun for dataset_alias_example_alias_consumer to None, run_after=None
[2024-12-19T06:41:19.894+0000] {logging_mixin.py:190} INFO - [2024-12-19T06:41:19.894+0000] {dag.py:4180} INFO - Setting next_dagrun for dataset_alias_example_alias_producer to None, run_after=None
[2024-12-19T06:41:19.896+0000] {logging_mixin.py:190} INFO - [2024-12-19T06:41:19.896+0000] {dag.py:4180} INFO - Setting next_dagrun for dataset_s3_bucket_consumer to None, run_after=None
[2024-12-19T06:41:19.898+0000] {logging_mixin.py:190} INFO - [2024-12-19T06:41:19.898+0000] {dag.py:4180} INFO - Setting next_dagrun for dataset_s3_bucket_producer to None, run_after=None
[2024-12-19T06:41:19.919+0000] {processor.py:208} INFO - Processing /home/airflow/.local/lib/python3.12/site-packages/airflow/example_dags/example_dataset_alias.py took 0.688 seconds
[2024-12-19T06:41:50.618+0000] {processor.py:186} INFO - Started process (PID=161) to work on /home/airflow/.local/lib/python3.12/site-packages/airflow/example_dags/example_dataset_alias.py
[2024-12-19T06:41:50.619+0000] {processor.py:914} INFO - Processing file /home/airflow/.local/lib/python3.12/site-packages/airflow/example_dags/example_dataset_alias.py for tasks to queue
[2024-12-19T06:41:50.621+0000] {logging_mixin.py:190} INFO - [2024-12-19T06:41:50.621+0000] {dagbag.py:588} INFO - Filling up the DagBag from /home/airflow/.local/lib/python3.12/site-packages/airflow/example_dags/example_dataset_alias.py
[2024-12-19T06:41:51.178+0000] {processor.py:925} INFO - DAG(s) 'dataset_s3_bucket_producer', 'dataset_alias_example_alias_producer', 'dataset_s3_bucket_consumer', 'dataset_alias_example_alias_consumer' retrieved from /home/airflow/.local/lib/python3.12/site-packages/airflow/example_dags/example_dataset_alias.py
[2024-12-19T06:41:51.198+0000] {logging_mixin.py:190} INFO - [2024-12-19T06:41:51.197+0000] {dag.py:3239} INFO - Sync 4 DAGs
[2024-12-19T06:41:51.229+0000] {logging_mixin.py:190} INFO - [2024-12-19T06:41:51.229+0000] {dag.py:4180} INFO - Setting next_dagrun for dataset_alias_example_alias_consumer to None, run_after=None
[2024-12-19T06:41:51.232+0000] {logging_mixin.py:190} INFO - [2024-12-19T06:41:51.231+0000] {dag.py:4180} INFO - Setting next_dagrun for dataset_alias_example_alias_producer to None, run_after=None
[2024-12-19T06:41:51.233+0000] {logging_mixin.py:190} INFO - [2024-12-19T06:41:51.233+0000] {dag.py:4180} INFO - Setting next_dagrun for dataset_s3_bucket_consumer to None, run_after=None
[2024-12-19T06:41:51.234+0000] {logging_mixin.py:190} INFO - [2024-12-19T06:41:51.234+0000] {dag.py:4180} INFO - Setting next_dagrun for dataset_s3_bucket_producer to None, run_after=None
[2024-12-19T06:41:51.254+0000] {processor.py:208} INFO - Processing /home/airflow/.local/lib/python3.12/site-packages/airflow/example_dags/example_dataset_alias.py took 0.641 seconds
[2024-12-19T06:42:22.087+0000] {processor.py:186} INFO - Started process (PID=225) to work on /home/airflow/.local/lib/python3.12/site-packages/airflow/example_dags/example_dataset_alias.py
[2024-12-19T06:42:22.088+0000] {processor.py:914} INFO - Processing file /home/airflow/.local/lib/python3.12/site-packages/airflow/example_dags/example_dataset_alias.py for tasks to queue
[2024-12-19T06:42:22.091+0000] {logging_mixin.py:190} INFO - [2024-12-19T06:42:22.091+0000] {dagbag.py:588} INFO - Filling up the DagBag from /home/airflow/.local/lib/python3.12/site-packages/airflow/example_dags/example_dataset_alias.py
[2024-12-19T06:42:22.874+0000] {processor.py:925} INFO - DAG(s) 'dataset_s3_bucket_consumer', 'dataset_alias_example_alias_consumer', 'dataset_alias_example_alias_producer', 'dataset_s3_bucket_producer' retrieved from /home/airflow/.local/lib/python3.12/site-packages/airflow/example_dags/example_dataset_alias.py
[2024-12-19T06:42:22.901+0000] {logging_mixin.py:190} INFO - [2024-12-19T06:42:22.900+0000] {dag.py:3239} INFO - Sync 4 DAGs
[2024-12-19T06:42:22.932+0000] {logging_mixin.py:190} INFO - [2024-12-19T06:42:22.932+0000] {dag.py:4180} INFO - Setting next_dagrun for dataset_alias_example_alias_consumer to None, run_after=None
[2024-12-19T06:42:22.936+0000] {logging_mixin.py:190} INFO - [2024-12-19T06:42:22.936+0000] {dag.py:4180} INFO - Setting next_dagrun for dataset_alias_example_alias_producer to None, run_after=None
[2024-12-19T06:42:22.938+0000] {logging_mixin.py:190} INFO - [2024-12-19T06:42:22.938+0000] {dag.py:4180} INFO - Setting next_dagrun for dataset_s3_bucket_consumer to None, run_after=None
[2024-12-19T06:42:22.940+0000] {logging_mixin.py:190} INFO - [2024-12-19T06:42:22.940+0000] {dag.py:4180} INFO - Setting next_dagrun for dataset_s3_bucket_producer to None, run_after=None
[2024-12-19T06:42:22.968+0000] {processor.py:208} INFO - Processing /home/airflow/.local/lib/python3.12/site-packages/airflow/example_dags/example_dataset_alias.py took 0.888 seconds
[2024-12-19T06:42:53.824+0000] {processor.py:186} INFO - Started process (PID=289) to work on /home/airflow/.local/lib/python3.12/site-packages/airflow/example_dags/example_dataset_alias.py
[2024-12-19T06:42:53.825+0000] {processor.py:914} INFO - Processing file /home/airflow/.local/lib/python3.12/site-packages/airflow/example_dags/example_dataset_alias.py for tasks to queue
[2024-12-19T06:42:53.828+0000] {logging_mixin.py:190} INFO - [2024-12-19T06:42:53.827+0000] {dagbag.py:588} INFO - Filling up the DagBag from /home/airflow/.local/lib/python3.12/site-packages/airflow/example_dags/example_dataset_alias.py
[2024-12-19T06:42:54.424+0000] {processor.py:925} INFO - DAG(s) 'dataset_alias_example_alias_producer', 'dataset_s3_bucket_consumer', 'dataset_alias_example_alias_consumer', 'dataset_s3_bucket_producer' retrieved from /home/airflow/.local/lib/python3.12/site-packages/airflow/example_dags/example_dataset_alias.py
[2024-12-19T06:42:54.445+0000] {logging_mixin.py:190} INFO - [2024-12-19T06:42:54.444+0000] {dag.py:3239} INFO - Sync 4 DAGs
[2024-12-19T06:42:54.466+0000] {logging_mixin.py:190} INFO - [2024-12-19T06:42:54.466+0000] {dag.py:4180} INFO - Setting next_dagrun for dataset_alias_example_alias_consumer to None, run_after=None
[2024-12-19T06:42:54.469+0000] {logging_mixin.py:190} INFO - [2024-12-19T06:42:54.469+0000] {dag.py:4180} INFO - Setting next_dagrun for dataset_alias_example_alias_producer to None, run_after=None
[2024-12-19T06:42:54.471+0000] {logging_mixin.py:190} INFO - [2024-12-19T06:42:54.471+0000] {dag.py:4180} INFO - Setting next_dagrun for dataset_s3_bucket_consumer to None, run_after=None
[2024-12-19T06:42:54.473+0000] {logging_mixin.py:190} INFO - [2024-12-19T06:42:54.473+0000] {dag.py:4180} INFO - Setting next_dagrun for dataset_s3_bucket_producer to None, run_after=None
[2024-12-19T06:42:54.500+0000] {processor.py:208} INFO - Processing /home/airflow/.local/lib/python3.12/site-packages/airflow/example_dags/example_dataset_alias.py took 0.682 seconds
[2024-12-19T06:43:25.024+0000] {processor.py:186} INFO - Started process (PID=353) to work on /home/airflow/.local/lib/python3.12/site-packages/airflow/example_dags/example_dataset_alias.py
[2024-12-19T06:43:25.026+0000] {processor.py:914} INFO - Processing file /home/airflow/.local/lib/python3.12/site-packages/airflow/example_dags/example_dataset_alias.py for tasks to queue
[2024-12-19T06:43:25.028+0000] {logging_mixin.py:190} INFO - [2024-12-19T06:43:25.028+0000] {dagbag.py:588} INFO - Filling up the DagBag from /home/airflow/.local/lib/python3.12/site-packages/airflow/example_dags/example_dataset_alias.py
[2024-12-19T06:43:25.643+0000] {processor.py:925} INFO - DAG(s) 'dataset_alias_example_alias_consumer', 'dataset_s3_bucket_producer', 'dataset_s3_bucket_consumer', 'dataset_alias_example_alias_producer' retrieved from /home/airflow/.local/lib/python3.12/site-packages/airflow/example_dags/example_dataset_alias.py
[2024-12-19T06:43:25.664+0000] {logging_mixin.py:190} INFO - [2024-12-19T06:43:25.664+0000] {dag.py:3239} INFO - Sync 4 DAGs
[2024-12-19T06:43:25.685+0000] {logging_mixin.py:190} INFO - [2024-12-19T06:43:25.685+0000] {dag.py:4180} INFO - Setting next_dagrun for dataset_alias_example_alias_consumer to None, run_after=None
[2024-12-19T06:43:25.688+0000] {logging_mixin.py:190} INFO - [2024-12-19T06:43:25.688+0000] {dag.py:4180} INFO - Setting next_dagrun for dataset_alias_example_alias_producer to None, run_after=None
[2024-12-19T06:43:25.690+0000] {logging_mixin.py:190} INFO - [2024-12-19T06:43:25.690+0000] {dag.py:4180} INFO - Setting next_dagrun for dataset_s3_bucket_consumer to None, run_after=None
[2024-12-19T06:43:25.692+0000] {logging_mixin.py:190} INFO - [2024-12-19T06:43:25.692+0000] {dag.py:4180} INFO - Setting next_dagrun for dataset_s3_bucket_producer to None, run_after=None
[2024-12-19T06:43:25.715+0000] {processor.py:208} INFO - Processing /home/airflow/.local/lib/python3.12/site-packages/airflow/example_dags/example_dataset_alias.py took 0.696 seconds
[2024-12-19T06:43:56.622+0000] {processor.py:186} INFO - Started process (PID=417) to work on /home/airflow/.local/lib/python3.12/site-packages/airflow/example_dags/example_dataset_alias.py
[2024-12-19T06:43:56.623+0000] {processor.py:914} INFO - Processing file /home/airflow/.local/lib/python3.12/site-packages/airflow/example_dags/example_dataset_alias.py for tasks to queue
[2024-12-19T06:43:56.626+0000] {logging_mixin.py:190} INFO - [2024-12-19T06:43:56.626+0000] {dagbag.py:588} INFO - Filling up the DagBag from /home/airflow/.local/lib/python3.12/site-packages/airflow/example_dags/example_dataset_alias.py
[2024-12-19T06:43:57.320+0000] {processor.py:925} INFO - DAG(s) 'dataset_alias_example_alias_consumer', 'dataset_alias_example_alias_producer', 'dataset_s3_bucket_consumer', 'dataset_s3_bucket_producer' retrieved from /home/airflow/.local/lib/python3.12/site-packages/airflow/example_dags/example_dataset_alias.py
[2024-12-19T06:43:57.347+0000] {logging_mixin.py:190} INFO - [2024-12-19T06:43:57.346+0000] {dag.py:3239} INFO - Sync 4 DAGs
[2024-12-19T06:43:57.372+0000] {logging_mixin.py:190} INFO - [2024-12-19T06:43:57.372+0000] {dag.py:4180} INFO - Setting next_dagrun for dataset_alias_example_alias_consumer to None, run_after=None
[2024-12-19T06:43:57.376+0000] {logging_mixin.py:190} INFO - [2024-12-19T06:43:57.375+0000] {dag.py:4180} INFO - Setting next_dagrun for dataset_alias_example_alias_producer to None, run_after=None
[2024-12-19T06:43:57.377+0000] {logging_mixin.py:190} INFO - [2024-12-19T06:43:57.377+0000] {dag.py:4180} INFO - Setting next_dagrun for dataset_s3_bucket_consumer to None, run_after=None
[2024-12-19T06:43:57.379+0000] {logging_mixin.py:190} INFO - [2024-12-19T06:43:57.379+0000] {dag.py:4180} INFO - Setting next_dagrun for dataset_s3_bucket_producer to None, run_after=None
[2024-12-19T06:43:57.404+0000] {processor.py:208} INFO - Processing /home/airflow/.local/lib/python3.12/site-packages/airflow/example_dags/example_dataset_alias.py took 0.789 seconds
[2024-12-19T06:44:28.268+0000] {processor.py:186} INFO - Started process (PID=481) to work on /home/airflow/.local/lib/python3.12/site-packages/airflow/example_dags/example_dataset_alias.py
[2024-12-19T06:44:28.269+0000] {processor.py:914} INFO - Processing file /home/airflow/.local/lib/python3.12/site-packages/airflow/example_dags/example_dataset_alias.py for tasks to queue
[2024-12-19T06:44:28.272+0000] {logging_mixin.py:190} INFO - [2024-12-19T06:44:28.272+0000] {dagbag.py:588} INFO - Filling up the DagBag from /home/airflow/.local/lib/python3.12/site-packages/airflow/example_dags/example_dataset_alias.py
[2024-12-19T06:44:28.956+0000] {processor.py:925} INFO - DAG(s) 'dataset_alias_example_alias_producer', 'dataset_alias_example_alias_consumer', 'dataset_s3_bucket_consumer', 'dataset_s3_bucket_producer' retrieved from /home/airflow/.local/lib/python3.12/site-packages/airflow/example_dags/example_dataset_alias.py
[2024-12-19T06:44:28.977+0000] {logging_mixin.py:190} INFO - [2024-12-19T06:44:28.976+0000] {dag.py:3239} INFO - Sync 4 DAGs
[2024-12-19T06:44:28.998+0000] {logging_mixin.py:190} INFO - [2024-12-19T06:44:28.997+0000] {dag.py:4180} INFO - Setting next_dagrun for dataset_alias_example_alias_consumer to None, run_after=None
[2024-12-19T06:44:29.001+0000] {logging_mixin.py:190} INFO - [2024-12-19T06:44:29.001+0000] {dag.py:4180} INFO - Setting next_dagrun for dataset_alias_example_alias_producer to None, run_after=None
[2024-12-19T06:44:29.003+0000] {logging_mixin.py:190} INFO - [2024-12-19T06:44:29.003+0000] {dag.py:4180} INFO - Setting next_dagrun for dataset_s3_bucket_consumer to None, run_after=None
[2024-12-19T06:44:29.009+0000] {logging_mixin.py:190} INFO - [2024-12-19T06:44:29.009+0000] {dag.py:4180} INFO - Setting next_dagrun for dataset_s3_bucket_producer to None, run_after=None
[2024-12-19T06:44:29.037+0000] {processor.py:208} INFO - Processing /home/airflow/.local/lib/python3.12/site-packages/airflow/example_dags/example_dataset_alias.py took 0.776 seconds
[2024-12-19T06:45:00.260+0000] {processor.py:186} INFO - Started process (PID=545) to work on /home/airflow/.local/lib/python3.12/site-packages/airflow/example_dags/example_dataset_alias.py
[2024-12-19T06:45:00.266+0000] {processor.py:914} INFO - Processing file /home/airflow/.local/lib/python3.12/site-packages/airflow/example_dags/example_dataset_alias.py for tasks to queue
[2024-12-19T06:45:00.275+0000] {logging_mixin.py:190} INFO - [2024-12-19T06:45:00.274+0000] {dagbag.py:588} INFO - Filling up the DagBag from /home/airflow/.local/lib/python3.12/site-packages/airflow/example_dags/example_dataset_alias.py
[2024-12-19T06:45:01.013+0000] {processor.py:925} INFO - DAG(s) 'dataset_s3_bucket_producer', 'dataset_alias_example_alias_consumer', 'dataset_alias_example_alias_producer', 'dataset_s3_bucket_consumer' retrieved from /home/airflow/.local/lib/python3.12/site-packages/airflow/example_dags/example_dataset_alias.py
[2024-12-19T06:45:01.046+0000] {logging_mixin.py:190} INFO - [2024-12-19T06:45:01.045+0000] {dag.py:3239} INFO - Sync 4 DAGs
[2024-12-19T06:45:01.073+0000] {logging_mixin.py:190} INFO - [2024-12-19T06:45:01.073+0000] {dag.py:4180} INFO - Setting next_dagrun for dataset_alias_example_alias_consumer to None, run_after=None
[2024-12-19T06:45:01.077+0000] {logging_mixin.py:190} INFO - [2024-12-19T06:45:01.077+0000] {dag.py:4180} INFO - Setting next_dagrun for dataset_alias_example_alias_producer to None, run_after=None
[2024-12-19T06:45:01.080+0000] {logging_mixin.py:190} INFO - [2024-12-19T06:45:01.079+0000] {dag.py:4180} INFO - Setting next_dagrun for dataset_s3_bucket_consumer to None, run_after=None
[2024-12-19T06:45:01.081+0000] {logging_mixin.py:190} INFO - [2024-12-19T06:45:01.081+0000] {dag.py:4180} INFO - Setting next_dagrun for dataset_s3_bucket_producer to None, run_after=None
[2024-12-19T06:45:01.108+0000] {processor.py:208} INFO - Processing /home/airflow/.local/lib/python3.12/site-packages/airflow/example_dags/example_dataset_alias.py took 0.855 seconds
[2024-12-19T06:45:31.589+0000] {processor.py:186} INFO - Started process (PID=609) to work on /home/airflow/.local/lib/python3.12/site-packages/airflow/example_dags/example_dataset_alias.py
[2024-12-19T06:45:31.590+0000] {processor.py:914} INFO - Processing file /home/airflow/.local/lib/python3.12/site-packages/airflow/example_dags/example_dataset_alias.py for tasks to queue
[2024-12-19T06:45:31.592+0000] {logging_mixin.py:190} INFO - [2024-12-19T06:45:31.592+0000] {dagbag.py:588} INFO - Filling up the DagBag from /home/airflow/.local/lib/python3.12/site-packages/airflow/example_dags/example_dataset_alias.py
[2024-12-19T06:45:32.224+0000] {processor.py:925} INFO - DAG(s) 'dataset_s3_bucket_consumer', 'dataset_alias_example_alias_consumer', 'dataset_alias_example_alias_producer', 'dataset_s3_bucket_producer' retrieved from /home/airflow/.local/lib/python3.12/site-packages/airflow/example_dags/example_dataset_alias.py
[2024-12-19T06:45:32.245+0000] {logging_mixin.py:190} INFO - [2024-12-19T06:45:32.244+0000] {dag.py:3239} INFO - Sync 4 DAGs
[2024-12-19T06:45:32.267+0000] {logging_mixin.py:190} INFO - [2024-12-19T06:45:32.267+0000] {dag.py:4180} INFO - Setting next_dagrun for dataset_alias_example_alias_consumer to None, run_after=None
[2024-12-19T06:45:32.270+0000] {logging_mixin.py:190} INFO - [2024-12-19T06:45:32.270+0000] {dag.py:4180} INFO - Setting next_dagrun for dataset_alias_example_alias_producer to None, run_after=None
[2024-12-19T06:45:32.271+0000] {logging_mixin.py:190} INFO - [2024-12-19T06:45:32.271+0000] {dag.py:4180} INFO - Setting next_dagrun for dataset_s3_bucket_consumer to None, run_after=None
[2024-12-19T06:45:32.273+0000] {logging_mixin.py:190} INFO - [2024-12-19T06:45:32.273+0000] {dag.py:4180} INFO - Setting next_dagrun for dataset_s3_bucket_producer to None, run_after=None
[2024-12-19T06:45:32.295+0000] {processor.py:208} INFO - Processing /home/airflow/.local/lib/python3.12/site-packages/airflow/example_dags/example_dataset_alias.py took 0.712 seconds
[2024-12-19T06:46:03.193+0000] {processor.py:186} INFO - Started process (PID=673) to work on /home/airflow/.local/lib/python3.12/site-packages/airflow/example_dags/example_dataset_alias.py
[2024-12-19T06:46:03.195+0000] {processor.py:914} INFO - Processing file /home/airflow/.local/lib/python3.12/site-packages/airflow/example_dags/example_dataset_alias.py for tasks to queue
[2024-12-19T06:46:03.198+0000] {logging_mixin.py:190} INFO - [2024-12-19T06:46:03.198+0000] {dagbag.py:588} INFO - Filling up the DagBag from /home/airflow/.local/lib/python3.12/site-packages/airflow/example_dags/example_dataset_alias.py
[2024-12-19T06:46:03.880+0000] {processor.py:925} INFO - DAG(s) 'dataset_alias_example_alias_consumer', 'dataset_s3_bucket_consumer', 'dataset_alias_example_alias_producer', 'dataset_s3_bucket_producer' retrieved from /home/airflow/.local/lib/python3.12/site-packages/airflow/example_dags/example_dataset_alias.py
[2024-12-19T06:46:03.903+0000] {logging_mixin.py:190} INFO - [2024-12-19T06:46:03.902+0000] {dag.py:3239} INFO - Sync 4 DAGs
[2024-12-19T06:46:03.928+0000] {logging_mixin.py:190} INFO - [2024-12-19T06:46:03.928+0000] {dag.py:4180} INFO - Setting next_dagrun for dataset_alias_example_alias_consumer to None, run_after=None
[2024-12-19T06:46:03.932+0000] {logging_mixin.py:190} INFO - [2024-12-19T06:46:03.931+0000] {dag.py:4180} INFO - Setting next_dagrun for dataset_alias_example_alias_producer to None, run_after=None
[2024-12-19T06:46:03.934+0000] {logging_mixin.py:190} INFO - [2024-12-19T06:46:03.934+0000] {dag.py:4180} INFO - Setting next_dagrun for dataset_s3_bucket_consumer to None, run_after=None
[2024-12-19T06:46:03.936+0000] {logging_mixin.py:190} INFO - [2024-12-19T06:46:03.936+0000] {dag.py:4180} INFO - Setting next_dagrun for dataset_s3_bucket_producer to None, run_after=None
[2024-12-19T06:46:03.961+0000] {processor.py:208} INFO - Processing /home/airflow/.local/lib/python3.12/site-packages/airflow/example_dags/example_dataset_alias.py took 0.775 seconds
[2024-12-19T06:46:34.484+0000] {processor.py:186} INFO - Started process (PID=737) to work on /home/airflow/.local/lib/python3.12/site-packages/airflow/example_dags/example_dataset_alias.py
[2024-12-19T06:46:34.485+0000] {processor.py:914} INFO - Processing file /home/airflow/.local/lib/python3.12/site-packages/airflow/example_dags/example_dataset_alias.py for tasks to queue
[2024-12-19T06:46:34.488+0000] {logging_mixin.py:190} INFO - [2024-12-19T06:46:34.487+0000] {dagbag.py:588} INFO - Filling up the DagBag from /home/airflow/.local/lib/python3.12/site-packages/airflow/example_dags/example_dataset_alias.py
[2024-12-19T06:46:35.095+0000] {processor.py:925} INFO - DAG(s) 'dataset_alias_example_alias_producer', 'dataset_alias_example_alias_consumer', 'dataset_s3_bucket_consumer', 'dataset_s3_bucket_producer' retrieved from /home/airflow/.local/lib/python3.12/site-packages/airflow/example_dags/example_dataset_alias.py
[2024-12-19T06:46:35.118+0000] {logging_mixin.py:190} INFO - [2024-12-19T06:46:35.118+0000] {dag.py:3239} INFO - Sync 4 DAGs
[2024-12-19T06:46:35.139+0000] {logging_mixin.py:190} INFO - [2024-12-19T06:46:35.138+0000] {dag.py:4180} INFO - Setting next_dagrun for dataset_alias_example_alias_consumer to None, run_after=None
[2024-12-19T06:46:35.145+0000] {logging_mixin.py:190} INFO - [2024-12-19T06:46:35.144+0000] {dag.py:4180} INFO - Setting next_dagrun for dataset_alias_example_alias_producer to None, run_after=None
[2024-12-19T06:46:35.146+0000] {logging_mixin.py:190} INFO - [2024-12-19T06:46:35.146+0000] {dag.py:4180} INFO - Setting next_dagrun for dataset_s3_bucket_consumer to None, run_after=None
[2024-12-19T06:46:35.148+0000] {logging_mixin.py:190} INFO - [2024-12-19T06:46:35.148+0000] {dag.py:4180} INFO - Setting next_dagrun for dataset_s3_bucket_producer to None, run_after=None
[2024-12-19T06:46:35.171+0000] {processor.py:208} INFO - Processing /home/airflow/.local/lib/python3.12/site-packages/airflow/example_dags/example_dataset_alias.py took 0.693 seconds
[2024-12-19T06:47:05.432+0000] {processor.py:186} INFO - Started process (PID=801) to work on /home/airflow/.local/lib/python3.12/site-packages/airflow/example_dags/example_dataset_alias.py
[2024-12-19T06:47:05.433+0000] {processor.py:914} INFO - Processing file /home/airflow/.local/lib/python3.12/site-packages/airflow/example_dags/example_dataset_alias.py for tasks to queue
[2024-12-19T06:47:05.435+0000] {logging_mixin.py:190} INFO - [2024-12-19T06:47:05.435+0000] {dagbag.py:588} INFO - Filling up the DagBag from /home/airflow/.local/lib/python3.12/site-packages/airflow/example_dags/example_dataset_alias.py
[2024-12-19T06:47:06.093+0000] {processor.py:925} INFO - DAG(s) 'dataset_alias_example_alias_consumer', 'dataset_s3_bucket_producer', 'dataset_alias_example_alias_producer', 'dataset_s3_bucket_consumer' retrieved from /home/airflow/.local/lib/python3.12/site-packages/airflow/example_dags/example_dataset_alias.py
[2024-12-19T06:47:06.114+0000] {logging_mixin.py:190} INFO - [2024-12-19T06:47:06.113+0000] {dag.py:3239} INFO - Sync 4 DAGs
[2024-12-19T06:47:06.141+0000] {logging_mixin.py:190} INFO - [2024-12-19T06:47:06.141+0000] {dag.py:4180} INFO - Setting next_dagrun for dataset_alias_example_alias_consumer to None, run_after=None
[2024-12-19T06:47:06.144+0000] {logging_mixin.py:190} INFO - [2024-12-19T06:47:06.144+0000] {dag.py:4180} INFO - Setting next_dagrun for dataset_alias_example_alias_producer to None, run_after=None
[2024-12-19T06:47:06.146+0000] {logging_mixin.py:190} INFO - [2024-12-19T06:47:06.146+0000] {dag.py:4180} INFO - Setting next_dagrun for dataset_s3_bucket_consumer to None, run_after=None
[2024-12-19T06:47:06.149+0000] {logging_mixin.py:190} INFO - [2024-12-19T06:47:06.149+0000] {dag.py:4180} INFO - Setting next_dagrun for dataset_s3_bucket_producer to None, run_after=None
[2024-12-19T06:47:06.174+0000] {processor.py:208} INFO - Processing /home/airflow/.local/lib/python3.12/site-packages/airflow/example_dags/example_dataset_alias.py took 0.748 seconds
[2024-12-19T06:47:37.739+0000] {processor.py:186} INFO - Started process (PID=864) to work on /home/airflow/.local/lib/python3.12/site-packages/airflow/example_dags/example_dataset_alias.py
[2024-12-19T06:47:37.741+0000] {processor.py:914} INFO - Processing file /home/airflow/.local/lib/python3.12/site-packages/airflow/example_dags/example_dataset_alias.py for tasks to queue
[2024-12-19T06:47:37.746+0000] {logging_mixin.py:190} INFO - [2024-12-19T06:47:37.745+0000] {dagbag.py:588} INFO - Filling up the DagBag from /home/airflow/.local/lib/python3.12/site-packages/airflow/example_dags/example_dataset_alias.py
[2024-12-19T06:47:38.364+0000] {processor.py:925} INFO - DAG(s) 'dataset_s3_bucket_consumer', 'dataset_s3_bucket_producer', 'dataset_alias_example_alias_consumer', 'dataset_alias_example_alias_producer' retrieved from /home/airflow/.local/lib/python3.12/site-packages/airflow/example_dags/example_dataset_alias.py
[2024-12-19T06:47:38.386+0000] {logging_mixin.py:190} INFO - [2024-12-19T06:47:38.385+0000] {dag.py:3239} INFO - Sync 4 DAGs
[2024-12-19T06:47:38.408+0000] {logging_mixin.py:190} INFO - [2024-12-19T06:47:38.408+0000] {dag.py:4180} INFO - Setting next_dagrun for dataset_alias_example_alias_consumer to None, run_after=None
[2024-12-19T06:47:38.411+0000] {logging_mixin.py:190} INFO - [2024-12-19T06:47:38.411+0000] {dag.py:4180} INFO - Setting next_dagrun for dataset_alias_example_alias_producer to None, run_after=None
[2024-12-19T06:47:38.412+0000] {logging_mixin.py:190} INFO - [2024-12-19T06:47:38.412+0000] {dag.py:4180} INFO - Setting next_dagrun for dataset_s3_bucket_consumer to None, run_after=None
[2024-12-19T06:47:38.414+0000] {logging_mixin.py:190} INFO - [2024-12-19T06:47:38.413+0000] {dag.py:4180} INFO - Setting next_dagrun for dataset_s3_bucket_producer to None, run_after=None
[2024-12-19T06:47:38.435+0000] {processor.py:208} INFO - Processing /home/airflow/.local/lib/python3.12/site-packages/airflow/example_dags/example_dataset_alias.py took 0.701 seconds
[2024-12-19T06:48:08.625+0000] {processor.py:186} INFO - Started process (PID=927) to work on /home/airflow/.local/lib/python3.12/site-packages/airflow/example_dags/example_dataset_alias.py
[2024-12-19T06:48:08.629+0000] {processor.py:914} INFO - Processing file /home/airflow/.local/lib/python3.12/site-packages/airflow/example_dags/example_dataset_alias.py for tasks to queue
[2024-12-19T06:48:08.634+0000] {logging_mixin.py:190} INFO - [2024-12-19T06:48:08.633+0000] {dagbag.py:588} INFO - Filling up the DagBag from /home/airflow/.local/lib/python3.12/site-packages/airflow/example_dags/example_dataset_alias.py
[2024-12-19T06:48:09.273+0000] {processor.py:925} INFO - DAG(s) 'dataset_s3_bucket_consumer', 'dataset_alias_example_alias_consumer', 'dataset_s3_bucket_producer', 'dataset_alias_example_alias_producer' retrieved from /home/airflow/.local/lib/python3.12/site-packages/airflow/example_dags/example_dataset_alias.py
[2024-12-19T06:48:09.300+0000] {logging_mixin.py:190} INFO - [2024-12-19T06:48:09.299+0000] {dag.py:3239} INFO - Sync 4 DAGs
[2024-12-19T06:48:09.322+0000] {logging_mixin.py:190} INFO - [2024-12-19T06:48:09.321+0000] {dag.py:4180} INFO - Setting next_dagrun for dataset_alias_example_alias_consumer to None, run_after=None
[2024-12-19T06:48:09.325+0000] {logging_mixin.py:190} INFO - [2024-12-19T06:48:09.325+0000] {dag.py:4180} INFO - Setting next_dagrun for dataset_alias_example_alias_producer to None, run_after=None
[2024-12-19T06:48:09.328+0000] {logging_mixin.py:190} INFO - [2024-12-19T06:48:09.327+0000] {dag.py:4180} INFO - Setting next_dagrun for dataset_s3_bucket_consumer to None, run_after=None
[2024-12-19T06:48:09.330+0000] {logging_mixin.py:190} INFO - [2024-12-19T06:48:09.329+0000] {dag.py:4180} INFO - Setting next_dagrun for dataset_s3_bucket_producer to None, run_after=None
[2024-12-19T06:48:09.357+0000] {processor.py:208} INFO - Processing /home/airflow/.local/lib/python3.12/site-packages/airflow/example_dags/example_dataset_alias.py took 0.743 seconds
