[2024-12-19T06:41:20.649+0000] {processor.py:186} INFO - Started process (PID=107) to work on /home/airflow/.local/lib/python3.12/site-packages/airflow/example_dags/example_latest_only_with_trigger.py
[2024-12-19T06:41:20.650+0000] {processor.py:914} INFO - Processing file /home/airflow/.local/lib/python3.12/site-packages/airflow/example_dags/example_latest_only_with_trigger.py for tasks to queue
[2024-12-19T06:41:20.653+0000] {logging_mixin.py:190} INFO - [2024-12-19T06:41:20.652+0000] {dagbag.py:588} INFO - Filling up the DagBag from /home/airflow/.local/lib/python3.12/site-packages/airflow/example_dags/example_latest_only_with_trigger.py
[2024-12-19T06:41:20.661+0000] {processor.py:925} INFO - DAG(s) 'latest_only_with_trigger' retrieved from /home/airflow/.local/lib/python3.12/site-packages/airflow/example_dags/example_latest_only_with_trigger.py
[2024-12-19T06:41:20.685+0000] {logging_mixin.py:190} INFO - [2024-12-19T06:41:20.684+0000] {dag.py:3239} INFO - Sync 1 DAGs
[2024-12-19T06:41:20.711+0000] {logging_mixin.py:190} INFO - [2024-12-19T06:41:20.711+0000] {dag.py:4180} INFO - Setting next_dagrun for latest_only_with_trigger to 2024-12-19 00:00:00+00:00, run_after=2024-12-19 04:00:00+00:00
[2024-12-19T06:41:20.732+0000] {processor.py:208} INFO - Processing /home/airflow/.local/lib/python3.12/site-packages/airflow/example_dags/example_latest_only_with_trigger.py took 0.088 seconds
[2024-12-19T06:41:51.688+0000] {processor.py:186} INFO - Started process (PID=171) to work on /home/airflow/.local/lib/python3.12/site-packages/airflow/example_dags/example_latest_only_with_trigger.py
[2024-12-19T06:41:51.689+0000] {processor.py:914} INFO - Processing file /home/airflow/.local/lib/python3.12/site-packages/airflow/example_dags/example_latest_only_with_trigger.py for tasks to queue
[2024-12-19T06:41:51.691+0000] {logging_mixin.py:190} INFO - [2024-12-19T06:41:51.691+0000] {dagbag.py:588} INFO - Filling up the DagBag from /home/airflow/.local/lib/python3.12/site-packages/airflow/example_dags/example_latest_only_with_trigger.py
[2024-12-19T06:41:51.698+0000] {processor.py:925} INFO - DAG(s) 'latest_only_with_trigger' retrieved from /home/airflow/.local/lib/python3.12/site-packages/airflow/example_dags/example_latest_only_with_trigger.py
[2024-12-19T06:41:51.716+0000] {logging_mixin.py:190} INFO - [2024-12-19T06:41:51.716+0000] {dag.py:3239} INFO - Sync 1 DAGs
[2024-12-19T06:41:51.737+0000] {logging_mixin.py:190} INFO - [2024-12-19T06:41:51.737+0000] {dag.py:4180} INFO - Setting next_dagrun for latest_only_with_trigger to 2024-12-19 00:00:00+00:00, run_after=2024-12-19 04:00:00+00:00
[2024-12-19T06:41:51.753+0000] {processor.py:208} INFO - Processing /home/airflow/.local/lib/python3.12/site-packages/airflow/example_dags/example_latest_only_with_trigger.py took 0.071 seconds
[2024-12-19T06:42:23.736+0000] {processor.py:186} INFO - Started process (PID=235) to work on /home/airflow/.local/lib/python3.12/site-packages/airflow/example_dags/example_latest_only_with_trigger.py
[2024-12-19T06:42:23.738+0000] {processor.py:914} INFO - Processing file /home/airflow/.local/lib/python3.12/site-packages/airflow/example_dags/example_latest_only_with_trigger.py for tasks to queue
[2024-12-19T06:42:23.742+0000] {logging_mixin.py:190} INFO - [2024-12-19T06:42:23.741+0000] {dagbag.py:588} INFO - Filling up the DagBag from /home/airflow/.local/lib/python3.12/site-packages/airflow/example_dags/example_latest_only_with_trigger.py
[2024-12-19T06:42:23.751+0000] {processor.py:925} INFO - DAG(s) 'latest_only_with_trigger' retrieved from /home/airflow/.local/lib/python3.12/site-packages/airflow/example_dags/example_latest_only_with_trigger.py
[2024-12-19T06:42:23.770+0000] {logging_mixin.py:190} INFO - [2024-12-19T06:42:23.770+0000] {dag.py:3239} INFO - Sync 1 DAGs
[2024-12-19T06:42:23.797+0000] {logging_mixin.py:190} INFO - [2024-12-19T06:42:23.797+0000] {dag.py:4180} INFO - Setting next_dagrun for latest_only_with_trigger to 2024-12-19 00:00:00+00:00, run_after=2024-12-19 04:00:00+00:00
[2024-12-19T06:42:23.814+0000] {processor.py:208} INFO - Processing /home/airflow/.local/lib/python3.12/site-packages/airflow/example_dags/example_latest_only_with_trigger.py took 0.086 seconds
[2024-12-19T06:42:54.975+0000] {processor.py:186} INFO - Started process (PID=299) to work on /home/airflow/.local/lib/python3.12/site-packages/airflow/example_dags/example_latest_only_with_trigger.py
[2024-12-19T06:42:54.976+0000] {processor.py:914} INFO - Processing file /home/airflow/.local/lib/python3.12/site-packages/airflow/example_dags/example_latest_only_with_trigger.py for tasks to queue
[2024-12-19T06:42:54.979+0000] {logging_mixin.py:190} INFO - [2024-12-19T06:42:54.978+0000] {dagbag.py:588} INFO - Filling up the DagBag from /home/airflow/.local/lib/python3.12/site-packages/airflow/example_dags/example_latest_only_with_trigger.py
[2024-12-19T06:42:54.986+0000] {processor.py:925} INFO - DAG(s) 'latest_only_with_trigger' retrieved from /home/airflow/.local/lib/python3.12/site-packages/airflow/example_dags/example_latest_only_with_trigger.py
[2024-12-19T06:42:55.005+0000] {logging_mixin.py:190} INFO - [2024-12-19T06:42:55.005+0000] {dag.py:3239} INFO - Sync 1 DAGs
[2024-12-19T06:42:55.027+0000] {logging_mixin.py:190} INFO - [2024-12-19T06:42:55.027+0000] {dag.py:4180} INFO - Setting next_dagrun for latest_only_with_trigger to 2024-12-19 00:00:00+00:00, run_after=2024-12-19 04:00:00+00:00
[2024-12-19T06:42:55.046+0000] {processor.py:208} INFO - Processing /home/airflow/.local/lib/python3.12/site-packages/airflow/example_dags/example_latest_only_with_trigger.py took 0.076 seconds
[2024-12-19T06:43:26.205+0000] {processor.py:186} INFO - Started process (PID=363) to work on /home/airflow/.local/lib/python3.12/site-packages/airflow/example_dags/example_latest_only_with_trigger.py
[2024-12-19T06:43:26.207+0000] {processor.py:914} INFO - Processing file /home/airflow/.local/lib/python3.12/site-packages/airflow/example_dags/example_latest_only_with_trigger.py for tasks to queue
[2024-12-19T06:43:26.209+0000] {logging_mixin.py:190} INFO - [2024-12-19T06:43:26.208+0000] {dagbag.py:588} INFO - Filling up the DagBag from /home/airflow/.local/lib/python3.12/site-packages/airflow/example_dags/example_latest_only_with_trigger.py
[2024-12-19T06:43:26.216+0000] {processor.py:925} INFO - DAG(s) 'latest_only_with_trigger' retrieved from /home/airflow/.local/lib/python3.12/site-packages/airflow/example_dags/example_latest_only_with_trigger.py
[2024-12-19T06:43:26.233+0000] {logging_mixin.py:190} INFO - [2024-12-19T06:43:26.233+0000] {dag.py:3239} INFO - Sync 1 DAGs
[2024-12-19T06:43:26.254+0000] {logging_mixin.py:190} INFO - [2024-12-19T06:43:26.253+0000] {dag.py:4180} INFO - Setting next_dagrun for latest_only_with_trigger to 2024-12-19 00:00:00+00:00, run_after=2024-12-19 04:00:00+00:00
[2024-12-19T06:43:26.271+0000] {processor.py:208} INFO - Processing /home/airflow/.local/lib/python3.12/site-packages/airflow/example_dags/example_latest_only_with_trigger.py took 0.071 seconds
[2024-12-19T06:43:58.027+0000] {processor.py:186} INFO - Started process (PID=427) to work on /home/airflow/.local/lib/python3.12/site-packages/airflow/example_dags/example_latest_only_with_trigger.py
[2024-12-19T06:43:58.030+0000] {processor.py:914} INFO - Processing file /home/airflow/.local/lib/python3.12/site-packages/airflow/example_dags/example_latest_only_with_trigger.py for tasks to queue
[2024-12-19T06:43:58.034+0000] {logging_mixin.py:190} INFO - [2024-12-19T06:43:58.033+0000] {dagbag.py:588} INFO - Filling up the DagBag from /home/airflow/.local/lib/python3.12/site-packages/airflow/example_dags/example_latest_only_with_trigger.py
[2024-12-19T06:43:58.046+0000] {processor.py:925} INFO - DAG(s) 'latest_only_with_trigger' retrieved from /home/airflow/.local/lib/python3.12/site-packages/airflow/example_dags/example_latest_only_with_trigger.py
[2024-12-19T06:43:58.076+0000] {logging_mixin.py:190} INFO - [2024-12-19T06:43:58.076+0000] {dag.py:3239} INFO - Sync 1 DAGs
[2024-12-19T06:43:58.106+0000] {logging_mixin.py:190} INFO - [2024-12-19T06:43:58.106+0000] {dag.py:4180} INFO - Setting next_dagrun for latest_only_with_trigger to 2024-12-19 00:00:00+00:00, run_after=2024-12-19 04:00:00+00:00
[2024-12-19T06:43:58.135+0000] {processor.py:208} INFO - Processing /home/airflow/.local/lib/python3.12/site-packages/airflow/example_dags/example_latest_only_with_trigger.py took 0.115 seconds
[2024-12-19T06:44:29.743+0000] {processor.py:186} INFO - Started process (PID=491) to work on /home/airflow/.local/lib/python3.12/site-packages/airflow/example_dags/example_latest_only_with_trigger.py
[2024-12-19T06:44:29.744+0000] {processor.py:914} INFO - Processing file /home/airflow/.local/lib/python3.12/site-packages/airflow/example_dags/example_latest_only_with_trigger.py for tasks to queue
[2024-12-19T06:44:29.747+0000] {logging_mixin.py:190} INFO - [2024-12-19T06:44:29.747+0000] {dagbag.py:588} INFO - Filling up the DagBag from /home/airflow/.local/lib/python3.12/site-packages/airflow/example_dags/example_latest_only_with_trigger.py
[2024-12-19T06:44:29.756+0000] {processor.py:925} INFO - DAG(s) 'latest_only_with_trigger' retrieved from /home/airflow/.local/lib/python3.12/site-packages/airflow/example_dags/example_latest_only_with_trigger.py
[2024-12-19T06:44:29.779+0000] {logging_mixin.py:190} INFO - [2024-12-19T06:44:29.779+0000] {dag.py:3239} INFO - Sync 1 DAGs
[2024-12-19T06:44:29.808+0000] {logging_mixin.py:190} INFO - [2024-12-19T06:44:29.808+0000] {dag.py:4180} INFO - Setting next_dagrun for latest_only_with_trigger to 2024-12-19 00:00:00+00:00, run_after=2024-12-19 04:00:00+00:00
[2024-12-19T06:44:29.835+0000] {processor.py:208} INFO - Processing /home/airflow/.local/lib/python3.12/site-packages/airflow/example_dags/example_latest_only_with_trigger.py took 0.101 seconds
[2024-12-19T06:45:01.750+0000] {processor.py:186} INFO - Started process (PID=555) to work on /home/airflow/.local/lib/python3.12/site-packages/airflow/example_dags/example_latest_only_with_trigger.py
[2024-12-19T06:45:01.751+0000] {processor.py:914} INFO - Processing file /home/airflow/.local/lib/python3.12/site-packages/airflow/example_dags/example_latest_only_with_trigger.py for tasks to queue
[2024-12-19T06:45:01.754+0000] {logging_mixin.py:190} INFO - [2024-12-19T06:45:01.754+0000] {dagbag.py:588} INFO - Filling up the DagBag from /home/airflow/.local/lib/python3.12/site-packages/airflow/example_dags/example_latest_only_with_trigger.py
[2024-12-19T06:45:01.763+0000] {processor.py:925} INFO - DAG(s) 'latest_only_with_trigger' retrieved from /home/airflow/.local/lib/python3.12/site-packages/airflow/example_dags/example_latest_only_with_trigger.py
[2024-12-19T06:45:01.784+0000] {logging_mixin.py:190} INFO - [2024-12-19T06:45:01.783+0000] {dag.py:3239} INFO - Sync 1 DAGs
[2024-12-19T06:45:01.805+0000] {logging_mixin.py:190} INFO - [2024-12-19T06:45:01.805+0000] {dag.py:4180} INFO - Setting next_dagrun for latest_only_with_trigger to 2024-12-19 00:00:00+00:00, run_after=2024-12-19 04:00:00+00:00
[2024-12-19T06:45:01.826+0000] {processor.py:208} INFO - Processing /home/airflow/.local/lib/python3.12/site-packages/airflow/example_dags/example_latest_only_with_trigger.py took 0.083 seconds
[2024-12-19T06:45:33.320+0000] {processor.py:186} INFO - Started process (PID=619) to work on /home/airflow/.local/lib/python3.12/site-packages/airflow/example_dags/example_latest_only_with_trigger.py
[2024-12-19T06:45:33.321+0000] {processor.py:914} INFO - Processing file /home/airflow/.local/lib/python3.12/site-packages/airflow/example_dags/example_latest_only_with_trigger.py for tasks to queue
[2024-12-19T06:45:33.326+0000] {logging_mixin.py:190} INFO - [2024-12-19T06:45:33.325+0000] {dagbag.py:588} INFO - Filling up the DagBag from /home/airflow/.local/lib/python3.12/site-packages/airflow/example_dags/example_latest_only_with_trigger.py
[2024-12-19T06:45:33.338+0000] {processor.py:925} INFO - DAG(s) 'latest_only_with_trigger' retrieved from /home/airflow/.local/lib/python3.12/site-packages/airflow/example_dags/example_latest_only_with_trigger.py
[2024-12-19T06:45:33.371+0000] {logging_mixin.py:190} INFO - [2024-12-19T06:45:33.370+0000] {dag.py:3239} INFO - Sync 1 DAGs
[2024-12-19T06:45:33.400+0000] {logging_mixin.py:190} INFO - [2024-12-19T06:45:33.400+0000] {dag.py:4180} INFO - Setting next_dagrun for latest_only_with_trigger to 2024-12-19 00:00:00+00:00, run_after=2024-12-19 04:00:00+00:00
[2024-12-19T06:45:33.426+0000] {processor.py:208} INFO - Processing /home/airflow/.local/lib/python3.12/site-packages/airflow/example_dags/example_latest_only_with_trigger.py took 0.114 seconds
[2024-12-19T06:46:05.013+0000] {processor.py:186} INFO - Started process (PID=683) to work on /home/airflow/.local/lib/python3.12/site-packages/airflow/example_dags/example_latest_only_with_trigger.py
[2024-12-19T06:46:05.015+0000] {processor.py:914} INFO - Processing file /home/airflow/.local/lib/python3.12/site-packages/airflow/example_dags/example_latest_only_with_trigger.py for tasks to queue
[2024-12-19T06:46:05.020+0000] {logging_mixin.py:190} INFO - [2024-12-19T06:46:05.019+0000] {dagbag.py:588} INFO - Filling up the DagBag from /home/airflow/.local/lib/python3.12/site-packages/airflow/example_dags/example_latest_only_with_trigger.py
[2024-12-19T06:46:05.034+0000] {processor.py:925} INFO - DAG(s) 'latest_only_with_trigger' retrieved from /home/airflow/.local/lib/python3.12/site-packages/airflow/example_dags/example_latest_only_with_trigger.py
[2024-12-19T06:46:05.072+0000] {logging_mixin.py:190} INFO - [2024-12-19T06:46:05.072+0000] {dag.py:3239} INFO - Sync 1 DAGs
[2024-12-19T06:46:05.105+0000] {logging_mixin.py:190} INFO - [2024-12-19T06:46:05.104+0000] {dag.py:4180} INFO - Setting next_dagrun for latest_only_with_trigger to 2024-12-19 00:00:00+00:00, run_after=2024-12-19 04:00:00+00:00
[2024-12-19T06:46:05.130+0000] {processor.py:208} INFO - Processing /home/airflow/.local/lib/python3.12/site-packages/airflow/example_dags/example_latest_only_with_trigger.py took 0.128 seconds
[2024-12-19T06:46:35.694+0000] {processor.py:186} INFO - Started process (PID=747) to work on /home/airflow/.local/lib/python3.12/site-packages/airflow/example_dags/example_latest_only_with_trigger.py
[2024-12-19T06:46:35.696+0000] {processor.py:914} INFO - Processing file /home/airflow/.local/lib/python3.12/site-packages/airflow/example_dags/example_latest_only_with_trigger.py for tasks to queue
[2024-12-19T06:46:35.699+0000] {logging_mixin.py:190} INFO - [2024-12-19T06:46:35.699+0000] {dagbag.py:588} INFO - Filling up the DagBag from /home/airflow/.local/lib/python3.12/site-packages/airflow/example_dags/example_latest_only_with_trigger.py
[2024-12-19T06:46:35.707+0000] {processor.py:925} INFO - DAG(s) 'latest_only_with_trigger' retrieved from /home/airflow/.local/lib/python3.12/site-packages/airflow/example_dags/example_latest_only_with_trigger.py
[2024-12-19T06:46:35.730+0000] {logging_mixin.py:190} INFO - [2024-12-19T06:46:35.730+0000] {dag.py:3239} INFO - Sync 1 DAGs
[2024-12-19T06:46:35.752+0000] {logging_mixin.py:190} INFO - [2024-12-19T06:46:35.752+0000] {dag.py:4180} INFO - Setting next_dagrun for latest_only_with_trigger to 2024-12-19 00:00:00+00:00, run_after=2024-12-19 04:00:00+00:00
[2024-12-19T06:46:35.774+0000] {processor.py:208} INFO - Processing /home/airflow/.local/lib/python3.12/site-packages/airflow/example_dags/example_latest_only_with_trigger.py took 0.086 seconds
[2024-12-19T06:47:06.873+0000] {processor.py:186} INFO - Started process (PID=811) to work on /home/airflow/.local/lib/python3.12/site-packages/airflow/example_dags/example_latest_only_with_trigger.py
[2024-12-19T06:47:06.874+0000] {processor.py:914} INFO - Processing file /home/airflow/.local/lib/python3.12/site-packages/airflow/example_dags/example_latest_only_with_trigger.py for tasks to queue
[2024-12-19T06:47:06.876+0000] {logging_mixin.py:190} INFO - [2024-12-19T06:47:06.876+0000] {dagbag.py:588} INFO - Filling up the DagBag from /home/airflow/.local/lib/python3.12/site-packages/airflow/example_dags/example_latest_only_with_trigger.py
[2024-12-19T06:47:06.885+0000] {processor.py:925} INFO - DAG(s) 'latest_only_with_trigger' retrieved from /home/airflow/.local/lib/python3.12/site-packages/airflow/example_dags/example_latest_only_with_trigger.py
[2024-12-19T06:47:06.909+0000] {logging_mixin.py:190} INFO - [2024-12-19T06:47:06.909+0000] {dag.py:3239} INFO - Sync 1 DAGs
[2024-12-19T06:47:06.932+0000] {logging_mixin.py:190} INFO - [2024-12-19T06:47:06.932+0000] {dag.py:4180} INFO - Setting next_dagrun for latest_only_with_trigger to 2024-12-19 00:00:00+00:00, run_after=2024-12-19 04:00:00+00:00
[2024-12-19T06:47:06.955+0000] {processor.py:208} INFO - Processing /home/airflow/.local/lib/python3.12/site-packages/airflow/example_dags/example_latest_only_with_trigger.py took 0.089 seconds
[2024-12-19T06:47:38.623+0000] {processor.py:186} INFO - Started process (PID=874) to work on /home/airflow/.local/lib/python3.12/site-packages/airflow/example_dags/example_latest_only_with_trigger.py
[2024-12-19T06:47:38.624+0000] {processor.py:914} INFO - Processing file /home/airflow/.local/lib/python3.12/site-packages/airflow/example_dags/example_latest_only_with_trigger.py for tasks to queue
[2024-12-19T06:47:38.626+0000] {logging_mixin.py:190} INFO - [2024-12-19T06:47:38.626+0000] {dagbag.py:588} INFO - Filling up the DagBag from /home/airflow/.local/lib/python3.12/site-packages/airflow/example_dags/example_latest_only_with_trigger.py
[2024-12-19T06:47:38.634+0000] {processor.py:925} INFO - DAG(s) 'latest_only_with_trigger' retrieved from /home/airflow/.local/lib/python3.12/site-packages/airflow/example_dags/example_latest_only_with_trigger.py
[2024-12-19T06:47:38.652+0000] {logging_mixin.py:190} INFO - [2024-12-19T06:47:38.652+0000] {dag.py:3239} INFO - Sync 1 DAGs
[2024-12-19T06:47:38.675+0000] {logging_mixin.py:190} INFO - [2024-12-19T06:47:38.674+0000] {dag.py:4180} INFO - Setting next_dagrun for latest_only_with_trigger to 2024-12-19 00:00:00+00:00, run_after=2024-12-19 04:00:00+00:00
[2024-12-19T06:47:38.692+0000] {processor.py:208} INFO - Processing /home/airflow/.local/lib/python3.12/site-packages/airflow/example_dags/example_latest_only_with_trigger.py took 0.075 seconds
[2024-12-19T06:48:09.843+0000] {processor.py:186} INFO - Started process (PID=937) to work on /home/airflow/.local/lib/python3.12/site-packages/airflow/example_dags/example_latest_only_with_trigger.py
[2024-12-19T06:48:09.845+0000] {processor.py:914} INFO - Processing file /home/airflow/.local/lib/python3.12/site-packages/airflow/example_dags/example_latest_only_with_trigger.py for tasks to queue
[2024-12-19T06:48:09.849+0000] {logging_mixin.py:190} INFO - [2024-12-19T06:48:09.849+0000] {dagbag.py:588} INFO - Filling up the DagBag from /home/airflow/.local/lib/python3.12/site-packages/airflow/example_dags/example_latest_only_with_trigger.py
[2024-12-19T06:48:09.860+0000] {processor.py:925} INFO - DAG(s) 'latest_only_with_trigger' retrieved from /home/airflow/.local/lib/python3.12/site-packages/airflow/example_dags/example_latest_only_with_trigger.py
[2024-12-19T06:48:09.889+0000] {logging_mixin.py:190} INFO - [2024-12-19T06:48:09.888+0000] {dag.py:3239} INFO - Sync 1 DAGs
[2024-12-19T06:48:09.918+0000] {logging_mixin.py:190} INFO - [2024-12-19T06:48:09.918+0000] {dag.py:4180} INFO - Setting next_dagrun for latest_only_with_trigger to 2024-12-19 00:00:00+00:00, run_after=2024-12-19 04:00:00+00:00
[2024-12-19T06:48:09.942+0000] {processor.py:208} INFO - Processing /home/airflow/.local/lib/python3.12/site-packages/airflow/example_dags/example_latest_only_with_trigger.py took 0.107 seconds
