[2024-12-19T06:41:20.087+0000] {processor.py:186} INFO - Started process (PID=101) to work on /home/airflow/.local/lib/python3.12/site-packages/airflow/example_dags/example_xcomargs.py
[2024-12-19T06:41:20.088+0000] {processor.py:914} INFO - Processing file /home/airflow/.local/lib/python3.12/site-packages/airflow/example_dags/example_xcomargs.py for tasks to queue
[2024-12-19T06:41:20.091+0000] {logging_mixin.py:190} INFO - [2024-12-19T06:41:20.091+0000] {dagbag.py:588} INFO - Filling up the DagBag from /home/airflow/.local/lib/python3.12/site-packages/airflow/example_dags/example_xcomargs.py
[2024-12-19T06:41:20.101+0000] {processor.py:925} INFO - DAG(s) 'example_xcom_args', 'example_xcom_args_with_operators' retrieved from /home/airflow/.local/lib/python3.12/site-packages/airflow/example_dags/example_xcomargs.py
[2024-12-19T06:41:20.123+0000] {logging_mixin.py:190} INFO - [2024-12-19T06:41:20.123+0000] {dag.py:3239} INFO - Sync 2 DAGs
[2024-12-19T06:41:20.138+0000] {logging_mixin.py:190} INFO - [2024-12-19T06:41:20.137+0000] {dag.py:4180} INFO - Setting next_dagrun for example_xcom_args to None, run_after=None
[2024-12-19T06:41:20.142+0000] {logging_mixin.py:190} INFO - [2024-12-19T06:41:20.142+0000] {dag.py:4180} INFO - Setting next_dagrun for example_xcom_args_with_operators to None, run_after=None
[2024-12-19T06:41:20.157+0000] {processor.py:208} INFO - Processing /home/airflow/.local/lib/python3.12/site-packages/airflow/example_dags/example_xcomargs.py took 0.076 seconds
[2024-12-19T06:41:51.401+0000] {processor.py:186} INFO - Started process (PID=165) to work on /home/airflow/.local/lib/python3.12/site-packages/airflow/example_dags/example_xcomargs.py
[2024-12-19T06:41:51.402+0000] {processor.py:914} INFO - Processing file /home/airflow/.local/lib/python3.12/site-packages/airflow/example_dags/example_xcomargs.py for tasks to queue
[2024-12-19T06:41:51.405+0000] {logging_mixin.py:190} INFO - [2024-12-19T06:41:51.404+0000] {dagbag.py:588} INFO - Filling up the DagBag from /home/airflow/.local/lib/python3.12/site-packages/airflow/example_dags/example_xcomargs.py
[2024-12-19T06:41:51.414+0000] {processor.py:925} INFO - DAG(s) 'example_xcom_args_with_operators', 'example_xcom_args' retrieved from /home/airflow/.local/lib/python3.12/site-packages/airflow/example_dags/example_xcomargs.py
[2024-12-19T06:41:51.435+0000] {logging_mixin.py:190} INFO - [2024-12-19T06:41:51.435+0000] {dag.py:3239} INFO - Sync 2 DAGs
[2024-12-19T06:41:51.449+0000] {logging_mixin.py:190} INFO - [2024-12-19T06:41:51.449+0000] {dag.py:4180} INFO - Setting next_dagrun for example_xcom_args to None, run_after=None
[2024-12-19T06:41:51.453+0000] {logging_mixin.py:190} INFO - [2024-12-19T06:41:51.452+0000] {dag.py:4180} INFO - Setting next_dagrun for example_xcom_args_with_operators to None, run_after=None
[2024-12-19T06:41:51.468+0000] {processor.py:208} INFO - Processing /home/airflow/.local/lib/python3.12/site-packages/airflow/example_dags/example_xcomargs.py took 0.072 seconds
[2024-12-19T06:42:23.325+0000] {processor.py:186} INFO - Started process (PID=229) to work on /home/airflow/.local/lib/python3.12/site-packages/airflow/example_dags/example_xcomargs.py
[2024-12-19T06:42:23.327+0000] {processor.py:914} INFO - Processing file /home/airflow/.local/lib/python3.12/site-packages/airflow/example_dags/example_xcomargs.py for tasks to queue
[2024-12-19T06:42:23.329+0000] {logging_mixin.py:190} INFO - [2024-12-19T06:42:23.329+0000] {dagbag.py:588} INFO - Filling up the DagBag from /home/airflow/.local/lib/python3.12/site-packages/airflow/example_dags/example_xcomargs.py
[2024-12-19T06:42:23.338+0000] {processor.py:925} INFO - DAG(s) 'example_xcom_args', 'example_xcom_args_with_operators' retrieved from /home/airflow/.local/lib/python3.12/site-packages/airflow/example_dags/example_xcomargs.py
[2024-12-19T06:42:23.364+0000] {logging_mixin.py:190} INFO - [2024-12-19T06:42:23.364+0000] {dag.py:3239} INFO - Sync 2 DAGs
[2024-12-19T06:42:23.381+0000] {logging_mixin.py:190} INFO - [2024-12-19T06:42:23.381+0000] {dag.py:4180} INFO - Setting next_dagrun for example_xcom_args to None, run_after=None
[2024-12-19T06:42:23.389+0000] {logging_mixin.py:190} INFO - [2024-12-19T06:42:23.388+0000] {dag.py:4180} INFO - Setting next_dagrun for example_xcom_args_with_operators to None, run_after=None
[2024-12-19T06:42:23.417+0000] {processor.py:208} INFO - Processing /home/airflow/.local/lib/python3.12/site-packages/airflow/example_dags/example_xcomargs.py took 0.097 seconds
[2024-12-19T06:42:54.658+0000] {processor.py:186} INFO - Started process (PID=293) to work on /home/airflow/.local/lib/python3.12/site-packages/airflow/example_dags/example_xcomargs.py
[2024-12-19T06:42:54.659+0000] {processor.py:914} INFO - Processing file /home/airflow/.local/lib/python3.12/site-packages/airflow/example_dags/example_xcomargs.py for tasks to queue
[2024-12-19T06:42:54.661+0000] {logging_mixin.py:190} INFO - [2024-12-19T06:42:54.661+0000] {dagbag.py:588} INFO - Filling up the DagBag from /home/airflow/.local/lib/python3.12/site-packages/airflow/example_dags/example_xcomargs.py
[2024-12-19T06:42:54.670+0000] {processor.py:925} INFO - DAG(s) 'example_xcom_args_with_operators', 'example_xcom_args' retrieved from /home/airflow/.local/lib/python3.12/site-packages/airflow/example_dags/example_xcomargs.py
[2024-12-19T06:42:54.692+0000] {logging_mixin.py:190} INFO - [2024-12-19T06:42:54.692+0000] {dag.py:3239} INFO - Sync 2 DAGs
[2024-12-19T06:42:54.705+0000] {logging_mixin.py:190} INFO - [2024-12-19T06:42:54.705+0000] {dag.py:4180} INFO - Setting next_dagrun for example_xcom_args to None, run_after=None
[2024-12-19T06:42:54.710+0000] {logging_mixin.py:190} INFO - [2024-12-19T06:42:54.710+0000] {dag.py:4180} INFO - Setting next_dagrun for example_xcom_args_with_operators to None, run_after=None
[2024-12-19T06:42:54.738+0000] {processor.py:208} INFO - Processing /home/airflow/.local/lib/python3.12/site-packages/airflow/example_dags/example_xcomargs.py took 0.086 seconds
[2024-12-19T06:43:25.875+0000] {processor.py:186} INFO - Started process (PID=357) to work on /home/airflow/.local/lib/python3.12/site-packages/airflow/example_dags/example_xcomargs.py
[2024-12-19T06:43:25.876+0000] {processor.py:914} INFO - Processing file /home/airflow/.local/lib/python3.12/site-packages/airflow/example_dags/example_xcomargs.py for tasks to queue
[2024-12-19T06:43:25.879+0000] {logging_mixin.py:190} INFO - [2024-12-19T06:43:25.879+0000] {dagbag.py:588} INFO - Filling up the DagBag from /home/airflow/.local/lib/python3.12/site-packages/airflow/example_dags/example_xcomargs.py
[2024-12-19T06:43:25.889+0000] {processor.py:925} INFO - DAG(s) 'example_xcom_args_with_operators', 'example_xcom_args' retrieved from /home/airflow/.local/lib/python3.12/site-packages/airflow/example_dags/example_xcomargs.py
[2024-12-19T06:43:25.911+0000] {logging_mixin.py:190} INFO - [2024-12-19T06:43:25.911+0000] {dag.py:3239} INFO - Sync 2 DAGs
[2024-12-19T06:43:25.926+0000] {logging_mixin.py:190} INFO - [2024-12-19T06:43:25.926+0000] {dag.py:4180} INFO - Setting next_dagrun for example_xcom_args to None, run_after=None
[2024-12-19T06:43:25.930+0000] {logging_mixin.py:190} INFO - [2024-12-19T06:43:25.930+0000] {dag.py:4180} INFO - Setting next_dagrun for example_xcom_args_with_operators to None, run_after=None
[2024-12-19T06:43:25.947+0000] {processor.py:208} INFO - Processing /home/airflow/.local/lib/python3.12/site-packages/airflow/example_dags/example_xcomargs.py took 0.078 seconds
[2024-12-19T06:43:57.558+0000] {processor.py:186} INFO - Started process (PID=421) to work on /home/airflow/.local/lib/python3.12/site-packages/airflow/example_dags/example_xcomargs.py
[2024-12-19T06:43:57.559+0000] {processor.py:914} INFO - Processing file /home/airflow/.local/lib/python3.12/site-packages/airflow/example_dags/example_xcomargs.py for tasks to queue
[2024-12-19T06:43:57.561+0000] {logging_mixin.py:190} INFO - [2024-12-19T06:43:57.561+0000] {dagbag.py:588} INFO - Filling up the DagBag from /home/airflow/.local/lib/python3.12/site-packages/airflow/example_dags/example_xcomargs.py
[2024-12-19T06:43:57.570+0000] {processor.py:925} INFO - DAG(s) 'example_xcom_args', 'example_xcom_args_with_operators' retrieved from /home/airflow/.local/lib/python3.12/site-packages/airflow/example_dags/example_xcomargs.py
[2024-12-19T06:43:57.592+0000] {logging_mixin.py:190} INFO - [2024-12-19T06:43:57.592+0000] {dag.py:3239} INFO - Sync 2 DAGs
[2024-12-19T06:43:57.605+0000] {logging_mixin.py:190} INFO - [2024-12-19T06:43:57.605+0000] {dag.py:4180} INFO - Setting next_dagrun for example_xcom_args to None, run_after=None
[2024-12-19T06:43:57.611+0000] {logging_mixin.py:190} INFO - [2024-12-19T06:43:57.611+0000] {dag.py:4180} INFO - Setting next_dagrun for example_xcom_args_with_operators to None, run_after=None
[2024-12-19T06:43:57.628+0000] {processor.py:208} INFO - Processing /home/airflow/.local/lib/python3.12/site-packages/airflow/example_dags/example_xcomargs.py took 0.075 seconds
[2024-12-19T06:44:29.226+0000] {processor.py:186} INFO - Started process (PID=485) to work on /home/airflow/.local/lib/python3.12/site-packages/airflow/example_dags/example_xcomargs.py
[2024-12-19T06:44:29.228+0000] {processor.py:914} INFO - Processing file /home/airflow/.local/lib/python3.12/site-packages/airflow/example_dags/example_xcomargs.py for tasks to queue
[2024-12-19T06:44:29.230+0000] {logging_mixin.py:190} INFO - [2024-12-19T06:44:29.230+0000] {dagbag.py:588} INFO - Filling up the DagBag from /home/airflow/.local/lib/python3.12/site-packages/airflow/example_dags/example_xcomargs.py
[2024-12-19T06:44:29.242+0000] {processor.py:925} INFO - DAG(s) 'example_xcom_args', 'example_xcom_args_with_operators' retrieved from /home/airflow/.local/lib/python3.12/site-packages/airflow/example_dags/example_xcomargs.py
[2024-12-19T06:44:29.267+0000] {logging_mixin.py:190} INFO - [2024-12-19T06:44:29.266+0000] {dag.py:3239} INFO - Sync 2 DAGs
[2024-12-19T06:44:29.284+0000] {logging_mixin.py:190} INFO - [2024-12-19T06:44:29.284+0000] {dag.py:4180} INFO - Setting next_dagrun for example_xcom_args to None, run_after=None
[2024-12-19T06:44:29.288+0000] {logging_mixin.py:190} INFO - [2024-12-19T06:44:29.288+0000] {dag.py:4180} INFO - Setting next_dagrun for example_xcom_args_with_operators to None, run_after=None
[2024-12-19T06:44:29.315+0000] {processor.py:208} INFO - Processing /home/airflow/.local/lib/python3.12/site-packages/airflow/example_dags/example_xcomargs.py took 0.096 seconds
[2024-12-19T06:45:01.264+0000] {processor.py:186} INFO - Started process (PID=549) to work on /home/airflow/.local/lib/python3.12/site-packages/airflow/example_dags/example_xcomargs.py
[2024-12-19T06:45:01.265+0000] {processor.py:914} INFO - Processing file /home/airflow/.local/lib/python3.12/site-packages/airflow/example_dags/example_xcomargs.py for tasks to queue
[2024-12-19T06:45:01.268+0000] {logging_mixin.py:190} INFO - [2024-12-19T06:45:01.267+0000] {dagbag.py:588} INFO - Filling up the DagBag from /home/airflow/.local/lib/python3.12/site-packages/airflow/example_dags/example_xcomargs.py
[2024-12-19T06:45:01.277+0000] {processor.py:925} INFO - DAG(s) 'example_xcom_args_with_operators', 'example_xcom_args' retrieved from /home/airflow/.local/lib/python3.12/site-packages/airflow/example_dags/example_xcomargs.py
[2024-12-19T06:45:01.301+0000] {logging_mixin.py:190} INFO - [2024-12-19T06:45:01.301+0000] {dag.py:3239} INFO - Sync 2 DAGs
[2024-12-19T06:45:01.314+0000] {logging_mixin.py:190} INFO - [2024-12-19T06:45:01.314+0000] {dag.py:4180} INFO - Setting next_dagrun for example_xcom_args to None, run_after=None
[2024-12-19T06:45:01.318+0000] {logging_mixin.py:190} INFO - [2024-12-19T06:45:01.318+0000] {dag.py:4180} INFO - Setting next_dagrun for example_xcom_args_with_operators to None, run_after=None
[2024-12-19T06:45:01.334+0000] {processor.py:208} INFO - Processing /home/airflow/.local/lib/python3.12/site-packages/airflow/example_dags/example_xcomargs.py took 0.074 seconds
[2024-12-19T06:45:32.660+0000] {processor.py:186} INFO - Started process (PID=613) to work on /home/airflow/.local/lib/python3.12/site-packages/airflow/example_dags/example_xcomargs.py
[2024-12-19T06:45:32.661+0000] {processor.py:914} INFO - Processing file /home/airflow/.local/lib/python3.12/site-packages/airflow/example_dags/example_xcomargs.py for tasks to queue
[2024-12-19T06:45:32.664+0000] {logging_mixin.py:190} INFO - [2024-12-19T06:45:32.664+0000] {dagbag.py:588} INFO - Filling up the DagBag from /home/airflow/.local/lib/python3.12/site-packages/airflow/example_dags/example_xcomargs.py
[2024-12-19T06:45:32.675+0000] {processor.py:925} INFO - DAG(s) 'example_xcom_args', 'example_xcom_args_with_operators' retrieved from /home/airflow/.local/lib/python3.12/site-packages/airflow/example_dags/example_xcomargs.py
[2024-12-19T06:45:32.700+0000] {logging_mixin.py:190} INFO - [2024-12-19T06:45:32.700+0000] {dag.py:3239} INFO - Sync 2 DAGs
[2024-12-19T06:45:32.715+0000] {logging_mixin.py:190} INFO - [2024-12-19T06:45:32.715+0000] {dag.py:4180} INFO - Setting next_dagrun for example_xcom_args to None, run_after=None
[2024-12-19T06:45:32.719+0000] {logging_mixin.py:190} INFO - [2024-12-19T06:45:32.719+0000] {dag.py:4180} INFO - Setting next_dagrun for example_xcom_args_with_operators to None, run_after=None
[2024-12-19T06:45:32.749+0000] {processor.py:208} INFO - Processing /home/airflow/.local/lib/python3.12/site-packages/airflow/example_dags/example_xcomargs.py took 0.097 seconds
[2024-12-19T06:46:04.353+0000] {processor.py:186} INFO - Started process (PID=677) to work on /home/airflow/.local/lib/python3.12/site-packages/airflow/example_dags/example_xcomargs.py
[2024-12-19T06:46:04.355+0000] {processor.py:914} INFO - Processing file /home/airflow/.local/lib/python3.12/site-packages/airflow/example_dags/example_xcomargs.py for tasks to queue
[2024-12-19T06:46:04.359+0000] {logging_mixin.py:190} INFO - [2024-12-19T06:46:04.358+0000] {dagbag.py:588} INFO - Filling up the DagBag from /home/airflow/.local/lib/python3.12/site-packages/airflow/example_dags/example_xcomargs.py
[2024-12-19T06:46:04.376+0000] {processor.py:925} INFO - DAG(s) 'example_xcom_args', 'example_xcom_args_with_operators' retrieved from /home/airflow/.local/lib/python3.12/site-packages/airflow/example_dags/example_xcomargs.py
[2024-12-19T06:46:04.410+0000] {logging_mixin.py:190} INFO - [2024-12-19T06:46:04.410+0000] {dag.py:3239} INFO - Sync 2 DAGs
[2024-12-19T06:46:04.431+0000] {logging_mixin.py:190} INFO - [2024-12-19T06:46:04.430+0000] {dag.py:4180} INFO - Setting next_dagrun for example_xcom_args to None, run_after=None
[2024-12-19T06:46:04.437+0000] {logging_mixin.py:190} INFO - [2024-12-19T06:46:04.437+0000] {dag.py:4180} INFO - Setting next_dagrun for example_xcom_args_with_operators to None, run_after=None
[2024-12-19T06:46:04.461+0000] {processor.py:208} INFO - Processing /home/airflow/.local/lib/python3.12/site-packages/airflow/example_dags/example_xcomargs.py took 0.121 seconds
[2024-12-19T06:46:35.332+0000] {processor.py:186} INFO - Started process (PID=741) to work on /home/airflow/.local/lib/python3.12/site-packages/airflow/example_dags/example_xcomargs.py
[2024-12-19T06:46:35.333+0000] {processor.py:914} INFO - Processing file /home/airflow/.local/lib/python3.12/site-packages/airflow/example_dags/example_xcomargs.py for tasks to queue
[2024-12-19T06:46:35.335+0000] {logging_mixin.py:190} INFO - [2024-12-19T06:46:35.335+0000] {dagbag.py:588} INFO - Filling up the DagBag from /home/airflow/.local/lib/python3.12/site-packages/airflow/example_dags/example_xcomargs.py
[2024-12-19T06:46:35.345+0000] {processor.py:925} INFO - DAG(s) 'example_xcom_args_with_operators', 'example_xcom_args' retrieved from /home/airflow/.local/lib/python3.12/site-packages/airflow/example_dags/example_xcomargs.py
[2024-12-19T06:46:35.365+0000] {logging_mixin.py:190} INFO - [2024-12-19T06:46:35.365+0000] {dag.py:3239} INFO - Sync 2 DAGs
[2024-12-19T06:46:35.379+0000] {logging_mixin.py:190} INFO - [2024-12-19T06:46:35.379+0000] {dag.py:4180} INFO - Setting next_dagrun for example_xcom_args to None, run_after=None
[2024-12-19T06:46:35.382+0000] {logging_mixin.py:190} INFO - [2024-12-19T06:46:35.382+0000] {dag.py:4180} INFO - Setting next_dagrun for example_xcom_args_with_operators to None, run_after=None
[2024-12-19T06:46:35.401+0000] {processor.py:208} INFO - Processing /home/airflow/.local/lib/python3.12/site-packages/airflow/example_dags/example_xcomargs.py took 0.074 seconds
[2024-12-19T06:47:06.484+0000] {processor.py:186} INFO - Started process (PID=805) to work on /home/airflow/.local/lib/python3.12/site-packages/airflow/example_dags/example_xcomargs.py
[2024-12-19T06:47:06.485+0000] {processor.py:914} INFO - Processing file /home/airflow/.local/lib/python3.12/site-packages/airflow/example_dags/example_xcomargs.py for tasks to queue
[2024-12-19T06:47:06.489+0000] {logging_mixin.py:190} INFO - [2024-12-19T06:47:06.489+0000] {dagbag.py:588} INFO - Filling up the DagBag from /home/airflow/.local/lib/python3.12/site-packages/airflow/example_dags/example_xcomargs.py
[2024-12-19T06:47:06.501+0000] {processor.py:925} INFO - DAG(s) 'example_xcom_args_with_operators', 'example_xcom_args' retrieved from /home/airflow/.local/lib/python3.12/site-packages/airflow/example_dags/example_xcomargs.py
[2024-12-19T06:47:06.533+0000] {logging_mixin.py:190} INFO - [2024-12-19T06:47:06.532+0000] {dag.py:3239} INFO - Sync 2 DAGs
[2024-12-19T06:47:06.552+0000] {logging_mixin.py:190} INFO - [2024-12-19T06:47:06.552+0000] {dag.py:4180} INFO - Setting next_dagrun for example_xcom_args to None, run_after=None
[2024-12-19T06:47:06.557+0000] {logging_mixin.py:190} INFO - [2024-12-19T06:47:06.556+0000] {dag.py:4180} INFO - Setting next_dagrun for example_xcom_args_with_operators to None, run_after=None
[2024-12-19T06:47:06.582+0000] {processor.py:208} INFO - Processing /home/airflow/.local/lib/python3.12/site-packages/airflow/example_dags/example_xcomargs.py took 0.105 seconds
[2024-12-19T06:47:38.178+0000] {processor.py:186} INFO - Started process (PID=868) to work on /home/airflow/.local/lib/python3.12/site-packages/airflow/example_dags/example_xcomargs.py
[2024-12-19T06:47:38.179+0000] {processor.py:914} INFO - Processing file /home/airflow/.local/lib/python3.12/site-packages/airflow/example_dags/example_xcomargs.py for tasks to queue
[2024-12-19T06:47:38.182+0000] {logging_mixin.py:190} INFO - [2024-12-19T06:47:38.182+0000] {dagbag.py:588} INFO - Filling up the DagBag from /home/airflow/.local/lib/python3.12/site-packages/airflow/example_dags/example_xcomargs.py
[2024-12-19T06:47:38.194+0000] {processor.py:925} INFO - DAG(s) 'example_xcom_args_with_operators', 'example_xcom_args' retrieved from /home/airflow/.local/lib/python3.12/site-packages/airflow/example_dags/example_xcomargs.py
[2024-12-19T06:47:38.221+0000] {logging_mixin.py:190} INFO - [2024-12-19T06:47:38.220+0000] {dag.py:3239} INFO - Sync 2 DAGs
[2024-12-19T06:47:38.237+0000] {logging_mixin.py:190} INFO - [2024-12-19T06:47:38.237+0000] {dag.py:4180} INFO - Setting next_dagrun for example_xcom_args to None, run_after=None
[2024-12-19T06:47:38.241+0000] {logging_mixin.py:190} INFO - [2024-12-19T06:47:38.241+0000] {dag.py:4180} INFO - Setting next_dagrun for example_xcom_args_with_operators to None, run_after=None
[2024-12-19T06:47:38.261+0000] {processor.py:208} INFO - Processing /home/airflow/.local/lib/python3.12/site-packages/airflow/example_dags/example_xcomargs.py took 0.091 seconds
[2024-12-19T06:48:09.121+0000] {processor.py:186} INFO - Started process (PID=931) to work on /home/airflow/.local/lib/python3.12/site-packages/airflow/example_dags/example_xcomargs.py
[2024-12-19T06:48:09.123+0000] {processor.py:914} INFO - Processing file /home/airflow/.local/lib/python3.12/site-packages/airflow/example_dags/example_xcomargs.py for tasks to queue
[2024-12-19T06:48:09.126+0000] {logging_mixin.py:190} INFO - [2024-12-19T06:48:09.126+0000] {dagbag.py:588} INFO - Filling up the DagBag from /home/airflow/.local/lib/python3.12/site-packages/airflow/example_dags/example_xcomargs.py
[2024-12-19T06:48:09.144+0000] {processor.py:925} INFO - DAG(s) 'example_xcom_args_with_operators', 'example_xcom_args' retrieved from /home/airflow/.local/lib/python3.12/site-packages/airflow/example_dags/example_xcomargs.py
[2024-12-19T06:48:09.175+0000] {logging_mixin.py:190} INFO - [2024-12-19T06:48:09.175+0000] {dag.py:3239} INFO - Sync 2 DAGs
[2024-12-19T06:48:09.191+0000] {logging_mixin.py:190} INFO - [2024-12-19T06:48:09.191+0000] {dag.py:4180} INFO - Setting next_dagrun for example_xcom_args to None, run_after=None
[2024-12-19T06:48:09.196+0000] {logging_mixin.py:190} INFO - [2024-12-19T06:48:09.195+0000] {dag.py:4180} INFO - Setting next_dagrun for example_xcom_args_with_operators to None, run_after=None
[2024-12-19T06:48:09.213+0000] {processor.py:208} INFO - Processing /home/airflow/.local/lib/python3.12/site-packages/airflow/example_dags/example_xcomargs.py took 0.101 seconds
