[2024-12-19T06:41:21.831+0000] {processor.py:186} INFO - Started process (PID=120) to work on /home/airflow/.local/lib/python3.12/site-packages/airflow/example_dags/example_branch_operator.py
[2024-12-19T06:41:21.833+0000] {processor.py:914} INFO - Processing file /home/airflow/.local/lib/python3.12/site-packages/airflow/example_dags/example_branch_operator.py for tasks to queue
[2024-12-19T06:41:21.836+0000] {logging_mixin.py:190} INFO - [2024-12-19T06:41:21.836+0000] {dagbag.py:588} INFO - Filling up the DagBag from /home/airflow/.local/lib/python3.12/site-packages/airflow/example_dags/example_branch_operator.py
[2024-12-19T06:41:21.861+0000] {processor.py:925} INFO - DAG(s) 'example_branch_operator' retrieved from /home/airflow/.local/lib/python3.12/site-packages/airflow/example_dags/example_branch_operator.py
[2024-12-19T06:41:22.009+0000] {logging_mixin.py:190} INFO - [2024-12-19T06:41:22.008+0000] {dag.py:3239} INFO - Sync 1 DAGs
[2024-12-19T06:41:22.038+0000] {logging_mixin.py:190} INFO - [2024-12-19T06:41:22.037+0000] {dag.py:4180} INFO - Setting next_dagrun for example_branch_operator to 2024-12-18 00:00:00+00:00, run_after=2024-12-19 00:00:00+00:00
[2024-12-19T06:41:22.063+0000] {processor.py:208} INFO - Processing /home/airflow/.local/lib/python3.12/site-packages/airflow/example_dags/example_branch_operator.py took 0.238 seconds
[2024-12-19T06:41:52.606+0000] {processor.py:186} INFO - Started process (PID=184) to work on /home/airflow/.local/lib/python3.12/site-packages/airflow/example_dags/example_branch_operator.py
[2024-12-19T06:41:52.608+0000] {processor.py:914} INFO - Processing file /home/airflow/.local/lib/python3.12/site-packages/airflow/example_dags/example_branch_operator.py for tasks to queue
[2024-12-19T06:41:52.611+0000] {logging_mixin.py:190} INFO - [2024-12-19T06:41:52.611+0000] {dagbag.py:588} INFO - Filling up the DagBag from /home/airflow/.local/lib/python3.12/site-packages/airflow/example_dags/example_branch_operator.py
[2024-12-19T06:41:52.631+0000] {processor.py:925} INFO - DAG(s) 'example_branch_operator' retrieved from /home/airflow/.local/lib/python3.12/site-packages/airflow/example_dags/example_branch_operator.py
[2024-12-19T06:41:52.666+0000] {logging_mixin.py:190} INFO - [2024-12-19T06:41:52.666+0000] {dag.py:3239} INFO - Sync 1 DAGs
[2024-12-19T06:41:52.693+0000] {logging_mixin.py:190} INFO - [2024-12-19T06:41:52.693+0000] {dag.py:4180} INFO - Setting next_dagrun for example_branch_operator to 2024-12-18 00:00:00+00:00, run_after=2024-12-19 00:00:00+00:00
[2024-12-19T06:41:52.717+0000] {processor.py:208} INFO - Processing /home/airflow/.local/lib/python3.12/site-packages/airflow/example_dags/example_branch_operator.py took 0.118 seconds
[2024-12-19T06:42:24.417+0000] {processor.py:186} INFO - Started process (PID=248) to work on /home/airflow/.local/lib/python3.12/site-packages/airflow/example_dags/example_branch_operator.py
[2024-12-19T06:42:24.418+0000] {processor.py:914} INFO - Processing file /home/airflow/.local/lib/python3.12/site-packages/airflow/example_dags/example_branch_operator.py for tasks to queue
[2024-12-19T06:42:24.420+0000] {logging_mixin.py:190} INFO - [2024-12-19T06:42:24.420+0000] {dagbag.py:588} INFO - Filling up the DagBag from /home/airflow/.local/lib/python3.12/site-packages/airflow/example_dags/example_branch_operator.py
[2024-12-19T06:42:24.436+0000] {processor.py:925} INFO - DAG(s) 'example_branch_operator' retrieved from /home/airflow/.local/lib/python3.12/site-packages/airflow/example_dags/example_branch_operator.py
[2024-12-19T06:42:24.461+0000] {logging_mixin.py:190} INFO - [2024-12-19T06:42:24.461+0000] {dag.py:3239} INFO - Sync 1 DAGs
[2024-12-19T06:42:24.482+0000] {logging_mixin.py:190} INFO - [2024-12-19T06:42:24.482+0000] {dag.py:4180} INFO - Setting next_dagrun for example_branch_operator to 2024-12-18 00:00:00+00:00, run_after=2024-12-19 00:00:00+00:00
[2024-12-19T06:42:24.501+0000] {processor.py:208} INFO - Processing /home/airflow/.local/lib/python3.12/site-packages/airflow/example_dags/example_branch_operator.py took 0.089 seconds
[2024-12-19T06:42:55.806+0000] {processor.py:186} INFO - Started process (PID=312) to work on /home/airflow/.local/lib/python3.12/site-packages/airflow/example_dags/example_branch_operator.py
[2024-12-19T06:42:55.808+0000] {processor.py:914} INFO - Processing file /home/airflow/.local/lib/python3.12/site-packages/airflow/example_dags/example_branch_operator.py for tasks to queue
[2024-12-19T06:42:55.810+0000] {logging_mixin.py:190} INFO - [2024-12-19T06:42:55.810+0000] {dagbag.py:588} INFO - Filling up the DagBag from /home/airflow/.local/lib/python3.12/site-packages/airflow/example_dags/example_branch_operator.py
[2024-12-19T06:42:55.827+0000] {processor.py:925} INFO - DAG(s) 'example_branch_operator' retrieved from /home/airflow/.local/lib/python3.12/site-packages/airflow/example_dags/example_branch_operator.py
[2024-12-19T06:42:55.852+0000] {logging_mixin.py:190} INFO - [2024-12-19T06:42:55.852+0000] {dag.py:3239} INFO - Sync 1 DAGs
[2024-12-19T06:42:55.876+0000] {logging_mixin.py:190} INFO - [2024-12-19T06:42:55.876+0000] {dag.py:4180} INFO - Setting next_dagrun for example_branch_operator to 2024-12-18 00:00:00+00:00, run_after=2024-12-19 00:00:00+00:00
[2024-12-19T06:42:55.894+0000] {processor.py:208} INFO - Processing /home/airflow/.local/lib/python3.12/site-packages/airflow/example_dags/example_branch_operator.py took 0.094 seconds
[2024-12-19T06:43:26.987+0000] {processor.py:186} INFO - Started process (PID=376) to work on /home/airflow/.local/lib/python3.12/site-packages/airflow/example_dags/example_branch_operator.py
[2024-12-19T06:43:26.988+0000] {processor.py:914} INFO - Processing file /home/airflow/.local/lib/python3.12/site-packages/airflow/example_dags/example_branch_operator.py for tasks to queue
[2024-12-19T06:43:26.991+0000] {logging_mixin.py:190} INFO - [2024-12-19T06:43:26.990+0000] {dagbag.py:588} INFO - Filling up the DagBag from /home/airflow/.local/lib/python3.12/site-packages/airflow/example_dags/example_branch_operator.py
[2024-12-19T06:43:27.010+0000] {processor.py:925} INFO - DAG(s) 'example_branch_operator' retrieved from /home/airflow/.local/lib/python3.12/site-packages/airflow/example_dags/example_branch_operator.py
[2024-12-19T06:43:27.039+0000] {logging_mixin.py:190} INFO - [2024-12-19T06:43:27.039+0000] {dag.py:3239} INFO - Sync 1 DAGs
[2024-12-19T06:43:27.064+0000] {logging_mixin.py:190} INFO - [2024-12-19T06:43:27.063+0000] {dag.py:4180} INFO - Setting next_dagrun for example_branch_operator to 2024-12-18 00:00:00+00:00, run_after=2024-12-19 00:00:00+00:00
[2024-12-19T06:43:27.087+0000] {processor.py:208} INFO - Processing /home/airflow/.local/lib/python3.12/site-packages/airflow/example_dags/example_branch_operator.py took 0.107 seconds
[2024-12-19T06:43:59.045+0000] {processor.py:186} INFO - Started process (PID=440) to work on /home/airflow/.local/lib/python3.12/site-packages/airflow/example_dags/example_branch_operator.py
[2024-12-19T06:43:59.047+0000] {processor.py:914} INFO - Processing file /home/airflow/.local/lib/python3.12/site-packages/airflow/example_dags/example_branch_operator.py for tasks to queue
[2024-12-19T06:43:59.050+0000] {logging_mixin.py:190} INFO - [2024-12-19T06:43:59.050+0000] {dagbag.py:588} INFO - Filling up the DagBag from /home/airflow/.local/lib/python3.12/site-packages/airflow/example_dags/example_branch_operator.py
[2024-12-19T06:43:59.073+0000] {processor.py:925} INFO - DAG(s) 'example_branch_operator' retrieved from /home/airflow/.local/lib/python3.12/site-packages/airflow/example_dags/example_branch_operator.py
[2024-12-19T06:43:59.101+0000] {logging_mixin.py:190} INFO - [2024-12-19T06:43:59.100+0000] {dag.py:3239} INFO - Sync 1 DAGs
[2024-12-19T06:43:59.130+0000] {logging_mixin.py:190} INFO - [2024-12-19T06:43:59.130+0000] {dag.py:4180} INFO - Setting next_dagrun for example_branch_operator to 2024-12-18 00:00:00+00:00, run_after=2024-12-19 00:00:00+00:00
[2024-12-19T06:43:59.155+0000] {processor.py:208} INFO - Processing /home/airflow/.local/lib/python3.12/site-packages/airflow/example_dags/example_branch_operator.py took 0.117 seconds
[2024-12-19T06:44:30.774+0000] {processor.py:186} INFO - Started process (PID=504) to work on /home/airflow/.local/lib/python3.12/site-packages/airflow/example_dags/example_branch_operator.py
[2024-12-19T06:44:30.776+0000] {processor.py:914} INFO - Processing file /home/airflow/.local/lib/python3.12/site-packages/airflow/example_dags/example_branch_operator.py for tasks to queue
[2024-12-19T06:44:30.778+0000] {logging_mixin.py:190} INFO - [2024-12-19T06:44:30.778+0000] {dagbag.py:588} INFO - Filling up the DagBag from /home/airflow/.local/lib/python3.12/site-packages/airflow/example_dags/example_branch_operator.py
[2024-12-19T06:44:30.799+0000] {processor.py:925} INFO - DAG(s) 'example_branch_operator' retrieved from /home/airflow/.local/lib/python3.12/site-packages/airflow/example_dags/example_branch_operator.py
[2024-12-19T06:44:30.834+0000] {logging_mixin.py:190} INFO - [2024-12-19T06:44:30.834+0000] {dag.py:3239} INFO - Sync 1 DAGs
[2024-12-19T06:44:30.862+0000] {logging_mixin.py:190} INFO - [2024-12-19T06:44:30.862+0000] {dag.py:4180} INFO - Setting next_dagrun for example_branch_operator to 2024-12-18 00:00:00+00:00, run_after=2024-12-19 00:00:00+00:00
[2024-12-19T06:44:30.892+0000] {processor.py:208} INFO - Processing /home/airflow/.local/lib/python3.12/site-packages/airflow/example_dags/example_branch_operator.py took 0.127 seconds
[2024-12-19T06:45:02.931+0000] {processor.py:186} INFO - Started process (PID=568) to work on /home/airflow/.local/lib/python3.12/site-packages/airflow/example_dags/example_branch_operator.py
[2024-12-19T06:45:02.932+0000] {processor.py:914} INFO - Processing file /home/airflow/.local/lib/python3.12/site-packages/airflow/example_dags/example_branch_operator.py for tasks to queue
[2024-12-19T06:45:02.934+0000] {logging_mixin.py:190} INFO - [2024-12-19T06:45:02.934+0000] {dagbag.py:588} INFO - Filling up the DagBag from /home/airflow/.local/lib/python3.12/site-packages/airflow/example_dags/example_branch_operator.py
[2024-12-19T06:45:02.951+0000] {processor.py:925} INFO - DAG(s) 'example_branch_operator' retrieved from /home/airflow/.local/lib/python3.12/site-packages/airflow/example_dags/example_branch_operator.py
[2024-12-19T06:45:02.983+0000] {logging_mixin.py:190} INFO - [2024-12-19T06:45:02.983+0000] {dag.py:3239} INFO - Sync 1 DAGs
[2024-12-19T06:45:03.014+0000] {logging_mixin.py:190} INFO - [2024-12-19T06:45:03.014+0000] {dag.py:4180} INFO - Setting next_dagrun for example_branch_operator to 2024-12-18 00:00:00+00:00, run_after=2024-12-19 00:00:00+00:00
[2024-12-19T06:45:03.038+0000] {processor.py:208} INFO - Processing /home/airflow/.local/lib/python3.12/site-packages/airflow/example_dags/example_branch_operator.py took 0.113 seconds
[2024-12-19T06:45:34.301+0000] {processor.py:186} INFO - Started process (PID=632) to work on /home/airflow/.local/lib/python3.12/site-packages/airflow/example_dags/example_branch_operator.py
[2024-12-19T06:45:34.302+0000] {processor.py:914} INFO - Processing file /home/airflow/.local/lib/python3.12/site-packages/airflow/example_dags/example_branch_operator.py for tasks to queue
[2024-12-19T06:45:34.305+0000] {logging_mixin.py:190} INFO - [2024-12-19T06:45:34.305+0000] {dagbag.py:588} INFO - Filling up the DagBag from /home/airflow/.local/lib/python3.12/site-packages/airflow/example_dags/example_branch_operator.py
[2024-12-19T06:45:34.321+0000] {processor.py:925} INFO - DAG(s) 'example_branch_operator' retrieved from /home/airflow/.local/lib/python3.12/site-packages/airflow/example_dags/example_branch_operator.py
[2024-12-19T06:45:34.344+0000] {logging_mixin.py:190} INFO - [2024-12-19T06:45:34.344+0000] {dag.py:3239} INFO - Sync 1 DAGs
[2024-12-19T06:45:34.366+0000] {logging_mixin.py:190} INFO - [2024-12-19T06:45:34.366+0000] {dag.py:4180} INFO - Setting next_dagrun for example_branch_operator to 2024-12-18 00:00:00+00:00, run_after=2024-12-19 00:00:00+00:00
[2024-12-19T06:45:34.383+0000] {processor.py:208} INFO - Processing /home/airflow/.local/lib/python3.12/site-packages/airflow/example_dags/example_branch_operator.py took 0.087 seconds
[2024-12-19T06:46:06.014+0000] {processor.py:186} INFO - Started process (PID=696) to work on /home/airflow/.local/lib/python3.12/site-packages/airflow/example_dags/example_branch_operator.py
[2024-12-19T06:46:06.018+0000] {processor.py:914} INFO - Processing file /home/airflow/.local/lib/python3.12/site-packages/airflow/example_dags/example_branch_operator.py for tasks to queue
[2024-12-19T06:46:06.021+0000] {logging_mixin.py:190} INFO - [2024-12-19T06:46:06.020+0000] {dagbag.py:588} INFO - Filling up the DagBag from /home/airflow/.local/lib/python3.12/site-packages/airflow/example_dags/example_branch_operator.py
[2024-12-19T06:46:06.038+0000] {processor.py:925} INFO - DAG(s) 'example_branch_operator' retrieved from /home/airflow/.local/lib/python3.12/site-packages/airflow/example_dags/example_branch_operator.py
[2024-12-19T06:46:06.064+0000] {logging_mixin.py:190} INFO - [2024-12-19T06:46:06.064+0000] {dag.py:3239} INFO - Sync 1 DAGs
[2024-12-19T06:46:06.086+0000] {logging_mixin.py:190} INFO - [2024-12-19T06:46:06.085+0000] {dag.py:4180} INFO - Setting next_dagrun for example_branch_operator to 2024-12-18 00:00:00+00:00, run_after=2024-12-19 00:00:00+00:00
[2024-12-19T06:46:06.103+0000] {processor.py:208} INFO - Processing /home/airflow/.local/lib/python3.12/site-packages/airflow/example_dags/example_branch_operator.py took 0.095 seconds
[2024-12-19T06:46:37.086+0000] {processor.py:186} INFO - Started process (PID=760) to work on /home/airflow/.local/lib/python3.12/site-packages/airflow/example_dags/example_branch_operator.py
[2024-12-19T06:46:37.087+0000] {processor.py:914} INFO - Processing file /home/airflow/.local/lib/python3.12/site-packages/airflow/example_dags/example_branch_operator.py for tasks to queue
[2024-12-19T06:46:37.091+0000] {logging_mixin.py:190} INFO - [2024-12-19T06:46:37.090+0000] {dagbag.py:588} INFO - Filling up the DagBag from /home/airflow/.local/lib/python3.12/site-packages/airflow/example_dags/example_branch_operator.py
[2024-12-19T06:46:37.112+0000] {processor.py:925} INFO - DAG(s) 'example_branch_operator' retrieved from /home/airflow/.local/lib/python3.12/site-packages/airflow/example_dags/example_branch_operator.py
[2024-12-19T06:46:37.145+0000] {logging_mixin.py:190} INFO - [2024-12-19T06:46:37.145+0000] {dag.py:3239} INFO - Sync 1 DAGs
[2024-12-19T06:46:37.173+0000] {logging_mixin.py:190} INFO - [2024-12-19T06:46:37.173+0000] {dag.py:4180} INFO - Setting next_dagrun for example_branch_operator to 2024-12-18 00:00:00+00:00, run_after=2024-12-19 00:00:00+00:00
[2024-12-19T06:46:37.201+0000] {processor.py:208} INFO - Processing /home/airflow/.local/lib/python3.12/site-packages/airflow/example_dags/example_branch_operator.py took 0.123 seconds
[2024-12-19T06:47:08.072+0000] {processor.py:186} INFO - Started process (PID=824) to work on /home/airflow/.local/lib/python3.12/site-packages/airflow/example_dags/example_branch_operator.py
[2024-12-19T06:47:08.074+0000] {processor.py:914} INFO - Processing file /home/airflow/.local/lib/python3.12/site-packages/airflow/example_dags/example_branch_operator.py for tasks to queue
[2024-12-19T06:47:08.077+0000] {logging_mixin.py:190} INFO - [2024-12-19T06:47:08.076+0000] {dagbag.py:588} INFO - Filling up the DagBag from /home/airflow/.local/lib/python3.12/site-packages/airflow/example_dags/example_branch_operator.py
[2024-12-19T06:47:08.100+0000] {processor.py:925} INFO - DAG(s) 'example_branch_operator' retrieved from /home/airflow/.local/lib/python3.12/site-packages/airflow/example_dags/example_branch_operator.py
[2024-12-19T06:47:08.138+0000] {logging_mixin.py:190} INFO - [2024-12-19T06:47:08.137+0000] {dag.py:3239} INFO - Sync 1 DAGs
[2024-12-19T06:47:08.170+0000] {logging_mixin.py:190} INFO - [2024-12-19T06:47:08.170+0000] {dag.py:4180} INFO - Setting next_dagrun for example_branch_operator to 2024-12-18 00:00:00+00:00, run_after=2024-12-19 00:00:00+00:00
[2024-12-19T06:47:08.196+0000] {processor.py:208} INFO - Processing /home/airflow/.local/lib/python3.12/site-packages/airflow/example_dags/example_branch_operator.py took 0.130 seconds
[2024-12-19T06:47:39.411+0000] {processor.py:186} INFO - Started process (PID=887) to work on /home/airflow/.local/lib/python3.12/site-packages/airflow/example_dags/example_branch_operator.py
[2024-12-19T06:47:39.412+0000] {processor.py:914} INFO - Processing file /home/airflow/.local/lib/python3.12/site-packages/airflow/example_dags/example_branch_operator.py for tasks to queue
[2024-12-19T06:47:39.415+0000] {logging_mixin.py:190} INFO - [2024-12-19T06:47:39.415+0000] {dagbag.py:588} INFO - Filling up the DagBag from /home/airflow/.local/lib/python3.12/site-packages/airflow/example_dags/example_branch_operator.py
[2024-12-19T06:47:39.432+0000] {processor.py:925} INFO - DAG(s) 'example_branch_operator' retrieved from /home/airflow/.local/lib/python3.12/site-packages/airflow/example_dags/example_branch_operator.py
[2024-12-19T06:47:39.469+0000] {logging_mixin.py:190} INFO - [2024-12-19T06:47:39.468+0000] {dag.py:3239} INFO - Sync 1 DAGs
[2024-12-19T06:47:39.504+0000] {logging_mixin.py:190} INFO - [2024-12-19T06:47:39.504+0000] {dag.py:4180} INFO - Setting next_dagrun for example_branch_operator to 2024-12-18 00:00:00+00:00, run_after=2024-12-19 00:00:00+00:00
[2024-12-19T06:47:39.528+0000] {processor.py:208} INFO - Processing /home/airflow/.local/lib/python3.12/site-packages/airflow/example_dags/example_branch_operator.py took 0.122 seconds
[2024-12-19T06:48:10.945+0000] {processor.py:186} INFO - Started process (PID=950) to work on /home/airflow/.local/lib/python3.12/site-packages/airflow/example_dags/example_branch_operator.py
[2024-12-19T06:48:10.946+0000] {processor.py:914} INFO - Processing file /home/airflow/.local/lib/python3.12/site-packages/airflow/example_dags/example_branch_operator.py for tasks to queue
[2024-12-19T06:48:10.949+0000] {logging_mixin.py:190} INFO - [2024-12-19T06:48:10.949+0000] {dagbag.py:588} INFO - Filling up the DagBag from /home/airflow/.local/lib/python3.12/site-packages/airflow/example_dags/example_branch_operator.py
[2024-12-19T06:48:10.970+0000] {processor.py:925} INFO - DAG(s) 'example_branch_operator' retrieved from /home/airflow/.local/lib/python3.12/site-packages/airflow/example_dags/example_branch_operator.py
[2024-12-19T06:48:11.006+0000] {logging_mixin.py:190} INFO - [2024-12-19T06:48:11.006+0000] {dag.py:3239} INFO - Sync 1 DAGs
[2024-12-19T06:48:11.037+0000] {logging_mixin.py:190} INFO - [2024-12-19T06:48:11.037+0000] {dag.py:4180} INFO - Setting next_dagrun for example_branch_operator to 2024-12-18 00:00:00+00:00, run_after=2024-12-19 00:00:00+00:00
[2024-12-19T06:48:11.065+0000] {processor.py:208} INFO - Processing /home/airflow/.local/lib/python3.12/site-packages/airflow/example_dags/example_branch_operator.py took 0.127 seconds
