[2024-12-19T06:41:18.079+0000] {processor.py:186} INFO - Started process (PID=75) to work on /home/airflow/.local/lib/python3.12/site-packages/airflow/example_dags/example_subdag_operator.py
[2024-12-19T06:41:18.080+0000] {processor.py:914} INFO - Processing file /home/airflow/.local/lib/python3.12/site-packages/airflow/example_dags/example_subdag_operator.py for tasks to queue
[2024-12-19T06:41:18.083+0000] {logging_mixin.py:190} INFO - [2024-12-19T06:41:18.083+0000] {dagbag.py:588} INFO - Filling up the DagBag from /home/airflow/.local/lib/python3.12/site-packages/airflow/example_dags/example_subdag_operator.py
[2024-12-19T06:41:18.116+0000] {processor.py:925} INFO - DAG(s) 'example_subdag_operator.section-1', 'example_subdag_operator.section-2', 'example_subdag_operator' retrieved from /home/airflow/.local/lib/python3.12/site-packages/airflow/example_dags/example_subdag_operator.py
[2024-12-19T06:41:18.142+0000] {logging_mixin.py:190} INFO - [2024-12-19T06:41:18.142+0000] {dag.py:3239} INFO - Sync 3 DAGs
[2024-12-19T06:41:18.169+0000] {logging_mixin.py:190} INFO - [2024-12-19T06:41:18.169+0000] {dag.py:4180} INFO - Setting next_dagrun for example_subdag_operator to 2022-01-01 00:00:00+00:00, run_after=2022-01-01 00:00:00+00:00
[2024-12-19T06:41:18.173+0000] {logging_mixin.py:190} INFO - [2024-12-19T06:41:18.173+0000] {dag.py:4180} INFO - Setting next_dagrun for example_subdag_operator.section-1 to None, run_after=None
[2024-12-19T06:41:18.175+0000] {logging_mixin.py:190} INFO - [2024-12-19T06:41:18.175+0000] {dag.py:4180} INFO - Setting next_dagrun for example_subdag_operator.section-2 to None, run_after=None
[2024-12-19T06:41:18.182+0000] {logging_mixin.py:190} INFO - [2024-12-19T06:41:18.182+0000] {dag.py:3239} INFO - Sync 2 DAGs
[2024-12-19T06:41:18.188+0000] {logging_mixin.py:190} INFO - [2024-12-19T06:41:18.187+0000] {dag.py:4180} INFO - Setting next_dagrun for example_subdag_operator.section-1 to None, run_after=None
[2024-12-19T06:41:18.188+0000] {logging_mixin.py:190} INFO - [2024-12-19T06:41:18.188+0000] {dag.py:4180} INFO - Setting next_dagrun for example_subdag_operator.section-2 to None, run_after=None
[2024-12-19T06:41:18.201+0000] {processor.py:208} INFO - Processing /home/airflow/.local/lib/python3.12/site-packages/airflow/example_dags/example_subdag_operator.py took 0.127 seconds
[2024-12-19T06:41:49.599+0000] {processor.py:186} INFO - Started process (PID=139) to work on /home/airflow/.local/lib/python3.12/site-packages/airflow/example_dags/example_subdag_operator.py
[2024-12-19T06:41:49.601+0000] {processor.py:914} INFO - Processing file /home/airflow/.local/lib/python3.12/site-packages/airflow/example_dags/example_subdag_operator.py for tasks to queue
[2024-12-19T06:41:49.604+0000] {logging_mixin.py:190} INFO - [2024-12-19T06:41:49.604+0000] {dagbag.py:588} INFO - Filling up the DagBag from /home/airflow/.local/lib/python3.12/site-packages/airflow/example_dags/example_subdag_operator.py
[2024-12-19T06:41:49.633+0000] {processor.py:925} INFO - DAG(s) 'example_subdag_operator.section-1', 'example_subdag_operator.section-2', 'example_subdag_operator' retrieved from /home/airflow/.local/lib/python3.12/site-packages/airflow/example_dags/example_subdag_operator.py
[2024-12-19T06:41:49.649+0000] {logging_mixin.py:190} INFO - [2024-12-19T06:41:49.648+0000] {dag.py:3239} INFO - Sync 3 DAGs
[2024-12-19T06:41:49.674+0000] {logging_mixin.py:190} INFO - [2024-12-19T06:41:49.673+0000] {dag.py:4180} INFO - Setting next_dagrun for example_subdag_operator to 2022-01-01 00:00:00+00:00, run_after=2022-01-01 00:00:00+00:00
[2024-12-19T06:41:49.679+0000] {logging_mixin.py:190} INFO - [2024-12-19T06:41:49.679+0000] {dag.py:4180} INFO - Setting next_dagrun for example_subdag_operator.section-1 to None, run_after=None
[2024-12-19T06:41:49.682+0000] {logging_mixin.py:190} INFO - [2024-12-19T06:41:49.682+0000] {dag.py:4180} INFO - Setting next_dagrun for example_subdag_operator.section-2 to None, run_after=None
[2024-12-19T06:41:49.689+0000] {logging_mixin.py:190} INFO - [2024-12-19T06:41:49.689+0000] {dag.py:3239} INFO - Sync 2 DAGs
[2024-12-19T06:41:49.695+0000] {logging_mixin.py:190} INFO - [2024-12-19T06:41:49.695+0000] {dag.py:4180} INFO - Setting next_dagrun for example_subdag_operator.section-1 to None, run_after=None
[2024-12-19T06:41:49.696+0000] {logging_mixin.py:190} INFO - [2024-12-19T06:41:49.696+0000] {dag.py:4180} INFO - Setting next_dagrun for example_subdag_operator.section-2 to None, run_after=None
[2024-12-19T06:41:49.708+0000] {processor.py:208} INFO - Processing /home/airflow/.local/lib/python3.12/site-packages/airflow/example_dags/example_subdag_operator.py took 0.117 seconds
[2024-12-19T06:42:20.810+0000] {processor.py:186} INFO - Started process (PID=209) to work on /home/airflow/.local/lib/python3.12/site-packages/airflow/example_dags/example_subdag_operator.py
[2024-12-19T06:42:20.810+0000] {processor.py:914} INFO - Processing file /home/airflow/.local/lib/python3.12/site-packages/airflow/example_dags/example_subdag_operator.py for tasks to queue
[2024-12-19T06:42:20.813+0000] {logging_mixin.py:190} INFO - [2024-12-19T06:42:20.812+0000] {dagbag.py:588} INFO - Filling up the DagBag from /home/airflow/.local/lib/python3.12/site-packages/airflow/example_dags/example_subdag_operator.py
[2024-12-19T06:42:20.838+0000] {processor.py:925} INFO - DAG(s) 'example_subdag_operator.section-1', 'example_subdag_operator.section-2', 'example_subdag_operator' retrieved from /home/airflow/.local/lib/python3.12/site-packages/airflow/example_dags/example_subdag_operator.py
[2024-12-19T06:42:20.852+0000] {logging_mixin.py:190} INFO - [2024-12-19T06:42:20.852+0000] {dag.py:3239} INFO - Sync 3 DAGs
[2024-12-19T06:42:20.878+0000] {logging_mixin.py:190} INFO - [2024-12-19T06:42:20.878+0000] {dag.py:4180} INFO - Setting next_dagrun for example_subdag_operator to 2022-01-01 00:00:00+00:00, run_after=2022-01-01 00:00:00+00:00
[2024-12-19T06:42:20.883+0000] {logging_mixin.py:190} INFO - [2024-12-19T06:42:20.883+0000] {dag.py:4180} INFO - Setting next_dagrun for example_subdag_operator.section-1 to None, run_after=None
[2024-12-19T06:42:20.885+0000] {logging_mixin.py:190} INFO - [2024-12-19T06:42:20.885+0000] {dag.py:4180} INFO - Setting next_dagrun for example_subdag_operator.section-2 to None, run_after=None
[2024-12-19T06:42:20.892+0000] {logging_mixin.py:190} INFO - [2024-12-19T06:42:20.892+0000] {dag.py:3239} INFO - Sync 2 DAGs
[2024-12-19T06:42:20.898+0000] {logging_mixin.py:190} INFO - [2024-12-19T06:42:20.898+0000] {dag.py:4180} INFO - Setting next_dagrun for example_subdag_operator.section-1 to None, run_after=None
[2024-12-19T06:42:20.899+0000] {logging_mixin.py:190} INFO - [2024-12-19T06:42:20.898+0000] {dag.py:4180} INFO - Setting next_dagrun for example_subdag_operator.section-2 to None, run_after=None
[2024-12-19T06:42:20.911+0000] {processor.py:208} INFO - Processing /home/airflow/.local/lib/python3.12/site-packages/airflow/example_dags/example_subdag_operator.py took 0.107 seconds
[2024-12-19T06:42:52.505+0000] {processor.py:186} INFO - Started process (PID=273) to work on /home/airflow/.local/lib/python3.12/site-packages/airflow/example_dags/example_subdag_operator.py
[2024-12-19T06:42:52.510+0000] {processor.py:914} INFO - Processing file /home/airflow/.local/lib/python3.12/site-packages/airflow/example_dags/example_subdag_operator.py for tasks to queue
[2024-12-19T06:42:52.517+0000] {logging_mixin.py:190} INFO - [2024-12-19T06:42:52.517+0000] {dagbag.py:588} INFO - Filling up the DagBag from /home/airflow/.local/lib/python3.12/site-packages/airflow/example_dags/example_subdag_operator.py
[2024-12-19T06:42:52.552+0000] {processor.py:925} INFO - DAG(s) 'example_subdag_operator.section-1', 'example_subdag_operator.section-2', 'example_subdag_operator' retrieved from /home/airflow/.local/lib/python3.12/site-packages/airflow/example_dags/example_subdag_operator.py
[2024-12-19T06:42:52.575+0000] {logging_mixin.py:190} INFO - [2024-12-19T06:42:52.575+0000] {dag.py:3239} INFO - Sync 3 DAGs
[2024-12-19T06:42:52.605+0000] {logging_mixin.py:190} INFO - [2024-12-19T06:42:52.605+0000] {dag.py:4180} INFO - Setting next_dagrun for example_subdag_operator to 2022-01-01 00:00:00+00:00, run_after=2022-01-01 00:00:00+00:00
[2024-12-19T06:42:52.612+0000] {logging_mixin.py:190} INFO - [2024-12-19T06:42:52.612+0000] {dag.py:4180} INFO - Setting next_dagrun for example_subdag_operator.section-1 to None, run_after=None
[2024-12-19T06:42:52.620+0000] {logging_mixin.py:190} INFO - [2024-12-19T06:42:52.620+0000] {dag.py:4180} INFO - Setting next_dagrun for example_subdag_operator.section-2 to None, run_after=None
[2024-12-19T06:42:52.632+0000] {logging_mixin.py:190} INFO - [2024-12-19T06:42:52.632+0000] {dag.py:3239} INFO - Sync 2 DAGs
[2024-12-19T06:42:52.644+0000] {logging_mixin.py:190} INFO - [2024-12-19T06:42:52.644+0000] {dag.py:4180} INFO - Setting next_dagrun for example_subdag_operator.section-1 to None, run_after=None
[2024-12-19T06:42:52.646+0000] {logging_mixin.py:190} INFO - [2024-12-19T06:42:52.645+0000] {dag.py:4180} INFO - Setting next_dagrun for example_subdag_operator.section-2 to None, run_after=None
[2024-12-19T06:42:52.663+0000] {processor.py:208} INFO - Processing /home/airflow/.local/lib/python3.12/site-packages/airflow/example_dags/example_subdag_operator.py took 0.168 seconds
[2024-12-19T06:43:24.092+0000] {processor.py:186} INFO - Started process (PID=337) to work on /home/airflow/.local/lib/python3.12/site-packages/airflow/example_dags/example_subdag_operator.py
[2024-12-19T06:43:24.094+0000] {processor.py:914} INFO - Processing file /home/airflow/.local/lib/python3.12/site-packages/airflow/example_dags/example_subdag_operator.py for tasks to queue
[2024-12-19T06:43:24.099+0000] {logging_mixin.py:190} INFO - [2024-12-19T06:43:24.099+0000] {dagbag.py:588} INFO - Filling up the DagBag from /home/airflow/.local/lib/python3.12/site-packages/airflow/example_dags/example_subdag_operator.py
[2024-12-19T06:43:24.128+0000] {processor.py:925} INFO - DAG(s) 'example_subdag_operator.section-1', 'example_subdag_operator.section-2', 'example_subdag_operator' retrieved from /home/airflow/.local/lib/python3.12/site-packages/airflow/example_dags/example_subdag_operator.py
[2024-12-19T06:43:24.144+0000] {logging_mixin.py:190} INFO - [2024-12-19T06:43:24.144+0000] {dag.py:3239} INFO - Sync 3 DAGs
[2024-12-19T06:43:24.170+0000] {logging_mixin.py:190} INFO - [2024-12-19T06:43:24.170+0000] {dag.py:4180} INFO - Setting next_dagrun for example_subdag_operator to 2022-01-01 00:00:00+00:00, run_after=2022-01-01 00:00:00+00:00
[2024-12-19T06:43:24.174+0000] {logging_mixin.py:190} INFO - [2024-12-19T06:43:24.174+0000] {dag.py:4180} INFO - Setting next_dagrun for example_subdag_operator.section-1 to None, run_after=None
[2024-12-19T06:43:24.176+0000] {logging_mixin.py:190} INFO - [2024-12-19T06:43:24.176+0000] {dag.py:4180} INFO - Setting next_dagrun for example_subdag_operator.section-2 to None, run_after=None
[2024-12-19T06:43:24.183+0000] {logging_mixin.py:190} INFO - [2024-12-19T06:43:24.183+0000] {dag.py:3239} INFO - Sync 2 DAGs
[2024-12-19T06:43:24.189+0000] {logging_mixin.py:190} INFO - [2024-12-19T06:43:24.189+0000] {dag.py:4180} INFO - Setting next_dagrun for example_subdag_operator.section-1 to None, run_after=None
[2024-12-19T06:43:24.191+0000] {logging_mixin.py:190} INFO - [2024-12-19T06:43:24.190+0000] {dag.py:4180} INFO - Setting next_dagrun for example_subdag_operator.section-2 to None, run_after=None
[2024-12-19T06:43:24.205+0000] {processor.py:208} INFO - Processing /home/airflow/.local/lib/python3.12/site-packages/airflow/example_dags/example_subdag_operator.py took 0.119 seconds
[2024-12-19T06:43:55.547+0000] {processor.py:186} INFO - Started process (PID=401) to work on /home/airflow/.local/lib/python3.12/site-packages/airflow/example_dags/example_subdag_operator.py
[2024-12-19T06:43:55.549+0000] {processor.py:914} INFO - Processing file /home/airflow/.local/lib/python3.12/site-packages/airflow/example_dags/example_subdag_operator.py for tasks to queue
[2024-12-19T06:43:55.552+0000] {logging_mixin.py:190} INFO - [2024-12-19T06:43:55.552+0000] {dagbag.py:588} INFO - Filling up the DagBag from /home/airflow/.local/lib/python3.12/site-packages/airflow/example_dags/example_subdag_operator.py
[2024-12-19T06:43:55.591+0000] {processor.py:925} INFO - DAG(s) 'example_subdag_operator.section-1', 'example_subdag_operator.section-2', 'example_subdag_operator' retrieved from /home/airflow/.local/lib/python3.12/site-packages/airflow/example_dags/example_subdag_operator.py
[2024-12-19T06:43:55.609+0000] {logging_mixin.py:190} INFO - [2024-12-19T06:43:55.609+0000] {dag.py:3239} INFO - Sync 3 DAGs
[2024-12-19T06:43:55.639+0000] {logging_mixin.py:190} INFO - [2024-12-19T06:43:55.639+0000] {dag.py:4180} INFO - Setting next_dagrun for example_subdag_operator to 2022-01-01 00:00:00+00:00, run_after=2022-01-01 00:00:00+00:00
[2024-12-19T06:43:55.643+0000] {logging_mixin.py:190} INFO - [2024-12-19T06:43:55.643+0000] {dag.py:4180} INFO - Setting next_dagrun for example_subdag_operator.section-1 to None, run_after=None
[2024-12-19T06:43:55.645+0000] {logging_mixin.py:190} INFO - [2024-12-19T06:43:55.645+0000] {dag.py:4180} INFO - Setting next_dagrun for example_subdag_operator.section-2 to None, run_after=None
[2024-12-19T06:43:55.654+0000] {logging_mixin.py:190} INFO - [2024-12-19T06:43:55.653+0000] {dag.py:3239} INFO - Sync 2 DAGs
[2024-12-19T06:43:55.660+0000] {logging_mixin.py:190} INFO - [2024-12-19T06:43:55.659+0000] {dag.py:4180} INFO - Setting next_dagrun for example_subdag_operator.section-1 to None, run_after=None
[2024-12-19T06:43:55.661+0000] {logging_mixin.py:190} INFO - [2024-12-19T06:43:55.660+0000] {dag.py:4180} INFO - Setting next_dagrun for example_subdag_operator.section-2 to None, run_after=None
[2024-12-19T06:43:55.673+0000] {processor.py:208} INFO - Processing /home/airflow/.local/lib/python3.12/site-packages/airflow/example_dags/example_subdag_operator.py took 0.133 seconds
[2024-12-19T06:44:27.294+0000] {processor.py:186} INFO - Started process (PID=465) to work on /home/airflow/.local/lib/python3.12/site-packages/airflow/example_dags/example_subdag_operator.py
[2024-12-19T06:44:27.295+0000] {processor.py:914} INFO - Processing file /home/airflow/.local/lib/python3.12/site-packages/airflow/example_dags/example_subdag_operator.py for tasks to queue
[2024-12-19T06:44:27.299+0000] {logging_mixin.py:190} INFO - [2024-12-19T06:44:27.299+0000] {dagbag.py:588} INFO - Filling up the DagBag from /home/airflow/.local/lib/python3.12/site-packages/airflow/example_dags/example_subdag_operator.py
[2024-12-19T06:44:27.336+0000] {processor.py:925} INFO - DAG(s) 'example_subdag_operator.section-1', 'example_subdag_operator.section-2', 'example_subdag_operator' retrieved from /home/airflow/.local/lib/python3.12/site-packages/airflow/example_dags/example_subdag_operator.py
[2024-12-19T06:44:27.350+0000] {logging_mixin.py:190} INFO - [2024-12-19T06:44:27.350+0000] {dag.py:3239} INFO - Sync 3 DAGs
[2024-12-19T06:44:27.375+0000] {logging_mixin.py:190} INFO - [2024-12-19T06:44:27.374+0000] {dag.py:4180} INFO - Setting next_dagrun for example_subdag_operator to 2022-01-01 00:00:00+00:00, run_after=2022-01-01 00:00:00+00:00
[2024-12-19T06:44:27.379+0000] {logging_mixin.py:190} INFO - [2024-12-19T06:44:27.379+0000] {dag.py:4180} INFO - Setting next_dagrun for example_subdag_operator.section-1 to None, run_after=None
[2024-12-19T06:44:27.380+0000] {logging_mixin.py:190} INFO - [2024-12-19T06:44:27.380+0000] {dag.py:4180} INFO - Setting next_dagrun for example_subdag_operator.section-2 to None, run_after=None
[2024-12-19T06:44:27.390+0000] {logging_mixin.py:190} INFO - [2024-12-19T06:44:27.390+0000] {dag.py:3239} INFO - Sync 2 DAGs
[2024-12-19T06:44:27.397+0000] {logging_mixin.py:190} INFO - [2024-12-19T06:44:27.397+0000] {dag.py:4180} INFO - Setting next_dagrun for example_subdag_operator.section-1 to None, run_after=None
[2024-12-19T06:44:27.398+0000] {logging_mixin.py:190} INFO - [2024-12-19T06:44:27.398+0000] {dag.py:4180} INFO - Setting next_dagrun for example_subdag_operator.section-2 to None, run_after=None
[2024-12-19T06:44:27.412+0000] {processor.py:208} INFO - Processing /home/airflow/.local/lib/python3.12/site-packages/airflow/example_dags/example_subdag_operator.py took 0.126 seconds
[2024-12-19T06:44:58.829+0000] {processor.py:186} INFO - Started process (PID=529) to work on /home/airflow/.local/lib/python3.12/site-packages/airflow/example_dags/example_subdag_operator.py
[2024-12-19T06:44:58.830+0000] {processor.py:914} INFO - Processing file /home/airflow/.local/lib/python3.12/site-packages/airflow/example_dags/example_subdag_operator.py for tasks to queue
[2024-12-19T06:44:58.833+0000] {logging_mixin.py:190} INFO - [2024-12-19T06:44:58.832+0000] {dagbag.py:588} INFO - Filling up the DagBag from /home/airflow/.local/lib/python3.12/site-packages/airflow/example_dags/example_subdag_operator.py
[2024-12-19T06:44:58.856+0000] {processor.py:925} INFO - DAG(s) 'example_subdag_operator.section-1', 'example_subdag_operator.section-2', 'example_subdag_operator' retrieved from /home/airflow/.local/lib/python3.12/site-packages/airflow/example_dags/example_subdag_operator.py
[2024-12-19T06:44:58.870+0000] {logging_mixin.py:190} INFO - [2024-12-19T06:44:58.869+0000] {dag.py:3239} INFO - Sync 3 DAGs
[2024-12-19T06:44:58.895+0000] {logging_mixin.py:190} INFO - [2024-12-19T06:44:58.895+0000] {dag.py:4180} INFO - Setting next_dagrun for example_subdag_operator to 2022-01-01 00:00:00+00:00, run_after=2022-01-01 00:00:00+00:00
[2024-12-19T06:44:58.898+0000] {logging_mixin.py:190} INFO - [2024-12-19T06:44:58.898+0000] {dag.py:4180} INFO - Setting next_dagrun for example_subdag_operator.section-1 to None, run_after=None
[2024-12-19T06:44:58.900+0000] {logging_mixin.py:190} INFO - [2024-12-19T06:44:58.900+0000] {dag.py:4180} INFO - Setting next_dagrun for example_subdag_operator.section-2 to None, run_after=None
[2024-12-19T06:44:58.907+0000] {logging_mixin.py:190} INFO - [2024-12-19T06:44:58.907+0000] {dag.py:3239} INFO - Sync 2 DAGs
[2024-12-19T06:44:58.913+0000] {logging_mixin.py:190} INFO - [2024-12-19T06:44:58.913+0000] {dag.py:4180} INFO - Setting next_dagrun for example_subdag_operator.section-1 to None, run_after=None
[2024-12-19T06:44:58.914+0000] {logging_mixin.py:190} INFO - [2024-12-19T06:44:58.913+0000] {dag.py:4180} INFO - Setting next_dagrun for example_subdag_operator.section-2 to None, run_after=None
[2024-12-19T06:44:58.924+0000] {processor.py:208} INFO - Processing /home/airflow/.local/lib/python3.12/site-packages/airflow/example_dags/example_subdag_operator.py took 0.102 seconds
[2024-12-19T06:45:30.517+0000] {processor.py:186} INFO - Started process (PID=593) to work on /home/airflow/.local/lib/python3.12/site-packages/airflow/example_dags/example_subdag_operator.py
[2024-12-19T06:45:30.519+0000] {processor.py:914} INFO - Processing file /home/airflow/.local/lib/python3.12/site-packages/airflow/example_dags/example_subdag_operator.py for tasks to queue
[2024-12-19T06:45:30.522+0000] {logging_mixin.py:190} INFO - [2024-12-19T06:45:30.522+0000] {dagbag.py:588} INFO - Filling up the DagBag from /home/airflow/.local/lib/python3.12/site-packages/airflow/example_dags/example_subdag_operator.py
[2024-12-19T06:45:30.555+0000] {processor.py:925} INFO - DAG(s) 'example_subdag_operator.section-1', 'example_subdag_operator.section-2', 'example_subdag_operator' retrieved from /home/airflow/.local/lib/python3.12/site-packages/airflow/example_dags/example_subdag_operator.py
[2024-12-19T06:45:30.579+0000] {logging_mixin.py:190} INFO - [2024-12-19T06:45:30.579+0000] {dag.py:3239} INFO - Sync 3 DAGs
[2024-12-19T06:45:30.607+0000] {logging_mixin.py:190} INFO - [2024-12-19T06:45:30.606+0000] {dag.py:4180} INFO - Setting next_dagrun for example_subdag_operator to 2022-01-01 00:00:00+00:00, run_after=2022-01-01 00:00:00+00:00
[2024-12-19T06:45:30.612+0000] {logging_mixin.py:190} INFO - [2024-12-19T06:45:30.611+0000] {dag.py:4180} INFO - Setting next_dagrun for example_subdag_operator.section-1 to None, run_after=None
[2024-12-19T06:45:30.614+0000] {logging_mixin.py:190} INFO - [2024-12-19T06:45:30.614+0000] {dag.py:4180} INFO - Setting next_dagrun for example_subdag_operator.section-2 to None, run_after=None
[2024-12-19T06:45:30.622+0000] {logging_mixin.py:190} INFO - [2024-12-19T06:45:30.621+0000] {dag.py:3239} INFO - Sync 2 DAGs
[2024-12-19T06:45:30.628+0000] {logging_mixin.py:190} INFO - [2024-12-19T06:45:30.628+0000] {dag.py:4180} INFO - Setting next_dagrun for example_subdag_operator.section-1 to None, run_after=None
[2024-12-19T06:45:30.629+0000] {logging_mixin.py:190} INFO - [2024-12-19T06:45:30.628+0000] {dag.py:4180} INFO - Setting next_dagrun for example_subdag_operator.section-2 to None, run_after=None
[2024-12-19T06:45:30.641+0000] {processor.py:208} INFO - Processing /home/airflow/.local/lib/python3.12/site-packages/airflow/example_dags/example_subdag_operator.py took 0.132 seconds
[2024-12-19T06:46:01.541+0000] {processor.py:186} INFO - Started process (PID=657) to work on /home/airflow/.local/lib/python3.12/site-packages/airflow/example_dags/example_subdag_operator.py
[2024-12-19T06:46:01.543+0000] {processor.py:914} INFO - Processing file /home/airflow/.local/lib/python3.12/site-packages/airflow/example_dags/example_subdag_operator.py for tasks to queue
[2024-12-19T06:46:01.546+0000] {logging_mixin.py:190} INFO - [2024-12-19T06:46:01.545+0000] {dagbag.py:588} INFO - Filling up the DagBag from /home/airflow/.local/lib/python3.12/site-packages/airflow/example_dags/example_subdag_operator.py
[2024-12-19T06:46:01.579+0000] {processor.py:925} INFO - DAG(s) 'example_subdag_operator.section-1', 'example_subdag_operator.section-2', 'example_subdag_operator' retrieved from /home/airflow/.local/lib/python3.12/site-packages/airflow/example_dags/example_subdag_operator.py
[2024-12-19T06:46:01.599+0000] {logging_mixin.py:190} INFO - [2024-12-19T06:46:01.599+0000] {dag.py:3239} INFO - Sync 3 DAGs
[2024-12-19T06:46:01.627+0000] {logging_mixin.py:190} INFO - [2024-12-19T06:46:01.627+0000] {dag.py:4180} INFO - Setting next_dagrun for example_subdag_operator to 2022-01-01 00:00:00+00:00, run_after=2022-01-01 00:00:00+00:00
[2024-12-19T06:46:01.635+0000] {logging_mixin.py:190} INFO - [2024-12-19T06:46:01.635+0000] {dag.py:4180} INFO - Setting next_dagrun for example_subdag_operator.section-1 to None, run_after=None
[2024-12-19T06:46:01.637+0000] {logging_mixin.py:190} INFO - [2024-12-19T06:46:01.637+0000] {dag.py:4180} INFO - Setting next_dagrun for example_subdag_operator.section-2 to None, run_after=None
[2024-12-19T06:46:01.645+0000] {logging_mixin.py:190} INFO - [2024-12-19T06:46:01.645+0000] {dag.py:3239} INFO - Sync 2 DAGs
[2024-12-19T06:46:01.653+0000] {logging_mixin.py:190} INFO - [2024-12-19T06:46:01.653+0000] {dag.py:4180} INFO - Setting next_dagrun for example_subdag_operator.section-1 to None, run_after=None
[2024-12-19T06:46:01.654+0000] {logging_mixin.py:190} INFO - [2024-12-19T06:46:01.654+0000] {dag.py:4180} INFO - Setting next_dagrun for example_subdag_operator.section-2 to None, run_after=None
[2024-12-19T06:46:01.668+0000] {processor.py:208} INFO - Processing /home/airflow/.local/lib/python3.12/site-packages/airflow/example_dags/example_subdag_operator.py took 0.132 seconds
[2024-12-19T06:46:33.057+0000] {processor.py:186} INFO - Started process (PID=721) to work on /home/airflow/.local/lib/python3.12/site-packages/airflow/example_dags/example_subdag_operator.py
[2024-12-19T06:46:33.059+0000] {processor.py:914} INFO - Processing file /home/airflow/.local/lib/python3.12/site-packages/airflow/example_dags/example_subdag_operator.py for tasks to queue
[2024-12-19T06:46:33.065+0000] {logging_mixin.py:190} INFO - [2024-12-19T06:46:33.064+0000] {dagbag.py:588} INFO - Filling up the DagBag from /home/airflow/.local/lib/python3.12/site-packages/airflow/example_dags/example_subdag_operator.py
[2024-12-19T06:46:33.104+0000] {processor.py:925} INFO - DAG(s) 'example_subdag_operator.section-1', 'example_subdag_operator.section-2', 'example_subdag_operator' retrieved from /home/airflow/.local/lib/python3.12/site-packages/airflow/example_dags/example_subdag_operator.py
[2024-12-19T06:46:33.122+0000] {logging_mixin.py:190} INFO - [2024-12-19T06:46:33.122+0000] {dag.py:3239} INFO - Sync 3 DAGs
[2024-12-19T06:46:33.150+0000] {logging_mixin.py:190} INFO - [2024-12-19T06:46:33.150+0000] {dag.py:4180} INFO - Setting next_dagrun for example_subdag_operator to 2022-01-01 00:00:00+00:00, run_after=2022-01-01 00:00:00+00:00
[2024-12-19T06:46:33.155+0000] {logging_mixin.py:190} INFO - [2024-12-19T06:46:33.155+0000] {dag.py:4180} INFO - Setting next_dagrun for example_subdag_operator.section-1 to None, run_after=None
[2024-12-19T06:46:33.157+0000] {logging_mixin.py:190} INFO - [2024-12-19T06:46:33.157+0000] {dag.py:4180} INFO - Setting next_dagrun for example_subdag_operator.section-2 to None, run_after=None
[2024-12-19T06:46:33.167+0000] {logging_mixin.py:190} INFO - [2024-12-19T06:46:33.167+0000] {dag.py:3239} INFO - Sync 2 DAGs
[2024-12-19T06:46:33.173+0000] {logging_mixin.py:190} INFO - [2024-12-19T06:46:33.173+0000] {dag.py:4180} INFO - Setting next_dagrun for example_subdag_operator.section-1 to None, run_after=None
[2024-12-19T06:46:33.175+0000] {logging_mixin.py:190} INFO - [2024-12-19T06:46:33.174+0000] {dag.py:4180} INFO - Setting next_dagrun for example_subdag_operator.section-2 to None, run_after=None
[2024-12-19T06:46:33.190+0000] {processor.py:208} INFO - Processing /home/airflow/.local/lib/python3.12/site-packages/airflow/example_dags/example_subdag_operator.py took 0.142 seconds
[2024-12-19T06:47:04.405+0000] {processor.py:186} INFO - Started process (PID=785) to work on /home/airflow/.local/lib/python3.12/site-packages/airflow/example_dags/example_subdag_operator.py
[2024-12-19T06:47:04.407+0000] {processor.py:914} INFO - Processing file /home/airflow/.local/lib/python3.12/site-packages/airflow/example_dags/example_subdag_operator.py for tasks to queue
[2024-12-19T06:47:04.410+0000] {logging_mixin.py:190} INFO - [2024-12-19T06:47:04.409+0000] {dagbag.py:588} INFO - Filling up the DagBag from /home/airflow/.local/lib/python3.12/site-packages/airflow/example_dags/example_subdag_operator.py
[2024-12-19T06:47:04.440+0000] {processor.py:925} INFO - DAG(s) 'example_subdag_operator.section-1', 'example_subdag_operator.section-2', 'example_subdag_operator' retrieved from /home/airflow/.local/lib/python3.12/site-packages/airflow/example_dags/example_subdag_operator.py
[2024-12-19T06:47:04.459+0000] {logging_mixin.py:190} INFO - [2024-12-19T06:47:04.459+0000] {dag.py:3239} INFO - Sync 3 DAGs
[2024-12-19T06:47:04.488+0000] {logging_mixin.py:190} INFO - [2024-12-19T06:47:04.488+0000] {dag.py:4180} INFO - Setting next_dagrun for example_subdag_operator to 2022-01-01 00:00:00+00:00, run_after=2022-01-01 00:00:00+00:00
[2024-12-19T06:47:04.494+0000] {logging_mixin.py:190} INFO - [2024-12-19T06:47:04.494+0000] {dag.py:4180} INFO - Setting next_dagrun for example_subdag_operator.section-1 to None, run_after=None
[2024-12-19T06:47:04.496+0000] {logging_mixin.py:190} INFO - [2024-12-19T06:47:04.496+0000] {dag.py:4180} INFO - Setting next_dagrun for example_subdag_operator.section-2 to None, run_after=None
[2024-12-19T06:47:04.506+0000] {logging_mixin.py:190} INFO - [2024-12-19T06:47:04.506+0000] {dag.py:3239} INFO - Sync 2 DAGs
[2024-12-19T06:47:04.514+0000] {logging_mixin.py:190} INFO - [2024-12-19T06:47:04.514+0000] {dag.py:4180} INFO - Setting next_dagrun for example_subdag_operator.section-1 to None, run_after=None
[2024-12-19T06:47:04.515+0000] {logging_mixin.py:190} INFO - [2024-12-19T06:47:04.515+0000] {dag.py:4180} INFO - Setting next_dagrun for example_subdag_operator.section-2 to None, run_after=None
[2024-12-19T06:47:04.529+0000] {processor.py:208} INFO - Processing /home/airflow/.local/lib/python3.12/site-packages/airflow/example_dags/example_subdag_operator.py took 0.131 seconds
[2024-12-19T06:47:35.449+0000] {processor.py:186} INFO - Started process (PID=848) to work on /home/airflow/.local/lib/python3.12/site-packages/airflow/example_dags/example_subdag_operator.py
[2024-12-19T06:47:35.450+0000] {processor.py:914} INFO - Processing file /home/airflow/.local/lib/python3.12/site-packages/airflow/example_dags/example_subdag_operator.py for tasks to queue
[2024-12-19T06:47:35.453+0000] {logging_mixin.py:190} INFO - [2024-12-19T06:47:35.453+0000] {dagbag.py:588} INFO - Filling up the DagBag from /home/airflow/.local/lib/python3.12/site-packages/airflow/example_dags/example_subdag_operator.py
[2024-12-19T06:47:35.481+0000] {processor.py:925} INFO - DAG(s) 'example_subdag_operator.section-1', 'example_subdag_operator.section-2', 'example_subdag_operator' retrieved from /home/airflow/.local/lib/python3.12/site-packages/airflow/example_dags/example_subdag_operator.py
[2024-12-19T06:47:35.494+0000] {logging_mixin.py:190} INFO - [2024-12-19T06:47:35.494+0000] {dag.py:3239} INFO - Sync 3 DAGs
[2024-12-19T06:47:35.516+0000] {logging_mixin.py:190} INFO - [2024-12-19T06:47:35.516+0000] {dag.py:4180} INFO - Setting next_dagrun for example_subdag_operator to 2022-01-01 00:00:00+00:00, run_after=2022-01-01 00:00:00+00:00
[2024-12-19T06:47:35.519+0000] {logging_mixin.py:190} INFO - [2024-12-19T06:47:35.519+0000] {dag.py:4180} INFO - Setting next_dagrun for example_subdag_operator.section-1 to None, run_after=None
[2024-12-19T06:47:35.521+0000] {logging_mixin.py:190} INFO - [2024-12-19T06:47:35.520+0000] {dag.py:4180} INFO - Setting next_dagrun for example_subdag_operator.section-2 to None, run_after=None
[2024-12-19T06:47:35.527+0000] {logging_mixin.py:190} INFO - [2024-12-19T06:47:35.527+0000] {dag.py:3239} INFO - Sync 2 DAGs
[2024-12-19T06:47:35.533+0000] {logging_mixin.py:190} INFO - [2024-12-19T06:47:35.532+0000] {dag.py:4180} INFO - Setting next_dagrun for example_subdag_operator.section-1 to None, run_after=None
[2024-12-19T06:47:35.533+0000] {logging_mixin.py:190} INFO - [2024-12-19T06:47:35.533+0000] {dag.py:4180} INFO - Setting next_dagrun for example_subdag_operator.section-2 to None, run_after=None
[2024-12-19T06:47:35.544+0000] {processor.py:208} INFO - Processing /home/airflow/.local/lib/python3.12/site-packages/airflow/example_dags/example_subdag_operator.py took 0.102 seconds
[2024-12-19T06:48:06.409+0000] {processor.py:186} INFO - Started process (PID=911) to work on /home/airflow/.local/lib/python3.12/site-packages/airflow/example_dags/example_subdag_operator.py
[2024-12-19T06:48:06.411+0000] {processor.py:914} INFO - Processing file /home/airflow/.local/lib/python3.12/site-packages/airflow/example_dags/example_subdag_operator.py for tasks to queue
[2024-12-19T06:48:06.414+0000] {logging_mixin.py:190} INFO - [2024-12-19T06:48:06.414+0000] {dagbag.py:588} INFO - Filling up the DagBag from /home/airflow/.local/lib/python3.12/site-packages/airflow/example_dags/example_subdag_operator.py
[2024-12-19T06:48:06.447+0000] {processor.py:925} INFO - DAG(s) 'example_subdag_operator.section-1', 'example_subdag_operator.section-2', 'example_subdag_operator' retrieved from /home/airflow/.local/lib/python3.12/site-packages/airflow/example_dags/example_subdag_operator.py
[2024-12-19T06:48:06.465+0000] {logging_mixin.py:190} INFO - [2024-12-19T06:48:06.465+0000] {dag.py:3239} INFO - Sync 3 DAGs
[2024-12-19T06:48:06.492+0000] {logging_mixin.py:190} INFO - [2024-12-19T06:48:06.492+0000] {dag.py:4180} INFO - Setting next_dagrun for example_subdag_operator to 2022-01-01 00:00:00+00:00, run_after=2022-01-01 00:00:00+00:00
[2024-12-19T06:48:06.497+0000] {logging_mixin.py:190} INFO - [2024-12-19T06:48:06.496+0000] {dag.py:4180} INFO - Setting next_dagrun for example_subdag_operator.section-1 to None, run_after=None
[2024-12-19T06:48:06.499+0000] {logging_mixin.py:190} INFO - [2024-12-19T06:48:06.499+0000] {dag.py:4180} INFO - Setting next_dagrun for example_subdag_operator.section-2 to None, run_after=None
[2024-12-19T06:48:06.509+0000] {logging_mixin.py:190} INFO - [2024-12-19T06:48:06.509+0000] {dag.py:3239} INFO - Sync 2 DAGs
[2024-12-19T06:48:06.521+0000] {logging_mixin.py:190} INFO - [2024-12-19T06:48:06.521+0000] {dag.py:4180} INFO - Setting next_dagrun for example_subdag_operator.section-1 to None, run_after=None
[2024-12-19T06:48:06.522+0000] {logging_mixin.py:190} INFO - [2024-12-19T06:48:06.522+0000] {dag.py:4180} INFO - Setting next_dagrun for example_subdag_operator.section-2 to None, run_after=None
[2024-12-19T06:48:06.536+0000] {processor.py:208} INFO - Processing /home/airflow/.local/lib/python3.12/site-packages/airflow/example_dags/example_subdag_operator.py took 0.134 seconds
