[2024-12-19T06:41:20.544+0000] {processor.py:186} INFO - Started process (PID=106) to work on /home/airflow/.local/lib/python3.12/site-packages/airflow/example_dags/example_sla_dag.py
[2024-12-19T06:41:20.545+0000] {processor.py:914} INFO - Processing file /home/airflow/.local/lib/python3.12/site-packages/airflow/example_dags/example_sla_dag.py for tasks to queue
[2024-12-19T06:41:20.548+0000] {logging_mixin.py:190} INFO - [2024-12-19T06:41:20.547+0000] {dagbag.py:588} INFO - Filling up the DagBag from /home/airflow/.local/lib/python3.12/site-packages/airflow/example_dags/example_sla_dag.py
[2024-12-19T06:41:20.559+0000] {processor.py:925} INFO - DAG(s) 'example_sla_dag' retrieved from /home/airflow/.local/lib/python3.12/site-packages/airflow/example_dags/example_sla_dag.py
[2024-12-19T06:41:20.578+0000] {logging_mixin.py:190} INFO - [2024-12-19T06:41:20.577+0000] {dag.py:3239} INFO - Sync 1 DAGs
[2024-12-19T06:41:20.599+0000] {logging_mixin.py:190} INFO - [2024-12-19T06:41:20.599+0000] {dag.py:4180} INFO - Setting next_dagrun for example_sla_dag to 2024-12-19 06:38:00+00:00, run_after=2024-12-19 06:40:00+00:00
[2024-12-19T06:41:20.617+0000] {processor.py:208} INFO - Processing /home/airflow/.local/lib/python3.12/site-packages/airflow/example_dags/example_sla_dag.py took 0.078 seconds
[2024-12-19T06:41:51.645+0000] {processor.py:186} INFO - Started process (PID=170) to work on /home/airflow/.local/lib/python3.12/site-packages/airflow/example_dags/example_sla_dag.py
[2024-12-19T06:41:51.646+0000] {processor.py:914} INFO - Processing file /home/airflow/.local/lib/python3.12/site-packages/airflow/example_dags/example_sla_dag.py for tasks to queue
[2024-12-19T06:41:51.648+0000] {logging_mixin.py:190} INFO - [2024-12-19T06:41:51.648+0000] {dagbag.py:588} INFO - Filling up the DagBag from /home/airflow/.local/lib/python3.12/site-packages/airflow/example_dags/example_sla_dag.py
[2024-12-19T06:41:51.658+0000] {processor.py:925} INFO - DAG(s) 'example_sla_dag' retrieved from /home/airflow/.local/lib/python3.12/site-packages/airflow/example_dags/example_sla_dag.py
[2024-12-19T06:41:51.677+0000] {logging_mixin.py:190} INFO - [2024-12-19T06:41:51.676+0000] {dag.py:3239} INFO - Sync 1 DAGs
[2024-12-19T06:41:51.701+0000] {logging_mixin.py:190} INFO - [2024-12-19T06:41:51.701+0000] {dag.py:4180} INFO - Setting next_dagrun for example_sla_dag to 2024-12-19 06:38:00+00:00, run_after=2024-12-19 06:40:00+00:00
[2024-12-19T06:41:51.717+0000] {processor.py:208} INFO - Processing /home/airflow/.local/lib/python3.12/site-packages/airflow/example_dags/example_sla_dag.py took 0.077 seconds
[2024-12-19T06:42:23.697+0000] {processor.py:186} INFO - Started process (PID=234) to work on /home/airflow/.local/lib/python3.12/site-packages/airflow/example_dags/example_sla_dag.py
[2024-12-19T06:42:23.699+0000] {processor.py:914} INFO - Processing file /home/airflow/.local/lib/python3.12/site-packages/airflow/example_dags/example_sla_dag.py for tasks to queue
[2024-12-19T06:42:23.703+0000] {logging_mixin.py:190} INFO - [2024-12-19T06:42:23.703+0000] {dagbag.py:588} INFO - Filling up the DagBag from /home/airflow/.local/lib/python3.12/site-packages/airflow/example_dags/example_sla_dag.py
[2024-12-19T06:42:23.713+0000] {processor.py:925} INFO - DAG(s) 'example_sla_dag' retrieved from /home/airflow/.local/lib/python3.12/site-packages/airflow/example_dags/example_sla_dag.py
[2024-12-19T06:42:23.733+0000] {logging_mixin.py:190} INFO - [2024-12-19T06:42:23.733+0000] {dag.py:3239} INFO - Sync 1 DAGs
[2024-12-19T06:42:23.760+0000] {logging_mixin.py:190} INFO - [2024-12-19T06:42:23.759+0000] {dag.py:4180} INFO - Setting next_dagrun for example_sla_dag to 2024-12-19 06:40:00+00:00, run_after=2024-12-19 06:42:00+00:00
[2024-12-19T06:42:23.784+0000] {processor.py:208} INFO - Processing /home/airflow/.local/lib/python3.12/site-packages/airflow/example_dags/example_sla_dag.py took 0.094 seconds
[2024-12-19T06:42:54.891+0000] {processor.py:186} INFO - Started process (PID=298) to work on /home/airflow/.local/lib/python3.12/site-packages/airflow/example_dags/example_sla_dag.py
[2024-12-19T06:42:54.892+0000] {processor.py:914} INFO - Processing file /home/airflow/.local/lib/python3.12/site-packages/airflow/example_dags/example_sla_dag.py for tasks to queue
[2024-12-19T06:42:54.894+0000] {logging_mixin.py:190} INFO - [2024-12-19T06:42:54.894+0000] {dagbag.py:588} INFO - Filling up the DagBag from /home/airflow/.local/lib/python3.12/site-packages/airflow/example_dags/example_sla_dag.py
[2024-12-19T06:42:54.904+0000] {processor.py:925} INFO - DAG(s) 'example_sla_dag' retrieved from /home/airflow/.local/lib/python3.12/site-packages/airflow/example_dags/example_sla_dag.py
[2024-12-19T06:42:54.920+0000] {logging_mixin.py:190} INFO - [2024-12-19T06:42:54.920+0000] {dag.py:3239} INFO - Sync 1 DAGs
[2024-12-19T06:42:54.942+0000] {logging_mixin.py:190} INFO - [2024-12-19T06:42:54.942+0000] {dag.py:4180} INFO - Setting next_dagrun for example_sla_dag to 2024-12-19 06:40:00+00:00, run_after=2024-12-19 06:42:00+00:00
[2024-12-19T06:42:54.960+0000] {processor.py:208} INFO - Processing /home/airflow/.local/lib/python3.12/site-packages/airflow/example_dags/example_sla_dag.py took 0.074 seconds
[2024-12-19T06:43:26.175+0000] {processor.py:186} INFO - Started process (PID=362) to work on /home/airflow/.local/lib/python3.12/site-packages/airflow/example_dags/example_sla_dag.py
[2024-12-19T06:43:26.176+0000] {processor.py:914} INFO - Processing file /home/airflow/.local/lib/python3.12/site-packages/airflow/example_dags/example_sla_dag.py for tasks to queue
[2024-12-19T06:43:26.179+0000] {logging_mixin.py:190} INFO - [2024-12-19T06:43:26.179+0000] {dagbag.py:588} INFO - Filling up the DagBag from /home/airflow/.local/lib/python3.12/site-packages/airflow/example_dags/example_sla_dag.py
[2024-12-19T06:43:26.190+0000] {processor.py:925} INFO - DAG(s) 'example_sla_dag' retrieved from /home/airflow/.local/lib/python3.12/site-packages/airflow/example_dags/example_sla_dag.py
[2024-12-19T06:43:26.207+0000] {logging_mixin.py:190} INFO - [2024-12-19T06:43:26.207+0000] {dag.py:3239} INFO - Sync 1 DAGs
[2024-12-19T06:43:26.228+0000] {logging_mixin.py:190} INFO - [2024-12-19T06:43:26.228+0000] {dag.py:4180} INFO - Setting next_dagrun for example_sla_dag to 2024-12-19 06:40:00+00:00, run_after=2024-12-19 06:42:00+00:00
[2024-12-19T06:43:26.245+0000] {processor.py:208} INFO - Processing /home/airflow/.local/lib/python3.12/site-packages/airflow/example_dags/example_sla_dag.py took 0.078 seconds
[2024-12-19T06:43:57.865+0000] {processor.py:186} INFO - Started process (PID=426) to work on /home/airflow/.local/lib/python3.12/site-packages/airflow/example_dags/example_sla_dag.py
[2024-12-19T06:43:57.866+0000] {processor.py:914} INFO - Processing file /home/airflow/.local/lib/python3.12/site-packages/airflow/example_dags/example_sla_dag.py for tasks to queue
[2024-12-19T06:43:57.868+0000] {logging_mixin.py:190} INFO - [2024-12-19T06:43:57.868+0000] {dagbag.py:588} INFO - Filling up the DagBag from /home/airflow/.local/lib/python3.12/site-packages/airflow/example_dags/example_sla_dag.py
[2024-12-19T06:43:57.878+0000] {processor.py:925} INFO - DAG(s) 'example_sla_dag' retrieved from /home/airflow/.local/lib/python3.12/site-packages/airflow/example_dags/example_sla_dag.py
[2024-12-19T06:43:57.904+0000] {logging_mixin.py:190} INFO - [2024-12-19T06:43:57.904+0000] {dag.py:3239} INFO - Sync 1 DAGs
[2024-12-19T06:43:57.933+0000] {logging_mixin.py:190} INFO - [2024-12-19T06:43:57.933+0000] {dag.py:4180} INFO - Setting next_dagrun for example_sla_dag to 2024-12-19 06:40:00+00:00, run_after=2024-12-19 06:42:00+00:00
[2024-12-19T06:43:57.958+0000] {processor.py:208} INFO - Processing /home/airflow/.local/lib/python3.12/site-packages/airflow/example_dags/example_sla_dag.py took 0.099 seconds
[2024-12-19T06:44:29.604+0000] {processor.py:186} INFO - Started process (PID=490) to work on /home/airflow/.local/lib/python3.12/site-packages/airflow/example_dags/example_sla_dag.py
[2024-12-19T06:44:29.605+0000] {processor.py:914} INFO - Processing file /home/airflow/.local/lib/python3.12/site-packages/airflow/example_dags/example_sla_dag.py for tasks to queue
[2024-12-19T06:44:29.608+0000] {logging_mixin.py:190} INFO - [2024-12-19T06:44:29.608+0000] {dagbag.py:588} INFO - Filling up the DagBag from /home/airflow/.local/lib/python3.12/site-packages/airflow/example_dags/example_sla_dag.py
[2024-12-19T06:44:29.622+0000] {processor.py:925} INFO - DAG(s) 'example_sla_dag' retrieved from /home/airflow/.local/lib/python3.12/site-packages/airflow/example_dags/example_sla_dag.py
[2024-12-19T06:44:29.646+0000] {logging_mixin.py:190} INFO - [2024-12-19T06:44:29.645+0000] {dag.py:3239} INFO - Sync 1 DAGs
[2024-12-19T06:44:29.674+0000] {logging_mixin.py:190} INFO - [2024-12-19T06:44:29.673+0000] {dag.py:4180} INFO - Setting next_dagrun for example_sla_dag to 2024-12-19 06:42:00+00:00, run_after=2024-12-19 06:44:00+00:00
[2024-12-19T06:44:29.697+0000] {processor.py:208} INFO - Processing /home/airflow/.local/lib/python3.12/site-packages/airflow/example_dags/example_sla_dag.py took 0.100 seconds
[2024-12-19T06:45:01.630+0000] {processor.py:186} INFO - Started process (PID=554) to work on /home/airflow/.local/lib/python3.12/site-packages/airflow/example_dags/example_sla_dag.py
[2024-12-19T06:45:01.631+0000] {processor.py:914} INFO - Processing file /home/airflow/.local/lib/python3.12/site-packages/airflow/example_dags/example_sla_dag.py for tasks to queue
[2024-12-19T06:45:01.633+0000] {logging_mixin.py:190} INFO - [2024-12-19T06:45:01.633+0000] {dagbag.py:588} INFO - Filling up the DagBag from /home/airflow/.local/lib/python3.12/site-packages/airflow/example_dags/example_sla_dag.py
[2024-12-19T06:45:01.643+0000] {processor.py:925} INFO - DAG(s) 'example_sla_dag' retrieved from /home/airflow/.local/lib/python3.12/site-packages/airflow/example_dags/example_sla_dag.py
[2024-12-19T06:45:01.663+0000] {logging_mixin.py:190} INFO - [2024-12-19T06:45:01.663+0000] {dag.py:3239} INFO - Sync 1 DAGs
[2024-12-19T06:45:01.691+0000] {logging_mixin.py:190} INFO - [2024-12-19T06:45:01.691+0000] {dag.py:4180} INFO - Setting next_dagrun for example_sla_dag to 2024-12-19 06:42:00+00:00, run_after=2024-12-19 06:44:00+00:00
[2024-12-19T06:45:01.709+0000] {processor.py:208} INFO - Processing /home/airflow/.local/lib/python3.12/site-packages/airflow/example_dags/example_sla_dag.py took 0.085 seconds
[2024-12-19T06:45:33.148+0000] {processor.py:186} INFO - Started process (PID=618) to work on /home/airflow/.local/lib/python3.12/site-packages/airflow/example_dags/example_sla_dag.py
[2024-12-19T06:45:33.150+0000] {processor.py:914} INFO - Processing file /home/airflow/.local/lib/python3.12/site-packages/airflow/example_dags/example_sla_dag.py for tasks to queue
[2024-12-19T06:45:33.154+0000] {logging_mixin.py:190} INFO - [2024-12-19T06:45:33.153+0000] {dagbag.py:588} INFO - Filling up the DagBag from /home/airflow/.local/lib/python3.12/site-packages/airflow/example_dags/example_sla_dag.py
[2024-12-19T06:45:33.168+0000] {processor.py:925} INFO - DAG(s) 'example_sla_dag' retrieved from /home/airflow/.local/lib/python3.12/site-packages/airflow/example_dags/example_sla_dag.py
[2024-12-19T06:45:33.197+0000] {logging_mixin.py:190} INFO - [2024-12-19T06:45:33.196+0000] {dag.py:3239} INFO - Sync 1 DAGs
[2024-12-19T06:45:33.229+0000] {logging_mixin.py:190} INFO - [2024-12-19T06:45:33.228+0000] {dag.py:4180} INFO - Setting next_dagrun for example_sla_dag to 2024-12-19 06:42:00+00:00, run_after=2024-12-19 06:44:00+00:00
[2024-12-19T06:45:33.251+0000] {processor.py:208} INFO - Processing /home/airflow/.local/lib/python3.12/site-packages/airflow/example_dags/example_sla_dag.py took 0.110 seconds
[2024-12-19T06:46:04.860+0000] {processor.py:186} INFO - Started process (PID=682) to work on /home/airflow/.local/lib/python3.12/site-packages/airflow/example_dags/example_sla_dag.py
[2024-12-19T06:46:04.862+0000] {processor.py:914} INFO - Processing file /home/airflow/.local/lib/python3.12/site-packages/airflow/example_dags/example_sla_dag.py for tasks to queue
[2024-12-19T06:46:04.866+0000] {logging_mixin.py:190} INFO - [2024-12-19T06:46:04.865+0000] {dagbag.py:588} INFO - Filling up the DagBag from /home/airflow/.local/lib/python3.12/site-packages/airflow/example_dags/example_sla_dag.py
[2024-12-19T06:46:04.880+0000] {processor.py:925} INFO - DAG(s) 'example_sla_dag' retrieved from /home/airflow/.local/lib/python3.12/site-packages/airflow/example_dags/example_sla_dag.py
[2024-12-19T06:46:04.905+0000] {logging_mixin.py:190} INFO - [2024-12-19T06:46:04.904+0000] {dag.py:3239} INFO - Sync 1 DAGs
[2024-12-19T06:46:04.934+0000] {logging_mixin.py:190} INFO - [2024-12-19T06:46:04.934+0000] {dag.py:4180} INFO - Setting next_dagrun for example_sla_dag to 2024-12-19 06:44:00+00:00, run_after=2024-12-19 06:46:00+00:00
[2024-12-19T06:46:04.957+0000] {processor.py:208} INFO - Processing /home/airflow/.local/lib/python3.12/site-packages/airflow/example_dags/example_sla_dag.py took 0.104 seconds
[2024-12-19T06:46:35.569+0000] {processor.py:186} INFO - Started process (PID=746) to work on /home/airflow/.local/lib/python3.12/site-packages/airflow/example_dags/example_sla_dag.py
[2024-12-19T06:46:35.571+0000] {processor.py:914} INFO - Processing file /home/airflow/.local/lib/python3.12/site-packages/airflow/example_dags/example_sla_dag.py for tasks to queue
[2024-12-19T06:46:35.573+0000] {logging_mixin.py:190} INFO - [2024-12-19T06:46:35.573+0000] {dagbag.py:588} INFO - Filling up the DagBag from /home/airflow/.local/lib/python3.12/site-packages/airflow/example_dags/example_sla_dag.py
[2024-12-19T06:46:35.583+0000] {processor.py:925} INFO - DAG(s) 'example_sla_dag' retrieved from /home/airflow/.local/lib/python3.12/site-packages/airflow/example_dags/example_sla_dag.py
[2024-12-19T06:46:35.602+0000] {logging_mixin.py:190} INFO - [2024-12-19T06:46:35.602+0000] {dag.py:3239} INFO - Sync 1 DAGs
[2024-12-19T06:46:35.626+0000] {logging_mixin.py:190} INFO - [2024-12-19T06:46:35.626+0000] {dag.py:4180} INFO - Setting next_dagrun for example_sla_dag to 2024-12-19 06:44:00+00:00, run_after=2024-12-19 06:46:00+00:00
[2024-12-19T06:46:35.647+0000] {processor.py:208} INFO - Processing /home/airflow/.local/lib/python3.12/site-packages/airflow/example_dags/example_sla_dag.py took 0.083 seconds
[2024-12-19T06:47:06.755+0000] {processor.py:186} INFO - Started process (PID=810) to work on /home/airflow/.local/lib/python3.12/site-packages/airflow/example_dags/example_sla_dag.py
[2024-12-19T06:47:06.756+0000] {processor.py:914} INFO - Processing file /home/airflow/.local/lib/python3.12/site-packages/airflow/example_dags/example_sla_dag.py for tasks to queue
[2024-12-19T06:47:06.759+0000] {logging_mixin.py:190} INFO - [2024-12-19T06:47:06.758+0000] {dagbag.py:588} INFO - Filling up the DagBag from /home/airflow/.local/lib/python3.12/site-packages/airflow/example_dags/example_sla_dag.py
[2024-12-19T06:47:06.769+0000] {processor.py:925} INFO - DAG(s) 'example_sla_dag' retrieved from /home/airflow/.local/lib/python3.12/site-packages/airflow/example_dags/example_sla_dag.py
[2024-12-19T06:47:06.787+0000] {logging_mixin.py:190} INFO - [2024-12-19T06:47:06.787+0000] {dag.py:3239} INFO - Sync 1 DAGs
[2024-12-19T06:47:06.811+0000] {logging_mixin.py:190} INFO - [2024-12-19T06:47:06.811+0000] {dag.py:4180} INFO - Setting next_dagrun for example_sla_dag to 2024-12-19 06:44:00+00:00, run_after=2024-12-19 06:46:00+00:00
[2024-12-19T06:47:06.829+0000] {processor.py:208} INFO - Processing /home/airflow/.local/lib/python3.12/site-packages/airflow/example_dags/example_sla_dag.py took 0.080 seconds
[2024-12-19T06:47:38.579+0000] {processor.py:186} INFO - Started process (PID=873) to work on /home/airflow/.local/lib/python3.12/site-packages/airflow/example_dags/example_sla_dag.py
[2024-12-19T06:47:38.580+0000] {processor.py:914} INFO - Processing file /home/airflow/.local/lib/python3.12/site-packages/airflow/example_dags/example_sla_dag.py for tasks to queue
[2024-12-19T06:47:38.583+0000] {logging_mixin.py:190} INFO - [2024-12-19T06:47:38.583+0000] {dagbag.py:588} INFO - Filling up the DagBag from /home/airflow/.local/lib/python3.12/site-packages/airflow/example_dags/example_sla_dag.py
[2024-12-19T06:47:38.593+0000] {processor.py:925} INFO - DAG(s) 'example_sla_dag' retrieved from /home/airflow/.local/lib/python3.12/site-packages/airflow/example_dags/example_sla_dag.py
[2024-12-19T06:47:38.610+0000] {logging_mixin.py:190} INFO - [2024-12-19T06:47:38.610+0000] {dag.py:3239} INFO - Sync 1 DAGs
[2024-12-19T06:47:38.640+0000] {logging_mixin.py:190} INFO - [2024-12-19T06:47:38.640+0000] {dag.py:4180} INFO - Setting next_dagrun for example_sla_dag to 2024-12-19 06:44:00+00:00, run_after=2024-12-19 06:46:00+00:00
[2024-12-19T06:47:38.660+0000] {processor.py:208} INFO - Processing /home/airflow/.local/lib/python3.12/site-packages/airflow/example_dags/example_sla_dag.py took 0.086 seconds
[2024-12-19T06:48:09.683+0000] {processor.py:186} INFO - Started process (PID=936) to work on /home/airflow/.local/lib/python3.12/site-packages/airflow/example_dags/example_sla_dag.py
[2024-12-19T06:48:09.685+0000] {processor.py:914} INFO - Processing file /home/airflow/.local/lib/python3.12/site-packages/airflow/example_dags/example_sla_dag.py for tasks to queue
[2024-12-19T06:48:09.688+0000] {logging_mixin.py:190} INFO - [2024-12-19T06:48:09.687+0000] {dagbag.py:588} INFO - Filling up the DagBag from /home/airflow/.local/lib/python3.12/site-packages/airflow/example_dags/example_sla_dag.py
[2024-12-19T06:48:09.698+0000] {processor.py:925} INFO - DAG(s) 'example_sla_dag' retrieved from /home/airflow/.local/lib/python3.12/site-packages/airflow/example_dags/example_sla_dag.py
[2024-12-19T06:48:09.717+0000] {logging_mixin.py:190} INFO - [2024-12-19T06:48:09.716+0000] {dag.py:3239} INFO - Sync 1 DAGs
[2024-12-19T06:48:09.741+0000] {logging_mixin.py:190} INFO - [2024-12-19T06:48:09.740+0000] {dag.py:4180} INFO - Setting next_dagrun for example_sla_dag to 2024-12-19 06:46:00+00:00, run_after=2024-12-19 06:48:00+00:00
[2024-12-19T06:48:09.764+0000] {processor.py:208} INFO - Processing /home/airflow/.local/lib/python3.12/site-packages/airflow/example_dags/example_sla_dag.py took 0.088 seconds
