[2024-12-19T06:41:16.888+0000] {processor.py:186} INFO - Started process (PID=69) to work on /home/airflow/.local/lib/python3.12/site-packages/airflow/example_dags/example_bash_operator.py
[2024-12-19T06:41:16.890+0000] {processor.py:914} INFO - Processing file /home/airflow/.local/lib/python3.12/site-packages/airflow/example_dags/example_bash_operator.py for tasks to queue
[2024-12-19T06:41:16.894+0000] {logging_mixin.py:190} INFO - [2024-12-19T06:41:16.893+0000] {dagbag.py:588} INFO - Filling up the DagBag from /home/airflow/.local/lib/python3.12/site-packages/airflow/example_dags/example_bash_operator.py
[2024-12-19T06:41:16.917+0000] {processor.py:925} INFO - DAG(s) 'example_bash_operator' retrieved from /home/airflow/.local/lib/python3.12/site-packages/airflow/example_dags/example_bash_operator.py
[2024-12-19T06:41:16.950+0000] {logging_mixin.py:190} INFO - [2024-12-19T06:41:16.950+0000] {dag.py:3239} INFO - Sync 1 DAGs
[2024-12-19T06:41:16.975+0000] {logging_mixin.py:190} INFO - [2024-12-19T06:41:16.974+0000] {dag.py:4180} INFO - Setting next_dagrun for example_bash_operator to 2024-12-18 00:00:00+00:00, run_after=2024-12-19 00:00:00+00:00
[2024-12-19T06:41:16.996+0000] {processor.py:208} INFO - Processing /home/airflow/.local/lib/python3.12/site-packages/airflow/example_dags/example_bash_operator.py took 0.114 seconds
[2024-12-19T06:41:47.512+0000] {processor.py:186} INFO - Started process (PID=133) to work on /home/airflow/.local/lib/python3.12/site-packages/airflow/example_dags/example_bash_operator.py
[2024-12-19T06:41:47.514+0000] {processor.py:914} INFO - Processing file /home/airflow/.local/lib/python3.12/site-packages/airflow/example_dags/example_bash_operator.py for tasks to queue
[2024-12-19T06:41:47.516+0000] {logging_mixin.py:190} INFO - [2024-12-19T06:41:47.516+0000] {dagbag.py:588} INFO - Filling up the DagBag from /home/airflow/.local/lib/python3.12/site-packages/airflow/example_dags/example_bash_operator.py
[2024-12-19T06:41:47.531+0000] {processor.py:925} INFO - DAG(s) 'example_bash_operator' retrieved from /home/airflow/.local/lib/python3.12/site-packages/airflow/example_dags/example_bash_operator.py
[2024-12-19T06:41:47.572+0000] {logging_mixin.py:190} INFO - [2024-12-19T06:41:47.572+0000] {dag.py:3239} INFO - Sync 1 DAGs
[2024-12-19T06:41:47.601+0000] {logging_mixin.py:190} INFO - [2024-12-19T06:41:47.600+0000] {dag.py:4180} INFO - Setting next_dagrun for example_bash_operator to 2024-12-18 00:00:00+00:00, run_after=2024-12-19 00:00:00+00:00
[2024-12-19T06:41:47.627+0000] {processor.py:208} INFO - Processing /home/airflow/.local/lib/python3.12/site-packages/airflow/example_dags/example_bash_operator.py took 0.124 seconds
[2024-12-19T06:42:17.781+0000] {processor.py:186} INFO - Started process (PID=197) to work on /home/airflow/.local/lib/python3.12/site-packages/airflow/example_dags/example_bash_operator.py
[2024-12-19T06:42:17.782+0000] {processor.py:914} INFO - Processing file /home/airflow/.local/lib/python3.12/site-packages/airflow/example_dags/example_bash_operator.py for tasks to queue
[2024-12-19T06:42:17.786+0000] {logging_mixin.py:190} INFO - [2024-12-19T06:42:17.786+0000] {dagbag.py:588} INFO - Filling up the DagBag from /home/airflow/.local/lib/python3.12/site-packages/airflow/example_dags/example_bash_operator.py
[2024-12-19T06:42:17.804+0000] {processor.py:925} INFO - DAG(s) 'example_bash_operator' retrieved from /home/airflow/.local/lib/python3.12/site-packages/airflow/example_dags/example_bash_operator.py
[2024-12-19T06:42:17.837+0000] {logging_mixin.py:190} INFO - [2024-12-19T06:42:17.837+0000] {dag.py:3239} INFO - Sync 1 DAGs
[2024-12-19T06:42:17.866+0000] {logging_mixin.py:190} INFO - [2024-12-19T06:42:17.866+0000] {dag.py:4180} INFO - Setting next_dagrun for example_bash_operator to 2024-12-18 00:00:00+00:00, run_after=2024-12-19 00:00:00+00:00
[2024-12-19T06:42:17.894+0000] {processor.py:208} INFO - Processing /home/airflow/.local/lib/python3.12/site-packages/airflow/example_dags/example_bash_operator.py took 0.122 seconds
[2024-12-19T06:42:48.196+0000] {processor.py:186} INFO - Started process (PID=261) to work on /home/airflow/.local/lib/python3.12/site-packages/airflow/example_dags/example_bash_operator.py
[2024-12-19T06:42:48.198+0000] {processor.py:914} INFO - Processing file /home/airflow/.local/lib/python3.12/site-packages/airflow/example_dags/example_bash_operator.py for tasks to queue
[2024-12-19T06:42:48.202+0000] {logging_mixin.py:190} INFO - [2024-12-19T06:42:48.202+0000] {dagbag.py:588} INFO - Filling up the DagBag from /home/airflow/.local/lib/python3.12/site-packages/airflow/example_dags/example_bash_operator.py
[2024-12-19T06:42:48.218+0000] {processor.py:925} INFO - DAG(s) 'example_bash_operator' retrieved from /home/airflow/.local/lib/python3.12/site-packages/airflow/example_dags/example_bash_operator.py
[2024-12-19T06:42:48.258+0000] {logging_mixin.py:190} INFO - [2024-12-19T06:42:48.257+0000] {dag.py:3239} INFO - Sync 1 DAGs
[2024-12-19T06:42:48.286+0000] {logging_mixin.py:190} INFO - [2024-12-19T06:42:48.286+0000] {dag.py:4180} INFO - Setting next_dagrun for example_bash_operator to 2024-12-18 00:00:00+00:00, run_after=2024-12-19 00:00:00+00:00
[2024-12-19T06:42:48.313+0000] {processor.py:208} INFO - Processing /home/airflow/.local/lib/python3.12/site-packages/airflow/example_dags/example_bash_operator.py took 0.127 seconds
[2024-12-19T06:43:18.672+0000] {processor.py:186} INFO - Started process (PID=325) to work on /home/airflow/.local/lib/python3.12/site-packages/airflow/example_dags/example_bash_operator.py
[2024-12-19T06:43:18.677+0000] {processor.py:914} INFO - Processing file /home/airflow/.local/lib/python3.12/site-packages/airflow/example_dags/example_bash_operator.py for tasks to queue
[2024-12-19T06:43:18.689+0000] {logging_mixin.py:190} INFO - [2024-12-19T06:43:18.689+0000] {dagbag.py:588} INFO - Filling up the DagBag from /home/airflow/.local/lib/python3.12/site-packages/airflow/example_dags/example_bash_operator.py
[2024-12-19T06:43:18.713+0000] {processor.py:925} INFO - DAG(s) 'example_bash_operator' retrieved from /home/airflow/.local/lib/python3.12/site-packages/airflow/example_dags/example_bash_operator.py
[2024-12-19T06:43:18.751+0000] {logging_mixin.py:190} INFO - [2024-12-19T06:43:18.750+0000] {dag.py:3239} INFO - Sync 1 DAGs
[2024-12-19T06:43:18.789+0000] {logging_mixin.py:190} INFO - [2024-12-19T06:43:18.788+0000] {dag.py:4180} INFO - Setting next_dagrun for example_bash_operator to 2024-12-18 00:00:00+00:00, run_after=2024-12-19 00:00:00+00:00
[2024-12-19T06:43:18.815+0000] {processor.py:208} INFO - Processing /home/airflow/.local/lib/python3.12/site-packages/airflow/example_dags/example_bash_operator.py took 0.156 seconds
[2024-12-19T06:43:49.042+0000] {processor.py:186} INFO - Started process (PID=389) to work on /home/airflow/.local/lib/python3.12/site-packages/airflow/example_dags/example_bash_operator.py
[2024-12-19T06:43:49.045+0000] {processor.py:914} INFO - Processing file /home/airflow/.local/lib/python3.12/site-packages/airflow/example_dags/example_bash_operator.py for tasks to queue
[2024-12-19T06:43:49.053+0000] {logging_mixin.py:190} INFO - [2024-12-19T06:43:49.053+0000] {dagbag.py:588} INFO - Filling up the DagBag from /home/airflow/.local/lib/python3.12/site-packages/airflow/example_dags/example_bash_operator.py
[2024-12-19T06:43:49.077+0000] {processor.py:925} INFO - DAG(s) 'example_bash_operator' retrieved from /home/airflow/.local/lib/python3.12/site-packages/airflow/example_dags/example_bash_operator.py
[2024-12-19T06:43:49.113+0000] {logging_mixin.py:190} INFO - [2024-12-19T06:43:49.113+0000] {dag.py:3239} INFO - Sync 1 DAGs
[2024-12-19T06:43:49.149+0000] {logging_mixin.py:190} INFO - [2024-12-19T06:43:49.149+0000] {dag.py:4180} INFO - Setting next_dagrun for example_bash_operator to 2024-12-18 00:00:00+00:00, run_after=2024-12-19 00:00:00+00:00
[2024-12-19T06:43:49.176+0000] {processor.py:208} INFO - Processing /home/airflow/.local/lib/python3.12/site-packages/airflow/example_dags/example_bash_operator.py took 0.144 seconds
[2024-12-19T06:44:20.007+0000] {processor.py:186} INFO - Started process (PID=453) to work on /home/airflow/.local/lib/python3.12/site-packages/airflow/example_dags/example_bash_operator.py
[2024-12-19T06:44:20.008+0000] {processor.py:914} INFO - Processing file /home/airflow/.local/lib/python3.12/site-packages/airflow/example_dags/example_bash_operator.py for tasks to queue
[2024-12-19T06:44:20.012+0000] {logging_mixin.py:190} INFO - [2024-12-19T06:44:20.012+0000] {dagbag.py:588} INFO - Filling up the DagBag from /home/airflow/.local/lib/python3.12/site-packages/airflow/example_dags/example_bash_operator.py
[2024-12-19T06:44:20.039+0000] {processor.py:925} INFO - DAG(s) 'example_bash_operator' retrieved from /home/airflow/.local/lib/python3.12/site-packages/airflow/example_dags/example_bash_operator.py
[2024-12-19T06:44:20.079+0000] {logging_mixin.py:190} INFO - [2024-12-19T06:44:20.079+0000] {dag.py:3239} INFO - Sync 1 DAGs
[2024-12-19T06:44:20.111+0000] {logging_mixin.py:190} INFO - [2024-12-19T06:44:20.111+0000] {dag.py:4180} INFO - Setting next_dagrun for example_bash_operator to 2024-12-18 00:00:00+00:00, run_after=2024-12-19 00:00:00+00:00
[2024-12-19T06:44:20.137+0000] {processor.py:208} INFO - Processing /home/airflow/.local/lib/python3.12/site-packages/airflow/example_dags/example_bash_operator.py took 0.137 seconds
[2024-12-19T06:44:50.468+0000] {processor.py:186} INFO - Started process (PID=523) to work on /home/airflow/.local/lib/python3.12/site-packages/airflow/example_dags/example_bash_operator.py
[2024-12-19T06:44:50.469+0000] {processor.py:914} INFO - Processing file /home/airflow/.local/lib/python3.12/site-packages/airflow/example_dags/example_bash_operator.py for tasks to queue
[2024-12-19T06:44:50.480+0000] {logging_mixin.py:190} INFO - [2024-12-19T06:44:50.480+0000] {dagbag.py:588} INFO - Filling up the DagBag from /home/airflow/.local/lib/python3.12/site-packages/airflow/example_dags/example_bash_operator.py
[2024-12-19T06:44:50.502+0000] {processor.py:925} INFO - DAG(s) 'example_bash_operator' retrieved from /home/airflow/.local/lib/python3.12/site-packages/airflow/example_dags/example_bash_operator.py
[2024-12-19T06:44:50.535+0000] {logging_mixin.py:190} INFO - [2024-12-19T06:44:50.535+0000] {dag.py:3239} INFO - Sync 1 DAGs
[2024-12-19T06:44:50.564+0000] {logging_mixin.py:190} INFO - [2024-12-19T06:44:50.564+0000] {dag.py:4180} INFO - Setting next_dagrun for example_bash_operator to 2024-12-18 00:00:00+00:00, run_after=2024-12-19 00:00:00+00:00
[2024-12-19T06:44:50.591+0000] {processor.py:208} INFO - Processing /home/airflow/.local/lib/python3.12/site-packages/airflow/example_dags/example_bash_operator.py took 0.134 seconds
[2024-12-19T06:45:21.070+0000] {processor.py:186} INFO - Started process (PID=587) to work on /home/airflow/.local/lib/python3.12/site-packages/airflow/example_dags/example_bash_operator.py
[2024-12-19T06:45:21.072+0000] {processor.py:914} INFO - Processing file /home/airflow/.local/lib/python3.12/site-packages/airflow/example_dags/example_bash_operator.py for tasks to queue
[2024-12-19T06:45:21.076+0000] {logging_mixin.py:190} INFO - [2024-12-19T06:45:21.076+0000] {dagbag.py:588} INFO - Filling up the DagBag from /home/airflow/.local/lib/python3.12/site-packages/airflow/example_dags/example_bash_operator.py
[2024-12-19T06:45:21.096+0000] {processor.py:925} INFO - DAG(s) 'example_bash_operator' retrieved from /home/airflow/.local/lib/python3.12/site-packages/airflow/example_dags/example_bash_operator.py
[2024-12-19T06:45:21.134+0000] {logging_mixin.py:190} INFO - [2024-12-19T06:45:21.134+0000] {dag.py:3239} INFO - Sync 1 DAGs
[2024-12-19T06:45:21.170+0000] {logging_mixin.py:190} INFO - [2024-12-19T06:45:21.169+0000] {dag.py:4180} INFO - Setting next_dagrun for example_bash_operator to 2024-12-18 00:00:00+00:00, run_after=2024-12-19 00:00:00+00:00
[2024-12-19T06:45:21.194+0000] {processor.py:208} INFO - Processing /home/airflow/.local/lib/python3.12/site-packages/airflow/example_dags/example_bash_operator.py took 0.134 seconds
[2024-12-19T06:45:52.151+0000] {processor.py:186} INFO - Started process (PID=651) to work on /home/airflow/.local/lib/python3.12/site-packages/airflow/example_dags/example_bash_operator.py
[2024-12-19T06:45:52.153+0000] {processor.py:914} INFO - Processing file /home/airflow/.local/lib/python3.12/site-packages/airflow/example_dags/example_bash_operator.py for tasks to queue
[2024-12-19T06:45:52.157+0000] {logging_mixin.py:190} INFO - [2024-12-19T06:45:52.156+0000] {dagbag.py:588} INFO - Filling up the DagBag from /home/airflow/.local/lib/python3.12/site-packages/airflow/example_dags/example_bash_operator.py
[2024-12-19T06:45:52.176+0000] {processor.py:925} INFO - DAG(s) 'example_bash_operator' retrieved from /home/airflow/.local/lib/python3.12/site-packages/airflow/example_dags/example_bash_operator.py
[2024-12-19T06:45:52.214+0000] {logging_mixin.py:190} INFO - [2024-12-19T06:45:52.214+0000] {dag.py:3239} INFO - Sync 1 DAGs
[2024-12-19T06:45:52.246+0000] {logging_mixin.py:190} INFO - [2024-12-19T06:45:52.246+0000] {dag.py:4180} INFO - Setting next_dagrun for example_bash_operator to 2024-12-18 00:00:00+00:00, run_after=2024-12-19 00:00:00+00:00
[2024-12-19T06:45:52.271+0000] {processor.py:208} INFO - Processing /home/airflow/.local/lib/python3.12/site-packages/airflow/example_dags/example_bash_operator.py took 0.127 seconds
[2024-12-19T06:46:22.583+0000] {processor.py:186} INFO - Started process (PID=715) to work on /home/airflow/.local/lib/python3.12/site-packages/airflow/example_dags/example_bash_operator.py
[2024-12-19T06:46:22.585+0000] {processor.py:914} INFO - Processing file /home/airflow/.local/lib/python3.12/site-packages/airflow/example_dags/example_bash_operator.py for tasks to queue
[2024-12-19T06:46:22.590+0000] {logging_mixin.py:190} INFO - [2024-12-19T06:46:22.589+0000] {dagbag.py:588} INFO - Filling up the DagBag from /home/airflow/.local/lib/python3.12/site-packages/airflow/example_dags/example_bash_operator.py
[2024-12-19T06:46:22.609+0000] {processor.py:925} INFO - DAG(s) 'example_bash_operator' retrieved from /home/airflow/.local/lib/python3.12/site-packages/airflow/example_dags/example_bash_operator.py
[2024-12-19T06:46:22.648+0000] {logging_mixin.py:190} INFO - [2024-12-19T06:46:22.648+0000] {dag.py:3239} INFO - Sync 1 DAGs
[2024-12-19T06:46:22.681+0000] {logging_mixin.py:190} INFO - [2024-12-19T06:46:22.681+0000] {dag.py:4180} INFO - Setting next_dagrun for example_bash_operator to 2024-12-18 00:00:00+00:00, run_after=2024-12-19 00:00:00+00:00
[2024-12-19T06:46:22.709+0000] {processor.py:208} INFO - Processing /home/airflow/.local/lib/python3.12/site-packages/airflow/example_dags/example_bash_operator.py took 0.132 seconds
[2024-12-19T06:46:52.952+0000] {processor.py:186} INFO - Started process (PID=779) to work on /home/airflow/.local/lib/python3.12/site-packages/airflow/example_dags/example_bash_operator.py
[2024-12-19T06:46:52.954+0000] {processor.py:914} INFO - Processing file /home/airflow/.local/lib/python3.12/site-packages/airflow/example_dags/example_bash_operator.py for tasks to queue
[2024-12-19T06:46:52.958+0000] {logging_mixin.py:190} INFO - [2024-12-19T06:46:52.958+0000] {dagbag.py:588} INFO - Filling up the DagBag from /home/airflow/.local/lib/python3.12/site-packages/airflow/example_dags/example_bash_operator.py
[2024-12-19T06:46:52.979+0000] {processor.py:925} INFO - DAG(s) 'example_bash_operator' retrieved from /home/airflow/.local/lib/python3.12/site-packages/airflow/example_dags/example_bash_operator.py
[2024-12-19T06:46:53.019+0000] {logging_mixin.py:190} INFO - [2024-12-19T06:46:53.019+0000] {dag.py:3239} INFO - Sync 1 DAGs
[2024-12-19T06:46:53.050+0000] {logging_mixin.py:190} INFO - [2024-12-19T06:46:53.050+0000] {dag.py:4180} INFO - Setting next_dagrun for example_bash_operator to 2024-12-18 00:00:00+00:00, run_after=2024-12-19 00:00:00+00:00
[2024-12-19T06:46:53.073+0000] {processor.py:208} INFO - Processing /home/airflow/.local/lib/python3.12/site-packages/airflow/example_dags/example_bash_operator.py took 0.130 seconds
[2024-12-19T06:47:23.902+0000] {processor.py:186} INFO - Started process (PID=842) to work on /home/airflow/.local/lib/python3.12/site-packages/airflow/example_dags/example_bash_operator.py
[2024-12-19T06:47:23.904+0000] {processor.py:914} INFO - Processing file /home/airflow/.local/lib/python3.12/site-packages/airflow/example_dags/example_bash_operator.py for tasks to queue
[2024-12-19T06:47:23.907+0000] {logging_mixin.py:190} INFO - [2024-12-19T06:47:23.907+0000] {dagbag.py:588} INFO - Filling up the DagBag from /home/airflow/.local/lib/python3.12/site-packages/airflow/example_dags/example_bash_operator.py
[2024-12-19T06:47:23.926+0000] {processor.py:925} INFO - DAG(s) 'example_bash_operator' retrieved from /home/airflow/.local/lib/python3.12/site-packages/airflow/example_dags/example_bash_operator.py
[2024-12-19T06:47:23.965+0000] {logging_mixin.py:190} INFO - [2024-12-19T06:47:23.965+0000] {dag.py:3239} INFO - Sync 1 DAGs
[2024-12-19T06:47:23.994+0000] {logging_mixin.py:190} INFO - [2024-12-19T06:47:23.994+0000] {dag.py:4180} INFO - Setting next_dagrun for example_bash_operator to 2024-12-18 00:00:00+00:00, run_after=2024-12-19 00:00:00+00:00
[2024-12-19T06:47:24.019+0000] {processor.py:208} INFO - Processing /home/airflow/.local/lib/python3.12/site-packages/airflow/example_dags/example_bash_operator.py took 0.124 seconds
[2024-12-19T06:47:54.112+0000] {processor.py:186} INFO - Started process (PID=905) to work on /home/airflow/.local/lib/python3.12/site-packages/airflow/example_dags/example_bash_operator.py
[2024-12-19T06:47:54.115+0000] {processor.py:914} INFO - Processing file /home/airflow/.local/lib/python3.12/site-packages/airflow/example_dags/example_bash_operator.py for tasks to queue
[2024-12-19T06:47:54.119+0000] {logging_mixin.py:190} INFO - [2024-12-19T06:47:54.118+0000] {dagbag.py:588} INFO - Filling up the DagBag from /home/airflow/.local/lib/python3.12/site-packages/airflow/example_dags/example_bash_operator.py
[2024-12-19T06:47:54.140+0000] {processor.py:925} INFO - DAG(s) 'example_bash_operator' retrieved from /home/airflow/.local/lib/python3.12/site-packages/airflow/example_dags/example_bash_operator.py
[2024-12-19T06:47:54.167+0000] {logging_mixin.py:190} INFO - [2024-12-19T06:47:54.167+0000] {dag.py:3239} INFO - Sync 1 DAGs
[2024-12-19T06:47:54.192+0000] {logging_mixin.py:190} INFO - [2024-12-19T06:47:54.192+0000] {dag.py:4180} INFO - Setting next_dagrun for example_bash_operator to 2024-12-18 00:00:00+00:00, run_after=2024-12-19 00:00:00+00:00
[2024-12-19T06:47:54.218+0000] {processor.py:208} INFO - Processing /home/airflow/.local/lib/python3.12/site-packages/airflow/example_dags/example_bash_operator.py took 0.115 seconds
