[2024-12-19T06:41:22.757+0000] {processor.py:186} INFO - Started process (PID=126) to work on /home/airflow/.local/lib/python3.12/site-packages/airflow/example_dags/example_datasets.py
[2024-12-19T06:41:22.759+0000] {processor.py:914} INFO - Processing file /home/airflow/.local/lib/python3.12/site-packages/airflow/example_dags/example_datasets.py for tasks to queue
[2024-12-19T06:41:22.764+0000] {logging_mixin.py:190} INFO - [2024-12-19T06:41:22.763+0000] {dagbag.py:588} INFO - Filling up the DagBag from /home/airflow/.local/lib/python3.12/site-packages/airflow/example_dags/example_datasets.py
[2024-12-19T06:41:23.478+0000] {processor.py:925} INFO - DAG(s) 'conditional_dataset_and_time_based_timetable', 'dataset_consumes_1_never_scheduled', 'dataset_consumes_1_and_2', 'consume_1_or_2_with_dataset_expressions', 'consume_1_or_both_2_and_3_with_dataset_expressions', 'consume_1_and_2_with_dataset_expressions', 'dataset_produces_2', 'dataset_consumes_unknown_never_scheduled', 'dataset_consumes_1', 'dataset_produces_1' retrieved from /home/airflow/.local/lib/python3.12/site-packages/airflow/example_dags/example_datasets.py
[2024-12-19T06:41:23.547+0000] {logging_mixin.py:190} INFO - [2024-12-19T06:41:23.546+0000] {dag.py:3239} INFO - Sync 10 DAGs
[2024-12-19T06:41:23.576+0000] {logging_mixin.py:190} INFO - [2024-12-19T06:41:23.576+0000] {dag.py:4180} INFO - Setting next_dagrun for conditional_dataset_and_time_based_timetable to 2024-12-18 01:00:00+00:00, run_after=2024-12-18 01:00:00+00:00
[2024-12-19T06:41:23.584+0000] {logging_mixin.py:190} INFO - [2024-12-19T06:41:23.583+0000] {dag.py:4180} INFO - Setting next_dagrun for consume_1_and_2_with_dataset_expressions to None, run_after=None
[2024-12-19T06:41:23.586+0000] {logging_mixin.py:190} INFO - [2024-12-19T06:41:23.586+0000] {dag.py:4180} INFO - Setting next_dagrun for consume_1_or_2_with_dataset_expressions to None, run_after=None
[2024-12-19T06:41:23.591+0000] {logging_mixin.py:190} INFO - [2024-12-19T06:41:23.591+0000] {dag.py:4180} INFO - Setting next_dagrun for consume_1_or_both_2_and_3_with_dataset_expressions to None, run_after=None
[2024-12-19T06:41:23.593+0000] {logging_mixin.py:190} INFO - [2024-12-19T06:41:23.593+0000] {dag.py:4180} INFO - Setting next_dagrun for dataset_consumes_1 to None, run_after=None
[2024-12-19T06:41:23.596+0000] {logging_mixin.py:190} INFO - [2024-12-19T06:41:23.596+0000] {dag.py:4180} INFO - Setting next_dagrun for dataset_consumes_1_and_2 to None, run_after=None
[2024-12-19T06:41:23.599+0000] {logging_mixin.py:190} INFO - [2024-12-19T06:41:23.598+0000] {dag.py:4180} INFO - Setting next_dagrun for dataset_consumes_1_never_scheduled to None, run_after=None
[2024-12-19T06:41:23.604+0000] {logging_mixin.py:190} INFO - [2024-12-19T06:41:23.604+0000] {dag.py:4180} INFO - Setting next_dagrun for dataset_consumes_unknown_never_scheduled to None, run_after=None
[2024-12-19T06:41:23.609+0000] {logging_mixin.py:190} INFO - [2024-12-19T06:41:23.608+0000] {dag.py:4180} INFO - Setting next_dagrun for dataset_produces_1 to 2024-12-18 00:00:00+00:00, run_after=2024-12-19 00:00:00+00:00
[2024-12-19T06:41:23.611+0000] {logging_mixin.py:190} INFO - [2024-12-19T06:41:23.611+0000] {dag.py:4180} INFO - Setting next_dagrun for dataset_produces_2 to None, run_after=None
[2024-12-19T06:41:23.671+0000] {processor.py:208} INFO - Processing /home/airflow/.local/lib/python3.12/site-packages/airflow/example_dags/example_datasets.py took 0.921 seconds
[2024-12-19T06:41:54.502+0000] {processor.py:186} INFO - Started process (PID=195) to work on /home/airflow/.local/lib/python3.12/site-packages/airflow/example_dags/example_datasets.py
[2024-12-19T06:41:54.504+0000] {processor.py:914} INFO - Processing file /home/airflow/.local/lib/python3.12/site-packages/airflow/example_dags/example_datasets.py for tasks to queue
[2024-12-19T06:41:54.509+0000] {logging_mixin.py:190} INFO - [2024-12-19T06:41:54.509+0000] {dagbag.py:588} INFO - Filling up the DagBag from /home/airflow/.local/lib/python3.12/site-packages/airflow/example_dags/example_datasets.py
[2024-12-19T06:41:55.276+0000] {processor.py:925} INFO - DAG(s) 'consume_1_or_2_with_dataset_expressions', 'consume_1_or_both_2_and_3_with_dataset_expressions', 'conditional_dataset_and_time_based_timetable', 'dataset_consumes_1_and_2', 'dataset_consumes_unknown_never_scheduled', 'dataset_produces_1', 'consume_1_and_2_with_dataset_expressions', 'dataset_consumes_1', 'dataset_consumes_1_never_scheduled', 'dataset_produces_2' retrieved from /home/airflow/.local/lib/python3.12/site-packages/airflow/example_dags/example_datasets.py
[2024-12-19T06:41:55.330+0000] {logging_mixin.py:190} INFO - [2024-12-19T06:41:55.330+0000] {dag.py:3239} INFO - Sync 10 DAGs
[2024-12-19T06:41:55.361+0000] {logging_mixin.py:190} INFO - [2024-12-19T06:41:55.360+0000] {dag.py:4180} INFO - Setting next_dagrun for conditional_dataset_and_time_based_timetable to 2024-12-18 01:00:00+00:00, run_after=2024-12-18 01:00:00+00:00
[2024-12-19T06:41:55.366+0000] {logging_mixin.py:190} INFO - [2024-12-19T06:41:55.365+0000] {dag.py:4180} INFO - Setting next_dagrun for consume_1_and_2_with_dataset_expressions to None, run_after=None
[2024-12-19T06:41:55.368+0000] {logging_mixin.py:190} INFO - [2024-12-19T06:41:55.368+0000] {dag.py:4180} INFO - Setting next_dagrun for consume_1_or_2_with_dataset_expressions to None, run_after=None
[2024-12-19T06:41:55.370+0000] {logging_mixin.py:190} INFO - [2024-12-19T06:41:55.370+0000] {dag.py:4180} INFO - Setting next_dagrun for consume_1_or_both_2_and_3_with_dataset_expressions to None, run_after=None
[2024-12-19T06:41:55.372+0000] {logging_mixin.py:190} INFO - [2024-12-19T06:41:55.371+0000] {dag.py:4180} INFO - Setting next_dagrun for dataset_consumes_1 to None, run_after=None
[2024-12-19T06:41:55.373+0000] {logging_mixin.py:190} INFO - [2024-12-19T06:41:55.373+0000] {dag.py:4180} INFO - Setting next_dagrun for dataset_consumes_1_and_2 to None, run_after=None
[2024-12-19T06:41:55.375+0000] {logging_mixin.py:190} INFO - [2024-12-19T06:41:55.375+0000] {dag.py:4180} INFO - Setting next_dagrun for dataset_consumes_1_never_scheduled to None, run_after=None
[2024-12-19T06:41:55.377+0000] {logging_mixin.py:190} INFO - [2024-12-19T06:41:55.377+0000] {dag.py:4180} INFO - Setting next_dagrun for dataset_consumes_unknown_never_scheduled to None, run_after=None
[2024-12-19T06:41:55.380+0000] {logging_mixin.py:190} INFO - [2024-12-19T06:41:55.379+0000] {dag.py:4180} INFO - Setting next_dagrun for dataset_produces_1 to 2024-12-18 00:00:00+00:00, run_after=2024-12-19 00:00:00+00:00
[2024-12-19T06:41:55.382+0000] {logging_mixin.py:190} INFO - [2024-12-19T06:41:55.381+0000] {dag.py:4180} INFO - Setting next_dagrun for dataset_produces_2 to None, run_after=None
[2024-12-19T06:41:55.424+0000] {processor.py:208} INFO - Processing /home/airflow/.local/lib/python3.12/site-packages/airflow/example_dags/example_datasets.py took 0.933 seconds
[2024-12-19T06:42:26.004+0000] {processor.py:186} INFO - Started process (PID=259) to work on /home/airflow/.local/lib/python3.12/site-packages/airflow/example_dags/example_datasets.py
[2024-12-19T06:42:26.006+0000] {processor.py:914} INFO - Processing file /home/airflow/.local/lib/python3.12/site-packages/airflow/example_dags/example_datasets.py for tasks to queue
[2024-12-19T06:42:26.009+0000] {logging_mixin.py:190} INFO - [2024-12-19T06:42:26.009+0000] {dagbag.py:588} INFO - Filling up the DagBag from /home/airflow/.local/lib/python3.12/site-packages/airflow/example_dags/example_datasets.py
[2024-12-19T06:42:26.629+0000] {processor.py:925} INFO - DAG(s) 'dataset_consumes_1_and_2', 'conditional_dataset_and_time_based_timetable', 'consume_1_or_both_2_and_3_with_dataset_expressions', 'consume_1_or_2_with_dataset_expressions', 'dataset_consumes_1_never_scheduled', 'dataset_consumes_unknown_never_scheduled', 'dataset_consumes_1', 'consume_1_and_2_with_dataset_expressions', 'dataset_produces_1', 'dataset_produces_2' retrieved from /home/airflow/.local/lib/python3.12/site-packages/airflow/example_dags/example_datasets.py
[2024-12-19T06:42:26.682+0000] {logging_mixin.py:190} INFO - [2024-12-19T06:42:26.682+0000] {dag.py:3239} INFO - Sync 10 DAGs
[2024-12-19T06:42:26.716+0000] {logging_mixin.py:190} INFO - [2024-12-19T06:42:26.716+0000] {dag.py:4180} INFO - Setting next_dagrun for conditional_dataset_and_time_based_timetable to 2024-12-18 01:00:00+00:00, run_after=2024-12-18 01:00:00+00:00
[2024-12-19T06:42:26.723+0000] {logging_mixin.py:190} INFO - [2024-12-19T06:42:26.722+0000] {dag.py:4180} INFO - Setting next_dagrun for consume_1_and_2_with_dataset_expressions to None, run_after=None
[2024-12-19T06:42:26.725+0000] {logging_mixin.py:190} INFO - [2024-12-19T06:42:26.725+0000] {dag.py:4180} INFO - Setting next_dagrun for consume_1_or_2_with_dataset_expressions to None, run_after=None
[2024-12-19T06:42:26.727+0000] {logging_mixin.py:190} INFO - [2024-12-19T06:42:26.727+0000] {dag.py:4180} INFO - Setting next_dagrun for consume_1_or_both_2_and_3_with_dataset_expressions to None, run_after=None
[2024-12-19T06:42:26.729+0000] {logging_mixin.py:190} INFO - [2024-12-19T06:42:26.729+0000] {dag.py:4180} INFO - Setting next_dagrun for dataset_consumes_1 to None, run_after=None
[2024-12-19T06:42:26.731+0000] {logging_mixin.py:190} INFO - [2024-12-19T06:42:26.731+0000] {dag.py:4180} INFO - Setting next_dagrun for dataset_consumes_1_and_2 to None, run_after=None
[2024-12-19T06:42:26.733+0000] {logging_mixin.py:190} INFO - [2024-12-19T06:42:26.733+0000] {dag.py:4180} INFO - Setting next_dagrun for dataset_consumes_1_never_scheduled to None, run_after=None
[2024-12-19T06:42:26.735+0000] {logging_mixin.py:190} INFO - [2024-12-19T06:42:26.735+0000] {dag.py:4180} INFO - Setting next_dagrun for dataset_consumes_unknown_never_scheduled to None, run_after=None
[2024-12-19T06:42:26.740+0000] {logging_mixin.py:190} INFO - [2024-12-19T06:42:26.740+0000] {dag.py:4180} INFO - Setting next_dagrun for dataset_produces_1 to 2024-12-18 00:00:00+00:00, run_after=2024-12-19 00:00:00+00:00
[2024-12-19T06:42:26.742+0000] {logging_mixin.py:190} INFO - [2024-12-19T06:42:26.742+0000] {dag.py:4180} INFO - Setting next_dagrun for dataset_produces_2 to None, run_after=None
[2024-12-19T06:42:26.798+0000] {processor.py:208} INFO - Processing /home/airflow/.local/lib/python3.12/site-packages/airflow/example_dags/example_datasets.py took 0.804 seconds
[2024-12-19T06:42:57.531+0000] {processor.py:186} INFO - Started process (PID=323) to work on /home/airflow/.local/lib/python3.12/site-packages/airflow/example_dags/example_datasets.py
[2024-12-19T06:42:57.532+0000] {processor.py:914} INFO - Processing file /home/airflow/.local/lib/python3.12/site-packages/airflow/example_dags/example_datasets.py for tasks to queue
[2024-12-19T06:42:57.535+0000] {logging_mixin.py:190} INFO - [2024-12-19T06:42:57.535+0000] {dagbag.py:588} INFO - Filling up the DagBag from /home/airflow/.local/lib/python3.12/site-packages/airflow/example_dags/example_datasets.py
[2024-12-19T06:42:58.138+0000] {processor.py:925} INFO - DAG(s) 'consume_1_or_2_with_dataset_expressions', 'consume_1_or_both_2_and_3_with_dataset_expressions', 'conditional_dataset_and_time_based_timetable', 'consume_1_and_2_with_dataset_expressions', 'dataset_consumes_unknown_never_scheduled', 'dataset_consumes_1_never_scheduled', 'dataset_consumes_1', 'dataset_produces_2', 'dataset_produces_1', 'dataset_consumes_1_and_2' retrieved from /home/airflow/.local/lib/python3.12/site-packages/airflow/example_dags/example_datasets.py
[2024-12-19T06:42:58.175+0000] {logging_mixin.py:190} INFO - [2024-12-19T06:42:58.174+0000] {dag.py:3239} INFO - Sync 10 DAGs
[2024-12-19T06:42:58.201+0000] {logging_mixin.py:190} INFO - [2024-12-19T06:42:58.201+0000] {dag.py:4180} INFO - Setting next_dagrun for conditional_dataset_and_time_based_timetable to 2024-12-18 01:00:00+00:00, run_after=2024-12-18 01:00:00+00:00
[2024-12-19T06:42:58.208+0000] {logging_mixin.py:190} INFO - [2024-12-19T06:42:58.208+0000] {dag.py:4180} INFO - Setting next_dagrun for consume_1_and_2_with_dataset_expressions to None, run_after=None
[2024-12-19T06:42:58.211+0000] {logging_mixin.py:190} INFO - [2024-12-19T06:42:58.210+0000] {dag.py:4180} INFO - Setting next_dagrun for consume_1_or_2_with_dataset_expressions to None, run_after=None
[2024-12-19T06:42:58.213+0000] {logging_mixin.py:190} INFO - [2024-12-19T06:42:58.212+0000] {dag.py:4180} INFO - Setting next_dagrun for consume_1_or_both_2_and_3_with_dataset_expressions to None, run_after=None
[2024-12-19T06:42:58.215+0000] {logging_mixin.py:190} INFO - [2024-12-19T06:42:58.214+0000] {dag.py:4180} INFO - Setting next_dagrun for dataset_consumes_1 to None, run_after=None
[2024-12-19T06:42:58.218+0000] {logging_mixin.py:190} INFO - [2024-12-19T06:42:58.217+0000] {dag.py:4180} INFO - Setting next_dagrun for dataset_consumes_1_and_2 to None, run_after=None
[2024-12-19T06:42:58.220+0000] {logging_mixin.py:190} INFO - [2024-12-19T06:42:58.219+0000] {dag.py:4180} INFO - Setting next_dagrun for dataset_consumes_1_never_scheduled to None, run_after=None
[2024-12-19T06:42:58.222+0000] {logging_mixin.py:190} INFO - [2024-12-19T06:42:58.222+0000] {dag.py:4180} INFO - Setting next_dagrun for dataset_consumes_unknown_never_scheduled to None, run_after=None
[2024-12-19T06:42:58.225+0000] {logging_mixin.py:190} INFO - [2024-12-19T06:42:58.225+0000] {dag.py:4180} INFO - Setting next_dagrun for dataset_produces_1 to 2024-12-18 00:00:00+00:00, run_after=2024-12-19 00:00:00+00:00
[2024-12-19T06:42:58.226+0000] {logging_mixin.py:190} INFO - [2024-12-19T06:42:58.226+0000] {dag.py:4180} INFO - Setting next_dagrun for dataset_produces_2 to None, run_after=None
[2024-12-19T06:42:58.269+0000] {processor.py:208} INFO - Processing /home/airflow/.local/lib/python3.12/site-packages/airflow/example_dags/example_datasets.py took 0.743 seconds
[2024-12-19T06:43:28.696+0000] {processor.py:186} INFO - Started process (PID=387) to work on /home/airflow/.local/lib/python3.12/site-packages/airflow/example_dags/example_datasets.py
[2024-12-19T06:43:28.698+0000] {processor.py:914} INFO - Processing file /home/airflow/.local/lib/python3.12/site-packages/airflow/example_dags/example_datasets.py for tasks to queue
[2024-12-19T06:43:28.702+0000] {logging_mixin.py:190} INFO - [2024-12-19T06:43:28.702+0000] {dagbag.py:588} INFO - Filling up the DagBag from /home/airflow/.local/lib/python3.12/site-packages/airflow/example_dags/example_datasets.py
[2024-12-19T06:43:29.410+0000] {processor.py:925} INFO - DAG(s) 'dataset_consumes_1', 'conditional_dataset_and_time_based_timetable', 'dataset_consumes_1_never_scheduled', 'consume_1_and_2_with_dataset_expressions', 'dataset_produces_2', 'dataset_produces_1', 'dataset_consumes_1_and_2', 'consume_1_or_2_with_dataset_expressions', 'dataset_consumes_unknown_never_scheduled', 'consume_1_or_both_2_and_3_with_dataset_expressions' retrieved from /home/airflow/.local/lib/python3.12/site-packages/airflow/example_dags/example_datasets.py
[2024-12-19T06:43:29.450+0000] {logging_mixin.py:190} INFO - [2024-12-19T06:43:29.450+0000] {dag.py:3239} INFO - Sync 10 DAGs
[2024-12-19T06:43:29.476+0000] {logging_mixin.py:190} INFO - [2024-12-19T06:43:29.476+0000] {dag.py:4180} INFO - Setting next_dagrun for conditional_dataset_and_time_based_timetable to 2024-12-18 01:00:00+00:00, run_after=2024-12-18 01:00:00+00:00
[2024-12-19T06:43:29.480+0000] {logging_mixin.py:190} INFO - [2024-12-19T06:43:29.479+0000] {dag.py:4180} INFO - Setting next_dagrun for consume_1_and_2_with_dataset_expressions to None, run_after=None
[2024-12-19T06:43:29.481+0000] {logging_mixin.py:190} INFO - [2024-12-19T06:43:29.481+0000] {dag.py:4180} INFO - Setting next_dagrun for consume_1_or_2_with_dataset_expressions to None, run_after=None
[2024-12-19T06:43:29.483+0000] {logging_mixin.py:190} INFO - [2024-12-19T06:43:29.483+0000] {dag.py:4180} INFO - Setting next_dagrun for consume_1_or_both_2_and_3_with_dataset_expressions to None, run_after=None
[2024-12-19T06:43:29.484+0000] {logging_mixin.py:190} INFO - [2024-12-19T06:43:29.484+0000] {dag.py:4180} INFO - Setting next_dagrun for dataset_consumes_1 to None, run_after=None
[2024-12-19T06:43:29.485+0000] {logging_mixin.py:190} INFO - [2024-12-19T06:43:29.485+0000] {dag.py:4180} INFO - Setting next_dagrun for dataset_consumes_1_and_2 to None, run_after=None
[2024-12-19T06:43:29.487+0000] {logging_mixin.py:190} INFO - [2024-12-19T06:43:29.487+0000] {dag.py:4180} INFO - Setting next_dagrun for dataset_consumes_1_never_scheduled to None, run_after=None
[2024-12-19T06:43:29.490+0000] {logging_mixin.py:190} INFO - [2024-12-19T06:43:29.490+0000] {dag.py:4180} INFO - Setting next_dagrun for dataset_consumes_unknown_never_scheduled to None, run_after=None
[2024-12-19T06:43:29.493+0000] {logging_mixin.py:190} INFO - [2024-12-19T06:43:29.492+0000] {dag.py:4180} INFO - Setting next_dagrun for dataset_produces_1 to 2024-12-18 00:00:00+00:00, run_after=2024-12-19 00:00:00+00:00
[2024-12-19T06:43:29.494+0000] {logging_mixin.py:190} INFO - [2024-12-19T06:43:29.494+0000] {dag.py:4180} INFO - Setting next_dagrun for dataset_produces_2 to None, run_after=None
[2024-12-19T06:43:29.527+0000] {processor.py:208} INFO - Processing /home/airflow/.local/lib/python3.12/site-packages/airflow/example_dags/example_datasets.py took 0.840 seconds
[2024-12-19T06:43:59.678+0000] {processor.py:186} INFO - Started process (PID=451) to work on /home/airflow/.local/lib/python3.12/site-packages/airflow/example_dags/example_datasets.py
[2024-12-19T06:43:59.679+0000] {processor.py:914} INFO - Processing file /home/airflow/.local/lib/python3.12/site-packages/airflow/example_dags/example_datasets.py for tasks to queue
[2024-12-19T06:43:59.682+0000] {logging_mixin.py:190} INFO - [2024-12-19T06:43:59.681+0000] {dagbag.py:588} INFO - Filling up the DagBag from /home/airflow/.local/lib/python3.12/site-packages/airflow/example_dags/example_datasets.py
[2024-12-19T06:44:00.474+0000] {processor.py:925} INFO - DAG(s) 'consume_1_or_both_2_and_3_with_dataset_expressions', 'dataset_consumes_unknown_never_scheduled', 'dataset_produces_2', 'dataset_consumes_1_never_scheduled', 'conditional_dataset_and_time_based_timetable', 'dataset_consumes_1', 'consume_1_and_2_with_dataset_expressions', 'dataset_produces_1', 'dataset_consumes_1_and_2', 'consume_1_or_2_with_dataset_expressions' retrieved from /home/airflow/.local/lib/python3.12/site-packages/airflow/example_dags/example_datasets.py
[2024-12-19T06:44:00.535+0000] {logging_mixin.py:190} INFO - [2024-12-19T06:44:00.534+0000] {dag.py:3239} INFO - Sync 10 DAGs
[2024-12-19T06:44:00.572+0000] {logging_mixin.py:190} INFO - [2024-12-19T06:44:00.572+0000] {dag.py:4180} INFO - Setting next_dagrun for conditional_dataset_and_time_based_timetable to 2024-12-18 01:00:00+00:00, run_after=2024-12-18 01:00:00+00:00
[2024-12-19T06:44:00.578+0000] {logging_mixin.py:190} INFO - [2024-12-19T06:44:00.578+0000] {dag.py:4180} INFO - Setting next_dagrun for consume_1_and_2_with_dataset_expressions to None, run_after=None
[2024-12-19T06:44:00.580+0000] {logging_mixin.py:190} INFO - [2024-12-19T06:44:00.580+0000] {dag.py:4180} INFO - Setting next_dagrun for consume_1_or_2_with_dataset_expressions to None, run_after=None
[2024-12-19T06:44:00.582+0000] {logging_mixin.py:190} INFO - [2024-12-19T06:44:00.582+0000] {dag.py:4180} INFO - Setting next_dagrun for consume_1_or_both_2_and_3_with_dataset_expressions to None, run_after=None
[2024-12-19T06:44:00.584+0000] {logging_mixin.py:190} INFO - [2024-12-19T06:44:00.584+0000] {dag.py:4180} INFO - Setting next_dagrun for dataset_consumes_1 to None, run_after=None
[2024-12-19T06:44:00.586+0000] {logging_mixin.py:190} INFO - [2024-12-19T06:44:00.586+0000] {dag.py:4180} INFO - Setting next_dagrun for dataset_consumes_1_and_2 to None, run_after=None
[2024-12-19T06:44:00.588+0000] {logging_mixin.py:190} INFO - [2024-12-19T06:44:00.588+0000] {dag.py:4180} INFO - Setting next_dagrun for dataset_consumes_1_never_scheduled to None, run_after=None
[2024-12-19T06:44:00.595+0000] {logging_mixin.py:190} INFO - [2024-12-19T06:44:00.595+0000] {dag.py:4180} INFO - Setting next_dagrun for dataset_consumes_unknown_never_scheduled to None, run_after=None
[2024-12-19T06:44:00.598+0000] {logging_mixin.py:190} INFO - [2024-12-19T06:44:00.598+0000] {dag.py:4180} INFO - Setting next_dagrun for dataset_produces_1 to 2024-12-18 00:00:00+00:00, run_after=2024-12-19 00:00:00+00:00
[2024-12-19T06:44:00.600+0000] {logging_mixin.py:190} INFO - [2024-12-19T06:44:00.600+0000] {dag.py:4180} INFO - Setting next_dagrun for dataset_produces_2 to None, run_after=None
[2024-12-19T06:44:00.651+0000] {processor.py:208} INFO - Processing /home/airflow/.local/lib/python3.12/site-packages/airflow/example_dags/example_datasets.py took 0.978 seconds
[2024-12-19T06:44:31.321+0000] {processor.py:186} INFO - Started process (PID=510) to work on /home/airflow/.local/lib/python3.12/site-packages/airflow/example_dags/example_datasets.py
[2024-12-19T06:44:31.323+0000] {processor.py:914} INFO - Processing file /home/airflow/.local/lib/python3.12/site-packages/airflow/example_dags/example_datasets.py for tasks to queue
[2024-12-19T06:44:31.329+0000] {logging_mixin.py:190} INFO - [2024-12-19T06:44:31.328+0000] {dagbag.py:588} INFO - Filling up the DagBag from /home/airflow/.local/lib/python3.12/site-packages/airflow/example_dags/example_datasets.py
[2024-12-19T06:44:32.035+0000] {processor.py:925} INFO - DAG(s) 'consume_1_or_2_with_dataset_expressions', 'dataset_consumes_1_and_2', 'dataset_consumes_1_never_scheduled', 'dataset_produces_1', 'conditional_dataset_and_time_based_timetable', 'dataset_produces_2', 'consume_1_or_both_2_and_3_with_dataset_expressions', 'consume_1_and_2_with_dataset_expressions', 'dataset_consumes_1', 'dataset_consumes_unknown_never_scheduled' retrieved from /home/airflow/.local/lib/python3.12/site-packages/airflow/example_dags/example_datasets.py
[2024-12-19T06:44:32.087+0000] {logging_mixin.py:190} INFO - [2024-12-19T06:44:32.086+0000] {dag.py:3239} INFO - Sync 10 DAGs
[2024-12-19T06:44:32.114+0000] {logging_mixin.py:190} INFO - [2024-12-19T06:44:32.114+0000] {dag.py:4180} INFO - Setting next_dagrun for conditional_dataset_and_time_based_timetable to 2024-12-18 01:00:00+00:00, run_after=2024-12-18 01:00:00+00:00
[2024-12-19T06:44:32.119+0000] {logging_mixin.py:190} INFO - [2024-12-19T06:44:32.118+0000] {dag.py:4180} INFO - Setting next_dagrun for consume_1_and_2_with_dataset_expressions to None, run_after=None
[2024-12-19T06:44:32.121+0000] {logging_mixin.py:190} INFO - [2024-12-19T06:44:32.121+0000] {dag.py:4180} INFO - Setting next_dagrun for consume_1_or_2_with_dataset_expressions to None, run_after=None
[2024-12-19T06:44:32.123+0000] {logging_mixin.py:190} INFO - [2024-12-19T06:44:32.122+0000] {dag.py:4180} INFO - Setting next_dagrun for consume_1_or_both_2_and_3_with_dataset_expressions to None, run_after=None
[2024-12-19T06:44:32.124+0000] {logging_mixin.py:190} INFO - [2024-12-19T06:44:32.124+0000] {dag.py:4180} INFO - Setting next_dagrun for dataset_consumes_1 to None, run_after=None
[2024-12-19T06:44:32.125+0000] {logging_mixin.py:190} INFO - [2024-12-19T06:44:32.125+0000] {dag.py:4180} INFO - Setting next_dagrun for dataset_consumes_1_and_2 to None, run_after=None
[2024-12-19T06:44:32.127+0000] {logging_mixin.py:190} INFO - [2024-12-19T06:44:32.127+0000] {dag.py:4180} INFO - Setting next_dagrun for dataset_consumes_1_never_scheduled to None, run_after=None
[2024-12-19T06:44:32.128+0000] {logging_mixin.py:190} INFO - [2024-12-19T06:44:32.128+0000] {dag.py:4180} INFO - Setting next_dagrun for dataset_consumes_unknown_never_scheduled to None, run_after=None
[2024-12-19T06:44:32.131+0000] {logging_mixin.py:190} INFO - [2024-12-19T06:44:32.131+0000] {dag.py:4180} INFO - Setting next_dagrun for dataset_produces_1 to 2024-12-18 00:00:00+00:00, run_after=2024-12-19 00:00:00+00:00
[2024-12-19T06:44:32.133+0000] {logging_mixin.py:190} INFO - [2024-12-19T06:44:32.132+0000] {dag.py:4180} INFO - Setting next_dagrun for dataset_produces_2 to None, run_after=None
[2024-12-19T06:44:32.173+0000] {processor.py:208} INFO - Processing /home/airflow/.local/lib/python3.12/site-packages/airflow/example_dags/example_datasets.py took 0.858 seconds
[2024-12-19T06:45:03.491+0000] {processor.py:186} INFO - Started process (PID=574) to work on /home/airflow/.local/lib/python3.12/site-packages/airflow/example_dags/example_datasets.py
[2024-12-19T06:45:03.493+0000] {processor.py:914} INFO - Processing file /home/airflow/.local/lib/python3.12/site-packages/airflow/example_dags/example_datasets.py for tasks to queue
[2024-12-19T06:45:03.497+0000] {logging_mixin.py:190} INFO - [2024-12-19T06:45:03.497+0000] {dagbag.py:588} INFO - Filling up the DagBag from /home/airflow/.local/lib/python3.12/site-packages/airflow/example_dags/example_datasets.py
[2024-12-19T06:45:04.192+0000] {processor.py:925} INFO - DAG(s) 'consume_1_or_both_2_and_3_with_dataset_expressions', 'consume_1_or_2_with_dataset_expressions', 'dataset_consumes_1_and_2', 'dataset_consumes_unknown_never_scheduled', 'dataset_produces_1', 'consume_1_and_2_with_dataset_expressions', 'dataset_consumes_1_never_scheduled', 'dataset_produces_2', 'dataset_consumes_1', 'conditional_dataset_and_time_based_timetable' retrieved from /home/airflow/.local/lib/python3.12/site-packages/airflow/example_dags/example_datasets.py
[2024-12-19T06:45:04.265+0000] {logging_mixin.py:190} INFO - [2024-12-19T06:45:04.264+0000] {dag.py:3239} INFO - Sync 10 DAGs
[2024-12-19T06:45:04.297+0000] {logging_mixin.py:190} INFO - [2024-12-19T06:45:04.296+0000] {dag.py:4180} INFO - Setting next_dagrun for conditional_dataset_and_time_based_timetable to 2024-12-18 01:00:00+00:00, run_after=2024-12-18 01:00:00+00:00
[2024-12-19T06:45:04.302+0000] {logging_mixin.py:190} INFO - [2024-12-19T06:45:04.301+0000] {dag.py:4180} INFO - Setting next_dagrun for consume_1_and_2_with_dataset_expressions to None, run_after=None
[2024-12-19T06:45:04.305+0000] {logging_mixin.py:190} INFO - [2024-12-19T06:45:04.305+0000] {dag.py:4180} INFO - Setting next_dagrun for consume_1_or_2_with_dataset_expressions to None, run_after=None
[2024-12-19T06:45:04.306+0000] {logging_mixin.py:190} INFO - [2024-12-19T06:45:04.306+0000] {dag.py:4180} INFO - Setting next_dagrun for consume_1_or_both_2_and_3_with_dataset_expressions to None, run_after=None
[2024-12-19T06:45:04.308+0000] {logging_mixin.py:190} INFO - [2024-12-19T06:45:04.308+0000] {dag.py:4180} INFO - Setting next_dagrun for dataset_consumes_1 to None, run_after=None
[2024-12-19T06:45:04.309+0000] {logging_mixin.py:190} INFO - [2024-12-19T06:45:04.309+0000] {dag.py:4180} INFO - Setting next_dagrun for dataset_consumes_1_and_2 to None, run_after=None
[2024-12-19T06:45:04.312+0000] {logging_mixin.py:190} INFO - [2024-12-19T06:45:04.311+0000] {dag.py:4180} INFO - Setting next_dagrun for dataset_consumes_1_never_scheduled to None, run_after=None
[2024-12-19T06:45:04.314+0000] {logging_mixin.py:190} INFO - [2024-12-19T06:45:04.313+0000] {dag.py:4180} INFO - Setting next_dagrun for dataset_consumes_unknown_never_scheduled to None, run_after=None
[2024-12-19T06:45:04.318+0000] {logging_mixin.py:190} INFO - [2024-12-19T06:45:04.318+0000] {dag.py:4180} INFO - Setting next_dagrun for dataset_produces_1 to 2024-12-18 00:00:00+00:00, run_after=2024-12-19 00:00:00+00:00
[2024-12-19T06:45:04.320+0000] {logging_mixin.py:190} INFO - [2024-12-19T06:45:04.319+0000] {dag.py:4180} INFO - Setting next_dagrun for dataset_produces_2 to None, run_after=None
[2024-12-19T06:45:04.356+0000] {processor.py:208} INFO - Processing /home/airflow/.local/lib/python3.12/site-packages/airflow/example_dags/example_datasets.py took 0.873 seconds
[2024-12-19T06:45:35.032+0000] {processor.py:186} INFO - Started process (PID=643) to work on /home/airflow/.local/lib/python3.12/site-packages/airflow/example_dags/example_datasets.py
[2024-12-19T06:45:35.035+0000] {processor.py:914} INFO - Processing file /home/airflow/.local/lib/python3.12/site-packages/airflow/example_dags/example_datasets.py for tasks to queue
[2024-12-19T06:45:35.040+0000] {logging_mixin.py:190} INFO - [2024-12-19T06:45:35.039+0000] {dagbag.py:588} INFO - Filling up the DagBag from /home/airflow/.local/lib/python3.12/site-packages/airflow/example_dags/example_datasets.py
[2024-12-19T06:45:35.759+0000] {processor.py:925} INFO - DAG(s) 'conditional_dataset_and_time_based_timetable', 'consume_1_or_both_2_and_3_with_dataset_expressions', 'consume_1_or_2_with_dataset_expressions', 'consume_1_and_2_with_dataset_expressions', 'dataset_consumes_unknown_never_scheduled', 'dataset_produces_2', 'dataset_consumes_1_never_scheduled', 'dataset_consumes_1', 'dataset_consumes_1_and_2', 'dataset_produces_1' retrieved from /home/airflow/.local/lib/python3.12/site-packages/airflow/example_dags/example_datasets.py
[2024-12-19T06:45:35.822+0000] {logging_mixin.py:190} INFO - [2024-12-19T06:45:35.822+0000] {dag.py:3239} INFO - Sync 10 DAGs
[2024-12-19T06:45:35.851+0000] {logging_mixin.py:190} INFO - [2024-12-19T06:45:35.850+0000] {dag.py:4180} INFO - Setting next_dagrun for conditional_dataset_and_time_based_timetable to 2024-12-18 01:00:00+00:00, run_after=2024-12-18 01:00:00+00:00
[2024-12-19T06:45:35.854+0000] {logging_mixin.py:190} INFO - [2024-12-19T06:45:35.854+0000] {dag.py:4180} INFO - Setting next_dagrun for consume_1_and_2_with_dataset_expressions to None, run_after=None
[2024-12-19T06:45:35.857+0000] {logging_mixin.py:190} INFO - [2024-12-19T06:45:35.856+0000] {dag.py:4180} INFO - Setting next_dagrun for consume_1_or_2_with_dataset_expressions to None, run_after=None
[2024-12-19T06:45:35.859+0000] {logging_mixin.py:190} INFO - [2024-12-19T06:45:35.859+0000] {dag.py:4180} INFO - Setting next_dagrun for consume_1_or_both_2_and_3_with_dataset_expressions to None, run_after=None
[2024-12-19T06:45:35.865+0000] {logging_mixin.py:190} INFO - [2024-12-19T06:45:35.865+0000] {dag.py:4180} INFO - Setting next_dagrun for dataset_consumes_1 to None, run_after=None
[2024-12-19T06:45:35.867+0000] {logging_mixin.py:190} INFO - [2024-12-19T06:45:35.866+0000] {dag.py:4180} INFO - Setting next_dagrun for dataset_consumes_1_and_2 to None, run_after=None
[2024-12-19T06:45:35.868+0000] {logging_mixin.py:190} INFO - [2024-12-19T06:45:35.868+0000] {dag.py:4180} INFO - Setting next_dagrun for dataset_consumes_1_never_scheduled to None, run_after=None
[2024-12-19T06:45:35.869+0000] {logging_mixin.py:190} INFO - [2024-12-19T06:45:35.869+0000] {dag.py:4180} INFO - Setting next_dagrun for dataset_consumes_unknown_never_scheduled to None, run_after=None
[2024-12-19T06:45:35.874+0000] {logging_mixin.py:190} INFO - [2024-12-19T06:45:35.873+0000] {dag.py:4180} INFO - Setting next_dagrun for dataset_produces_1 to 2024-12-18 00:00:00+00:00, run_after=2024-12-19 00:00:00+00:00
[2024-12-19T06:45:35.876+0000] {logging_mixin.py:190} INFO - [2024-12-19T06:45:35.876+0000] {dag.py:4180} INFO - Setting next_dagrun for dataset_produces_2 to None, run_after=None
[2024-12-19T06:45:35.917+0000] {processor.py:208} INFO - Processing /home/airflow/.local/lib/python3.12/site-packages/airflow/example_dags/example_datasets.py took 0.895 seconds
[2024-12-19T06:46:06.436+0000] {processor.py:186} INFO - Started process (PID=704) to work on /home/airflow/.local/lib/python3.12/site-packages/airflow/example_dags/example_datasets.py
[2024-12-19T06:46:06.437+0000] {processor.py:914} INFO - Processing file /home/airflow/.local/lib/python3.12/site-packages/airflow/example_dags/example_datasets.py for tasks to queue
[2024-12-19T06:46:06.439+0000] {logging_mixin.py:190} INFO - [2024-12-19T06:46:06.439+0000] {dagbag.py:588} INFO - Filling up the DagBag from /home/airflow/.local/lib/python3.12/site-packages/airflow/example_dags/example_datasets.py
[2024-12-19T06:46:07.054+0000] {processor.py:925} INFO - DAG(s) 'consume_1_and_2_with_dataset_expressions', 'consume_1_or_2_with_dataset_expressions', 'dataset_produces_1', 'dataset_consumes_1', 'dataset_consumes_unknown_never_scheduled', 'dataset_produces_2', 'dataset_consumes_1_and_2', 'conditional_dataset_and_time_based_timetable', 'consume_1_or_both_2_and_3_with_dataset_expressions', 'dataset_consumes_1_never_scheduled' retrieved from /home/airflow/.local/lib/python3.12/site-packages/airflow/example_dags/example_datasets.py
[2024-12-19T06:46:07.115+0000] {logging_mixin.py:190} INFO - [2024-12-19T06:46:07.114+0000] {dag.py:3239} INFO - Sync 10 DAGs
[2024-12-19T06:46:07.148+0000] {logging_mixin.py:190} INFO - [2024-12-19T06:46:07.147+0000] {dag.py:4180} INFO - Setting next_dagrun for conditional_dataset_and_time_based_timetable to 2024-12-18 01:00:00+00:00, run_after=2024-12-18 01:00:00+00:00
[2024-12-19T06:46:07.154+0000] {logging_mixin.py:190} INFO - [2024-12-19T06:46:07.154+0000] {dag.py:4180} INFO - Setting next_dagrun for consume_1_and_2_with_dataset_expressions to None, run_after=None
[2024-12-19T06:46:07.158+0000] {logging_mixin.py:190} INFO - [2024-12-19T06:46:07.158+0000] {dag.py:4180} INFO - Setting next_dagrun for consume_1_or_2_with_dataset_expressions to None, run_after=None
[2024-12-19T06:46:07.160+0000] {logging_mixin.py:190} INFO - [2024-12-19T06:46:07.160+0000] {dag.py:4180} INFO - Setting next_dagrun for consume_1_or_both_2_and_3_with_dataset_expressions to None, run_after=None
[2024-12-19T06:46:07.162+0000] {logging_mixin.py:190} INFO - [2024-12-19T06:46:07.162+0000] {dag.py:4180} INFO - Setting next_dagrun for dataset_consumes_1 to None, run_after=None
[2024-12-19T06:46:07.165+0000] {logging_mixin.py:190} INFO - [2024-12-19T06:46:07.164+0000] {dag.py:4180} INFO - Setting next_dagrun for dataset_consumes_1_and_2 to None, run_after=None
[2024-12-19T06:46:07.166+0000] {logging_mixin.py:190} INFO - [2024-12-19T06:46:07.166+0000] {dag.py:4180} INFO - Setting next_dagrun for dataset_consumes_1_never_scheduled to None, run_after=None
[2024-12-19T06:46:07.168+0000] {logging_mixin.py:190} INFO - [2024-12-19T06:46:07.168+0000] {dag.py:4180} INFO - Setting next_dagrun for dataset_consumes_unknown_never_scheduled to None, run_after=None
[2024-12-19T06:46:07.171+0000] {logging_mixin.py:190} INFO - [2024-12-19T06:46:07.170+0000] {dag.py:4180} INFO - Setting next_dagrun for dataset_produces_1 to 2024-12-18 00:00:00+00:00, run_after=2024-12-19 00:00:00+00:00
[2024-12-19T06:46:07.173+0000] {logging_mixin.py:190} INFO - [2024-12-19T06:46:07.173+0000] {dag.py:4180} INFO - Setting next_dagrun for dataset_produces_2 to None, run_after=None
[2024-12-19T06:46:07.207+0000] {processor.py:208} INFO - Processing /home/airflow/.local/lib/python3.12/site-packages/airflow/example_dags/example_datasets.py took 0.776 seconds
[2024-12-19T06:46:37.701+0000] {processor.py:186} INFO - Started process (PID=771) to work on /home/airflow/.local/lib/python3.12/site-packages/airflow/example_dags/example_datasets.py
[2024-12-19T06:46:37.702+0000] {processor.py:914} INFO - Processing file /home/airflow/.local/lib/python3.12/site-packages/airflow/example_dags/example_datasets.py for tasks to queue
[2024-12-19T06:46:37.705+0000] {logging_mixin.py:190} INFO - [2024-12-19T06:46:37.704+0000] {dagbag.py:588} INFO - Filling up the DagBag from /home/airflow/.local/lib/python3.12/site-packages/airflow/example_dags/example_datasets.py
[2024-12-19T06:46:38.340+0000] {processor.py:925} INFO - DAG(s) 'dataset_produces_1', 'consume_1_or_2_with_dataset_expressions', 'conditional_dataset_and_time_based_timetable', 'consume_1_and_2_with_dataset_expressions', 'dataset_consumes_1_never_scheduled', 'dataset_consumes_1_and_2', 'dataset_produces_2', 'consume_1_or_both_2_and_3_with_dataset_expressions', 'dataset_consumes_1', 'dataset_consumes_unknown_never_scheduled' retrieved from /home/airflow/.local/lib/python3.12/site-packages/airflow/example_dags/example_datasets.py
[2024-12-19T06:46:38.395+0000] {logging_mixin.py:190} INFO - [2024-12-19T06:46:38.395+0000] {dag.py:3239} INFO - Sync 10 DAGs
[2024-12-19T06:46:38.425+0000] {logging_mixin.py:190} INFO - [2024-12-19T06:46:38.425+0000] {dag.py:4180} INFO - Setting next_dagrun for conditional_dataset_and_time_based_timetable to 2024-12-18 01:00:00+00:00, run_after=2024-12-18 01:00:00+00:00
[2024-12-19T06:46:38.430+0000] {logging_mixin.py:190} INFO - [2024-12-19T06:46:38.429+0000] {dag.py:4180} INFO - Setting next_dagrun for consume_1_and_2_with_dataset_expressions to None, run_after=None
[2024-12-19T06:46:38.432+0000] {logging_mixin.py:190} INFO - [2024-12-19T06:46:38.431+0000] {dag.py:4180} INFO - Setting next_dagrun for consume_1_or_2_with_dataset_expressions to None, run_after=None
[2024-12-19T06:46:38.434+0000] {logging_mixin.py:190} INFO - [2024-12-19T06:46:38.434+0000] {dag.py:4180} INFO - Setting next_dagrun for consume_1_or_both_2_and_3_with_dataset_expressions to None, run_after=None
[2024-12-19T06:46:38.437+0000] {logging_mixin.py:190} INFO - [2024-12-19T06:46:38.436+0000] {dag.py:4180} INFO - Setting next_dagrun for dataset_consumes_1 to None, run_after=None
[2024-12-19T06:46:38.439+0000] {logging_mixin.py:190} INFO - [2024-12-19T06:46:38.439+0000] {dag.py:4180} INFO - Setting next_dagrun for dataset_consumes_1_and_2 to None, run_after=None
[2024-12-19T06:46:38.441+0000] {logging_mixin.py:190} INFO - [2024-12-19T06:46:38.441+0000] {dag.py:4180} INFO - Setting next_dagrun for dataset_consumes_1_never_scheduled to None, run_after=None
[2024-12-19T06:46:38.443+0000] {logging_mixin.py:190} INFO - [2024-12-19T06:46:38.443+0000] {dag.py:4180} INFO - Setting next_dagrun for dataset_consumes_unknown_never_scheduled to None, run_after=None
[2024-12-19T06:46:38.447+0000] {logging_mixin.py:190} INFO - [2024-12-19T06:46:38.447+0000] {dag.py:4180} INFO - Setting next_dagrun for dataset_produces_1 to 2024-12-18 00:00:00+00:00, run_after=2024-12-19 00:00:00+00:00
[2024-12-19T06:46:38.450+0000] {logging_mixin.py:190} INFO - [2024-12-19T06:46:38.450+0000] {dag.py:4180} INFO - Setting next_dagrun for dataset_produces_2 to None, run_after=None
[2024-12-19T06:46:38.497+0000] {processor.py:208} INFO - Processing /home/airflow/.local/lib/python3.12/site-packages/airflow/example_dags/example_datasets.py took 0.803 seconds
[2024-12-19T06:47:08.746+0000] {processor.py:186} INFO - Started process (PID=835) to work on /home/airflow/.local/lib/python3.12/site-packages/airflow/example_dags/example_datasets.py
[2024-12-19T06:47:08.748+0000] {processor.py:914} INFO - Processing file /home/airflow/.local/lib/python3.12/site-packages/airflow/example_dags/example_datasets.py for tasks to queue
[2024-12-19T06:47:08.752+0000] {logging_mixin.py:190} INFO - [2024-12-19T06:47:08.752+0000] {dagbag.py:588} INFO - Filling up the DagBag from /home/airflow/.local/lib/python3.12/site-packages/airflow/example_dags/example_datasets.py
[2024-12-19T06:47:09.492+0000] {processor.py:925} INFO - DAG(s) 'dataset_produces_2', 'consume_1_or_both_2_and_3_with_dataset_expressions', 'consume_1_and_2_with_dataset_expressions', 'dataset_produces_1', 'dataset_consumes_1_and_2', 'dataset_consumes_1', 'dataset_consumes_1_never_scheduled', 'conditional_dataset_and_time_based_timetable', 'dataset_consumes_unknown_never_scheduled', 'consume_1_or_2_with_dataset_expressions' retrieved from /home/airflow/.local/lib/python3.12/site-packages/airflow/example_dags/example_datasets.py
[2024-12-19T06:47:09.542+0000] {logging_mixin.py:190} INFO - [2024-12-19T06:47:09.542+0000] {dag.py:3239} INFO - Sync 10 DAGs
[2024-12-19T06:47:09.577+0000] {logging_mixin.py:190} INFO - [2024-12-19T06:47:09.577+0000] {dag.py:4180} INFO - Setting next_dagrun for conditional_dataset_and_time_based_timetable to 2024-12-18 01:00:00+00:00, run_after=2024-12-18 01:00:00+00:00
[2024-12-19T06:47:09.581+0000] {logging_mixin.py:190} INFO - [2024-12-19T06:47:09.581+0000] {dag.py:4180} INFO - Setting next_dagrun for consume_1_and_2_with_dataset_expressions to None, run_after=None
[2024-12-19T06:47:09.583+0000] {logging_mixin.py:190} INFO - [2024-12-19T06:47:09.583+0000] {dag.py:4180} INFO - Setting next_dagrun for consume_1_or_2_with_dataset_expressions to None, run_after=None
[2024-12-19T06:47:09.585+0000] {logging_mixin.py:190} INFO - [2024-12-19T06:47:09.585+0000] {dag.py:4180} INFO - Setting next_dagrun for consume_1_or_both_2_and_3_with_dataset_expressions to None, run_after=None
[2024-12-19T06:47:09.586+0000] {logging_mixin.py:190} INFO - [2024-12-19T06:47:09.586+0000] {dag.py:4180} INFO - Setting next_dagrun for dataset_consumes_1 to None, run_after=None
[2024-12-19T06:47:09.589+0000] {logging_mixin.py:190} INFO - [2024-12-19T06:47:09.588+0000] {dag.py:4180} INFO - Setting next_dagrun for dataset_consumes_1_and_2 to None, run_after=None
[2024-12-19T06:47:09.590+0000] {logging_mixin.py:190} INFO - [2024-12-19T06:47:09.590+0000] {dag.py:4180} INFO - Setting next_dagrun for dataset_consumes_1_never_scheduled to None, run_after=None
[2024-12-19T06:47:09.592+0000] {logging_mixin.py:190} INFO - [2024-12-19T06:47:09.592+0000] {dag.py:4180} INFO - Setting next_dagrun for dataset_consumes_unknown_never_scheduled to None, run_after=None
[2024-12-19T06:47:09.594+0000] {logging_mixin.py:190} INFO - [2024-12-19T06:47:09.594+0000] {dag.py:4180} INFO - Setting next_dagrun for dataset_produces_1 to 2024-12-18 00:00:00+00:00, run_after=2024-12-19 00:00:00+00:00
[2024-12-19T06:47:09.595+0000] {logging_mixin.py:190} INFO - [2024-12-19T06:47:09.595+0000] {dag.py:4180} INFO - Setting next_dagrun for dataset_produces_2 to None, run_after=None
[2024-12-19T06:47:09.629+0000] {processor.py:208} INFO - Processing /home/airflow/.local/lib/python3.12/site-packages/airflow/example_dags/example_datasets.py took 0.892 seconds
[2024-12-19T06:47:39.982+0000] {processor.py:186} INFO - Started process (PID=898) to work on /home/airflow/.local/lib/python3.12/site-packages/airflow/example_dags/example_datasets.py
[2024-12-19T06:47:39.984+0000] {processor.py:914} INFO - Processing file /home/airflow/.local/lib/python3.12/site-packages/airflow/example_dags/example_datasets.py for tasks to queue
[2024-12-19T06:47:39.988+0000] {logging_mixin.py:190} INFO - [2024-12-19T06:47:39.988+0000] {dagbag.py:588} INFO - Filling up the DagBag from /home/airflow/.local/lib/python3.12/site-packages/airflow/example_dags/example_datasets.py
[2024-12-19T06:47:40.705+0000] {processor.py:925} INFO - DAG(s) 'dataset_produces_2', 'dataset_produces_1', 'dataset_consumes_unknown_never_scheduled', 'consume_1_or_both_2_and_3_with_dataset_expressions', 'consume_1_and_2_with_dataset_expressions', 'dataset_consumes_1_never_scheduled', 'dataset_consumes_1', 'consume_1_or_2_with_dataset_expressions', 'conditional_dataset_and_time_based_timetable', 'dataset_consumes_1_and_2' retrieved from /home/airflow/.local/lib/python3.12/site-packages/airflow/example_dags/example_datasets.py
[2024-12-19T06:47:40.766+0000] {logging_mixin.py:190} INFO - [2024-12-19T06:47:40.765+0000] {dag.py:3239} INFO - Sync 10 DAGs
[2024-12-19T06:47:40.804+0000] {logging_mixin.py:190} INFO - [2024-12-19T06:47:40.804+0000] {dag.py:4180} INFO - Setting next_dagrun for conditional_dataset_and_time_based_timetable to 2024-12-18 01:00:00+00:00, run_after=2024-12-18 01:00:00+00:00
[2024-12-19T06:47:40.809+0000] {logging_mixin.py:190} INFO - [2024-12-19T06:47:40.809+0000] {dag.py:4180} INFO - Setting next_dagrun for consume_1_and_2_with_dataset_expressions to None, run_after=None
[2024-12-19T06:47:40.812+0000] {logging_mixin.py:190} INFO - [2024-12-19T06:47:40.812+0000] {dag.py:4180} INFO - Setting next_dagrun for consume_1_or_2_with_dataset_expressions to None, run_after=None
[2024-12-19T06:47:40.814+0000] {logging_mixin.py:190} INFO - [2024-12-19T06:47:40.814+0000] {dag.py:4180} INFO - Setting next_dagrun for consume_1_or_both_2_and_3_with_dataset_expressions to None, run_after=None
[2024-12-19T06:47:40.817+0000] {logging_mixin.py:190} INFO - [2024-12-19T06:47:40.817+0000] {dag.py:4180} INFO - Setting next_dagrun for dataset_consumes_1 to None, run_after=None
[2024-12-19T06:47:40.819+0000] {logging_mixin.py:190} INFO - [2024-12-19T06:47:40.819+0000] {dag.py:4180} INFO - Setting next_dagrun for dataset_consumes_1_and_2 to None, run_after=None
[2024-12-19T06:47:40.836+0000] {logging_mixin.py:190} INFO - [2024-12-19T06:47:40.835+0000] {dag.py:4180} INFO - Setting next_dagrun for dataset_consumes_1_never_scheduled to None, run_after=None
[2024-12-19T06:47:40.839+0000] {logging_mixin.py:190} INFO - [2024-12-19T06:47:40.838+0000] {dag.py:4180} INFO - Setting next_dagrun for dataset_consumes_unknown_never_scheduled to None, run_after=None
[2024-12-19T06:47:40.843+0000] {logging_mixin.py:190} INFO - [2024-12-19T06:47:40.843+0000] {dag.py:4180} INFO - Setting next_dagrun for dataset_produces_1 to 2024-12-18 00:00:00+00:00, run_after=2024-12-19 00:00:00+00:00
[2024-12-19T06:47:40.846+0000] {logging_mixin.py:190} INFO - [2024-12-19T06:47:40.846+0000] {dag.py:4180} INFO - Setting next_dagrun for dataset_produces_2 to None, run_after=None
[2024-12-19T06:47:40.906+0000] {processor.py:208} INFO - Processing /home/airflow/.local/lib/python3.12/site-packages/airflow/example_dags/example_datasets.py took 0.932 seconds
[2024-12-19T06:48:11.372+0000] {processor.py:186} INFO - Started process (PID=956) to work on /home/airflow/.local/lib/python3.12/site-packages/airflow/example_dags/example_datasets.py
[2024-12-19T06:48:11.373+0000] {processor.py:914} INFO - Processing file /home/airflow/.local/lib/python3.12/site-packages/airflow/example_dags/example_datasets.py for tasks to queue
[2024-12-19T06:48:11.375+0000] {logging_mixin.py:190} INFO - [2024-12-19T06:48:11.375+0000] {dagbag.py:588} INFO - Filling up the DagBag from /home/airflow/.local/lib/python3.12/site-packages/airflow/example_dags/example_datasets.py
[2024-12-19T06:48:11.947+0000] {processor.py:925} INFO - DAG(s) 'dataset_consumes_1', 'dataset_consumes_1_and_2', 'consume_1_and_2_with_dataset_expressions', 'dataset_produces_2', 'dataset_produces_1', 'consume_1_or_2_with_dataset_expressions', 'dataset_consumes_1_never_scheduled', 'consume_1_or_both_2_and_3_with_dataset_expressions', 'dataset_consumes_unknown_never_scheduled', 'conditional_dataset_and_time_based_timetable' retrieved from /home/airflow/.local/lib/python3.12/site-packages/airflow/example_dags/example_datasets.py
[2024-12-19T06:48:11.996+0000] {logging_mixin.py:190} INFO - [2024-12-19T06:48:11.995+0000] {dag.py:3239} INFO - Sync 10 DAGs
[2024-12-19T06:48:12.019+0000] {logging_mixin.py:190} INFO - [2024-12-19T06:48:12.019+0000] {dag.py:4180} INFO - Setting next_dagrun for conditional_dataset_and_time_based_timetable to 2024-12-18 01:00:00+00:00, run_after=2024-12-18 01:00:00+00:00
[2024-12-19T06:48:12.023+0000] {logging_mixin.py:190} INFO - [2024-12-19T06:48:12.023+0000] {dag.py:4180} INFO - Setting next_dagrun for consume_1_and_2_with_dataset_expressions to None, run_after=None
[2024-12-19T06:48:12.026+0000] {logging_mixin.py:190} INFO - [2024-12-19T06:48:12.026+0000] {dag.py:4180} INFO - Setting next_dagrun for consume_1_or_2_with_dataset_expressions to None, run_after=None
[2024-12-19T06:48:12.027+0000] {logging_mixin.py:190} INFO - [2024-12-19T06:48:12.027+0000] {dag.py:4180} INFO - Setting next_dagrun for consume_1_or_both_2_and_3_with_dataset_expressions to None, run_after=None
[2024-12-19T06:48:12.029+0000] {logging_mixin.py:190} INFO - [2024-12-19T06:48:12.028+0000] {dag.py:4180} INFO - Setting next_dagrun for dataset_consumes_1 to None, run_after=None
[2024-12-19T06:48:12.030+0000] {logging_mixin.py:190} INFO - [2024-12-19T06:48:12.030+0000] {dag.py:4180} INFO - Setting next_dagrun for dataset_consumes_1_and_2 to None, run_after=None
[2024-12-19T06:48:12.032+0000] {logging_mixin.py:190} INFO - [2024-12-19T06:48:12.032+0000] {dag.py:4180} INFO - Setting next_dagrun for dataset_consumes_1_never_scheduled to None, run_after=None
[2024-12-19T06:48:12.033+0000] {logging_mixin.py:190} INFO - [2024-12-19T06:48:12.033+0000] {dag.py:4180} INFO - Setting next_dagrun for dataset_consumes_unknown_never_scheduled to None, run_after=None
[2024-12-19T06:48:12.036+0000] {logging_mixin.py:190} INFO - [2024-12-19T06:48:12.035+0000] {dag.py:4180} INFO - Setting next_dagrun for dataset_produces_1 to 2024-12-18 00:00:00+00:00, run_after=2024-12-19 00:00:00+00:00
[2024-12-19T06:48:12.037+0000] {logging_mixin.py:190} INFO - [2024-12-19T06:48:12.037+0000] {dag.py:4180} INFO - Setting next_dagrun for dataset_produces_2 to None, run_after=None
[2024-12-19T06:48:12.082+0000] {processor.py:208} INFO - Processing /home/airflow/.local/lib/python3.12/site-packages/airflow/example_dags/example_datasets.py took 0.716 seconds
