[2024-12-19T06:41:21.936+0000] {processor.py:186} INFO - Started process (PID=121) to work on /home/airflow/.local/lib/python3.12/site-packages/airflow/example_dags/example_nested_branch_dag.py
[2024-12-19T06:41:21.938+0000] {processor.py:914} INFO - Processing file /home/airflow/.local/lib/python3.12/site-packages/airflow/example_dags/example_nested_branch_dag.py for tasks to queue
[2024-12-19T06:41:21.941+0000] {logging_mixin.py:190} INFO - [2024-12-19T06:41:21.940+0000] {dagbag.py:588} INFO - Filling up the DagBag from /home/airflow/.local/lib/python3.12/site-packages/airflow/example_dags/example_nested_branch_dag.py
[2024-12-19T06:41:21.957+0000] {processor.py:925} INFO - DAG(s) 'example_nested_branch_dag' retrieved from /home/airflow/.local/lib/python3.12/site-packages/airflow/example_dags/example_nested_branch_dag.py
[2024-12-19T06:41:22.001+0000] {logging_mixin.py:190} INFO - [2024-12-19T06:41:22.000+0000] {dag.py:3239} INFO - Sync 1 DAGs
[2024-12-19T06:41:22.032+0000] {logging_mixin.py:190} INFO - [2024-12-19T06:41:22.032+0000] {dag.py:4180} INFO - Setting next_dagrun for example_nested_branch_dag to 2024-12-18 00:00:00+00:00, run_after=2024-12-19 00:00:00+00:00
[2024-12-19T06:41:22.059+0000] {processor.py:208} INFO - Processing /home/airflow/.local/lib/python3.12/site-packages/airflow/example_dags/example_nested_branch_dag.py took 0.130 seconds
[2024-12-19T06:41:52.609+0000] {processor.py:186} INFO - Started process (PID=185) to work on /home/airflow/.local/lib/python3.12/site-packages/airflow/example_dags/example_nested_branch_dag.py
[2024-12-19T06:41:52.610+0000] {processor.py:914} INFO - Processing file /home/airflow/.local/lib/python3.12/site-packages/airflow/example_dags/example_nested_branch_dag.py for tasks to queue
[2024-12-19T06:41:52.613+0000] {logging_mixin.py:190} INFO - [2024-12-19T06:41:52.613+0000] {dagbag.py:588} INFO - Filling up the DagBag from /home/airflow/.local/lib/python3.12/site-packages/airflow/example_dags/example_nested_branch_dag.py
[2024-12-19T06:41:52.628+0000] {processor.py:925} INFO - DAG(s) 'example_nested_branch_dag' retrieved from /home/airflow/.local/lib/python3.12/site-packages/airflow/example_dags/example_nested_branch_dag.py
[2024-12-19T06:41:52.655+0000] {logging_mixin.py:190} INFO - [2024-12-19T06:41:52.654+0000] {dag.py:3239} INFO - Sync 1 DAGs
[2024-12-19T06:41:52.687+0000] {logging_mixin.py:190} INFO - [2024-12-19T06:41:52.687+0000] {dag.py:4180} INFO - Setting next_dagrun for example_nested_branch_dag to 2024-12-18 00:00:00+00:00, run_after=2024-12-19 00:00:00+00:00
[2024-12-19T06:41:52.709+0000] {processor.py:208} INFO - Processing /home/airflow/.local/lib/python3.12/site-packages/airflow/example_dags/example_nested_branch_dag.py took 0.110 seconds
[2024-12-19T06:42:24.512+0000] {processor.py:186} INFO - Started process (PID=249) to work on /home/airflow/.local/lib/python3.12/site-packages/airflow/example_dags/example_nested_branch_dag.py
[2024-12-19T06:42:24.513+0000] {processor.py:914} INFO - Processing file /home/airflow/.local/lib/python3.12/site-packages/airflow/example_dags/example_nested_branch_dag.py for tasks to queue
[2024-12-19T06:42:24.515+0000] {logging_mixin.py:190} INFO - [2024-12-19T06:42:24.515+0000] {dagbag.py:588} INFO - Filling up the DagBag from /home/airflow/.local/lib/python3.12/site-packages/airflow/example_dags/example_nested_branch_dag.py
[2024-12-19T06:42:24.526+0000] {processor.py:925} INFO - DAG(s) 'example_nested_branch_dag' retrieved from /home/airflow/.local/lib/python3.12/site-packages/airflow/example_dags/example_nested_branch_dag.py
[2024-12-19T06:42:24.543+0000] {logging_mixin.py:190} INFO - [2024-12-19T06:42:24.543+0000] {dag.py:3239} INFO - Sync 1 DAGs
[2024-12-19T06:42:24.568+0000] {logging_mixin.py:190} INFO - [2024-12-19T06:42:24.568+0000] {dag.py:4180} INFO - Setting next_dagrun for example_nested_branch_dag to 2024-12-18 00:00:00+00:00, run_after=2024-12-19 00:00:00+00:00
[2024-12-19T06:42:24.589+0000] {processor.py:208} INFO - Processing /home/airflow/.local/lib/python3.12/site-packages/airflow/example_dags/example_nested_branch_dag.py took 0.083 seconds
[2024-12-19T06:42:55.923+0000] {processor.py:186} INFO - Started process (PID=313) to work on /home/airflow/.local/lib/python3.12/site-packages/airflow/example_dags/example_nested_branch_dag.py
[2024-12-19T06:42:55.925+0000] {processor.py:914} INFO - Processing file /home/airflow/.local/lib/python3.12/site-packages/airflow/example_dags/example_nested_branch_dag.py for tasks to queue
[2024-12-19T06:42:55.927+0000] {logging_mixin.py:190} INFO - [2024-12-19T06:42:55.927+0000] {dagbag.py:588} INFO - Filling up the DagBag from /home/airflow/.local/lib/python3.12/site-packages/airflow/example_dags/example_nested_branch_dag.py
[2024-12-19T06:42:55.941+0000] {processor.py:925} INFO - DAG(s) 'example_nested_branch_dag' retrieved from /home/airflow/.local/lib/python3.12/site-packages/airflow/example_dags/example_nested_branch_dag.py
[2024-12-19T06:42:55.964+0000] {logging_mixin.py:190} INFO - [2024-12-19T06:42:55.963+0000] {dag.py:3239} INFO - Sync 1 DAGs
[2024-12-19T06:42:55.992+0000] {logging_mixin.py:190} INFO - [2024-12-19T06:42:55.992+0000] {dag.py:4180} INFO - Setting next_dagrun for example_nested_branch_dag to 2024-12-18 00:00:00+00:00, run_after=2024-12-19 00:00:00+00:00
[2024-12-19T06:42:56.015+0000] {processor.py:208} INFO - Processing /home/airflow/.local/lib/python3.12/site-packages/airflow/example_dags/example_nested_branch_dag.py took 0.098 seconds
[2024-12-19T06:43:26.988+0000] {processor.py:186} INFO - Started process (PID=377) to work on /home/airflow/.local/lib/python3.12/site-packages/airflow/example_dags/example_nested_branch_dag.py
[2024-12-19T06:43:26.989+0000] {processor.py:914} INFO - Processing file /home/airflow/.local/lib/python3.12/site-packages/airflow/example_dags/example_nested_branch_dag.py for tasks to queue
[2024-12-19T06:43:26.991+0000] {logging_mixin.py:190} INFO - [2024-12-19T06:43:26.991+0000] {dagbag.py:588} INFO - Filling up the DagBag from /home/airflow/.local/lib/python3.12/site-packages/airflow/example_dags/example_nested_branch_dag.py
[2024-12-19T06:43:27.005+0000] {processor.py:925} INFO - DAG(s) 'example_nested_branch_dag' retrieved from /home/airflow/.local/lib/python3.12/site-packages/airflow/example_dags/example_nested_branch_dag.py
[2024-12-19T06:43:27.029+0000] {logging_mixin.py:190} INFO - [2024-12-19T06:43:27.029+0000] {dag.py:3239} INFO - Sync 1 DAGs
[2024-12-19T06:43:27.057+0000] {logging_mixin.py:190} INFO - [2024-12-19T06:43:27.057+0000] {dag.py:4180} INFO - Setting next_dagrun for example_nested_branch_dag to 2024-12-18 00:00:00+00:00, run_after=2024-12-19 00:00:00+00:00
[2024-12-19T06:43:27.078+0000] {processor.py:208} INFO - Processing /home/airflow/.local/lib/python3.12/site-packages/airflow/example_dags/example_nested_branch_dag.py took 0.096 seconds
[2024-12-19T06:43:59.155+0000] {processor.py:186} INFO - Started process (PID=441) to work on /home/airflow/.local/lib/python3.12/site-packages/airflow/example_dags/example_nested_branch_dag.py
[2024-12-19T06:43:59.156+0000] {processor.py:914} INFO - Processing file /home/airflow/.local/lib/python3.12/site-packages/airflow/example_dags/example_nested_branch_dag.py for tasks to queue
[2024-12-19T06:43:59.159+0000] {logging_mixin.py:190} INFO - [2024-12-19T06:43:59.158+0000] {dagbag.py:588} INFO - Filling up the DagBag from /home/airflow/.local/lib/python3.12/site-packages/airflow/example_dags/example_nested_branch_dag.py
[2024-12-19T06:43:59.172+0000] {processor.py:925} INFO - DAG(s) 'example_nested_branch_dag' retrieved from /home/airflow/.local/lib/python3.12/site-packages/airflow/example_dags/example_nested_branch_dag.py
[2024-12-19T06:43:59.197+0000] {logging_mixin.py:190} INFO - [2024-12-19T06:43:59.196+0000] {dag.py:3239} INFO - Sync 1 DAGs
[2024-12-19T06:43:59.226+0000] {logging_mixin.py:190} INFO - [2024-12-19T06:43:59.226+0000] {dag.py:4180} INFO - Setting next_dagrun for example_nested_branch_dag to 2024-12-18 00:00:00+00:00, run_after=2024-12-19 00:00:00+00:00
[2024-12-19T06:43:59.253+0000] {processor.py:208} INFO - Processing /home/airflow/.local/lib/python3.12/site-packages/airflow/example_dags/example_nested_branch_dag.py took 0.104 seconds
[2024-12-19T06:44:30.893+0000] {processor.py:186} INFO - Started process (PID=505) to work on /home/airflow/.local/lib/python3.12/site-packages/airflow/example_dags/example_nested_branch_dag.py
[2024-12-19T06:44:30.895+0000] {processor.py:914} INFO - Processing file /home/airflow/.local/lib/python3.12/site-packages/airflow/example_dags/example_nested_branch_dag.py for tasks to queue
[2024-12-19T06:44:30.899+0000] {logging_mixin.py:190} INFO - [2024-12-19T06:44:30.898+0000] {dagbag.py:588} INFO - Filling up the DagBag from /home/airflow/.local/lib/python3.12/site-packages/airflow/example_dags/example_nested_branch_dag.py
[2024-12-19T06:44:30.914+0000] {processor.py:925} INFO - DAG(s) 'example_nested_branch_dag' retrieved from /home/airflow/.local/lib/python3.12/site-packages/airflow/example_dags/example_nested_branch_dag.py
[2024-12-19T06:44:30.938+0000] {logging_mixin.py:190} INFO - [2024-12-19T06:44:30.938+0000] {dag.py:3239} INFO - Sync 1 DAGs
[2024-12-19T06:44:30.966+0000] {logging_mixin.py:190} INFO - [2024-12-19T06:44:30.966+0000] {dag.py:4180} INFO - Setting next_dagrun for example_nested_branch_dag to 2024-12-18 00:00:00+00:00, run_after=2024-12-19 00:00:00+00:00
[2024-12-19T06:44:30.994+0000] {processor.py:208} INFO - Processing /home/airflow/.local/lib/python3.12/site-packages/airflow/example_dags/example_nested_branch_dag.py took 0.109 seconds
[2024-12-19T06:45:02.952+0000] {processor.py:186} INFO - Started process (PID=569) to work on /home/airflow/.local/lib/python3.12/site-packages/airflow/example_dags/example_nested_branch_dag.py
[2024-12-19T06:45:02.953+0000] {processor.py:914} INFO - Processing file /home/airflow/.local/lib/python3.12/site-packages/airflow/example_dags/example_nested_branch_dag.py for tasks to queue
[2024-12-19T06:45:02.958+0000] {logging_mixin.py:190} INFO - [2024-12-19T06:45:02.957+0000] {dagbag.py:588} INFO - Filling up the DagBag from /home/airflow/.local/lib/python3.12/site-packages/airflow/example_dags/example_nested_branch_dag.py
[2024-12-19T06:45:02.968+0000] {processor.py:925} INFO - DAG(s) 'example_nested_branch_dag' retrieved from /home/airflow/.local/lib/python3.12/site-packages/airflow/example_dags/example_nested_branch_dag.py
[2024-12-19T06:45:02.994+0000] {logging_mixin.py:190} INFO - [2024-12-19T06:45:02.994+0000] {dag.py:3239} INFO - Sync 1 DAGs
[2024-12-19T06:45:03.020+0000] {logging_mixin.py:190} INFO - [2024-12-19T06:45:03.019+0000] {dag.py:4180} INFO - Setting next_dagrun for example_nested_branch_dag to 2024-12-18 00:00:00+00:00, run_after=2024-12-19 00:00:00+00:00
[2024-12-19T06:45:03.041+0000] {processor.py:208} INFO - Processing /home/airflow/.local/lib/python3.12/site-packages/airflow/example_dags/example_nested_branch_dag.py took 0.096 seconds
[2024-12-19T06:45:34.375+0000] {processor.py:186} INFO - Started process (PID=633) to work on /home/airflow/.local/lib/python3.12/site-packages/airflow/example_dags/example_nested_branch_dag.py
[2024-12-19T06:45:34.376+0000] {processor.py:914} INFO - Processing file /home/airflow/.local/lib/python3.12/site-packages/airflow/example_dags/example_nested_branch_dag.py for tasks to queue
[2024-12-19T06:45:34.378+0000] {logging_mixin.py:190} INFO - [2024-12-19T06:45:34.378+0000] {dagbag.py:588} INFO - Filling up the DagBag from /home/airflow/.local/lib/python3.12/site-packages/airflow/example_dags/example_nested_branch_dag.py
[2024-12-19T06:45:34.389+0000] {processor.py:925} INFO - DAG(s) 'example_nested_branch_dag' retrieved from /home/airflow/.local/lib/python3.12/site-packages/airflow/example_dags/example_nested_branch_dag.py
[2024-12-19T06:45:34.406+0000] {logging_mixin.py:190} INFO - [2024-12-19T06:45:34.406+0000] {dag.py:3239} INFO - Sync 1 DAGs
[2024-12-19T06:45:34.426+0000] {logging_mixin.py:190} INFO - [2024-12-19T06:45:34.426+0000] {dag.py:4180} INFO - Setting next_dagrun for example_nested_branch_dag to 2024-12-18 00:00:00+00:00, run_after=2024-12-19 00:00:00+00:00
[2024-12-19T06:45:34.443+0000] {processor.py:208} INFO - Processing /home/airflow/.local/lib/python3.12/site-packages/airflow/example_dags/example_nested_branch_dag.py took 0.074 seconds
[2024-12-19T06:46:06.082+0000] {processor.py:186} INFO - Started process (PID=697) to work on /home/airflow/.local/lib/python3.12/site-packages/airflow/example_dags/example_nested_branch_dag.py
[2024-12-19T06:46:06.083+0000] {processor.py:914} INFO - Processing file /home/airflow/.local/lib/python3.12/site-packages/airflow/example_dags/example_nested_branch_dag.py for tasks to queue
[2024-12-19T06:46:06.085+0000] {logging_mixin.py:190} INFO - [2024-12-19T06:46:06.085+0000] {dagbag.py:588} INFO - Filling up the DagBag from /home/airflow/.local/lib/python3.12/site-packages/airflow/example_dags/example_nested_branch_dag.py
[2024-12-19T06:46:06.099+0000] {processor.py:925} INFO - DAG(s) 'example_nested_branch_dag' retrieved from /home/airflow/.local/lib/python3.12/site-packages/airflow/example_dags/example_nested_branch_dag.py
[2024-12-19T06:46:06.122+0000] {logging_mixin.py:190} INFO - [2024-12-19T06:46:06.122+0000] {dag.py:3239} INFO - Sync 1 DAGs
[2024-12-19T06:46:06.144+0000] {logging_mixin.py:190} INFO - [2024-12-19T06:46:06.144+0000] {dag.py:4180} INFO - Setting next_dagrun for example_nested_branch_dag to 2024-12-18 00:00:00+00:00, run_after=2024-12-19 00:00:00+00:00
[2024-12-19T06:46:06.169+0000] {processor.py:208} INFO - Processing /home/airflow/.local/lib/python3.12/site-packages/airflow/example_dags/example_nested_branch_dag.py took 0.093 seconds
[2024-12-19T06:46:37.133+0000] {processor.py:186} INFO - Started process (PID=761) to work on /home/airflow/.local/lib/python3.12/site-packages/airflow/example_dags/example_nested_branch_dag.py
[2024-12-19T06:46:37.134+0000] {processor.py:914} INFO - Processing file /home/airflow/.local/lib/python3.12/site-packages/airflow/example_dags/example_nested_branch_dag.py for tasks to queue
[2024-12-19T06:46:37.138+0000] {logging_mixin.py:190} INFO - [2024-12-19T06:46:37.137+0000] {dagbag.py:588} INFO - Filling up the DagBag from /home/airflow/.local/lib/python3.12/site-packages/airflow/example_dags/example_nested_branch_dag.py
[2024-12-19T06:46:37.157+0000] {processor.py:925} INFO - DAG(s) 'example_nested_branch_dag' retrieved from /home/airflow/.local/lib/python3.12/site-packages/airflow/example_dags/example_nested_branch_dag.py
[2024-12-19T06:46:37.185+0000] {logging_mixin.py:190} INFO - [2024-12-19T06:46:37.185+0000] {dag.py:3239} INFO - Sync 1 DAGs
[2024-12-19T06:46:37.214+0000] {logging_mixin.py:190} INFO - [2024-12-19T06:46:37.214+0000] {dag.py:4180} INFO - Setting next_dagrun for example_nested_branch_dag to 2024-12-18 00:00:00+00:00, run_after=2024-12-19 00:00:00+00:00
[2024-12-19T06:46:37.236+0000] {processor.py:208} INFO - Processing /home/airflow/.local/lib/python3.12/site-packages/airflow/example_dags/example_nested_branch_dag.py took 0.111 seconds
[2024-12-19T06:47:08.185+0000] {processor.py:186} INFO - Started process (PID=825) to work on /home/airflow/.local/lib/python3.12/site-packages/airflow/example_dags/example_nested_branch_dag.py
[2024-12-19T06:47:08.187+0000] {processor.py:914} INFO - Processing file /home/airflow/.local/lib/python3.12/site-packages/airflow/example_dags/example_nested_branch_dag.py for tasks to queue
[2024-12-19T06:47:08.191+0000] {logging_mixin.py:190} INFO - [2024-12-19T06:47:08.191+0000] {dagbag.py:588} INFO - Filling up the DagBag from /home/airflow/.local/lib/python3.12/site-packages/airflow/example_dags/example_nested_branch_dag.py
[2024-12-19T06:47:08.205+0000] {processor.py:925} INFO - DAG(s) 'example_nested_branch_dag' retrieved from /home/airflow/.local/lib/python3.12/site-packages/airflow/example_dags/example_nested_branch_dag.py
[2024-12-19T06:47:08.228+0000] {logging_mixin.py:190} INFO - [2024-12-19T06:47:08.227+0000] {dag.py:3239} INFO - Sync 1 DAGs
[2024-12-19T06:47:08.255+0000] {logging_mixin.py:190} INFO - [2024-12-19T06:47:08.255+0000] {dag.py:4180} INFO - Setting next_dagrun for example_nested_branch_dag to 2024-12-18 00:00:00+00:00, run_after=2024-12-19 00:00:00+00:00
[2024-12-19T06:47:08.275+0000] {processor.py:208} INFO - Processing /home/airflow/.local/lib/python3.12/site-packages/airflow/example_dags/example_nested_branch_dag.py took 0.096 seconds
[2024-12-19T06:47:39.509+0000] {processor.py:186} INFO - Started process (PID=888) to work on /home/airflow/.local/lib/python3.12/site-packages/airflow/example_dags/example_nested_branch_dag.py
[2024-12-19T06:47:39.510+0000] {processor.py:914} INFO - Processing file /home/airflow/.local/lib/python3.12/site-packages/airflow/example_dags/example_nested_branch_dag.py for tasks to queue
[2024-12-19T06:47:39.513+0000] {logging_mixin.py:190} INFO - [2024-12-19T06:47:39.513+0000] {dagbag.py:588} INFO - Filling up the DagBag from /home/airflow/.local/lib/python3.12/site-packages/airflow/example_dags/example_nested_branch_dag.py
[2024-12-19T06:47:39.526+0000] {processor.py:925} INFO - DAG(s) 'example_nested_branch_dag' retrieved from /home/airflow/.local/lib/python3.12/site-packages/airflow/example_dags/example_nested_branch_dag.py
[2024-12-19T06:47:39.550+0000] {logging_mixin.py:190} INFO - [2024-12-19T06:47:39.550+0000] {dag.py:3239} INFO - Sync 1 DAGs
[2024-12-19T06:47:39.584+0000] {logging_mixin.py:190} INFO - [2024-12-19T06:47:39.584+0000] {dag.py:4180} INFO - Setting next_dagrun for example_nested_branch_dag to 2024-12-18 00:00:00+00:00, run_after=2024-12-19 00:00:00+00:00
[2024-12-19T06:47:39.608+0000] {processor.py:208} INFO - Processing /home/airflow/.local/lib/python3.12/site-packages/airflow/example_dags/example_nested_branch_dag.py took 0.106 seconds
[2024-12-19T06:48:11.026+0000] {processor.py:186} INFO - Started process (PID=951) to work on /home/airflow/.local/lib/python3.12/site-packages/airflow/example_dags/example_nested_branch_dag.py
[2024-12-19T06:48:11.027+0000] {processor.py:914} INFO - Processing file /home/airflow/.local/lib/python3.12/site-packages/airflow/example_dags/example_nested_branch_dag.py for tasks to queue
[2024-12-19T06:48:11.031+0000] {logging_mixin.py:190} INFO - [2024-12-19T06:48:11.031+0000] {dagbag.py:588} INFO - Filling up the DagBag from /home/airflow/.local/lib/python3.12/site-packages/airflow/example_dags/example_nested_branch_dag.py
[2024-12-19T06:48:11.046+0000] {processor.py:925} INFO - DAG(s) 'example_nested_branch_dag' retrieved from /home/airflow/.local/lib/python3.12/site-packages/airflow/example_dags/example_nested_branch_dag.py
[2024-12-19T06:48:11.069+0000] {logging_mixin.py:190} INFO - [2024-12-19T06:48:11.069+0000] {dag.py:3239} INFO - Sync 1 DAGs
[2024-12-19T06:48:11.097+0000] {logging_mixin.py:190} INFO - [2024-12-19T06:48:11.097+0000] {dag.py:4180} INFO - Setting next_dagrun for example_nested_branch_dag to 2024-12-18 00:00:00+00:00, run_after=2024-12-19 00:00:00+00:00
[2024-12-19T06:48:11.127+0000] {processor.py:208} INFO - Processing /home/airflow/.local/lib/python3.12/site-packages/airflow/example_dags/example_nested_branch_dag.py took 0.108 seconds
