[2024-12-19T06:41:19.090+0000] {processor.py:186} INFO - Started process (PID=89) to work on /home/airflow/.local/lib/python3.12/site-packages/airflow/example_dags/example_branch_labels.py
[2024-12-19T06:41:19.091+0000] {processor.py:914} INFO - Processing file /home/airflow/.local/lib/python3.12/site-packages/airflow/example_dags/example_branch_labels.py for tasks to queue
[2024-12-19T06:41:19.094+0000] {logging_mixin.py:190} INFO - [2024-12-19T06:41:19.093+0000] {dagbag.py:588} INFO - Filling up the DagBag from /home/airflow/.local/lib/python3.12/site-packages/airflow/example_dags/example_branch_labels.py
[2024-12-19T06:41:19.109+0000] {processor.py:925} INFO - DAG(s) 'example_branch_labels' retrieved from /home/airflow/.local/lib/python3.12/site-packages/airflow/example_dags/example_branch_labels.py
[2024-12-19T06:41:19.138+0000] {logging_mixin.py:190} INFO - [2024-12-19T06:41:19.137+0000] {dag.py:3239} INFO - Sync 1 DAGs
[2024-12-19T06:41:19.177+0000] {logging_mixin.py:190} INFO - [2024-12-19T06:41:19.177+0000] {dag.py:4180} INFO - Setting next_dagrun for example_branch_labels to 2024-12-18 00:00:00+00:00, run_after=2024-12-19 00:00:00+00:00
[2024-12-19T06:41:19.200+0000] {processor.py:208} INFO - Processing /home/airflow/.local/lib/python3.12/site-packages/airflow/example_dags/example_branch_labels.py took 0.117 seconds
[2024-12-19T06:41:50.523+0000] {processor.py:186} INFO - Started process (PID=159) to work on /home/airflow/.local/lib/python3.12/site-packages/airflow/example_dags/example_branch_labels.py
[2024-12-19T06:41:50.524+0000] {processor.py:914} INFO - Processing file /home/airflow/.local/lib/python3.12/site-packages/airflow/example_dags/example_branch_labels.py for tasks to queue
[2024-12-19T06:41:50.526+0000] {logging_mixin.py:190} INFO - [2024-12-19T06:41:50.526+0000] {dagbag.py:588} INFO - Filling up the DagBag from /home/airflow/.local/lib/python3.12/site-packages/airflow/example_dags/example_branch_labels.py
[2024-12-19T06:41:50.535+0000] {processor.py:925} INFO - DAG(s) 'example_branch_labels' retrieved from /home/airflow/.local/lib/python3.12/site-packages/airflow/example_dags/example_branch_labels.py
[2024-12-19T06:41:50.553+0000] {logging_mixin.py:190} INFO - [2024-12-19T06:41:50.553+0000] {dag.py:3239} INFO - Sync 1 DAGs
[2024-12-19T06:41:50.576+0000] {logging_mixin.py:190} INFO - [2024-12-19T06:41:50.576+0000] {dag.py:4180} INFO - Setting next_dagrun for example_branch_labels to 2024-12-18 00:00:00+00:00, run_after=2024-12-19 00:00:00+00:00
[2024-12-19T06:41:50.591+0000] {processor.py:208} INFO - Processing /home/airflow/.local/lib/python3.12/site-packages/airflow/example_dags/example_branch_labels.py took 0.073 seconds
[2024-12-19T06:42:21.909+0000] {processor.py:186} INFO - Started process (PID=223) to work on /home/airflow/.local/lib/python3.12/site-packages/airflow/example_dags/example_branch_labels.py
[2024-12-19T06:42:21.910+0000] {processor.py:914} INFO - Processing file /home/airflow/.local/lib/python3.12/site-packages/airflow/example_dags/example_branch_labels.py for tasks to queue
[2024-12-19T06:42:21.913+0000] {logging_mixin.py:190} INFO - [2024-12-19T06:42:21.913+0000] {dagbag.py:588} INFO - Filling up the DagBag from /home/airflow/.local/lib/python3.12/site-packages/airflow/example_dags/example_branch_labels.py
[2024-12-19T06:42:21.929+0000] {processor.py:925} INFO - DAG(s) 'example_branch_labels' retrieved from /home/airflow/.local/lib/python3.12/site-packages/airflow/example_dags/example_branch_labels.py
[2024-12-19T06:42:21.963+0000] {logging_mixin.py:190} INFO - [2024-12-19T06:42:21.962+0000] {dag.py:3239} INFO - Sync 1 DAGs
[2024-12-19T06:42:21.995+0000] {logging_mixin.py:190} INFO - [2024-12-19T06:42:21.995+0000] {dag.py:4180} INFO - Setting next_dagrun for example_branch_labels to 2024-12-18 00:00:00+00:00, run_after=2024-12-19 00:00:00+00:00
[2024-12-19T06:42:22.022+0000] {processor.py:208} INFO - Processing /home/airflow/.local/lib/python3.12/site-packages/airflow/example_dags/example_branch_labels.py took 0.119 seconds
[2024-12-19T06:42:53.697+0000] {processor.py:186} INFO - Started process (PID=287) to work on /home/airflow/.local/lib/python3.12/site-packages/airflow/example_dags/example_branch_labels.py
[2024-12-19T06:42:53.699+0000] {processor.py:914} INFO - Processing file /home/airflow/.local/lib/python3.12/site-packages/airflow/example_dags/example_branch_labels.py for tasks to queue
[2024-12-19T06:42:53.702+0000] {logging_mixin.py:190} INFO - [2024-12-19T06:42:53.701+0000] {dagbag.py:588} INFO - Filling up the DagBag from /home/airflow/.local/lib/python3.12/site-packages/airflow/example_dags/example_branch_labels.py
[2024-12-19T06:42:53.711+0000] {processor.py:925} INFO - DAG(s) 'example_branch_labels' retrieved from /home/airflow/.local/lib/python3.12/site-packages/airflow/example_dags/example_branch_labels.py
[2024-12-19T06:42:53.729+0000] {logging_mixin.py:190} INFO - [2024-12-19T06:42:53.729+0000] {dag.py:3239} INFO - Sync 1 DAGs
[2024-12-19T06:42:53.755+0000] {logging_mixin.py:190} INFO - [2024-12-19T06:42:53.755+0000] {dag.py:4180} INFO - Setting next_dagrun for example_branch_labels to 2024-12-18 00:00:00+00:00, run_after=2024-12-19 00:00:00+00:00
[2024-12-19T06:42:53.783+0000] {processor.py:208} INFO - Processing /home/airflow/.local/lib/python3.12/site-packages/airflow/example_dags/example_branch_labels.py took 0.091 seconds
[2024-12-19T06:43:24.919+0000] {processor.py:186} INFO - Started process (PID=351) to work on /home/airflow/.local/lib/python3.12/site-packages/airflow/example_dags/example_branch_labels.py
[2024-12-19T06:43:24.920+0000] {processor.py:914} INFO - Processing file /home/airflow/.local/lib/python3.12/site-packages/airflow/example_dags/example_branch_labels.py for tasks to queue
[2024-12-19T06:43:24.923+0000] {logging_mixin.py:190} INFO - [2024-12-19T06:43:24.922+0000] {dagbag.py:588} INFO - Filling up the DagBag from /home/airflow/.local/lib/python3.12/site-packages/airflow/example_dags/example_branch_labels.py
[2024-12-19T06:43:24.934+0000] {processor.py:925} INFO - DAG(s) 'example_branch_labels' retrieved from /home/airflow/.local/lib/python3.12/site-packages/airflow/example_dags/example_branch_labels.py
[2024-12-19T06:43:24.956+0000] {logging_mixin.py:190} INFO - [2024-12-19T06:43:24.956+0000] {dag.py:3239} INFO - Sync 1 DAGs
[2024-12-19T06:43:24.977+0000] {logging_mixin.py:190} INFO - [2024-12-19T06:43:24.977+0000] {dag.py:4180} INFO - Setting next_dagrun for example_branch_labels to 2024-12-18 00:00:00+00:00, run_after=2024-12-19 00:00:00+00:00
[2024-12-19T06:43:24.993+0000] {processor.py:208} INFO - Processing /home/airflow/.local/lib/python3.12/site-packages/airflow/example_dags/example_branch_labels.py took 0.080 seconds
[2024-12-19T06:43:56.491+0000] {processor.py:186} INFO - Started process (PID=415) to work on /home/airflow/.local/lib/python3.12/site-packages/airflow/example_dags/example_branch_labels.py
[2024-12-19T06:43:56.492+0000] {processor.py:914} INFO - Processing file /home/airflow/.local/lib/python3.12/site-packages/airflow/example_dags/example_branch_labels.py for tasks to queue
[2024-12-19T06:43:56.495+0000] {logging_mixin.py:190} INFO - [2024-12-19T06:43:56.495+0000] {dagbag.py:588} INFO - Filling up the DagBag from /home/airflow/.local/lib/python3.12/site-packages/airflow/example_dags/example_branch_labels.py
[2024-12-19T06:43:56.506+0000] {processor.py:925} INFO - DAG(s) 'example_branch_labels' retrieved from /home/airflow/.local/lib/python3.12/site-packages/airflow/example_dags/example_branch_labels.py
[2024-12-19T06:43:56.530+0000] {logging_mixin.py:190} INFO - [2024-12-19T06:43:56.530+0000] {dag.py:3239} INFO - Sync 1 DAGs
[2024-12-19T06:43:56.561+0000] {logging_mixin.py:190} INFO - [2024-12-19T06:43:56.560+0000] {dag.py:4180} INFO - Setting next_dagrun for example_branch_labels to 2024-12-18 00:00:00+00:00, run_after=2024-12-19 00:00:00+00:00
[2024-12-19T06:43:56.585+0000] {processor.py:208} INFO - Processing /home/airflow/.local/lib/python3.12/site-packages/airflow/example_dags/example_branch_labels.py took 0.100 seconds
[2024-12-19T06:44:28.141+0000] {processor.py:186} INFO - Started process (PID=479) to work on /home/airflow/.local/lib/python3.12/site-packages/airflow/example_dags/example_branch_labels.py
[2024-12-19T06:44:28.142+0000] {processor.py:914} INFO - Processing file /home/airflow/.local/lib/python3.12/site-packages/airflow/example_dags/example_branch_labels.py for tasks to queue
[2024-12-19T06:44:28.145+0000] {logging_mixin.py:190} INFO - [2024-12-19T06:44:28.145+0000] {dagbag.py:588} INFO - Filling up the DagBag from /home/airflow/.local/lib/python3.12/site-packages/airflow/example_dags/example_branch_labels.py
[2024-12-19T06:44:28.155+0000] {processor.py:925} INFO - DAG(s) 'example_branch_labels' retrieved from /home/airflow/.local/lib/python3.12/site-packages/airflow/example_dags/example_branch_labels.py
[2024-12-19T06:44:28.179+0000] {logging_mixin.py:190} INFO - [2024-12-19T06:44:28.179+0000] {dag.py:3239} INFO - Sync 1 DAGs
[2024-12-19T06:44:28.208+0000] {logging_mixin.py:190} INFO - [2024-12-19T06:44:28.208+0000] {dag.py:4180} INFO - Setting next_dagrun for example_branch_labels to 2024-12-18 00:00:00+00:00, run_after=2024-12-19 00:00:00+00:00
[2024-12-19T06:44:28.230+0000] {processor.py:208} INFO - Processing /home/airflow/.local/lib/python3.12/site-packages/airflow/example_dags/example_branch_labels.py took 0.096 seconds
[2024-12-19T06:45:00.088+0000] {processor.py:186} INFO - Started process (PID=543) to work on /home/airflow/.local/lib/python3.12/site-packages/airflow/example_dags/example_branch_labels.py
[2024-12-19T06:45:00.090+0000] {processor.py:914} INFO - Processing file /home/airflow/.local/lib/python3.12/site-packages/airflow/example_dags/example_branch_labels.py for tasks to queue
[2024-12-19T06:45:00.093+0000] {logging_mixin.py:190} INFO - [2024-12-19T06:45:00.092+0000] {dagbag.py:588} INFO - Filling up the DagBag from /home/airflow/.local/lib/python3.12/site-packages/airflow/example_dags/example_branch_labels.py
[2024-12-19T06:45:00.105+0000] {processor.py:925} INFO - DAG(s) 'example_branch_labels' retrieved from /home/airflow/.local/lib/python3.12/site-packages/airflow/example_dags/example_branch_labels.py
[2024-12-19T06:45:00.134+0000] {logging_mixin.py:190} INFO - [2024-12-19T06:45:00.133+0000] {dag.py:3239} INFO - Sync 1 DAGs
[2024-12-19T06:45:00.164+0000] {logging_mixin.py:190} INFO - [2024-12-19T06:45:00.164+0000] {dag.py:4180} INFO - Setting next_dagrun for example_branch_labels to 2024-12-18 00:00:00+00:00, run_after=2024-12-19 00:00:00+00:00
[2024-12-19T06:45:00.186+0000] {processor.py:208} INFO - Processing /home/airflow/.local/lib/python3.12/site-packages/airflow/example_dags/example_branch_labels.py took 0.106 seconds
[2024-12-19T06:45:31.472+0000] {processor.py:186} INFO - Started process (PID=607) to work on /home/airflow/.local/lib/python3.12/site-packages/airflow/example_dags/example_branch_labels.py
[2024-12-19T06:45:31.473+0000] {processor.py:914} INFO - Processing file /home/airflow/.local/lib/python3.12/site-packages/airflow/example_dags/example_branch_labels.py for tasks to queue
[2024-12-19T06:45:31.476+0000] {logging_mixin.py:190} INFO - [2024-12-19T06:45:31.476+0000] {dagbag.py:588} INFO - Filling up the DagBag from /home/airflow/.local/lib/python3.12/site-packages/airflow/example_dags/example_branch_labels.py
[2024-12-19T06:45:31.488+0000] {processor.py:925} INFO - DAG(s) 'example_branch_labels' retrieved from /home/airflow/.local/lib/python3.12/site-packages/airflow/example_dags/example_branch_labels.py
[2024-12-19T06:45:31.511+0000] {logging_mixin.py:190} INFO - [2024-12-19T06:45:31.510+0000] {dag.py:3239} INFO - Sync 1 DAGs
[2024-12-19T06:45:31.534+0000] {logging_mixin.py:190} INFO - [2024-12-19T06:45:31.534+0000] {dag.py:4180} INFO - Setting next_dagrun for example_branch_labels to 2024-12-18 00:00:00+00:00, run_after=2024-12-19 00:00:00+00:00
[2024-12-19T06:45:31.551+0000] {processor.py:208} INFO - Processing /home/airflow/.local/lib/python3.12/site-packages/airflow/example_dags/example_branch_labels.py took 0.086 seconds
[2024-12-19T06:46:03.011+0000] {processor.py:186} INFO - Started process (PID=671) to work on /home/airflow/.local/lib/python3.12/site-packages/airflow/example_dags/example_branch_labels.py
[2024-12-19T06:46:03.013+0000] {processor.py:914} INFO - Processing file /home/airflow/.local/lib/python3.12/site-packages/airflow/example_dags/example_branch_labels.py for tasks to queue
[2024-12-19T06:46:03.019+0000] {logging_mixin.py:190} INFO - [2024-12-19T06:46:03.018+0000] {dagbag.py:588} INFO - Filling up the DagBag from /home/airflow/.local/lib/python3.12/site-packages/airflow/example_dags/example_branch_labels.py
[2024-12-19T06:46:03.036+0000] {processor.py:925} INFO - DAG(s) 'example_branch_labels' retrieved from /home/airflow/.local/lib/python3.12/site-packages/airflow/example_dags/example_branch_labels.py
[2024-12-19T06:46:03.078+0000] {logging_mixin.py:190} INFO - [2024-12-19T06:46:03.078+0000] {dag.py:3239} INFO - Sync 1 DAGs
[2024-12-19T06:46:03.111+0000] {logging_mixin.py:190} INFO - [2024-12-19T06:46:03.110+0000] {dag.py:4180} INFO - Setting next_dagrun for example_branch_labels to 2024-12-18 00:00:00+00:00, run_after=2024-12-19 00:00:00+00:00
[2024-12-19T06:46:03.137+0000] {processor.py:208} INFO - Processing /home/airflow/.local/lib/python3.12/site-packages/airflow/example_dags/example_branch_labels.py took 0.139 seconds
[2024-12-19T06:46:34.356+0000] {processor.py:186} INFO - Started process (PID=735) to work on /home/airflow/.local/lib/python3.12/site-packages/airflow/example_dags/example_branch_labels.py
[2024-12-19T06:46:34.357+0000] {processor.py:914} INFO - Processing file /home/airflow/.local/lib/python3.12/site-packages/airflow/example_dags/example_branch_labels.py for tasks to queue
[2024-12-19T06:46:34.360+0000] {logging_mixin.py:190} INFO - [2024-12-19T06:46:34.359+0000] {dagbag.py:588} INFO - Filling up the DagBag from /home/airflow/.local/lib/python3.12/site-packages/airflow/example_dags/example_branch_labels.py
[2024-12-19T06:46:34.370+0000] {processor.py:925} INFO - DAG(s) 'example_branch_labels' retrieved from /home/airflow/.local/lib/python3.12/site-packages/airflow/example_dags/example_branch_labels.py
[2024-12-19T06:46:34.393+0000] {logging_mixin.py:190} INFO - [2024-12-19T06:46:34.392+0000] {dag.py:3239} INFO - Sync 1 DAGs
[2024-12-19T06:46:34.421+0000] {logging_mixin.py:190} INFO - [2024-12-19T06:46:34.420+0000] {dag.py:4180} INFO - Setting next_dagrun for example_branch_labels to 2024-12-18 00:00:00+00:00, run_after=2024-12-19 00:00:00+00:00
[2024-12-19T06:46:34.447+0000] {processor.py:208} INFO - Processing /home/airflow/.local/lib/python3.12/site-packages/airflow/example_dags/example_branch_labels.py took 0.096 seconds
[2024-12-19T06:47:05.324+0000] {processor.py:186} INFO - Started process (PID=799) to work on /home/airflow/.local/lib/python3.12/site-packages/airflow/example_dags/example_branch_labels.py
[2024-12-19T06:47:05.325+0000] {processor.py:914} INFO - Processing file /home/airflow/.local/lib/python3.12/site-packages/airflow/example_dags/example_branch_labels.py for tasks to queue
[2024-12-19T06:47:05.327+0000] {logging_mixin.py:190} INFO - [2024-12-19T06:47:05.327+0000] {dagbag.py:588} INFO - Filling up the DagBag from /home/airflow/.local/lib/python3.12/site-packages/airflow/example_dags/example_branch_labels.py
[2024-12-19T06:47:05.336+0000] {processor.py:925} INFO - DAG(s) 'example_branch_labels' retrieved from /home/airflow/.local/lib/python3.12/site-packages/airflow/example_dags/example_branch_labels.py
[2024-12-19T06:47:05.355+0000] {logging_mixin.py:190} INFO - [2024-12-19T06:47:05.355+0000] {dag.py:3239} INFO - Sync 1 DAGs
[2024-12-19T06:47:05.377+0000] {logging_mixin.py:190} INFO - [2024-12-19T06:47:05.377+0000] {dag.py:4180} INFO - Setting next_dagrun for example_branch_labels to 2024-12-18 00:00:00+00:00, run_after=2024-12-19 00:00:00+00:00
[2024-12-19T06:47:05.396+0000] {processor.py:208} INFO - Processing /home/airflow/.local/lib/python3.12/site-packages/airflow/example_dags/example_branch_labels.py took 0.078 seconds
[2024-12-19T06:47:36.748+0000] {processor.py:186} INFO - Started process (PID=862) to work on /home/airflow/.local/lib/python3.12/site-packages/airflow/example_dags/example_branch_labels.py
[2024-12-19T06:47:36.750+0000] {processor.py:914} INFO - Processing file /home/airflow/.local/lib/python3.12/site-packages/airflow/example_dags/example_branch_labels.py for tasks to queue
[2024-12-19T06:47:36.757+0000] {logging_mixin.py:190} INFO - [2024-12-19T06:47:36.757+0000] {dagbag.py:588} INFO - Filling up the DagBag from /home/airflow/.local/lib/python3.12/site-packages/airflow/example_dags/example_branch_labels.py
[2024-12-19T06:47:36.770+0000] {processor.py:925} INFO - DAG(s) 'example_branch_labels' retrieved from /home/airflow/.local/lib/python3.12/site-packages/airflow/example_dags/example_branch_labels.py
[2024-12-19T06:47:36.799+0000] {logging_mixin.py:190} INFO - [2024-12-19T06:47:36.799+0000] {dag.py:3239} INFO - Sync 1 DAGs
[2024-12-19T06:47:36.826+0000] {logging_mixin.py:190} INFO - [2024-12-19T06:47:36.826+0000] {dag.py:4180} INFO - Setting next_dagrun for example_branch_labels to 2024-12-18 00:00:00+00:00, run_after=2024-12-19 00:00:00+00:00
[2024-12-19T06:47:36.848+0000] {processor.py:208} INFO - Processing /home/airflow/.local/lib/python3.12/site-packages/airflow/example_dags/example_branch_labels.py took 0.109 seconds
[2024-12-19T06:48:07.591+0000] {processor.py:186} INFO - Started process (PID=925) to work on /home/airflow/.local/lib/python3.12/site-packages/airflow/example_dags/example_branch_labels.py
[2024-12-19T06:48:07.592+0000] {processor.py:914} INFO - Processing file /home/airflow/.local/lib/python3.12/site-packages/airflow/example_dags/example_branch_labels.py for tasks to queue
[2024-12-19T06:48:07.594+0000] {logging_mixin.py:190} INFO - [2024-12-19T06:48:07.594+0000] {dagbag.py:588} INFO - Filling up the DagBag from /home/airflow/.local/lib/python3.12/site-packages/airflow/example_dags/example_branch_labels.py
[2024-12-19T06:48:07.604+0000] {processor.py:925} INFO - DAG(s) 'example_branch_labels' retrieved from /home/airflow/.local/lib/python3.12/site-packages/airflow/example_dags/example_branch_labels.py
[2024-12-19T06:48:07.631+0000] {logging_mixin.py:190} INFO - [2024-12-19T06:48:07.630+0000] {dag.py:3239} INFO - Sync 1 DAGs
[2024-12-19T06:48:07.656+0000] {logging_mixin.py:190} INFO - [2024-12-19T06:48:07.656+0000] {dag.py:4180} INFO - Setting next_dagrun for example_branch_labels to 2024-12-18 00:00:00+00:00, run_after=2024-12-19 00:00:00+00:00
[2024-12-19T06:48:07.682+0000] {processor.py:208} INFO - Processing /home/airflow/.local/lib/python3.12/site-packages/airflow/example_dags/example_branch_labels.py took 0.096 seconds
