[2024-12-19T06:41:22.330+0000] {processor.py:186} INFO - Started process (PID=123) to work on /home/airflow/.local/lib/python3.12/site-packages/airflow/example_dags/example_sensors.py
[2024-12-19T06:41:22.332+0000] {processor.py:914} INFO - Processing file /home/airflow/.local/lib/python3.12/site-packages/airflow/example_dags/example_sensors.py for tasks to queue
[2024-12-19T06:41:22.337+0000] {logging_mixin.py:190} INFO - [2024-12-19T06:41:22.337+0000] {dagbag.py:588} INFO - Filling up the DagBag from /home/airflow/.local/lib/python3.12/site-packages/airflow/example_dags/example_sensors.py
[2024-12-19T06:41:22.357+0000] {processor.py:925} INFO - DAG(s) 'example_sensors' retrieved from /home/airflow/.local/lib/python3.12/site-packages/airflow/example_dags/example_sensors.py
[2024-12-19T06:41:22.398+0000] {logging_mixin.py:190} INFO - [2024-12-19T06:41:22.397+0000] {dag.py:3239} INFO - Sync 1 DAGs
[2024-12-19T06:41:22.419+0000] {logging_mixin.py:190} INFO - [2024-12-19T06:41:22.419+0000] {dag.py:4180} INFO - Setting next_dagrun for example_sensors to None, run_after=None
[2024-12-19T06:41:22.448+0000] {processor.py:208} INFO - Processing /home/airflow/.local/lib/python3.12/site-packages/airflow/example_dags/example_sensors.py took 0.126 seconds
[2024-12-19T06:41:52.905+0000] {processor.py:186} INFO - Started process (PID=187) to work on /home/airflow/.local/lib/python3.12/site-packages/airflow/example_dags/example_sensors.py
[2024-12-19T06:41:52.906+0000] {processor.py:914} INFO - Processing file /home/airflow/.local/lib/python3.12/site-packages/airflow/example_dags/example_sensors.py for tasks to queue
[2024-12-19T06:41:52.909+0000] {logging_mixin.py:190} INFO - [2024-12-19T06:41:52.909+0000] {dagbag.py:588} INFO - Filling up the DagBag from /home/airflow/.local/lib/python3.12/site-packages/airflow/example_dags/example_sensors.py
[2024-12-19T06:41:52.921+0000] {processor.py:925} INFO - DAG(s) 'example_sensors' retrieved from /home/airflow/.local/lib/python3.12/site-packages/airflow/example_dags/example_sensors.py
[2024-12-19T06:41:52.951+0000] {logging_mixin.py:190} INFO - [2024-12-19T06:41:52.951+0000] {dag.py:3239} INFO - Sync 1 DAGs
[2024-12-19T06:41:52.968+0000] {logging_mixin.py:190} INFO - [2024-12-19T06:41:52.968+0000] {dag.py:4180} INFO - Setting next_dagrun for example_sensors to None, run_after=None
[2024-12-19T06:41:52.989+0000] {processor.py:208} INFO - Processing /home/airflow/.local/lib/python3.12/site-packages/airflow/example_dags/example_sensors.py took 0.091 seconds
[2024-12-19T06:42:24.623+0000] {processor.py:186} INFO - Started process (PID=251) to work on /home/airflow/.local/lib/python3.12/site-packages/airflow/example_dags/example_sensors.py
[2024-12-19T06:42:24.625+0000] {processor.py:914} INFO - Processing file /home/airflow/.local/lib/python3.12/site-packages/airflow/example_dags/example_sensors.py for tasks to queue
[2024-12-19T06:42:24.627+0000] {logging_mixin.py:190} INFO - [2024-12-19T06:42:24.627+0000] {dagbag.py:588} INFO - Filling up the DagBag from /home/airflow/.local/lib/python3.12/site-packages/airflow/example_dags/example_sensors.py
[2024-12-19T06:42:24.641+0000] {processor.py:925} INFO - DAG(s) 'example_sensors' retrieved from /home/airflow/.local/lib/python3.12/site-packages/airflow/example_dags/example_sensors.py
[2024-12-19T06:42:24.671+0000] {logging_mixin.py:190} INFO - [2024-12-19T06:42:24.671+0000] {dag.py:3239} INFO - Sync 1 DAGs
[2024-12-19T06:42:24.688+0000] {logging_mixin.py:190} INFO - [2024-12-19T06:42:24.688+0000] {dag.py:4180} INFO - Setting next_dagrun for example_sensors to None, run_after=None
[2024-12-19T06:42:24.713+0000] {processor.py:208} INFO - Processing /home/airflow/.local/lib/python3.12/site-packages/airflow/example_dags/example_sensors.py took 0.096 seconds
[2024-12-19T06:42:56.064+0000] {processor.py:186} INFO - Started process (PID=315) to work on /home/airflow/.local/lib/python3.12/site-packages/airflow/example_dags/example_sensors.py
[2024-12-19T06:42:56.065+0000] {processor.py:914} INFO - Processing file /home/airflow/.local/lib/python3.12/site-packages/airflow/example_dags/example_sensors.py for tasks to queue
[2024-12-19T06:42:56.068+0000] {logging_mixin.py:190} INFO - [2024-12-19T06:42:56.068+0000] {dagbag.py:588} INFO - Filling up the DagBag from /home/airflow/.local/lib/python3.12/site-packages/airflow/example_dags/example_sensors.py
[2024-12-19T06:42:56.080+0000] {processor.py:925} INFO - DAG(s) 'example_sensors' retrieved from /home/airflow/.local/lib/python3.12/site-packages/airflow/example_dags/example_sensors.py
[2024-12-19T06:42:56.106+0000] {logging_mixin.py:190} INFO - [2024-12-19T06:42:56.106+0000] {dag.py:3239} INFO - Sync 1 DAGs
[2024-12-19T06:42:56.121+0000] {logging_mixin.py:190} INFO - [2024-12-19T06:42:56.120+0000] {dag.py:4180} INFO - Setting next_dagrun for example_sensors to None, run_after=None
[2024-12-19T06:42:56.139+0000] {processor.py:208} INFO - Processing /home/airflow/.local/lib/python3.12/site-packages/airflow/example_dags/example_sensors.py took 0.081 seconds
[2024-12-19T06:43:27.210+0000] {processor.py:186} INFO - Started process (PID=379) to work on /home/airflow/.local/lib/python3.12/site-packages/airflow/example_dags/example_sensors.py
[2024-12-19T06:43:27.211+0000] {processor.py:914} INFO - Processing file /home/airflow/.local/lib/python3.12/site-packages/airflow/example_dags/example_sensors.py for tasks to queue
[2024-12-19T06:43:27.213+0000] {logging_mixin.py:190} INFO - [2024-12-19T06:43:27.212+0000] {dagbag.py:588} INFO - Filling up the DagBag from /home/airflow/.local/lib/python3.12/site-packages/airflow/example_dags/example_sensors.py
[2024-12-19T06:43:27.222+0000] {processor.py:925} INFO - DAG(s) 'example_sensors' retrieved from /home/airflow/.local/lib/python3.12/site-packages/airflow/example_dags/example_sensors.py
[2024-12-19T06:43:27.244+0000] {logging_mixin.py:190} INFO - [2024-12-19T06:43:27.244+0000] {dag.py:3239} INFO - Sync 1 DAGs
[2024-12-19T06:43:27.261+0000] {logging_mixin.py:190} INFO - [2024-12-19T06:43:27.260+0000] {dag.py:4180} INFO - Setting next_dagrun for example_sensors to None, run_after=None
[2024-12-19T06:43:27.285+0000] {processor.py:208} INFO - Processing /home/airflow/.local/lib/python3.12/site-packages/airflow/example_dags/example_sensors.py took 0.081 seconds
[2024-12-19T06:43:59.298+0000] {processor.py:186} INFO - Started process (PID=443) to work on /home/airflow/.local/lib/python3.12/site-packages/airflow/example_dags/example_sensors.py
[2024-12-19T06:43:59.299+0000] {processor.py:914} INFO - Processing file /home/airflow/.local/lib/python3.12/site-packages/airflow/example_dags/example_sensors.py for tasks to queue
[2024-12-19T06:43:59.302+0000] {logging_mixin.py:190} INFO - [2024-12-19T06:43:59.302+0000] {dagbag.py:588} INFO - Filling up the DagBag from /home/airflow/.local/lib/python3.12/site-packages/airflow/example_dags/example_sensors.py
[2024-12-19T06:43:59.316+0000] {processor.py:925} INFO - DAG(s) 'example_sensors' retrieved from /home/airflow/.local/lib/python3.12/site-packages/airflow/example_dags/example_sensors.py
[2024-12-19T06:43:59.347+0000] {logging_mixin.py:190} INFO - [2024-12-19T06:43:59.346+0000] {dag.py:3239} INFO - Sync 1 DAGs
[2024-12-19T06:43:59.364+0000] {logging_mixin.py:190} INFO - [2024-12-19T06:43:59.364+0000] {dag.py:4180} INFO - Setting next_dagrun for example_sensors to None, run_after=None
[2024-12-19T06:43:59.391+0000] {processor.py:208} INFO - Processing /home/airflow/.local/lib/python3.12/site-packages/airflow/example_dags/example_sensors.py took 0.100 seconds
[2024-12-19T06:44:31.041+0000] {processor.py:186} INFO - Started process (PID=507) to work on /home/airflow/.local/lib/python3.12/site-packages/airflow/example_dags/example_sensors.py
[2024-12-19T06:44:31.042+0000] {processor.py:914} INFO - Processing file /home/airflow/.local/lib/python3.12/site-packages/airflow/example_dags/example_sensors.py for tasks to queue
[2024-12-19T06:44:31.044+0000] {logging_mixin.py:190} INFO - [2024-12-19T06:44:31.044+0000] {dagbag.py:588} INFO - Filling up the DagBag from /home/airflow/.local/lib/python3.12/site-packages/airflow/example_dags/example_sensors.py
[2024-12-19T06:44:31.054+0000] {processor.py:925} INFO - DAG(s) 'example_sensors' retrieved from /home/airflow/.local/lib/python3.12/site-packages/airflow/example_dags/example_sensors.py
[2024-12-19T06:44:31.081+0000] {logging_mixin.py:190} INFO - [2024-12-19T06:44:31.081+0000] {dag.py:3239} INFO - Sync 1 DAGs
[2024-12-19T06:44:31.093+0000] {logging_mixin.py:190} INFO - [2024-12-19T06:44:31.093+0000] {dag.py:4180} INFO - Setting next_dagrun for example_sensors to None, run_after=None
[2024-12-19T06:44:31.117+0000] {processor.py:208} INFO - Processing /home/airflow/.local/lib/python3.12/site-packages/airflow/example_dags/example_sensors.py took 0.082 seconds
[2024-12-19T06:45:03.209+0000] {processor.py:186} INFO - Started process (PID=571) to work on /home/airflow/.local/lib/python3.12/site-packages/airflow/example_dags/example_sensors.py
[2024-12-19T06:45:03.210+0000] {processor.py:914} INFO - Processing file /home/airflow/.local/lib/python3.12/site-packages/airflow/example_dags/example_sensors.py for tasks to queue
[2024-12-19T06:45:03.214+0000] {logging_mixin.py:190} INFO - [2024-12-19T06:45:03.213+0000] {dagbag.py:588} INFO - Filling up the DagBag from /home/airflow/.local/lib/python3.12/site-packages/airflow/example_dags/example_sensors.py
[2024-12-19T06:45:03.228+0000] {processor.py:925} INFO - DAG(s) 'example_sensors' retrieved from /home/airflow/.local/lib/python3.12/site-packages/airflow/example_dags/example_sensors.py
[2024-12-19T06:45:03.261+0000] {logging_mixin.py:190} INFO - [2024-12-19T06:45:03.261+0000] {dag.py:3239} INFO - Sync 1 DAGs
[2024-12-19T06:45:03.277+0000] {logging_mixin.py:190} INFO - [2024-12-19T06:45:03.276+0000] {dag.py:4180} INFO - Setting next_dagrun for example_sensors to None, run_after=None
[2024-12-19T06:45:03.305+0000] {processor.py:208} INFO - Processing /home/airflow/.local/lib/python3.12/site-packages/airflow/example_dags/example_sensors.py took 0.104 seconds
[2024-12-19T06:45:34.473+0000] {processor.py:186} INFO - Started process (PID=635) to work on /home/airflow/.local/lib/python3.12/site-packages/airflow/example_dags/example_sensors.py
[2024-12-19T06:45:34.474+0000] {processor.py:914} INFO - Processing file /home/airflow/.local/lib/python3.12/site-packages/airflow/example_dags/example_sensors.py for tasks to queue
[2024-12-19T06:45:34.476+0000] {logging_mixin.py:190} INFO - [2024-12-19T06:45:34.476+0000] {dagbag.py:588} INFO - Filling up the DagBag from /home/airflow/.local/lib/python3.12/site-packages/airflow/example_dags/example_sensors.py
[2024-12-19T06:45:34.486+0000] {processor.py:925} INFO - DAG(s) 'example_sensors' retrieved from /home/airflow/.local/lib/python3.12/site-packages/airflow/example_dags/example_sensors.py
[2024-12-19T06:45:34.508+0000] {logging_mixin.py:190} INFO - [2024-12-19T06:45:34.508+0000] {dag.py:3239} INFO - Sync 1 DAGs
[2024-12-19T06:45:34.522+0000] {logging_mixin.py:190} INFO - [2024-12-19T06:45:34.522+0000] {dag.py:4180} INFO - Setting next_dagrun for example_sensors to None, run_after=None
[2024-12-19T06:45:34.545+0000] {processor.py:208} INFO - Processing /home/airflow/.local/lib/python3.12/site-packages/airflow/example_dags/example_sensors.py took 0.077 seconds
[2024-12-19T06:46:06.218+0000] {processor.py:186} INFO - Started process (PID=699) to work on /home/airflow/.local/lib/python3.12/site-packages/airflow/example_dags/example_sensors.py
[2024-12-19T06:46:06.220+0000] {processor.py:914} INFO - Processing file /home/airflow/.local/lib/python3.12/site-packages/airflow/example_dags/example_sensors.py for tasks to queue
[2024-12-19T06:46:06.223+0000] {logging_mixin.py:190} INFO - [2024-12-19T06:46:06.222+0000] {dagbag.py:588} INFO - Filling up the DagBag from /home/airflow/.local/lib/python3.12/site-packages/airflow/example_dags/example_sensors.py
[2024-12-19T06:46:06.235+0000] {processor.py:925} INFO - DAG(s) 'example_sensors' retrieved from /home/airflow/.local/lib/python3.12/site-packages/airflow/example_dags/example_sensors.py
[2024-12-19T06:46:06.260+0000] {logging_mixin.py:190} INFO - [2024-12-19T06:46:06.260+0000] {dag.py:3239} INFO - Sync 1 DAGs
[2024-12-19T06:46:06.275+0000] {logging_mixin.py:190} INFO - [2024-12-19T06:46:06.274+0000] {dag.py:4180} INFO - Setting next_dagrun for example_sensors to None, run_after=None
[2024-12-19T06:46:06.296+0000] {processor.py:208} INFO - Processing /home/airflow/.local/lib/python3.12/site-packages/airflow/example_dags/example_sensors.py took 0.084 seconds
[2024-12-19T06:46:37.280+0000] {processor.py:186} INFO - Started process (PID=763) to work on /home/airflow/.local/lib/python3.12/site-packages/airflow/example_dags/example_sensors.py
[2024-12-19T06:46:37.281+0000] {processor.py:914} INFO - Processing file /home/airflow/.local/lib/python3.12/site-packages/airflow/example_dags/example_sensors.py for tasks to queue
[2024-12-19T06:46:37.284+0000] {logging_mixin.py:190} INFO - [2024-12-19T06:46:37.284+0000] {dagbag.py:588} INFO - Filling up the DagBag from /home/airflow/.local/lib/python3.12/site-packages/airflow/example_dags/example_sensors.py
[2024-12-19T06:46:37.298+0000] {processor.py:925} INFO - DAG(s) 'example_sensors' retrieved from /home/airflow/.local/lib/python3.12/site-packages/airflow/example_dags/example_sensors.py
[2024-12-19T06:46:37.330+0000] {logging_mixin.py:190} INFO - [2024-12-19T06:46:37.330+0000] {dag.py:3239} INFO - Sync 1 DAGs
[2024-12-19T06:46:37.346+0000] {logging_mixin.py:190} INFO - [2024-12-19T06:46:37.346+0000] {dag.py:4180} INFO - Setting next_dagrun for example_sensors to None, run_after=None
[2024-12-19T06:46:37.369+0000] {processor.py:208} INFO - Processing /home/airflow/.local/lib/python3.12/site-packages/airflow/example_dags/example_sensors.py took 0.096 seconds
[2024-12-19T06:47:08.309+0000] {processor.py:186} INFO - Started process (PID=827) to work on /home/airflow/.local/lib/python3.12/site-packages/airflow/example_dags/example_sensors.py
[2024-12-19T06:47:08.311+0000] {processor.py:914} INFO - Processing file /home/airflow/.local/lib/python3.12/site-packages/airflow/example_dags/example_sensors.py for tasks to queue
[2024-12-19T06:47:08.314+0000] {logging_mixin.py:190} INFO - [2024-12-19T06:47:08.314+0000] {dagbag.py:588} INFO - Filling up the DagBag from /home/airflow/.local/lib/python3.12/site-packages/airflow/example_dags/example_sensors.py
[2024-12-19T06:47:08.327+0000] {processor.py:925} INFO - DAG(s) 'example_sensors' retrieved from /home/airflow/.local/lib/python3.12/site-packages/airflow/example_dags/example_sensors.py
[2024-12-19T06:47:08.354+0000] {logging_mixin.py:190} INFO - [2024-12-19T06:47:08.354+0000] {dag.py:3239} INFO - Sync 1 DAGs
[2024-12-19T06:47:08.371+0000] {logging_mixin.py:190} INFO - [2024-12-19T06:47:08.371+0000] {dag.py:4180} INFO - Setting next_dagrun for example_sensors to None, run_after=None
[2024-12-19T06:47:08.394+0000] {processor.py:208} INFO - Processing /home/airflow/.local/lib/python3.12/site-packages/airflow/example_dags/example_sensors.py took 0.091 seconds
[2024-12-19T06:47:39.639+0000] {processor.py:186} INFO - Started process (PID=890) to work on /home/airflow/.local/lib/python3.12/site-packages/airflow/example_dags/example_sensors.py
[2024-12-19T06:47:39.640+0000] {processor.py:914} INFO - Processing file /home/airflow/.local/lib/python3.12/site-packages/airflow/example_dags/example_sensors.py for tasks to queue
[2024-12-19T06:47:39.642+0000] {logging_mixin.py:190} INFO - [2024-12-19T06:47:39.642+0000] {dagbag.py:588} INFO - Filling up the DagBag from /home/airflow/.local/lib/python3.12/site-packages/airflow/example_dags/example_sensors.py
[2024-12-19T06:47:39.653+0000] {processor.py:925} INFO - DAG(s) 'example_sensors' retrieved from /home/airflow/.local/lib/python3.12/site-packages/airflow/example_dags/example_sensors.py
[2024-12-19T06:47:39.675+0000] {logging_mixin.py:190} INFO - [2024-12-19T06:47:39.674+0000] {dag.py:3239} INFO - Sync 1 DAGs
[2024-12-19T06:47:39.688+0000] {logging_mixin.py:190} INFO - [2024-12-19T06:47:39.687+0000] {dag.py:4180} INFO - Setting next_dagrun for example_sensors to None, run_after=None
[2024-12-19T06:47:39.704+0000] {processor.py:208} INFO - Processing /home/airflow/.local/lib/python3.12/site-packages/airflow/example_dags/example_sensors.py took 0.070 seconds
[2024-12-19T06:48:11.193+0000] {processor.py:186} INFO - Started process (PID=953) to work on /home/airflow/.local/lib/python3.12/site-packages/airflow/example_dags/example_sensors.py
[2024-12-19T06:48:11.196+0000] {processor.py:914} INFO - Processing file /home/airflow/.local/lib/python3.12/site-packages/airflow/example_dags/example_sensors.py for tasks to queue
[2024-12-19T06:48:11.205+0000] {logging_mixin.py:190} INFO - [2024-12-19T06:48:11.204+0000] {dagbag.py:588} INFO - Filling up the DagBag from /home/airflow/.local/lib/python3.12/site-packages/airflow/example_dags/example_sensors.py
[2024-12-19T06:48:11.222+0000] {processor.py:925} INFO - DAG(s) 'example_sensors' retrieved from /home/airflow/.local/lib/python3.12/site-packages/airflow/example_dags/example_sensors.py
[2024-12-19T06:48:11.257+0000] {logging_mixin.py:190} INFO - [2024-12-19T06:48:11.257+0000] {dag.py:3239} INFO - Sync 1 DAGs
[2024-12-19T06:48:11.273+0000] {logging_mixin.py:190} INFO - [2024-12-19T06:48:11.273+0000] {dag.py:4180} INFO - Setting next_dagrun for example_sensors to None, run_after=None
[2024-12-19T06:48:11.296+0000] {processor.py:208} INFO - Processing /home/airflow/.local/lib/python3.12/site-packages/airflow/example_dags/example_sensors.py took 0.110 seconds
