[2024-12-19T06:41:21.543+0000] {processor.py:186} INFO - Started process (PID=117) to work on /home/airflow/.local/lib/python3.12/site-packages/airflow/example_dags/example_dag_decorator.py
[2024-12-19T06:41:21.545+0000] {processor.py:914} INFO - Processing file /home/airflow/.local/lib/python3.12/site-packages/airflow/example_dags/example_dag_decorator.py for tasks to queue
[2024-12-19T06:41:21.549+0000] {logging_mixin.py:190} INFO - [2024-12-19T06:41:21.548+0000] {dagbag.py:588} INFO - Filling up the DagBag from /home/airflow/.local/lib/python3.12/site-packages/airflow/example_dags/example_dag_decorator.py
[2024-12-19T06:41:21.565+0000] {processor.py:925} INFO - DAG(s) 'example_dag_decorator' retrieved from /home/airflow/.local/lib/python3.12/site-packages/airflow/example_dags/example_dag_decorator.py
[2024-12-19T06:41:21.703+0000] {logging_mixin.py:190} INFO - [2024-12-19T06:41:21.702+0000] {dag.py:3239} INFO - Sync 1 DAGs
[2024-12-19T06:41:21.719+0000] {logging_mixin.py:190} INFO - [2024-12-19T06:41:21.719+0000] {dag.py:4180} INFO - Setting next_dagrun for example_dag_decorator to None, run_after=None
[2024-12-19T06:41:21.747+0000] {processor.py:208} INFO - Processing /home/airflow/.local/lib/python3.12/site-packages/airflow/example_dags/example_dag_decorator.py took 0.213 seconds
[2024-12-19T06:41:52.257+0000] {processor.py:186} INFO - Started process (PID=181) to work on /home/airflow/.local/lib/python3.12/site-packages/airflow/example_dags/example_dag_decorator.py
[2024-12-19T06:41:52.259+0000] {processor.py:914} INFO - Processing file /home/airflow/.local/lib/python3.12/site-packages/airflow/example_dags/example_dag_decorator.py for tasks to queue
[2024-12-19T06:41:52.263+0000] {logging_mixin.py:190} INFO - [2024-12-19T06:41:52.262+0000] {dagbag.py:588} INFO - Filling up the DagBag from /home/airflow/.local/lib/python3.12/site-packages/airflow/example_dags/example_dag_decorator.py
[2024-12-19T06:41:52.276+0000] {processor.py:925} INFO - DAG(s) 'example_dag_decorator' retrieved from /home/airflow/.local/lib/python3.12/site-packages/airflow/example_dags/example_dag_decorator.py
[2024-12-19T06:41:52.402+0000] {logging_mixin.py:190} INFO - [2024-12-19T06:41:52.401+0000] {dag.py:3239} INFO - Sync 1 DAGs
[2024-12-19T06:41:52.415+0000] {logging_mixin.py:190} INFO - [2024-12-19T06:41:52.415+0000] {dag.py:4180} INFO - Setting next_dagrun for example_dag_decorator to None, run_after=None
[2024-12-19T06:41:52.436+0000] {processor.py:208} INFO - Processing /home/airflow/.local/lib/python3.12/site-packages/airflow/example_dags/example_dag_decorator.py took 0.186 seconds
[2024-12-19T06:42:24.247+0000] {processor.py:186} INFO - Started process (PID=245) to work on /home/airflow/.local/lib/python3.12/site-packages/airflow/example_dags/example_dag_decorator.py
[2024-12-19T06:42:24.248+0000] {processor.py:914} INFO - Processing file /home/airflow/.local/lib/python3.12/site-packages/airflow/example_dags/example_dag_decorator.py for tasks to queue
[2024-12-19T06:42:24.250+0000] {logging_mixin.py:190} INFO - [2024-12-19T06:42:24.250+0000] {dagbag.py:588} INFO - Filling up the DagBag from /home/airflow/.local/lib/python3.12/site-packages/airflow/example_dags/example_dag_decorator.py
[2024-12-19T06:42:24.261+0000] {processor.py:925} INFO - DAG(s) 'example_dag_decorator' retrieved from /home/airflow/.local/lib/python3.12/site-packages/airflow/example_dags/example_dag_decorator.py
[2024-12-19T06:42:24.360+0000] {logging_mixin.py:190} INFO - [2024-12-19T06:42:24.360+0000] {dag.py:3239} INFO - Sync 1 DAGs
[2024-12-19T06:42:24.372+0000] {logging_mixin.py:190} INFO - [2024-12-19T06:42:24.371+0000] {dag.py:4180} INFO - Setting next_dagrun for example_dag_decorator to None, run_after=None
[2024-12-19T06:42:24.389+0000] {processor.py:208} INFO - Processing /home/airflow/.local/lib/python3.12/site-packages/airflow/example_dags/example_dag_decorator.py took 0.147 seconds
[2024-12-19T06:42:55.593+0000] {processor.py:186} INFO - Started process (PID=309) to work on /home/airflow/.local/lib/python3.12/site-packages/airflow/example_dags/example_dag_decorator.py
[2024-12-19T06:42:55.595+0000] {processor.py:914} INFO - Processing file /home/airflow/.local/lib/python3.12/site-packages/airflow/example_dags/example_dag_decorator.py for tasks to queue
[2024-12-19T06:42:55.598+0000] {logging_mixin.py:190} INFO - [2024-12-19T06:42:55.598+0000] {dagbag.py:588} INFO - Filling up the DagBag from /home/airflow/.local/lib/python3.12/site-packages/airflow/example_dags/example_dag_decorator.py
[2024-12-19T06:42:55.611+0000] {processor.py:925} INFO - DAG(s) 'example_dag_decorator' retrieved from /home/airflow/.local/lib/python3.12/site-packages/airflow/example_dags/example_dag_decorator.py
[2024-12-19T06:42:55.728+0000] {logging_mixin.py:190} INFO - [2024-12-19T06:42:55.728+0000] {dag.py:3239} INFO - Sync 1 DAGs
[2024-12-19T06:42:55.742+0000] {logging_mixin.py:190} INFO - [2024-12-19T06:42:55.742+0000] {dag.py:4180} INFO - Setting next_dagrun for example_dag_decorator to None, run_after=None
[2024-12-19T06:42:55.763+0000] {processor.py:208} INFO - Processing /home/airflow/.local/lib/python3.12/site-packages/airflow/example_dags/example_dag_decorator.py took 0.176 seconds
[2024-12-19T06:43:26.689+0000] {processor.py:186} INFO - Started process (PID=373) to work on /home/airflow/.local/lib/python3.12/site-packages/airflow/example_dags/example_dag_decorator.py
[2024-12-19T06:43:26.690+0000] {processor.py:914} INFO - Processing file /home/airflow/.local/lib/python3.12/site-packages/airflow/example_dags/example_dag_decorator.py for tasks to queue
[2024-12-19T06:43:26.693+0000] {logging_mixin.py:190} INFO - [2024-12-19T06:43:26.693+0000] {dagbag.py:588} INFO - Filling up the DagBag from /home/airflow/.local/lib/python3.12/site-packages/airflow/example_dags/example_dag_decorator.py
[2024-12-19T06:43:26.704+0000] {processor.py:925} INFO - DAG(s) 'example_dag_decorator' retrieved from /home/airflow/.local/lib/python3.12/site-packages/airflow/example_dags/example_dag_decorator.py
[2024-12-19T06:43:26.799+0000] {logging_mixin.py:190} INFO - [2024-12-19T06:43:26.798+0000] {dag.py:3239} INFO - Sync 1 DAGs
[2024-12-19T06:43:26.812+0000] {logging_mixin.py:190} INFO - [2024-12-19T06:43:26.812+0000] {dag.py:4180} INFO - Setting next_dagrun for example_dag_decorator to None, run_after=None
[2024-12-19T06:43:26.832+0000] {processor.py:208} INFO - Processing /home/airflow/.local/lib/python3.12/site-packages/airflow/example_dags/example_dag_decorator.py took 0.149 seconds
[2024-12-19T06:43:58.850+0000] {processor.py:186} INFO - Started process (PID=437) to work on /home/airflow/.local/lib/python3.12/site-packages/airflow/example_dags/example_dag_decorator.py
[2024-12-19T06:43:58.851+0000] {processor.py:914} INFO - Processing file /home/airflow/.local/lib/python3.12/site-packages/airflow/example_dags/example_dag_decorator.py for tasks to queue
[2024-12-19T06:43:58.853+0000] {logging_mixin.py:190} INFO - [2024-12-19T06:43:58.853+0000] {dagbag.py:588} INFO - Filling up the DagBag from /home/airflow/.local/lib/python3.12/site-packages/airflow/example_dags/example_dag_decorator.py
[2024-12-19T06:43:58.865+0000] {processor.py:925} INFO - DAG(s) 'example_dag_decorator' retrieved from /home/airflow/.local/lib/python3.12/site-packages/airflow/example_dags/example_dag_decorator.py
[2024-12-19T06:43:58.968+0000] {logging_mixin.py:190} INFO - [2024-12-19T06:43:58.967+0000] {dag.py:3239} INFO - Sync 1 DAGs
[2024-12-19T06:43:58.981+0000] {logging_mixin.py:190} INFO - [2024-12-19T06:43:58.981+0000] {dag.py:4180} INFO - Setting next_dagrun for example_dag_decorator to None, run_after=None
[2024-12-19T06:43:59.002+0000] {processor.py:208} INFO - Processing /home/airflow/.local/lib/python3.12/site-packages/airflow/example_dags/example_dag_decorator.py took 0.157 seconds
[2024-12-19T06:44:30.511+0000] {processor.py:186} INFO - Started process (PID=501) to work on /home/airflow/.local/lib/python3.12/site-packages/airflow/example_dags/example_dag_decorator.py
[2024-12-19T06:44:30.513+0000] {processor.py:914} INFO - Processing file /home/airflow/.local/lib/python3.12/site-packages/airflow/example_dags/example_dag_decorator.py for tasks to queue
[2024-12-19T06:44:30.515+0000] {logging_mixin.py:190} INFO - [2024-12-19T06:44:30.515+0000] {dagbag.py:588} INFO - Filling up the DagBag from /home/airflow/.local/lib/python3.12/site-packages/airflow/example_dags/example_dag_decorator.py
[2024-12-19T06:44:30.531+0000] {processor.py:925} INFO - DAG(s) 'example_dag_decorator' retrieved from /home/airflow/.local/lib/python3.12/site-packages/airflow/example_dags/example_dag_decorator.py
[2024-12-19T06:44:30.667+0000] {logging_mixin.py:190} INFO - [2024-12-19T06:44:30.667+0000] {dag.py:3239} INFO - Sync 1 DAGs
[2024-12-19T06:44:30.684+0000] {logging_mixin.py:190} INFO - [2024-12-19T06:44:30.684+0000] {dag.py:4180} INFO - Setting next_dagrun for example_dag_decorator to None, run_after=None
[2024-12-19T06:44:30.711+0000] {processor.py:208} INFO - Processing /home/airflow/.local/lib/python3.12/site-packages/airflow/example_dags/example_dag_decorator.py took 0.207 seconds
[2024-12-19T06:45:02.550+0000] {processor.py:186} INFO - Started process (PID=565) to work on /home/airflow/.local/lib/python3.12/site-packages/airflow/example_dags/example_dag_decorator.py
[2024-12-19T06:45:02.551+0000] {processor.py:914} INFO - Processing file /home/airflow/.local/lib/python3.12/site-packages/airflow/example_dags/example_dag_decorator.py for tasks to queue
[2024-12-19T06:45:02.554+0000] {logging_mixin.py:190} INFO - [2024-12-19T06:45:02.554+0000] {dagbag.py:588} INFO - Filling up the DagBag from /home/airflow/.local/lib/python3.12/site-packages/airflow/example_dags/example_dag_decorator.py
[2024-12-19T06:45:02.566+0000] {processor.py:925} INFO - DAG(s) 'example_dag_decorator' retrieved from /home/airflow/.local/lib/python3.12/site-packages/airflow/example_dags/example_dag_decorator.py
[2024-12-19T06:45:02.688+0000] {logging_mixin.py:190} INFO - [2024-12-19T06:45:02.687+0000] {dag.py:3239} INFO - Sync 1 DAGs
[2024-12-19T06:45:02.704+0000] {logging_mixin.py:190} INFO - [2024-12-19T06:45:02.704+0000] {dag.py:4180} INFO - Setting next_dagrun for example_dag_decorator to None, run_after=None
[2024-12-19T06:45:02.740+0000] {processor.py:208} INFO - Processing /home/airflow/.local/lib/python3.12/site-packages/airflow/example_dags/example_dag_decorator.py took 0.196 seconds
[2024-12-19T06:45:34.129+0000] {processor.py:186} INFO - Started process (PID=629) to work on /home/airflow/.local/lib/python3.12/site-packages/airflow/example_dags/example_dag_decorator.py
[2024-12-19T06:45:34.130+0000] {processor.py:914} INFO - Processing file /home/airflow/.local/lib/python3.12/site-packages/airflow/example_dags/example_dag_decorator.py for tasks to queue
[2024-12-19T06:45:34.132+0000] {logging_mixin.py:190} INFO - [2024-12-19T06:45:34.132+0000] {dagbag.py:588} INFO - Filling up the DagBag from /home/airflow/.local/lib/python3.12/site-packages/airflow/example_dags/example_dag_decorator.py
[2024-12-19T06:45:34.143+0000] {processor.py:925} INFO - DAG(s) 'example_dag_decorator' retrieved from /home/airflow/.local/lib/python3.12/site-packages/airflow/example_dags/example_dag_decorator.py
[2024-12-19T06:45:34.243+0000] {logging_mixin.py:190} INFO - [2024-12-19T06:45:34.243+0000] {dag.py:3239} INFO - Sync 1 DAGs
[2024-12-19T06:45:34.254+0000] {logging_mixin.py:190} INFO - [2024-12-19T06:45:34.254+0000] {dag.py:4180} INFO - Setting next_dagrun for example_dag_decorator to None, run_after=None
[2024-12-19T06:45:34.270+0000] {processor.py:208} INFO - Processing /home/airflow/.local/lib/python3.12/site-packages/airflow/example_dags/example_dag_decorator.py took 0.148 seconds
[2024-12-19T06:46:05.823+0000] {processor.py:186} INFO - Started process (PID=693) to work on /home/airflow/.local/lib/python3.12/site-packages/airflow/example_dags/example_dag_decorator.py
[2024-12-19T06:46:05.824+0000] {processor.py:914} INFO - Processing file /home/airflow/.local/lib/python3.12/site-packages/airflow/example_dags/example_dag_decorator.py for tasks to queue
[2024-12-19T06:46:05.827+0000] {logging_mixin.py:190} INFO - [2024-12-19T06:46:05.827+0000] {dagbag.py:588} INFO - Filling up the DagBag from /home/airflow/.local/lib/python3.12/site-packages/airflow/example_dags/example_dag_decorator.py
[2024-12-19T06:46:05.838+0000] {processor.py:925} INFO - DAG(s) 'example_dag_decorator' retrieved from /home/airflow/.local/lib/python3.12/site-packages/airflow/example_dags/example_dag_decorator.py
[2024-12-19T06:46:05.946+0000] {logging_mixin.py:190} INFO - [2024-12-19T06:46:05.945+0000] {dag.py:3239} INFO - Sync 1 DAGs
[2024-12-19T06:46:05.957+0000] {logging_mixin.py:190} INFO - [2024-12-19T06:46:05.957+0000] {dag.py:4180} INFO - Setting next_dagrun for example_dag_decorator to None, run_after=None
[2024-12-19T06:46:05.975+0000] {processor.py:208} INFO - Processing /home/airflow/.local/lib/python3.12/site-packages/airflow/example_dags/example_dag_decorator.py took 0.157 seconds
[2024-12-19T06:46:36.817+0000] {processor.py:186} INFO - Started process (PID=757) to work on /home/airflow/.local/lib/python3.12/site-packages/airflow/example_dags/example_dag_decorator.py
[2024-12-19T06:46:36.819+0000] {processor.py:914} INFO - Processing file /home/airflow/.local/lib/python3.12/site-packages/airflow/example_dags/example_dag_decorator.py for tasks to queue
[2024-12-19T06:46:36.823+0000] {logging_mixin.py:190} INFO - [2024-12-19T06:46:36.823+0000] {dagbag.py:588} INFO - Filling up the DagBag from /home/airflow/.local/lib/python3.12/site-packages/airflow/example_dags/example_dag_decorator.py
[2024-12-19T06:46:36.844+0000] {processor.py:925} INFO - DAG(s) 'example_dag_decorator' retrieved from /home/airflow/.local/lib/python3.12/site-packages/airflow/example_dags/example_dag_decorator.py
[2024-12-19T06:46:36.984+0000] {logging_mixin.py:190} INFO - [2024-12-19T06:46:36.983+0000] {dag.py:3239} INFO - Sync 1 DAGs
[2024-12-19T06:46:37.004+0000] {logging_mixin.py:190} INFO - [2024-12-19T06:46:37.004+0000] {dag.py:4180} INFO - Setting next_dagrun for example_dag_decorator to None, run_after=None
[2024-12-19T06:46:37.033+0000] {processor.py:208} INFO - Processing /home/airflow/.local/lib/python3.12/site-packages/airflow/example_dags/example_dag_decorator.py took 0.225 seconds
[2024-12-19T06:47:07.797+0000] {processor.py:186} INFO - Started process (PID=821) to work on /home/airflow/.local/lib/python3.12/site-packages/airflow/example_dags/example_dag_decorator.py
[2024-12-19T06:47:07.799+0000] {processor.py:914} INFO - Processing file /home/airflow/.local/lib/python3.12/site-packages/airflow/example_dags/example_dag_decorator.py for tasks to queue
[2024-12-19T06:47:07.802+0000] {logging_mixin.py:190} INFO - [2024-12-19T06:47:07.802+0000] {dagbag.py:588} INFO - Filling up the DagBag from /home/airflow/.local/lib/python3.12/site-packages/airflow/example_dags/example_dag_decorator.py
[2024-12-19T06:47:07.819+0000] {processor.py:925} INFO - DAG(s) 'example_dag_decorator' retrieved from /home/airflow/.local/lib/python3.12/site-packages/airflow/example_dags/example_dag_decorator.py
[2024-12-19T06:47:07.951+0000] {logging_mixin.py:190} INFO - [2024-12-19T06:47:07.950+0000] {dag.py:3239} INFO - Sync 1 DAGs
[2024-12-19T06:47:07.966+0000] {logging_mixin.py:190} INFO - [2024-12-19T06:47:07.966+0000] {dag.py:4180} INFO - Setting next_dagrun for example_dag_decorator to None, run_after=None
[2024-12-19T06:47:07.994+0000] {processor.py:208} INFO - Processing /home/airflow/.local/lib/python3.12/site-packages/airflow/example_dags/example_dag_decorator.py took 0.205 seconds
[2024-12-19T06:47:39.168+0000] {processor.py:186} INFO - Started process (PID=884) to work on /home/airflow/.local/lib/python3.12/site-packages/airflow/example_dags/example_dag_decorator.py
[2024-12-19T06:47:39.169+0000] {processor.py:914} INFO - Processing file /home/airflow/.local/lib/python3.12/site-packages/airflow/example_dags/example_dag_decorator.py for tasks to queue
[2024-12-19T06:47:39.172+0000] {logging_mixin.py:190} INFO - [2024-12-19T06:47:39.172+0000] {dagbag.py:588} INFO - Filling up the DagBag from /home/airflow/.local/lib/python3.12/site-packages/airflow/example_dags/example_dag_decorator.py
[2024-12-19T06:47:39.186+0000] {processor.py:925} INFO - DAG(s) 'example_dag_decorator' retrieved from /home/airflow/.local/lib/python3.12/site-packages/airflow/example_dags/example_dag_decorator.py
[2024-12-19T06:47:39.301+0000] {logging_mixin.py:190} INFO - [2024-12-19T06:47:39.300+0000] {dag.py:3239} INFO - Sync 1 DAGs
[2024-12-19T06:47:39.317+0000] {logging_mixin.py:190} INFO - [2024-12-19T06:47:39.317+0000] {dag.py:4180} INFO - Setting next_dagrun for example_dag_decorator to None, run_after=None
[2024-12-19T06:47:39.341+0000] {processor.py:208} INFO - Processing /home/airflow/.local/lib/python3.12/site-packages/airflow/example_dags/example_dag_decorator.py took 0.179 seconds
[2024-12-19T06:48:10.703+0000] {processor.py:186} INFO - Started process (PID=947) to work on /home/airflow/.local/lib/python3.12/site-packages/airflow/example_dags/example_dag_decorator.py
[2024-12-19T06:48:10.705+0000] {processor.py:914} INFO - Processing file /home/airflow/.local/lib/python3.12/site-packages/airflow/example_dags/example_dag_decorator.py for tasks to queue
[2024-12-19T06:48:10.708+0000] {logging_mixin.py:190} INFO - [2024-12-19T06:48:10.708+0000] {dagbag.py:588} INFO - Filling up the DagBag from /home/airflow/.local/lib/python3.12/site-packages/airflow/example_dags/example_dag_decorator.py
[2024-12-19T06:48:10.722+0000] {processor.py:925} INFO - DAG(s) 'example_dag_decorator' retrieved from /home/airflow/.local/lib/python3.12/site-packages/airflow/example_dags/example_dag_decorator.py
[2024-12-19T06:48:10.860+0000] {logging_mixin.py:190} INFO - [2024-12-19T06:48:10.860+0000] {dag.py:3239} INFO - Sync 1 DAGs
[2024-12-19T06:48:10.875+0000] {logging_mixin.py:190} INFO - [2024-12-19T06:48:10.874+0000] {dag.py:4180} INFO - Setting next_dagrun for example_dag_decorator to None, run_after=None
[2024-12-19T06:48:10.900+0000] {processor.py:208} INFO - Processing /home/airflow/.local/lib/python3.12/site-packages/airflow/example_dags/example_dag_decorator.py took 0.203 seconds
