[2024-12-19T06:41:18.602+0000] {processor.py:186} INFO - Started process (PID=82) to work on /home/airflow/.local/lib/python3.12/site-packages/airflow/example_dags/example_task_group_decorator.py
[2024-12-19T06:41:18.603+0000] {processor.py:914} INFO - Processing file /home/airflow/.local/lib/python3.12/site-packages/airflow/example_dags/example_task_group_decorator.py for tasks to queue
[2024-12-19T06:41:18.606+0000] {logging_mixin.py:190} INFO - [2024-12-19T06:41:18.605+0000] {dagbag.py:588} INFO - Filling up the DagBag from /home/airflow/.local/lib/python3.12/site-packages/airflow/example_dags/example_task_group_decorator.py
[2024-12-19T06:41:18.619+0000] {processor.py:925} INFO - DAG(s) 'example_task_group_decorator' retrieved from /home/airflow/.local/lib/python3.12/site-packages/airflow/example_dags/example_task_group_decorator.py
[2024-12-19T06:41:18.642+0000] {logging_mixin.py:190} INFO - [2024-12-19T06:41:18.642+0000] {dag.py:3239} INFO - Sync 1 DAGs
[2024-12-19T06:41:18.657+0000] {logging_mixin.py:190} INFO - [2024-12-19T06:41:18.657+0000] {dag.py:4180} INFO - Setting next_dagrun for example_task_group_decorator to None, run_after=None
[2024-12-19T06:41:18.676+0000] {processor.py:208} INFO - Processing /home/airflow/.local/lib/python3.12/site-packages/airflow/example_dags/example_task_group_decorator.py took 0.079 seconds
[2024-12-19T06:41:50.151+0000] {processor.py:186} INFO - Started process (PID=152) to work on /home/airflow/.local/lib/python3.12/site-packages/airflow/example_dags/example_task_group_decorator.py
[2024-12-19T06:41:50.152+0000] {processor.py:914} INFO - Processing file /home/airflow/.local/lib/python3.12/site-packages/airflow/example_dags/example_task_group_decorator.py for tasks to queue
[2024-12-19T06:41:50.156+0000] {logging_mixin.py:190} INFO - [2024-12-19T06:41:50.156+0000] {dagbag.py:588} INFO - Filling up the DagBag from /home/airflow/.local/lib/python3.12/site-packages/airflow/example_dags/example_task_group_decorator.py
[2024-12-19T06:41:50.174+0000] {processor.py:925} INFO - DAG(s) 'example_task_group_decorator' retrieved from /home/airflow/.local/lib/python3.12/site-packages/airflow/example_dags/example_task_group_decorator.py
[2024-12-19T06:41:50.201+0000] {logging_mixin.py:190} INFO - [2024-12-19T06:41:50.201+0000] {dag.py:3239} INFO - Sync 1 DAGs
[2024-12-19T06:41:50.217+0000] {logging_mixin.py:190} INFO - [2024-12-19T06:41:50.216+0000] {dag.py:4180} INFO - Setting next_dagrun for example_task_group_decorator to None, run_after=None
[2024-12-19T06:41:50.243+0000] {processor.py:208} INFO - Processing /home/airflow/.local/lib/python3.12/site-packages/airflow/example_dags/example_task_group_decorator.py took 0.101 seconds
[2024-12-19T06:42:21.278+0000] {processor.py:186} INFO - Started process (PID=216) to work on /home/airflow/.local/lib/python3.12/site-packages/airflow/example_dags/example_task_group_decorator.py
[2024-12-19T06:42:21.279+0000] {processor.py:914} INFO - Processing file /home/airflow/.local/lib/python3.12/site-packages/airflow/example_dags/example_task_group_decorator.py for tasks to queue
[2024-12-19T06:42:21.282+0000] {logging_mixin.py:190} INFO - [2024-12-19T06:42:21.281+0000] {dagbag.py:588} INFO - Filling up the DagBag from /home/airflow/.local/lib/python3.12/site-packages/airflow/example_dags/example_task_group_decorator.py
[2024-12-19T06:42:21.298+0000] {processor.py:925} INFO - DAG(s) 'example_task_group_decorator' retrieved from /home/airflow/.local/lib/python3.12/site-packages/airflow/example_dags/example_task_group_decorator.py
[2024-12-19T06:42:21.336+0000] {logging_mixin.py:190} INFO - [2024-12-19T06:42:21.335+0000] {dag.py:3239} INFO - Sync 1 DAGs
[2024-12-19T06:42:21.353+0000] {logging_mixin.py:190} INFO - [2024-12-19T06:42:21.353+0000] {dag.py:4180} INFO - Setting next_dagrun for example_task_group_decorator to None, run_after=None
[2024-12-19T06:42:21.376+0000] {processor.py:208} INFO - Processing /home/airflow/.local/lib/python3.12/site-packages/airflow/example_dags/example_task_group_decorator.py took 0.105 seconds
[2024-12-19T06:42:53.034+0000] {processor.py:186} INFO - Started process (PID=280) to work on /home/airflow/.local/lib/python3.12/site-packages/airflow/example_dags/example_task_group_decorator.py
[2024-12-19T06:42:53.037+0000] {processor.py:914} INFO - Processing file /home/airflow/.local/lib/python3.12/site-packages/airflow/example_dags/example_task_group_decorator.py for tasks to queue
[2024-12-19T06:42:53.040+0000] {logging_mixin.py:190} INFO - [2024-12-19T06:42:53.040+0000] {dagbag.py:588} INFO - Filling up the DagBag from /home/airflow/.local/lib/python3.12/site-packages/airflow/example_dags/example_task_group_decorator.py
[2024-12-19T06:42:53.065+0000] {processor.py:925} INFO - DAG(s) 'example_task_group_decorator' retrieved from /home/airflow/.local/lib/python3.12/site-packages/airflow/example_dags/example_task_group_decorator.py
[2024-12-19T06:42:53.096+0000] {logging_mixin.py:190} INFO - [2024-12-19T06:42:53.096+0000] {dag.py:3239} INFO - Sync 1 DAGs
[2024-12-19T06:42:53.112+0000] {logging_mixin.py:190} INFO - [2024-12-19T06:42:53.112+0000] {dag.py:4180} INFO - Setting next_dagrun for example_task_group_decorator to None, run_after=None
[2024-12-19T06:42:53.131+0000] {processor.py:208} INFO - Processing /home/airflow/.local/lib/python3.12/site-packages/airflow/example_dags/example_task_group_decorator.py took 0.104 seconds
[2024-12-19T06:43:24.497+0000] {processor.py:186} INFO - Started process (PID=344) to work on /home/airflow/.local/lib/python3.12/site-packages/airflow/example_dags/example_task_group_decorator.py
[2024-12-19T06:43:24.499+0000] {processor.py:914} INFO - Processing file /home/airflow/.local/lib/python3.12/site-packages/airflow/example_dags/example_task_group_decorator.py for tasks to queue
[2024-12-19T06:43:24.502+0000] {logging_mixin.py:190} INFO - [2024-12-19T06:43:24.501+0000] {dagbag.py:588} INFO - Filling up the DagBag from /home/airflow/.local/lib/python3.12/site-packages/airflow/example_dags/example_task_group_decorator.py
[2024-12-19T06:43:24.521+0000] {processor.py:925} INFO - DAG(s) 'example_task_group_decorator' retrieved from /home/airflow/.local/lib/python3.12/site-packages/airflow/example_dags/example_task_group_decorator.py
[2024-12-19T06:43:24.546+0000] {logging_mixin.py:190} INFO - [2024-12-19T06:43:24.546+0000] {dag.py:3239} INFO - Sync 1 DAGs
[2024-12-19T06:43:24.560+0000] {logging_mixin.py:190} INFO - [2024-12-19T06:43:24.560+0000] {dag.py:4180} INFO - Setting next_dagrun for example_task_group_decorator to None, run_after=None
[2024-12-19T06:43:24.577+0000] {processor.py:208} INFO - Processing /home/airflow/.local/lib/python3.12/site-packages/airflow/example_dags/example_task_group_decorator.py took 0.085 seconds
[2024-12-19T06:43:56.001+0000] {processor.py:186} INFO - Started process (PID=408) to work on /home/airflow/.local/lib/python3.12/site-packages/airflow/example_dags/example_task_group_decorator.py
[2024-12-19T06:43:56.002+0000] {processor.py:914} INFO - Processing file /home/airflow/.local/lib/python3.12/site-packages/airflow/example_dags/example_task_group_decorator.py for tasks to queue
[2024-12-19T06:43:56.006+0000] {logging_mixin.py:190} INFO - [2024-12-19T06:43:56.006+0000] {dagbag.py:588} INFO - Filling up the DagBag from /home/airflow/.local/lib/python3.12/site-packages/airflow/example_dags/example_task_group_decorator.py
[2024-12-19T06:43:56.025+0000] {processor.py:925} INFO - DAG(s) 'example_task_group_decorator' retrieved from /home/airflow/.local/lib/python3.12/site-packages/airflow/example_dags/example_task_group_decorator.py
[2024-12-19T06:43:56.056+0000] {logging_mixin.py:190} INFO - [2024-12-19T06:43:56.055+0000] {dag.py:3239} INFO - Sync 1 DAGs
[2024-12-19T06:43:56.072+0000] {logging_mixin.py:190} INFO - [2024-12-19T06:43:56.072+0000] {dag.py:4180} INFO - Setting next_dagrun for example_task_group_decorator to None, run_after=None
[2024-12-19T06:43:56.096+0000] {processor.py:208} INFO - Processing /home/airflow/.local/lib/python3.12/site-packages/airflow/example_dags/example_task_group_decorator.py took 0.103 seconds
[2024-12-19T06:44:27.698+0000] {processor.py:186} INFO - Started process (PID=472) to work on /home/airflow/.local/lib/python3.12/site-packages/airflow/example_dags/example_task_group_decorator.py
[2024-12-19T06:44:27.699+0000] {processor.py:914} INFO - Processing file /home/airflow/.local/lib/python3.12/site-packages/airflow/example_dags/example_task_group_decorator.py for tasks to queue
[2024-12-19T06:44:27.702+0000] {logging_mixin.py:190} INFO - [2024-12-19T06:44:27.701+0000] {dagbag.py:588} INFO - Filling up the DagBag from /home/airflow/.local/lib/python3.12/site-packages/airflow/example_dags/example_task_group_decorator.py
[2024-12-19T06:44:27.718+0000] {processor.py:925} INFO - DAG(s) 'example_task_group_decorator' retrieved from /home/airflow/.local/lib/python3.12/site-packages/airflow/example_dags/example_task_group_decorator.py
[2024-12-19T06:44:27.743+0000] {logging_mixin.py:190} INFO - [2024-12-19T06:44:27.742+0000] {dag.py:3239} INFO - Sync 1 DAGs
[2024-12-19T06:44:27.765+0000] {logging_mixin.py:190} INFO - [2024-12-19T06:44:27.765+0000] {dag.py:4180} INFO - Setting next_dagrun for example_task_group_decorator to None, run_after=None
[2024-12-19T06:44:27.785+0000] {processor.py:208} INFO - Processing /home/airflow/.local/lib/python3.12/site-packages/airflow/example_dags/example_task_group_decorator.py took 0.092 seconds
[2024-12-19T06:44:59.347+0000] {processor.py:186} INFO - Started process (PID=536) to work on /home/airflow/.local/lib/python3.12/site-packages/airflow/example_dags/example_task_group_decorator.py
[2024-12-19T06:44:59.348+0000] {processor.py:914} INFO - Processing file /home/airflow/.local/lib/python3.12/site-packages/airflow/example_dags/example_task_group_decorator.py for tasks to queue
[2024-12-19T06:44:59.351+0000] {logging_mixin.py:190} INFO - [2024-12-19T06:44:59.351+0000] {dagbag.py:588} INFO - Filling up the DagBag from /home/airflow/.local/lib/python3.12/site-packages/airflow/example_dags/example_task_group_decorator.py
[2024-12-19T06:44:59.372+0000] {processor.py:925} INFO - DAG(s) 'example_task_group_decorator' retrieved from /home/airflow/.local/lib/python3.12/site-packages/airflow/example_dags/example_task_group_decorator.py
[2024-12-19T06:44:59.402+0000] {logging_mixin.py:190} INFO - [2024-12-19T06:44:59.402+0000] {dag.py:3239} INFO - Sync 1 DAGs
[2024-12-19T06:44:59.418+0000] {logging_mixin.py:190} INFO - [2024-12-19T06:44:59.418+0000] {dag.py:4180} INFO - Setting next_dagrun for example_task_group_decorator to None, run_after=None
[2024-12-19T06:44:59.444+0000] {processor.py:208} INFO - Processing /home/airflow/.local/lib/python3.12/site-packages/airflow/example_dags/example_task_group_decorator.py took 0.104 seconds
[2024-12-19T06:45:31.019+0000] {processor.py:186} INFO - Started process (PID=600) to work on /home/airflow/.local/lib/python3.12/site-packages/airflow/example_dags/example_task_group_decorator.py
[2024-12-19T06:45:31.020+0000] {processor.py:914} INFO - Processing file /home/airflow/.local/lib/python3.12/site-packages/airflow/example_dags/example_task_group_decorator.py for tasks to queue
[2024-12-19T06:45:31.024+0000] {logging_mixin.py:190} INFO - [2024-12-19T06:45:31.023+0000] {dagbag.py:588} INFO - Filling up the DagBag from /home/airflow/.local/lib/python3.12/site-packages/airflow/example_dags/example_task_group_decorator.py
[2024-12-19T06:45:31.040+0000] {processor.py:925} INFO - DAG(s) 'example_task_group_decorator' retrieved from /home/airflow/.local/lib/python3.12/site-packages/airflow/example_dags/example_task_group_decorator.py
[2024-12-19T06:45:31.069+0000] {logging_mixin.py:190} INFO - [2024-12-19T06:45:31.069+0000] {dag.py:3239} INFO - Sync 1 DAGs
[2024-12-19T06:45:31.092+0000] {logging_mixin.py:190} INFO - [2024-12-19T06:45:31.092+0000] {dag.py:4180} INFO - Setting next_dagrun for example_task_group_decorator to None, run_after=None
[2024-12-19T06:45:31.116+0000] {processor.py:208} INFO - Processing /home/airflow/.local/lib/python3.12/site-packages/airflow/example_dags/example_task_group_decorator.py took 0.103 seconds
[2024-12-19T06:46:02.127+0000] {processor.py:186} INFO - Started process (PID=664) to work on /home/airflow/.local/lib/python3.12/site-packages/airflow/example_dags/example_task_group_decorator.py
[2024-12-19T06:46:02.129+0000] {processor.py:914} INFO - Processing file /home/airflow/.local/lib/python3.12/site-packages/airflow/example_dags/example_task_group_decorator.py for tasks to queue
[2024-12-19T06:46:02.132+0000] {logging_mixin.py:190} INFO - [2024-12-19T06:46:02.132+0000] {dagbag.py:588} INFO - Filling up the DagBag from /home/airflow/.local/lib/python3.12/site-packages/airflow/example_dags/example_task_group_decorator.py
[2024-12-19T06:46:02.146+0000] {processor.py:925} INFO - DAG(s) 'example_task_group_decorator' retrieved from /home/airflow/.local/lib/python3.12/site-packages/airflow/example_dags/example_task_group_decorator.py
[2024-12-19T06:46:02.175+0000] {logging_mixin.py:190} INFO - [2024-12-19T06:46:02.175+0000] {dag.py:3239} INFO - Sync 1 DAGs
[2024-12-19T06:46:02.188+0000] {logging_mixin.py:190} INFO - [2024-12-19T06:46:02.188+0000] {dag.py:4180} INFO - Setting next_dagrun for example_task_group_decorator to None, run_after=None
[2024-12-19T06:46:02.208+0000] {processor.py:208} INFO - Processing /home/airflow/.local/lib/python3.12/site-packages/airflow/example_dags/example_task_group_decorator.py took 0.088 seconds
[2024-12-19T06:46:33.617+0000] {processor.py:186} INFO - Started process (PID=728) to work on /home/airflow/.local/lib/python3.12/site-packages/airflow/example_dags/example_task_group_decorator.py
[2024-12-19T06:46:33.619+0000] {processor.py:914} INFO - Processing file /home/airflow/.local/lib/python3.12/site-packages/airflow/example_dags/example_task_group_decorator.py for tasks to queue
[2024-12-19T06:46:33.623+0000] {logging_mixin.py:190} INFO - [2024-12-19T06:46:33.622+0000] {dagbag.py:588} INFO - Filling up the DagBag from /home/airflow/.local/lib/python3.12/site-packages/airflow/example_dags/example_task_group_decorator.py
[2024-12-19T06:46:33.639+0000] {processor.py:925} INFO - DAG(s) 'example_task_group_decorator' retrieved from /home/airflow/.local/lib/python3.12/site-packages/airflow/example_dags/example_task_group_decorator.py
[2024-12-19T06:46:33.664+0000] {logging_mixin.py:190} INFO - [2024-12-19T06:46:33.664+0000] {dag.py:3239} INFO - Sync 1 DAGs
[2024-12-19T06:46:33.679+0000] {logging_mixin.py:190} INFO - [2024-12-19T06:46:33.679+0000] {dag.py:4180} INFO - Setting next_dagrun for example_task_group_decorator to None, run_after=None
[2024-12-19T06:46:33.702+0000] {processor.py:208} INFO - Processing /home/airflow/.local/lib/python3.12/site-packages/airflow/example_dags/example_task_group_decorator.py took 0.094 seconds
[2024-12-19T06:47:04.932+0000] {processor.py:186} INFO - Started process (PID=792) to work on /home/airflow/.local/lib/python3.12/site-packages/airflow/example_dags/example_task_group_decorator.py
[2024-12-19T06:47:04.933+0000] {processor.py:914} INFO - Processing file /home/airflow/.local/lib/python3.12/site-packages/airflow/example_dags/example_task_group_decorator.py for tasks to queue
[2024-12-19T06:47:04.936+0000] {logging_mixin.py:190} INFO - [2024-12-19T06:47:04.936+0000] {dagbag.py:588} INFO - Filling up the DagBag from /home/airflow/.local/lib/python3.12/site-packages/airflow/example_dags/example_task_group_decorator.py
[2024-12-19T06:47:04.951+0000] {processor.py:925} INFO - DAG(s) 'example_task_group_decorator' retrieved from /home/airflow/.local/lib/python3.12/site-packages/airflow/example_dags/example_task_group_decorator.py
[2024-12-19T06:47:04.972+0000] {logging_mixin.py:190} INFO - [2024-12-19T06:47:04.972+0000] {dag.py:3239} INFO - Sync 1 DAGs
[2024-12-19T06:47:04.986+0000] {logging_mixin.py:190} INFO - [2024-12-19T06:47:04.985+0000] {dag.py:4180} INFO - Setting next_dagrun for example_task_group_decorator to None, run_after=None
[2024-12-19T06:47:05.005+0000] {processor.py:208} INFO - Processing /home/airflow/.local/lib/python3.12/site-packages/airflow/example_dags/example_task_group_decorator.py took 0.078 seconds
[2024-12-19T06:47:35.917+0000] {processor.py:186} INFO - Started process (PID=855) to work on /home/airflow/.local/lib/python3.12/site-packages/airflow/example_dags/example_task_group_decorator.py
[2024-12-19T06:47:35.919+0000] {processor.py:914} INFO - Processing file /home/airflow/.local/lib/python3.12/site-packages/airflow/example_dags/example_task_group_decorator.py for tasks to queue
[2024-12-19T06:47:35.924+0000] {logging_mixin.py:190} INFO - [2024-12-19T06:47:35.923+0000] {dagbag.py:588} INFO - Filling up the DagBag from /home/airflow/.local/lib/python3.12/site-packages/airflow/example_dags/example_task_group_decorator.py
[2024-12-19T06:47:35.944+0000] {processor.py:925} INFO - DAG(s) 'example_task_group_decorator' retrieved from /home/airflow/.local/lib/python3.12/site-packages/airflow/example_dags/example_task_group_decorator.py
[2024-12-19T06:47:35.973+0000] {logging_mixin.py:190} INFO - [2024-12-19T06:47:35.973+0000] {dag.py:3239} INFO - Sync 1 DAGs
[2024-12-19T06:47:35.987+0000] {logging_mixin.py:190} INFO - [2024-12-19T06:47:35.987+0000] {dag.py:4180} INFO - Setting next_dagrun for example_task_group_decorator to None, run_after=None
[2024-12-19T06:47:36.009+0000] {processor.py:208} INFO - Processing /home/airflow/.local/lib/python3.12/site-packages/airflow/example_dags/example_task_group_decorator.py took 0.100 seconds
[2024-12-19T06:48:06.955+0000] {processor.py:186} INFO - Started process (PID=918) to work on /home/airflow/.local/lib/python3.12/site-packages/airflow/example_dags/example_task_group_decorator.py
[2024-12-19T06:48:06.956+0000] {processor.py:914} INFO - Processing file /home/airflow/.local/lib/python3.12/site-packages/airflow/example_dags/example_task_group_decorator.py for tasks to queue
[2024-12-19T06:48:06.959+0000] {logging_mixin.py:190} INFO - [2024-12-19T06:48:06.959+0000] {dagbag.py:588} INFO - Filling up the DagBag from /home/airflow/.local/lib/python3.12/site-packages/airflow/example_dags/example_task_group_decorator.py
[2024-12-19T06:48:06.977+0000] {processor.py:925} INFO - DAG(s) 'example_task_group_decorator' retrieved from /home/airflow/.local/lib/python3.12/site-packages/airflow/example_dags/example_task_group_decorator.py
[2024-12-19T06:48:07.005+0000] {logging_mixin.py:190} INFO - [2024-12-19T06:48:07.005+0000] {dag.py:3239} INFO - Sync 1 DAGs
[2024-12-19T06:48:07.022+0000] {logging_mixin.py:190} INFO - [2024-12-19T06:48:07.021+0000] {dag.py:4180} INFO - Setting next_dagrun for example_task_group_decorator to None, run_after=None
[2024-12-19T06:48:07.043+0000] {processor.py:208} INFO - Processing /home/airflow/.local/lib/python3.12/site-packages/airflow/example_dags/example_task_group_decorator.py took 0.096 seconds
