[2024-12-19T06:41:20.786+0000] {processor.py:186} INFO - Started process (PID=109) to work on /home/airflow/.local/lib/python3.12/site-packages/airflow/example_dags/example_skip_dag.py
[2024-12-19T06:41:20.788+0000] {processor.py:914} INFO - Processing file /home/airflow/.local/lib/python3.12/site-packages/airflow/example_dags/example_skip_dag.py for tasks to queue
[2024-12-19T06:41:20.792+0000] {logging_mixin.py:190} INFO - [2024-12-19T06:41:20.791+0000] {dagbag.py:588} INFO - Filling up the DagBag from /home/airflow/.local/lib/python3.12/site-packages/airflow/example_dags/example_skip_dag.py
[2024-12-19T06:41:20.804+0000] {processor.py:925} INFO - DAG(s) 'example_skip_dag' retrieved from /home/airflow/.local/lib/python3.12/site-packages/airflow/example_dags/example_skip_dag.py
[2024-12-19T06:41:20.833+0000] {logging_mixin.py:190} INFO - [2024-12-19T06:41:20.833+0000] {dag.py:3239} INFO - Sync 1 DAGs
[2024-12-19T06:41:20.864+0000] {logging_mixin.py:190} INFO - [2024-12-19T06:41:20.864+0000] {dag.py:4180} INFO - Setting next_dagrun for example_skip_dag to 2024-12-18 00:00:00+00:00, run_after=2024-12-19 00:00:00+00:00
[2024-12-19T06:41:20.887+0000] {processor.py:208} INFO - Processing /home/airflow/.local/lib/python3.12/site-packages/airflow/example_dags/example_skip_dag.py took 0.108 seconds
[2024-12-19T06:41:51.780+0000] {processor.py:186} INFO - Started process (PID=173) to work on /home/airflow/.local/lib/python3.12/site-packages/airflow/example_dags/example_skip_dag.py
[2024-12-19T06:41:51.781+0000] {processor.py:914} INFO - Processing file /home/airflow/.local/lib/python3.12/site-packages/airflow/example_dags/example_skip_dag.py for tasks to queue
[2024-12-19T06:41:51.784+0000] {logging_mixin.py:190} INFO - [2024-12-19T06:41:51.784+0000] {dagbag.py:588} INFO - Filling up the DagBag from /home/airflow/.local/lib/python3.12/site-packages/airflow/example_dags/example_skip_dag.py
[2024-12-19T06:41:51.792+0000] {processor.py:925} INFO - DAG(s) 'example_skip_dag' retrieved from /home/airflow/.local/lib/python3.12/site-packages/airflow/example_dags/example_skip_dag.py
[2024-12-19T06:41:51.810+0000] {logging_mixin.py:190} INFO - [2024-12-19T06:41:51.810+0000] {dag.py:3239} INFO - Sync 1 DAGs
[2024-12-19T06:41:51.831+0000] {logging_mixin.py:190} INFO - [2024-12-19T06:41:51.830+0000] {dag.py:4180} INFO - Setting next_dagrun for example_skip_dag to 2024-12-18 00:00:00+00:00, run_after=2024-12-19 00:00:00+00:00
[2024-12-19T06:41:51.851+0000] {processor.py:208} INFO - Processing /home/airflow/.local/lib/python3.12/site-packages/airflow/example_dags/example_skip_dag.py took 0.076 seconds
[2024-12-19T06:42:23.845+0000] {processor.py:186} INFO - Started process (PID=237) to work on /home/airflow/.local/lib/python3.12/site-packages/airflow/example_dags/example_skip_dag.py
[2024-12-19T06:42:23.846+0000] {processor.py:914} INFO - Processing file /home/airflow/.local/lib/python3.12/site-packages/airflow/example_dags/example_skip_dag.py for tasks to queue
[2024-12-19T06:42:23.849+0000] {logging_mixin.py:190} INFO - [2024-12-19T06:42:23.848+0000] {dagbag.py:588} INFO - Filling up the DagBag from /home/airflow/.local/lib/python3.12/site-packages/airflow/example_dags/example_skip_dag.py
[2024-12-19T06:42:23.856+0000] {processor.py:925} INFO - DAG(s) 'example_skip_dag' retrieved from /home/airflow/.local/lib/python3.12/site-packages/airflow/example_dags/example_skip_dag.py
[2024-12-19T06:42:23.877+0000] {logging_mixin.py:190} INFO - [2024-12-19T06:42:23.876+0000] {dag.py:3239} INFO - Sync 1 DAGs
[2024-12-19T06:42:23.899+0000] {logging_mixin.py:190} INFO - [2024-12-19T06:42:23.898+0000] {dag.py:4180} INFO - Setting next_dagrun for example_skip_dag to 2024-12-18 00:00:00+00:00, run_after=2024-12-19 00:00:00+00:00
[2024-12-19T06:42:23.916+0000] {processor.py:208} INFO - Processing /home/airflow/.local/lib/python3.12/site-packages/airflow/example_dags/example_skip_dag.py took 0.076 seconds
[2024-12-19T06:42:55.093+0000] {processor.py:186} INFO - Started process (PID=301) to work on /home/airflow/.local/lib/python3.12/site-packages/airflow/example_dags/example_skip_dag.py
[2024-12-19T06:42:55.094+0000] {processor.py:914} INFO - Processing file /home/airflow/.local/lib/python3.12/site-packages/airflow/example_dags/example_skip_dag.py for tasks to queue
[2024-12-19T06:42:55.097+0000] {logging_mixin.py:190} INFO - [2024-12-19T06:42:55.097+0000] {dagbag.py:588} INFO - Filling up the DagBag from /home/airflow/.local/lib/python3.12/site-packages/airflow/example_dags/example_skip_dag.py
[2024-12-19T06:42:55.108+0000] {processor.py:925} INFO - DAG(s) 'example_skip_dag' retrieved from /home/airflow/.local/lib/python3.12/site-packages/airflow/example_dags/example_skip_dag.py
[2024-12-19T06:42:55.131+0000] {logging_mixin.py:190} INFO - [2024-12-19T06:42:55.131+0000] {dag.py:3239} INFO - Sync 1 DAGs
[2024-12-19T06:42:55.151+0000] {logging_mixin.py:190} INFO - [2024-12-19T06:42:55.151+0000] {dag.py:4180} INFO - Setting next_dagrun for example_skip_dag to 2024-12-18 00:00:00+00:00, run_after=2024-12-19 00:00:00+00:00
[2024-12-19T06:42:55.168+0000] {processor.py:208} INFO - Processing /home/airflow/.local/lib/python3.12/site-packages/airflow/example_dags/example_skip_dag.py took 0.081 seconds
[2024-12-19T06:43:26.300+0000] {processor.py:186} INFO - Started process (PID=365) to work on /home/airflow/.local/lib/python3.12/site-packages/airflow/example_dags/example_skip_dag.py
[2024-12-19T06:43:26.301+0000] {processor.py:914} INFO - Processing file /home/airflow/.local/lib/python3.12/site-packages/airflow/example_dags/example_skip_dag.py for tasks to queue
[2024-12-19T06:43:26.303+0000] {logging_mixin.py:190} INFO - [2024-12-19T06:43:26.302+0000] {dagbag.py:588} INFO - Filling up the DagBag from /home/airflow/.local/lib/python3.12/site-packages/airflow/example_dags/example_skip_dag.py
[2024-12-19T06:43:26.310+0000] {processor.py:925} INFO - DAG(s) 'example_skip_dag' retrieved from /home/airflow/.local/lib/python3.12/site-packages/airflow/example_dags/example_skip_dag.py
[2024-12-19T06:43:26.328+0000] {logging_mixin.py:190} INFO - [2024-12-19T06:43:26.328+0000] {dag.py:3239} INFO - Sync 1 DAGs
[2024-12-19T06:43:26.349+0000] {logging_mixin.py:190} INFO - [2024-12-19T06:43:26.349+0000] {dag.py:4180} INFO - Setting next_dagrun for example_skip_dag to 2024-12-18 00:00:00+00:00, run_after=2024-12-19 00:00:00+00:00
[2024-12-19T06:43:26.366+0000] {processor.py:208} INFO - Processing /home/airflow/.local/lib/python3.12/site-packages/airflow/example_dags/example_skip_dag.py took 0.072 seconds
[2024-12-19T06:43:58.201+0000] {processor.py:186} INFO - Started process (PID=429) to work on /home/airflow/.local/lib/python3.12/site-packages/airflow/example_dags/example_skip_dag.py
[2024-12-19T06:43:58.203+0000] {processor.py:914} INFO - Processing file /home/airflow/.local/lib/python3.12/site-packages/airflow/example_dags/example_skip_dag.py for tasks to queue
[2024-12-19T06:43:58.207+0000] {logging_mixin.py:190} INFO - [2024-12-19T06:43:58.206+0000] {dagbag.py:588} INFO - Filling up the DagBag from /home/airflow/.local/lib/python3.12/site-packages/airflow/example_dags/example_skip_dag.py
[2024-12-19T06:43:58.218+0000] {processor.py:925} INFO - DAG(s) 'example_skip_dag' retrieved from /home/airflow/.local/lib/python3.12/site-packages/airflow/example_dags/example_skip_dag.py
[2024-12-19T06:43:58.241+0000] {logging_mixin.py:190} INFO - [2024-12-19T06:43:58.241+0000] {dag.py:3239} INFO - Sync 1 DAGs
[2024-12-19T06:43:58.269+0000] {logging_mixin.py:190} INFO - [2024-12-19T06:43:58.269+0000] {dag.py:4180} INFO - Setting next_dagrun for example_skip_dag to 2024-12-18 00:00:00+00:00, run_after=2024-12-19 00:00:00+00:00
[2024-12-19T06:43:58.290+0000] {processor.py:208} INFO - Processing /home/airflow/.local/lib/python3.12/site-packages/airflow/example_dags/example_skip_dag.py took 0.096 seconds
[2024-12-19T06:44:29.901+0000] {processor.py:186} INFO - Started process (PID=493) to work on /home/airflow/.local/lib/python3.12/site-packages/airflow/example_dags/example_skip_dag.py
[2024-12-19T06:44:29.903+0000] {processor.py:914} INFO - Processing file /home/airflow/.local/lib/python3.12/site-packages/airflow/example_dags/example_skip_dag.py for tasks to queue
[2024-12-19T06:44:29.907+0000] {logging_mixin.py:190} INFO - [2024-12-19T06:44:29.907+0000] {dagbag.py:588} INFO - Filling up the DagBag from /home/airflow/.local/lib/python3.12/site-packages/airflow/example_dags/example_skip_dag.py
[2024-12-19T06:44:29.918+0000] {processor.py:925} INFO - DAG(s) 'example_skip_dag' retrieved from /home/airflow/.local/lib/python3.12/site-packages/airflow/example_dags/example_skip_dag.py
[2024-12-19T06:44:29.947+0000] {logging_mixin.py:190} INFO - [2024-12-19T06:44:29.946+0000] {dag.py:3239} INFO - Sync 1 DAGs
[2024-12-19T06:44:29.982+0000] {logging_mixin.py:190} INFO - [2024-12-19T06:44:29.982+0000] {dag.py:4180} INFO - Setting next_dagrun for example_skip_dag to 2024-12-18 00:00:00+00:00, run_after=2024-12-19 00:00:00+00:00
[2024-12-19T06:44:30.008+0000] {processor.py:208} INFO - Processing /home/airflow/.local/lib/python3.12/site-packages/airflow/example_dags/example_skip_dag.py took 0.114 seconds
[2024-12-19T06:45:01.867+0000] {processor.py:186} INFO - Started process (PID=557) to work on /home/airflow/.local/lib/python3.12/site-packages/airflow/example_dags/example_skip_dag.py
[2024-12-19T06:45:01.868+0000] {processor.py:914} INFO - Processing file /home/airflow/.local/lib/python3.12/site-packages/airflow/example_dags/example_skip_dag.py for tasks to queue
[2024-12-19T06:45:01.871+0000] {logging_mixin.py:190} INFO - [2024-12-19T06:45:01.871+0000] {dagbag.py:588} INFO - Filling up the DagBag from /home/airflow/.local/lib/python3.12/site-packages/airflow/example_dags/example_skip_dag.py
[2024-12-19T06:45:01.879+0000] {processor.py:925} INFO - DAG(s) 'example_skip_dag' retrieved from /home/airflow/.local/lib/python3.12/site-packages/airflow/example_dags/example_skip_dag.py
[2024-12-19T06:45:01.903+0000] {logging_mixin.py:190} INFO - [2024-12-19T06:45:01.903+0000] {dag.py:3239} INFO - Sync 1 DAGs
[2024-12-19T06:45:01.928+0000] {logging_mixin.py:190} INFO - [2024-12-19T06:45:01.928+0000] {dag.py:4180} INFO - Setting next_dagrun for example_skip_dag to 2024-12-18 00:00:00+00:00, run_after=2024-12-19 00:00:00+00:00
[2024-12-19T06:45:01.953+0000] {processor.py:208} INFO - Processing /home/airflow/.local/lib/python3.12/site-packages/airflow/example_dags/example_skip_dag.py took 0.093 seconds
[2024-12-19T06:45:33.480+0000] {processor.py:186} INFO - Started process (PID=621) to work on /home/airflow/.local/lib/python3.12/site-packages/airflow/example_dags/example_skip_dag.py
[2024-12-19T06:45:33.481+0000] {processor.py:914} INFO - Processing file /home/airflow/.local/lib/python3.12/site-packages/airflow/example_dags/example_skip_dag.py for tasks to queue
[2024-12-19T06:45:33.484+0000] {logging_mixin.py:190} INFO - [2024-12-19T06:45:33.483+0000] {dagbag.py:588} INFO - Filling up the DagBag from /home/airflow/.local/lib/python3.12/site-packages/airflow/example_dags/example_skip_dag.py
[2024-12-19T06:45:33.493+0000] {processor.py:925} INFO - DAG(s) 'example_skip_dag' retrieved from /home/airflow/.local/lib/python3.12/site-packages/airflow/example_dags/example_skip_dag.py
[2024-12-19T06:45:33.522+0000] {logging_mixin.py:190} INFO - [2024-12-19T06:45:33.521+0000] {dag.py:3239} INFO - Sync 1 DAGs
[2024-12-19T06:45:33.547+0000] {logging_mixin.py:190} INFO - [2024-12-19T06:45:33.547+0000] {dag.py:4180} INFO - Setting next_dagrun for example_skip_dag to 2024-12-18 00:00:00+00:00, run_after=2024-12-19 00:00:00+00:00
[2024-12-19T06:45:33.569+0000] {processor.py:208} INFO - Processing /home/airflow/.local/lib/python3.12/site-packages/airflow/example_dags/example_skip_dag.py took 0.097 seconds
[2024-12-19T06:46:05.194+0000] {processor.py:186} INFO - Started process (PID=685) to work on /home/airflow/.local/lib/python3.12/site-packages/airflow/example_dags/example_skip_dag.py
[2024-12-19T06:46:05.196+0000] {processor.py:914} INFO - Processing file /home/airflow/.local/lib/python3.12/site-packages/airflow/example_dags/example_skip_dag.py for tasks to queue
[2024-12-19T06:46:05.199+0000] {logging_mixin.py:190} INFO - [2024-12-19T06:46:05.198+0000] {dagbag.py:588} INFO - Filling up the DagBag from /home/airflow/.local/lib/python3.12/site-packages/airflow/example_dags/example_skip_dag.py
[2024-12-19T06:46:05.208+0000] {processor.py:925} INFO - DAG(s) 'example_skip_dag' retrieved from /home/airflow/.local/lib/python3.12/site-packages/airflow/example_dags/example_skip_dag.py
[2024-12-19T06:46:05.231+0000] {logging_mixin.py:190} INFO - [2024-12-19T06:46:05.231+0000] {dag.py:3239} INFO - Sync 1 DAGs
[2024-12-19T06:46:05.256+0000] {logging_mixin.py:190} INFO - [2024-12-19T06:46:05.256+0000] {dag.py:4180} INFO - Setting next_dagrun for example_skip_dag to 2024-12-18 00:00:00+00:00, run_after=2024-12-19 00:00:00+00:00
[2024-12-19T06:46:05.278+0000] {processor.py:208} INFO - Processing /home/airflow/.local/lib/python3.12/site-packages/airflow/example_dags/example_skip_dag.py took 0.090 seconds
[2024-12-19T06:46:35.827+0000] {processor.py:186} INFO - Started process (PID=749) to work on /home/airflow/.local/lib/python3.12/site-packages/airflow/example_dags/example_skip_dag.py
[2024-12-19T06:46:35.828+0000] {processor.py:914} INFO - Processing file /home/airflow/.local/lib/python3.12/site-packages/airflow/example_dags/example_skip_dag.py for tasks to queue
[2024-12-19T06:46:35.831+0000] {logging_mixin.py:190} INFO - [2024-12-19T06:46:35.830+0000] {dagbag.py:588} INFO - Filling up the DagBag from /home/airflow/.local/lib/python3.12/site-packages/airflow/example_dags/example_skip_dag.py
[2024-12-19T06:46:35.838+0000] {processor.py:925} INFO - DAG(s) 'example_skip_dag' retrieved from /home/airflow/.local/lib/python3.12/site-packages/airflow/example_dags/example_skip_dag.py
[2024-12-19T06:46:35.870+0000] {logging_mixin.py:190} INFO - [2024-12-19T06:46:35.870+0000] {dag.py:3239} INFO - Sync 1 DAGs
[2024-12-19T06:46:35.897+0000] {logging_mixin.py:190} INFO - [2024-12-19T06:46:35.896+0000] {dag.py:4180} INFO - Setting next_dagrun for example_skip_dag to 2024-12-18 00:00:00+00:00, run_after=2024-12-19 00:00:00+00:00
[2024-12-19T06:46:35.922+0000] {processor.py:208} INFO - Processing /home/airflow/.local/lib/python3.12/site-packages/airflow/example_dags/example_skip_dag.py took 0.101 seconds
[2024-12-19T06:47:07.013+0000] {processor.py:186} INFO - Started process (PID=813) to work on /home/airflow/.local/lib/python3.12/site-packages/airflow/example_dags/example_skip_dag.py
[2024-12-19T06:47:07.015+0000] {processor.py:914} INFO - Processing file /home/airflow/.local/lib/python3.12/site-packages/airflow/example_dags/example_skip_dag.py for tasks to queue
[2024-12-19T06:47:07.018+0000] {logging_mixin.py:190} INFO - [2024-12-19T06:47:07.018+0000] {dagbag.py:588} INFO - Filling up the DagBag from /home/airflow/.local/lib/python3.12/site-packages/airflow/example_dags/example_skip_dag.py
[2024-12-19T06:47:07.028+0000] {processor.py:925} INFO - DAG(s) 'example_skip_dag' retrieved from /home/airflow/.local/lib/python3.12/site-packages/airflow/example_dags/example_skip_dag.py
[2024-12-19T06:47:07.056+0000] {logging_mixin.py:190} INFO - [2024-12-19T06:47:07.056+0000] {dag.py:3239} INFO - Sync 1 DAGs
[2024-12-19T06:47:07.085+0000] {logging_mixin.py:190} INFO - [2024-12-19T06:47:07.085+0000] {dag.py:4180} INFO - Setting next_dagrun for example_skip_dag to 2024-12-18 00:00:00+00:00, run_after=2024-12-19 00:00:00+00:00
[2024-12-19T06:47:07.112+0000] {processor.py:208} INFO - Processing /home/airflow/.local/lib/python3.12/site-packages/airflow/example_dags/example_skip_dag.py took 0.107 seconds
[2024-12-19T06:47:38.720+0000] {processor.py:186} INFO - Started process (PID=876) to work on /home/airflow/.local/lib/python3.12/site-packages/airflow/example_dags/example_skip_dag.py
[2024-12-19T06:47:38.721+0000] {processor.py:914} INFO - Processing file /home/airflow/.local/lib/python3.12/site-packages/airflow/example_dags/example_skip_dag.py for tasks to queue
[2024-12-19T06:47:38.723+0000] {logging_mixin.py:190} INFO - [2024-12-19T06:47:38.723+0000] {dagbag.py:588} INFO - Filling up the DagBag from /home/airflow/.local/lib/python3.12/site-packages/airflow/example_dags/example_skip_dag.py
[2024-12-19T06:47:38.730+0000] {processor.py:925} INFO - DAG(s) 'example_skip_dag' retrieved from /home/airflow/.local/lib/python3.12/site-packages/airflow/example_dags/example_skip_dag.py
[2024-12-19T06:47:38.749+0000] {logging_mixin.py:190} INFO - [2024-12-19T06:47:38.749+0000] {dag.py:3239} INFO - Sync 1 DAGs
[2024-12-19T06:47:38.773+0000] {logging_mixin.py:190} INFO - [2024-12-19T06:47:38.773+0000] {dag.py:4180} INFO - Setting next_dagrun for example_skip_dag to 2024-12-18 00:00:00+00:00, run_after=2024-12-19 00:00:00+00:00
[2024-12-19T06:47:38.792+0000] {processor.py:208} INFO - Processing /home/airflow/.local/lib/python3.12/site-packages/airflow/example_dags/example_skip_dag.py took 0.078 seconds
[2024-12-19T06:48:09.993+0000] {processor.py:186} INFO - Started process (PID=939) to work on /home/airflow/.local/lib/python3.12/site-packages/airflow/example_dags/example_skip_dag.py
[2024-12-19T06:48:09.995+0000] {processor.py:914} INFO - Processing file /home/airflow/.local/lib/python3.12/site-packages/airflow/example_dags/example_skip_dag.py for tasks to queue
[2024-12-19T06:48:09.997+0000] {logging_mixin.py:190} INFO - [2024-12-19T06:48:09.997+0000] {dagbag.py:588} INFO - Filling up the DagBag from /home/airflow/.local/lib/python3.12/site-packages/airflow/example_dags/example_skip_dag.py
[2024-12-19T06:48:10.009+0000] {processor.py:925} INFO - DAG(s) 'example_skip_dag' retrieved from /home/airflow/.local/lib/python3.12/site-packages/airflow/example_dags/example_skip_dag.py
[2024-12-19T06:48:10.040+0000] {logging_mixin.py:190} INFO - [2024-12-19T06:48:10.040+0000] {dag.py:3239} INFO - Sync 1 DAGs
[2024-12-19T06:48:10.068+0000] {logging_mixin.py:190} INFO - [2024-12-19T06:48:10.068+0000] {dag.py:4180} INFO - Setting next_dagrun for example_skip_dag to 2024-12-18 00:00:00+00:00, run_after=2024-12-19 00:00:00+00:00
[2024-12-19T06:48:10.092+0000] {processor.py:208} INFO - Processing /home/airflow/.local/lib/python3.12/site-packages/airflow/example_dags/example_skip_dag.py took 0.108 seconds
