[2024-12-19T06:41:18.705+0000] {processor.py:186} INFO - Started process (PID=84) to work on /home/airflow/.local/lib/python3.12/site-packages/airflow/example_dags/example_complex.py
[2024-12-19T06:41:18.706+0000] {processor.py:914} INFO - Processing file /home/airflow/.local/lib/python3.12/site-packages/airflow/example_dags/example_complex.py for tasks to queue
[2024-12-19T06:41:18.708+0000] {logging_mixin.py:190} INFO - [2024-12-19T06:41:18.708+0000] {dagbag.py:588} INFO - Filling up the DagBag from /home/airflow/.local/lib/python3.12/site-packages/airflow/example_dags/example_complex.py
[2024-12-19T06:41:18.719+0000] {processor.py:925} INFO - DAG(s) 'example_complex' retrieved from /home/airflow/.local/lib/python3.12/site-packages/airflow/example_dags/example_complex.py
[2024-12-19T06:41:18.745+0000] {logging_mixin.py:190} INFO - [2024-12-19T06:41:18.745+0000] {dag.py:3239} INFO - Sync 1 DAGs
[2024-12-19T06:41:18.759+0000] {logging_mixin.py:190} INFO - [2024-12-19T06:41:18.759+0000] {dag.py:4180} INFO - Setting next_dagrun for example_complex to None, run_after=None
[2024-12-19T06:41:18.777+0000] {processor.py:208} INFO - Processing /home/airflow/.local/lib/python3.12/site-packages/airflow/example_dags/example_complex.py took 0.076 seconds
[2024-12-19T06:41:50.283+0000] {processor.py:186} INFO - Started process (PID=154) to work on /home/airflow/.local/lib/python3.12/site-packages/airflow/example_dags/example_complex.py
[2024-12-19T06:41:50.285+0000] {processor.py:914} INFO - Processing file /home/airflow/.local/lib/python3.12/site-packages/airflow/example_dags/example_complex.py for tasks to queue
[2024-12-19T06:41:50.287+0000] {logging_mixin.py:190} INFO - [2024-12-19T06:41:50.287+0000] {dagbag.py:588} INFO - Filling up the DagBag from /home/airflow/.local/lib/python3.12/site-packages/airflow/example_dags/example_complex.py
[2024-12-19T06:41:50.297+0000] {processor.py:925} INFO - DAG(s) 'example_complex' retrieved from /home/airflow/.local/lib/python3.12/site-packages/airflow/example_dags/example_complex.py
[2024-12-19T06:41:50.326+0000] {logging_mixin.py:190} INFO - [2024-12-19T06:41:50.326+0000] {dag.py:3239} INFO - Sync 1 DAGs
[2024-12-19T06:41:50.338+0000] {logging_mixin.py:190} INFO - [2024-12-19T06:41:50.338+0000] {dag.py:4180} INFO - Setting next_dagrun for example_complex to None, run_after=None
[2024-12-19T06:41:50.364+0000] {processor.py:208} INFO - Processing /home/airflow/.local/lib/python3.12/site-packages/airflow/example_dags/example_complex.py took 0.086 seconds
[2024-12-19T06:42:21.547+0000] {processor.py:186} INFO - Started process (PID=218) to work on /home/airflow/.local/lib/python3.12/site-packages/airflow/example_dags/example_complex.py
[2024-12-19T06:42:21.548+0000] {processor.py:914} INFO - Processing file /home/airflow/.local/lib/python3.12/site-packages/airflow/example_dags/example_complex.py for tasks to queue
[2024-12-19T06:42:21.550+0000] {logging_mixin.py:190} INFO - [2024-12-19T06:42:21.550+0000] {dagbag.py:588} INFO - Filling up the DagBag from /home/airflow/.local/lib/python3.12/site-packages/airflow/example_dags/example_complex.py
[2024-12-19T06:42:21.562+0000] {processor.py:925} INFO - DAG(s) 'example_complex' retrieved from /home/airflow/.local/lib/python3.12/site-packages/airflow/example_dags/example_complex.py
[2024-12-19T06:42:21.598+0000] {logging_mixin.py:190} INFO - [2024-12-19T06:42:21.597+0000] {dag.py:3239} INFO - Sync 1 DAGs
[2024-12-19T06:42:21.612+0000] {logging_mixin.py:190} INFO - [2024-12-19T06:42:21.612+0000] {dag.py:4180} INFO - Setting next_dagrun for example_complex to None, run_after=None
[2024-12-19T06:42:21.634+0000] {processor.py:208} INFO - Processing /home/airflow/.local/lib/python3.12/site-packages/airflow/example_dags/example_complex.py took 0.094 seconds
[2024-12-19T06:42:53.360+0000] {processor.py:186} INFO - Started process (PID=282) to work on /home/airflow/.local/lib/python3.12/site-packages/airflow/example_dags/example_complex.py
[2024-12-19T06:42:53.361+0000] {processor.py:914} INFO - Processing file /home/airflow/.local/lib/python3.12/site-packages/airflow/example_dags/example_complex.py for tasks to queue
[2024-12-19T06:42:53.364+0000] {logging_mixin.py:190} INFO - [2024-12-19T06:42:53.363+0000] {dagbag.py:588} INFO - Filling up the DagBag from /home/airflow/.local/lib/python3.12/site-packages/airflow/example_dags/example_complex.py
[2024-12-19T06:42:53.374+0000] {processor.py:925} INFO - DAG(s) 'example_complex' retrieved from /home/airflow/.local/lib/python3.12/site-packages/airflow/example_dags/example_complex.py
[2024-12-19T06:42:53.414+0000] {logging_mixin.py:190} INFO - [2024-12-19T06:42:53.412+0000] {dag.py:3239} INFO - Sync 1 DAGs
[2024-12-19T06:42:53.429+0000] {logging_mixin.py:190} INFO - [2024-12-19T06:42:53.428+0000] {dag.py:4180} INFO - Setting next_dagrun for example_complex to None, run_after=None
[2024-12-19T06:42:53.447+0000] {processor.py:208} INFO - Processing /home/airflow/.local/lib/python3.12/site-packages/airflow/example_dags/example_complex.py took 0.092 seconds
[2024-12-19T06:43:24.611+0000] {processor.py:186} INFO - Started process (PID=346) to work on /home/airflow/.local/lib/python3.12/site-packages/airflow/example_dags/example_complex.py
[2024-12-19T06:43:24.613+0000] {processor.py:914} INFO - Processing file /home/airflow/.local/lib/python3.12/site-packages/airflow/example_dags/example_complex.py for tasks to queue
[2024-12-19T06:43:24.616+0000] {logging_mixin.py:190} INFO - [2024-12-19T06:43:24.615+0000] {dagbag.py:588} INFO - Filling up the DagBag from /home/airflow/.local/lib/python3.12/site-packages/airflow/example_dags/example_complex.py
[2024-12-19T06:43:24.633+0000] {processor.py:925} INFO - DAG(s) 'example_complex' retrieved from /home/airflow/.local/lib/python3.12/site-packages/airflow/example_dags/example_complex.py
[2024-12-19T06:43:24.663+0000] {logging_mixin.py:190} INFO - [2024-12-19T06:43:24.663+0000] {dag.py:3239} INFO - Sync 1 DAGs
[2024-12-19T06:43:24.677+0000] {logging_mixin.py:190} INFO - [2024-12-19T06:43:24.677+0000] {dag.py:4180} INFO - Setting next_dagrun for example_complex to None, run_after=None
[2024-12-19T06:43:24.698+0000] {processor.py:208} INFO - Processing /home/airflow/.local/lib/python3.12/site-packages/airflow/example_dags/example_complex.py took 0.092 seconds
[2024-12-19T06:43:56.138+0000] {processor.py:186} INFO - Started process (PID=410) to work on /home/airflow/.local/lib/python3.12/site-packages/airflow/example_dags/example_complex.py
[2024-12-19T06:43:56.139+0000] {processor.py:914} INFO - Processing file /home/airflow/.local/lib/python3.12/site-packages/airflow/example_dags/example_complex.py for tasks to queue
[2024-12-19T06:43:56.142+0000] {logging_mixin.py:190} INFO - [2024-12-19T06:43:56.142+0000] {dagbag.py:588} INFO - Filling up the DagBag from /home/airflow/.local/lib/python3.12/site-packages/airflow/example_dags/example_complex.py
[2024-12-19T06:43:56.160+0000] {processor.py:925} INFO - DAG(s) 'example_complex' retrieved from /home/airflow/.local/lib/python3.12/site-packages/airflow/example_dags/example_complex.py
[2024-12-19T06:43:56.206+0000] {logging_mixin.py:190} INFO - [2024-12-19T06:43:56.205+0000] {dag.py:3239} INFO - Sync 1 DAGs
[2024-12-19T06:43:56.226+0000] {logging_mixin.py:190} INFO - [2024-12-19T06:43:56.225+0000] {dag.py:4180} INFO - Setting next_dagrun for example_complex to None, run_after=None
[2024-12-19T06:43:56.253+0000] {processor.py:208} INFO - Processing /home/airflow/.local/lib/python3.12/site-packages/airflow/example_dags/example_complex.py took 0.126 seconds
[2024-12-19T06:44:27.814+0000] {processor.py:186} INFO - Started process (PID=474) to work on /home/airflow/.local/lib/python3.12/site-packages/airflow/example_dags/example_complex.py
[2024-12-19T06:44:27.820+0000] {processor.py:914} INFO - Processing file /home/airflow/.local/lib/python3.12/site-packages/airflow/example_dags/example_complex.py for tasks to queue
[2024-12-19T06:44:27.823+0000] {logging_mixin.py:190} INFO - [2024-12-19T06:44:27.822+0000] {dagbag.py:588} INFO - Filling up the DagBag from /home/airflow/.local/lib/python3.12/site-packages/airflow/example_dags/example_complex.py
[2024-12-19T06:44:27.839+0000] {processor.py:925} INFO - DAG(s) 'example_complex' retrieved from /home/airflow/.local/lib/python3.12/site-packages/airflow/example_dags/example_complex.py
[2024-12-19T06:44:27.867+0000] {logging_mixin.py:190} INFO - [2024-12-19T06:44:27.866+0000] {dag.py:3239} INFO - Sync 1 DAGs
[2024-12-19T06:44:27.881+0000] {logging_mixin.py:190} INFO - [2024-12-19T06:44:27.881+0000] {dag.py:4180} INFO - Setting next_dagrun for example_complex to None, run_after=None
[2024-12-19T06:44:27.905+0000] {processor.py:208} INFO - Processing /home/airflow/.local/lib/python3.12/site-packages/airflow/example_dags/example_complex.py took 0.096 seconds
[2024-12-19T06:44:59.588+0000] {processor.py:186} INFO - Started process (PID=538) to work on /home/airflow/.local/lib/python3.12/site-packages/airflow/example_dags/example_complex.py
[2024-12-19T06:44:59.589+0000] {processor.py:914} INFO - Processing file /home/airflow/.local/lib/python3.12/site-packages/airflow/example_dags/example_complex.py for tasks to queue
[2024-12-19T06:44:59.591+0000] {logging_mixin.py:190} INFO - [2024-12-19T06:44:59.591+0000] {dagbag.py:588} INFO - Filling up the DagBag from /home/airflow/.local/lib/python3.12/site-packages/airflow/example_dags/example_complex.py
[2024-12-19T06:44:59.607+0000] {processor.py:925} INFO - DAG(s) 'example_complex' retrieved from /home/airflow/.local/lib/python3.12/site-packages/airflow/example_dags/example_complex.py
[2024-12-19T06:44:59.637+0000] {logging_mixin.py:190} INFO - [2024-12-19T06:44:59.636+0000] {dag.py:3239} INFO - Sync 1 DAGs
[2024-12-19T06:44:59.650+0000] {logging_mixin.py:190} INFO - [2024-12-19T06:44:59.650+0000] {dag.py:4180} INFO - Setting next_dagrun for example_complex to None, run_after=None
[2024-12-19T06:44:59.674+0000] {processor.py:208} INFO - Processing /home/airflow/.local/lib/python3.12/site-packages/airflow/example_dags/example_complex.py took 0.092 seconds
[2024-12-19T06:45:31.158+0000] {processor.py:186} INFO - Started process (PID=602) to work on /home/airflow/.local/lib/python3.12/site-packages/airflow/example_dags/example_complex.py
[2024-12-19T06:45:31.160+0000] {processor.py:914} INFO - Processing file /home/airflow/.local/lib/python3.12/site-packages/airflow/example_dags/example_complex.py for tasks to queue
[2024-12-19T06:45:31.162+0000] {logging_mixin.py:190} INFO - [2024-12-19T06:45:31.162+0000] {dagbag.py:588} INFO - Filling up the DagBag from /home/airflow/.local/lib/python3.12/site-packages/airflow/example_dags/example_complex.py
[2024-12-19T06:45:31.177+0000] {processor.py:925} INFO - DAG(s) 'example_complex' retrieved from /home/airflow/.local/lib/python3.12/site-packages/airflow/example_dags/example_complex.py
[2024-12-19T06:45:31.211+0000] {logging_mixin.py:190} INFO - [2024-12-19T06:45:31.211+0000] {dag.py:3239} INFO - Sync 1 DAGs
[2024-12-19T06:45:31.229+0000] {logging_mixin.py:190} INFO - [2024-12-19T06:45:31.229+0000] {dag.py:4180} INFO - Setting next_dagrun for example_complex to None, run_after=None
[2024-12-19T06:45:31.255+0000] {processor.py:208} INFO - Processing /home/airflow/.local/lib/python3.12/site-packages/airflow/example_dags/example_complex.py took 0.103 seconds
[2024-12-19T06:46:02.423+0000] {processor.py:186} INFO - Started process (PID=666) to work on /home/airflow/.local/lib/python3.12/site-packages/airflow/example_dags/example_complex.py
[2024-12-19T06:46:02.424+0000] {processor.py:914} INFO - Processing file /home/airflow/.local/lib/python3.12/site-packages/airflow/example_dags/example_complex.py for tasks to queue
[2024-12-19T06:46:02.427+0000] {logging_mixin.py:190} INFO - [2024-12-19T06:46:02.427+0000] {dagbag.py:588} INFO - Filling up the DagBag from /home/airflow/.local/lib/python3.12/site-packages/airflow/example_dags/example_complex.py
[2024-12-19T06:46:02.441+0000] {processor.py:925} INFO - DAG(s) 'example_complex' retrieved from /home/airflow/.local/lib/python3.12/site-packages/airflow/example_dags/example_complex.py
[2024-12-19T06:46:02.478+0000] {logging_mixin.py:190} INFO - [2024-12-19T06:46:02.478+0000] {dag.py:3239} INFO - Sync 1 DAGs
[2024-12-19T06:46:02.494+0000] {logging_mixin.py:190} INFO - [2024-12-19T06:46:02.493+0000] {dag.py:4180} INFO - Setting next_dagrun for example_complex to None, run_after=None
[2024-12-19T06:46:02.518+0000] {processor.py:208} INFO - Processing /home/airflow/.local/lib/python3.12/site-packages/airflow/example_dags/example_complex.py took 0.102 seconds
[2024-12-19T06:46:33.914+0000] {processor.py:186} INFO - Started process (PID=730) to work on /home/airflow/.local/lib/python3.12/site-packages/airflow/example_dags/example_complex.py
[2024-12-19T06:46:33.916+0000] {processor.py:914} INFO - Processing file /home/airflow/.local/lib/python3.12/site-packages/airflow/example_dags/example_complex.py for tasks to queue
[2024-12-19T06:46:33.921+0000] {logging_mixin.py:190} INFO - [2024-12-19T06:46:33.921+0000] {dagbag.py:588} INFO - Filling up the DagBag from /home/airflow/.local/lib/python3.12/site-packages/airflow/example_dags/example_complex.py
[2024-12-19T06:46:33.941+0000] {processor.py:925} INFO - DAG(s) 'example_complex' retrieved from /home/airflow/.local/lib/python3.12/site-packages/airflow/example_dags/example_complex.py
[2024-12-19T06:46:33.977+0000] {logging_mixin.py:190} INFO - [2024-12-19T06:46:33.977+0000] {dag.py:3239} INFO - Sync 1 DAGs
[2024-12-19T06:46:33.995+0000] {logging_mixin.py:190} INFO - [2024-12-19T06:46:33.995+0000] {dag.py:4180} INFO - Setting next_dagrun for example_complex to None, run_after=None
[2024-12-19T06:46:34.017+0000] {processor.py:208} INFO - Processing /home/airflow/.local/lib/python3.12/site-packages/airflow/example_dags/example_complex.py took 0.111 seconds
[2024-12-19T06:47:05.044+0000] {processor.py:186} INFO - Started process (PID=794) to work on /home/airflow/.local/lib/python3.12/site-packages/airflow/example_dags/example_complex.py
[2024-12-19T06:47:05.045+0000] {processor.py:914} INFO - Processing file /home/airflow/.local/lib/python3.12/site-packages/airflow/example_dags/example_complex.py for tasks to queue
[2024-12-19T06:47:05.048+0000] {logging_mixin.py:190} INFO - [2024-12-19T06:47:05.048+0000] {dagbag.py:588} INFO - Filling up the DagBag from /home/airflow/.local/lib/python3.12/site-packages/airflow/example_dags/example_complex.py
[2024-12-19T06:47:05.059+0000] {processor.py:925} INFO - DAG(s) 'example_complex' retrieved from /home/airflow/.local/lib/python3.12/site-packages/airflow/example_dags/example_complex.py
[2024-12-19T06:47:05.090+0000] {logging_mixin.py:190} INFO - [2024-12-19T06:47:05.089+0000] {dag.py:3239} INFO - Sync 1 DAGs
[2024-12-19T06:47:05.107+0000] {logging_mixin.py:190} INFO - [2024-12-19T06:47:05.107+0000] {dag.py:4180} INFO - Setting next_dagrun for example_complex to None, run_after=None
[2024-12-19T06:47:05.127+0000] {processor.py:208} INFO - Processing /home/airflow/.local/lib/python3.12/site-packages/airflow/example_dags/example_complex.py took 0.088 seconds
[2024-12-19T06:47:36.233+0000] {processor.py:186} INFO - Started process (PID=857) to work on /home/airflow/.local/lib/python3.12/site-packages/airflow/example_dags/example_complex.py
[2024-12-19T06:47:36.234+0000] {processor.py:914} INFO - Processing file /home/airflow/.local/lib/python3.12/site-packages/airflow/example_dags/example_complex.py for tasks to queue
[2024-12-19T06:47:36.237+0000] {logging_mixin.py:190} INFO - [2024-12-19T06:47:36.236+0000] {dagbag.py:588} INFO - Filling up the DagBag from /home/airflow/.local/lib/python3.12/site-packages/airflow/example_dags/example_complex.py
[2024-12-19T06:47:36.254+0000] {processor.py:925} INFO - DAG(s) 'example_complex' retrieved from /home/airflow/.local/lib/python3.12/site-packages/airflow/example_dags/example_complex.py
[2024-12-19T06:47:36.294+0000] {logging_mixin.py:190} INFO - [2024-12-19T06:47:36.294+0000] {dag.py:3239} INFO - Sync 1 DAGs
[2024-12-19T06:47:36.310+0000] {logging_mixin.py:190} INFO - [2024-12-19T06:47:36.310+0000] {dag.py:4180} INFO - Setting next_dagrun for example_complex to None, run_after=None
[2024-12-19T06:47:36.335+0000] {processor.py:208} INFO - Processing /home/airflow/.local/lib/python3.12/site-packages/airflow/example_dags/example_complex.py took 0.107 seconds
[2024-12-19T06:48:07.227+0000] {processor.py:186} INFO - Started process (PID=920) to work on /home/airflow/.local/lib/python3.12/site-packages/airflow/example_dags/example_complex.py
[2024-12-19T06:48:07.228+0000] {processor.py:914} INFO - Processing file /home/airflow/.local/lib/python3.12/site-packages/airflow/example_dags/example_complex.py for tasks to queue
[2024-12-19T06:48:07.231+0000] {logging_mixin.py:190} INFO - [2024-12-19T06:48:07.231+0000] {dagbag.py:588} INFO - Filling up the DagBag from /home/airflow/.local/lib/python3.12/site-packages/airflow/example_dags/example_complex.py
[2024-12-19T06:48:07.248+0000] {processor.py:925} INFO - DAG(s) 'example_complex' retrieved from /home/airflow/.local/lib/python3.12/site-packages/airflow/example_dags/example_complex.py
[2024-12-19T06:48:07.284+0000] {logging_mixin.py:190} INFO - [2024-12-19T06:48:07.284+0000] {dag.py:3239} INFO - Sync 1 DAGs
[2024-12-19T06:48:07.299+0000] {logging_mixin.py:190} INFO - [2024-12-19T06:48:07.299+0000] {dag.py:4180} INFO - Setting next_dagrun for example_complex to None, run_after=None
[2024-12-19T06:48:07.321+0000] {processor.py:208} INFO - Processing /home/airflow/.local/lib/python3.12/site-packages/airflow/example_dags/example_complex.py took 0.101 seconds
