[2024-12-19T06:41:18.421+0000] {processor.py:186} INFO - Started process (PID=79) to work on /home/airflow/.local/lib/python3.12/site-packages/airflow/example_dags/example_external_task_marker_dag.py
[2024-12-19T06:41:18.422+0000] {processor.py:914} INFO - Processing file /home/airflow/.local/lib/python3.12/site-packages/airflow/example_dags/example_external_task_marker_dag.py for tasks to queue
[2024-12-19T06:41:18.424+0000] {logging_mixin.py:190} INFO - [2024-12-19T06:41:18.424+0000] {dagbag.py:588} INFO - Filling up the DagBag from /home/airflow/.local/lib/python3.12/site-packages/airflow/example_dags/example_external_task_marker_dag.py
[2024-12-19T06:41:18.434+0000] {processor.py:925} INFO - DAG(s) 'example_external_task_marker_parent', 'example_external_task_marker_child' retrieved from /home/airflow/.local/lib/python3.12/site-packages/airflow/example_dags/example_external_task_marker_dag.py
[2024-12-19T06:41:18.463+0000] {logging_mixin.py:190} INFO - [2024-12-19T06:41:18.463+0000] {dag.py:3239} INFO - Sync 2 DAGs
[2024-12-19T06:41:18.482+0000] {logging_mixin.py:190} INFO - [2024-12-19T06:41:18.481+0000] {dag.py:4180} INFO - Setting next_dagrun for example_external_task_marker_child to None, run_after=None
[2024-12-19T06:41:18.485+0000] {logging_mixin.py:190} INFO - [2024-12-19T06:41:18.485+0000] {dag.py:4180} INFO - Setting next_dagrun for example_external_task_marker_parent to None, run_after=None
[2024-12-19T06:41:18.501+0000] {processor.py:208} INFO - Processing /home/airflow/.local/lib/python3.12/site-packages/airflow/example_dags/example_external_task_marker_dag.py took 0.085 seconds
[2024-12-19T06:41:49.867+0000] {processor.py:186} INFO - Started process (PID=149) to work on /home/airflow/.local/lib/python3.12/site-packages/airflow/example_dags/example_external_task_marker_dag.py
[2024-12-19T06:41:49.871+0000] {processor.py:914} INFO - Processing file /home/airflow/.local/lib/python3.12/site-packages/airflow/example_dags/example_external_task_marker_dag.py for tasks to queue
[2024-12-19T06:41:49.874+0000] {logging_mixin.py:190} INFO - [2024-12-19T06:41:49.874+0000] {dagbag.py:588} INFO - Filling up the DagBag from /home/airflow/.local/lib/python3.12/site-packages/airflow/example_dags/example_external_task_marker_dag.py
[2024-12-19T06:41:49.883+0000] {processor.py:925} INFO - DAG(s) 'example_external_task_marker_child', 'example_external_task_marker_parent' retrieved from /home/airflow/.local/lib/python3.12/site-packages/airflow/example_dags/example_external_task_marker_dag.py
[2024-12-19T06:41:49.907+0000] {logging_mixin.py:190} INFO - [2024-12-19T06:41:49.907+0000] {dag.py:3239} INFO - Sync 2 DAGs
[2024-12-19T06:41:49.926+0000] {logging_mixin.py:190} INFO - [2024-12-19T06:41:49.925+0000] {dag.py:4180} INFO - Setting next_dagrun for example_external_task_marker_child to None, run_after=None
[2024-12-19T06:41:49.932+0000] {logging_mixin.py:190} INFO - [2024-12-19T06:41:49.932+0000] {dag.py:4180} INFO - Setting next_dagrun for example_external_task_marker_parent to None, run_after=None
[2024-12-19T06:41:49.954+0000] {processor.py:208} INFO - Processing /home/airflow/.local/lib/python3.12/site-packages/airflow/example_dags/example_external_task_marker_dag.py took 0.094 seconds
[2024-12-19T06:42:21.040+0000] {processor.py:186} INFO - Started process (PID=213) to work on /home/airflow/.local/lib/python3.12/site-packages/airflow/example_dags/example_external_task_marker_dag.py
[2024-12-19T06:42:21.041+0000] {processor.py:914} INFO - Processing file /home/airflow/.local/lib/python3.12/site-packages/airflow/example_dags/example_external_task_marker_dag.py for tasks to queue
[2024-12-19T06:42:21.043+0000] {logging_mixin.py:190} INFO - [2024-12-19T06:42:21.043+0000] {dagbag.py:588} INFO - Filling up the DagBag from /home/airflow/.local/lib/python3.12/site-packages/airflow/example_dags/example_external_task_marker_dag.py
[2024-12-19T06:42:21.051+0000] {processor.py:925} INFO - DAG(s) 'example_external_task_marker_child', 'example_external_task_marker_parent' retrieved from /home/airflow/.local/lib/python3.12/site-packages/airflow/example_dags/example_external_task_marker_dag.py
[2024-12-19T06:42:21.072+0000] {logging_mixin.py:190} INFO - [2024-12-19T06:42:21.072+0000] {dag.py:3239} INFO - Sync 2 DAGs
[2024-12-19T06:42:21.088+0000] {logging_mixin.py:190} INFO - [2024-12-19T06:42:21.087+0000] {dag.py:4180} INFO - Setting next_dagrun for example_external_task_marker_child to None, run_after=None
[2024-12-19T06:42:21.091+0000] {logging_mixin.py:190} INFO - [2024-12-19T06:42:21.091+0000] {dag.py:4180} INFO - Setting next_dagrun for example_external_task_marker_parent to None, run_after=None
[2024-12-19T06:42:21.110+0000] {processor.py:208} INFO - Processing /home/airflow/.local/lib/python3.12/site-packages/airflow/example_dags/example_external_task_marker_dag.py took 0.076 seconds
[2024-12-19T06:42:52.820+0000] {processor.py:186} INFO - Started process (PID=277) to work on /home/airflow/.local/lib/python3.12/site-packages/airflow/example_dags/example_external_task_marker_dag.py
[2024-12-19T06:42:52.821+0000] {processor.py:914} INFO - Processing file /home/airflow/.local/lib/python3.12/site-packages/airflow/example_dags/example_external_task_marker_dag.py for tasks to queue
[2024-12-19T06:42:52.823+0000] {logging_mixin.py:190} INFO - [2024-12-19T06:42:52.823+0000] {dagbag.py:588} INFO - Filling up the DagBag from /home/airflow/.local/lib/python3.12/site-packages/airflow/example_dags/example_external_task_marker_dag.py
[2024-12-19T06:42:52.831+0000] {processor.py:925} INFO - DAG(s) 'example_external_task_marker_parent', 'example_external_task_marker_child' retrieved from /home/airflow/.local/lib/python3.12/site-packages/airflow/example_dags/example_external_task_marker_dag.py
[2024-12-19T06:42:52.851+0000] {logging_mixin.py:190} INFO - [2024-12-19T06:42:52.851+0000] {dag.py:3239} INFO - Sync 2 DAGs
[2024-12-19T06:42:52.867+0000] {logging_mixin.py:190} INFO - [2024-12-19T06:42:52.867+0000] {dag.py:4180} INFO - Setting next_dagrun for example_external_task_marker_child to None, run_after=None
[2024-12-19T06:42:52.871+0000] {logging_mixin.py:190} INFO - [2024-12-19T06:42:52.871+0000] {dag.py:4180} INFO - Setting next_dagrun for example_external_task_marker_parent to None, run_after=None
[2024-12-19T06:42:52.888+0000] {processor.py:208} INFO - Processing /home/airflow/.local/lib/python3.12/site-packages/airflow/example_dags/example_external_task_marker_dag.py took 0.075 seconds
[2024-12-19T06:43:24.346+0000] {processor.py:186} INFO - Started process (PID=341) to work on /home/airflow/.local/lib/python3.12/site-packages/airflow/example_dags/example_external_task_marker_dag.py
[2024-12-19T06:43:24.349+0000] {processor.py:914} INFO - Processing file /home/airflow/.local/lib/python3.12/site-packages/airflow/example_dags/example_external_task_marker_dag.py for tasks to queue
[2024-12-19T06:43:24.351+0000] {logging_mixin.py:190} INFO - [2024-12-19T06:43:24.351+0000] {dagbag.py:588} INFO - Filling up the DagBag from /home/airflow/.local/lib/python3.12/site-packages/airflow/example_dags/example_external_task_marker_dag.py
[2024-12-19T06:43:24.361+0000] {processor.py:925} INFO - DAG(s) 'example_external_task_marker_child', 'example_external_task_marker_parent' retrieved from /home/airflow/.local/lib/python3.12/site-packages/airflow/example_dags/example_external_task_marker_dag.py
[2024-12-19T06:43:24.388+0000] {logging_mixin.py:190} INFO - [2024-12-19T06:43:24.388+0000] {dag.py:3239} INFO - Sync 2 DAGs
[2024-12-19T06:43:24.402+0000] {logging_mixin.py:190} INFO - [2024-12-19T06:43:24.402+0000] {dag.py:4180} INFO - Setting next_dagrun for example_external_task_marker_child to None, run_after=None
[2024-12-19T06:43:24.406+0000] {logging_mixin.py:190} INFO - [2024-12-19T06:43:24.406+0000] {dag.py:4180} INFO - Setting next_dagrun for example_external_task_marker_parent to None, run_after=None
[2024-12-19T06:43:24.424+0000] {processor.py:208} INFO - Processing /home/airflow/.local/lib/python3.12/site-packages/airflow/example_dags/example_external_task_marker_dag.py took 0.084 seconds
[2024-12-19T06:43:55.798+0000] {processor.py:186} INFO - Started process (PID=405) to work on /home/airflow/.local/lib/python3.12/site-packages/airflow/example_dags/example_external_task_marker_dag.py
[2024-12-19T06:43:55.799+0000] {processor.py:914} INFO - Processing file /home/airflow/.local/lib/python3.12/site-packages/airflow/example_dags/example_external_task_marker_dag.py for tasks to queue
[2024-12-19T06:43:55.801+0000] {logging_mixin.py:190} INFO - [2024-12-19T06:43:55.801+0000] {dagbag.py:588} INFO - Filling up the DagBag from /home/airflow/.local/lib/python3.12/site-packages/airflow/example_dags/example_external_task_marker_dag.py
[2024-12-19T06:43:55.811+0000] {processor.py:925} INFO - DAG(s) 'example_external_task_marker_parent', 'example_external_task_marker_child' retrieved from /home/airflow/.local/lib/python3.12/site-packages/airflow/example_dags/example_external_task_marker_dag.py
[2024-12-19T06:43:55.836+0000] {logging_mixin.py:190} INFO - [2024-12-19T06:43:55.836+0000] {dag.py:3239} INFO - Sync 2 DAGs
[2024-12-19T06:43:55.854+0000] {logging_mixin.py:190} INFO - [2024-12-19T06:43:55.854+0000] {dag.py:4180} INFO - Setting next_dagrun for example_external_task_marker_child to None, run_after=None
[2024-12-19T06:43:55.859+0000] {logging_mixin.py:190} INFO - [2024-12-19T06:43:55.858+0000] {dag.py:4180} INFO - Setting next_dagrun for example_external_task_marker_parent to None, run_after=None
[2024-12-19T06:43:55.877+0000] {processor.py:208} INFO - Processing /home/airflow/.local/lib/python3.12/site-packages/airflow/example_dags/example_external_task_marker_dag.py took 0.087 seconds
[2024-12-19T06:44:27.561+0000] {processor.py:186} INFO - Started process (PID=469) to work on /home/airflow/.local/lib/python3.12/site-packages/airflow/example_dags/example_external_task_marker_dag.py
[2024-12-19T06:44:27.562+0000] {processor.py:914} INFO - Processing file /home/airflow/.local/lib/python3.12/site-packages/airflow/example_dags/example_external_task_marker_dag.py for tasks to queue
[2024-12-19T06:44:27.566+0000] {logging_mixin.py:190} INFO - [2024-12-19T06:44:27.566+0000] {dagbag.py:588} INFO - Filling up the DagBag from /home/airflow/.local/lib/python3.12/site-packages/airflow/example_dags/example_external_task_marker_dag.py
[2024-12-19T06:44:27.575+0000] {processor.py:925} INFO - DAG(s) 'example_external_task_marker_child', 'example_external_task_marker_parent' retrieved from /home/airflow/.local/lib/python3.12/site-packages/airflow/example_dags/example_external_task_marker_dag.py
[2024-12-19T06:44:27.598+0000] {logging_mixin.py:190} INFO - [2024-12-19T06:44:27.598+0000] {dag.py:3239} INFO - Sync 2 DAGs
[2024-12-19T06:44:27.612+0000] {logging_mixin.py:190} INFO - [2024-12-19T06:44:27.612+0000] {dag.py:4180} INFO - Setting next_dagrun for example_external_task_marker_child to None, run_after=None
[2024-12-19T06:44:27.616+0000] {logging_mixin.py:190} INFO - [2024-12-19T06:44:27.616+0000] {dag.py:4180} INFO - Setting next_dagrun for example_external_task_marker_parent to None, run_after=None
[2024-12-19T06:44:27.633+0000] {processor.py:208} INFO - Processing /home/airflow/.local/lib/python3.12/site-packages/airflow/example_dags/example_external_task_marker_dag.py took 0.079 seconds
[2024-12-19T06:44:59.063+0000] {processor.py:186} INFO - Started process (PID=533) to work on /home/airflow/.local/lib/python3.12/site-packages/airflow/example_dags/example_external_task_marker_dag.py
[2024-12-19T06:44:59.065+0000] {processor.py:914} INFO - Processing file /home/airflow/.local/lib/python3.12/site-packages/airflow/example_dags/example_external_task_marker_dag.py for tasks to queue
[2024-12-19T06:44:59.067+0000] {logging_mixin.py:190} INFO - [2024-12-19T06:44:59.067+0000] {dagbag.py:588} INFO - Filling up the DagBag from /home/airflow/.local/lib/python3.12/site-packages/airflow/example_dags/example_external_task_marker_dag.py
[2024-12-19T06:44:59.076+0000] {processor.py:925} INFO - DAG(s) 'example_external_task_marker_parent', 'example_external_task_marker_child' retrieved from /home/airflow/.local/lib/python3.12/site-packages/airflow/example_dags/example_external_task_marker_dag.py
[2024-12-19T06:44:59.104+0000] {logging_mixin.py:190} INFO - [2024-12-19T06:44:59.104+0000] {dag.py:3239} INFO - Sync 2 DAGs
[2024-12-19T06:44:59.120+0000] {logging_mixin.py:190} INFO - [2024-12-19T06:44:59.119+0000] {dag.py:4180} INFO - Setting next_dagrun for example_external_task_marker_child to None, run_after=None
[2024-12-19T06:44:59.126+0000] {logging_mixin.py:190} INFO - [2024-12-19T06:44:59.126+0000] {dag.py:4180} INFO - Setting next_dagrun for example_external_task_marker_parent to None, run_after=None
[2024-12-19T06:44:59.147+0000] {processor.py:208} INFO - Processing /home/airflow/.local/lib/python3.12/site-packages/airflow/example_dags/example_external_task_marker_dag.py took 0.090 seconds
[2024-12-19T06:45:30.794+0000] {processor.py:186} INFO - Started process (PID=597) to work on /home/airflow/.local/lib/python3.12/site-packages/airflow/example_dags/example_external_task_marker_dag.py
[2024-12-19T06:45:30.796+0000] {processor.py:914} INFO - Processing file /home/airflow/.local/lib/python3.12/site-packages/airflow/example_dags/example_external_task_marker_dag.py for tasks to queue
[2024-12-19T06:45:30.799+0000] {logging_mixin.py:190} INFO - [2024-12-19T06:45:30.798+0000] {dagbag.py:588} INFO - Filling up the DagBag from /home/airflow/.local/lib/python3.12/site-packages/airflow/example_dags/example_external_task_marker_dag.py
[2024-12-19T06:45:30.808+0000] {processor.py:925} INFO - DAG(s) 'example_external_task_marker_child', 'example_external_task_marker_parent' retrieved from /home/airflow/.local/lib/python3.12/site-packages/airflow/example_dags/example_external_task_marker_dag.py
[2024-12-19T06:45:30.838+0000] {logging_mixin.py:190} INFO - [2024-12-19T06:45:30.837+0000] {dag.py:3239} INFO - Sync 2 DAGs
[2024-12-19T06:45:30.856+0000] {logging_mixin.py:190} INFO - [2024-12-19T06:45:30.856+0000] {dag.py:4180} INFO - Setting next_dagrun for example_external_task_marker_child to None, run_after=None
[2024-12-19T06:45:30.861+0000] {logging_mixin.py:190} INFO - [2024-12-19T06:45:30.860+0000] {dag.py:4180} INFO - Setting next_dagrun for example_external_task_marker_parent to None, run_after=None
[2024-12-19T06:45:30.884+0000] {processor.py:208} INFO - Processing /home/airflow/.local/lib/python3.12/site-packages/airflow/example_dags/example_external_task_marker_dag.py took 0.098 seconds
[2024-12-19T06:46:01.837+0000] {processor.py:186} INFO - Started process (PID=661) to work on /home/airflow/.local/lib/python3.12/site-packages/airflow/example_dags/example_external_task_marker_dag.py
[2024-12-19T06:46:01.838+0000] {processor.py:914} INFO - Processing file /home/airflow/.local/lib/python3.12/site-packages/airflow/example_dags/example_external_task_marker_dag.py for tasks to queue
[2024-12-19T06:46:01.841+0000] {logging_mixin.py:190} INFO - [2024-12-19T06:46:01.840+0000] {dagbag.py:588} INFO - Filling up the DagBag from /home/airflow/.local/lib/python3.12/site-packages/airflow/example_dags/example_external_task_marker_dag.py
[2024-12-19T06:46:01.850+0000] {processor.py:925} INFO - DAG(s) 'example_external_task_marker_parent', 'example_external_task_marker_child' retrieved from /home/airflow/.local/lib/python3.12/site-packages/airflow/example_dags/example_external_task_marker_dag.py
[2024-12-19T06:46:01.873+0000] {logging_mixin.py:190} INFO - [2024-12-19T06:46:01.873+0000] {dag.py:3239} INFO - Sync 2 DAGs
[2024-12-19T06:46:01.889+0000] {logging_mixin.py:190} INFO - [2024-12-19T06:46:01.889+0000] {dag.py:4180} INFO - Setting next_dagrun for example_external_task_marker_child to None, run_after=None
[2024-12-19T06:46:01.893+0000] {logging_mixin.py:190} INFO - [2024-12-19T06:46:01.893+0000] {dag.py:4180} INFO - Setting next_dagrun for example_external_task_marker_parent to None, run_after=None
[2024-12-19T06:46:01.909+0000] {processor.py:208} INFO - Processing /home/airflow/.local/lib/python3.12/site-packages/airflow/example_dags/example_external_task_marker_dag.py took 0.079 seconds
[2024-12-19T06:46:33.329+0000] {processor.py:186} INFO - Started process (PID=725) to work on /home/airflow/.local/lib/python3.12/site-packages/airflow/example_dags/example_external_task_marker_dag.py
[2024-12-19T06:46:33.330+0000] {processor.py:914} INFO - Processing file /home/airflow/.local/lib/python3.12/site-packages/airflow/example_dags/example_external_task_marker_dag.py for tasks to queue
[2024-12-19T06:46:33.333+0000] {logging_mixin.py:190} INFO - [2024-12-19T06:46:33.332+0000] {dagbag.py:588} INFO - Filling up the DagBag from /home/airflow/.local/lib/python3.12/site-packages/airflow/example_dags/example_external_task_marker_dag.py
[2024-12-19T06:46:33.342+0000] {processor.py:925} INFO - DAG(s) 'example_external_task_marker_child', 'example_external_task_marker_parent' retrieved from /home/airflow/.local/lib/python3.12/site-packages/airflow/example_dags/example_external_task_marker_dag.py
[2024-12-19T06:46:33.361+0000] {logging_mixin.py:190} INFO - [2024-12-19T06:46:33.361+0000] {dag.py:3239} INFO - Sync 2 DAGs
[2024-12-19T06:46:33.376+0000] {logging_mixin.py:190} INFO - [2024-12-19T06:46:33.376+0000] {dag.py:4180} INFO - Setting next_dagrun for example_external_task_marker_child to None, run_after=None
[2024-12-19T06:46:33.380+0000] {logging_mixin.py:190} INFO - [2024-12-19T06:46:33.379+0000] {dag.py:4180} INFO - Setting next_dagrun for example_external_task_marker_parent to None, run_after=None
[2024-12-19T06:46:33.401+0000] {processor.py:208} INFO - Processing /home/airflow/.local/lib/python3.12/site-packages/airflow/example_dags/example_external_task_marker_dag.py took 0.078 seconds
[2024-12-19T06:47:04.672+0000] {processor.py:186} INFO - Started process (PID=788) to work on /home/airflow/.local/lib/python3.12/site-packages/airflow/example_dags/example_external_task_marker_dag.py
[2024-12-19T06:47:04.673+0000] {processor.py:914} INFO - Processing file /home/airflow/.local/lib/python3.12/site-packages/airflow/example_dags/example_external_task_marker_dag.py for tasks to queue
[2024-12-19T06:47:04.676+0000] {logging_mixin.py:190} INFO - [2024-12-19T06:47:04.676+0000] {dagbag.py:588} INFO - Filling up the DagBag from /home/airflow/.local/lib/python3.12/site-packages/airflow/example_dags/example_external_task_marker_dag.py
[2024-12-19T06:47:04.685+0000] {processor.py:925} INFO - DAG(s) 'example_external_task_marker_child', 'example_external_task_marker_parent' retrieved from /home/airflow/.local/lib/python3.12/site-packages/airflow/example_dags/example_external_task_marker_dag.py
[2024-12-19T06:47:04.711+0000] {logging_mixin.py:190} INFO - [2024-12-19T06:47:04.711+0000] {dag.py:3239} INFO - Sync 2 DAGs
[2024-12-19T06:47:04.730+0000] {logging_mixin.py:190} INFO - [2024-12-19T06:47:04.730+0000] {dag.py:4180} INFO - Setting next_dagrun for example_external_task_marker_child to None, run_after=None
[2024-12-19T06:47:04.735+0000] {logging_mixin.py:190} INFO - [2024-12-19T06:47:04.735+0000] {dag.py:4180} INFO - Setting next_dagrun for example_external_task_marker_parent to None, run_after=None
[2024-12-19T06:47:04.760+0000] {processor.py:208} INFO - Processing /home/airflow/.local/lib/python3.12/site-packages/airflow/example_dags/example_external_task_marker_dag.py took 0.095 seconds
[2024-12-19T06:47:35.671+0000] {processor.py:186} INFO - Started process (PID=852) to work on /home/airflow/.local/lib/python3.12/site-packages/airflow/example_dags/example_external_task_marker_dag.py
[2024-12-19T06:47:35.672+0000] {processor.py:914} INFO - Processing file /home/airflow/.local/lib/python3.12/site-packages/airflow/example_dags/example_external_task_marker_dag.py for tasks to queue
[2024-12-19T06:47:35.674+0000] {logging_mixin.py:190} INFO - [2024-12-19T06:47:35.674+0000] {dagbag.py:588} INFO - Filling up the DagBag from /home/airflow/.local/lib/python3.12/site-packages/airflow/example_dags/example_external_task_marker_dag.py
[2024-12-19T06:47:35.681+0000] {processor.py:925} INFO - DAG(s) 'example_external_task_marker_child', 'example_external_task_marker_parent' retrieved from /home/airflow/.local/lib/python3.12/site-packages/airflow/example_dags/example_external_task_marker_dag.py
[2024-12-19T06:47:35.703+0000] {logging_mixin.py:190} INFO - [2024-12-19T06:47:35.703+0000] {dag.py:3239} INFO - Sync 2 DAGs
[2024-12-19T06:47:35.717+0000] {logging_mixin.py:190} INFO - [2024-12-19T06:47:35.717+0000] {dag.py:4180} INFO - Setting next_dagrun for example_external_task_marker_child to None, run_after=None
[2024-12-19T06:47:35.721+0000] {logging_mixin.py:190} INFO - [2024-12-19T06:47:35.721+0000] {dag.py:4180} INFO - Setting next_dagrun for example_external_task_marker_parent to None, run_after=None
[2024-12-19T06:47:35.739+0000] {processor.py:208} INFO - Processing /home/airflow/.local/lib/python3.12/site-packages/airflow/example_dags/example_external_task_marker_dag.py took 0.073 seconds
[2024-12-19T06:48:06.697+0000] {processor.py:186} INFO - Started process (PID=915) to work on /home/airflow/.local/lib/python3.12/site-packages/airflow/example_dags/example_external_task_marker_dag.py
[2024-12-19T06:48:06.699+0000] {processor.py:914} INFO - Processing file /home/airflow/.local/lib/python3.12/site-packages/airflow/example_dags/example_external_task_marker_dag.py for tasks to queue
[2024-12-19T06:48:06.701+0000] {logging_mixin.py:190} INFO - [2024-12-19T06:48:06.701+0000] {dagbag.py:588} INFO - Filling up the DagBag from /home/airflow/.local/lib/python3.12/site-packages/airflow/example_dags/example_external_task_marker_dag.py
[2024-12-19T06:48:06.710+0000] {processor.py:925} INFO - DAG(s) 'example_external_task_marker_child', 'example_external_task_marker_parent' retrieved from /home/airflow/.local/lib/python3.12/site-packages/airflow/example_dags/example_external_task_marker_dag.py
[2024-12-19T06:48:06.743+0000] {logging_mixin.py:190} INFO - [2024-12-19T06:48:06.743+0000] {dag.py:3239} INFO - Sync 2 DAGs
[2024-12-19T06:48:06.759+0000] {logging_mixin.py:190} INFO - [2024-12-19T06:48:06.759+0000] {dag.py:4180} INFO - Setting next_dagrun for example_external_task_marker_child to None, run_after=None
[2024-12-19T06:48:06.763+0000] {logging_mixin.py:190} INFO - [2024-12-19T06:48:06.763+0000] {dag.py:4180} INFO - Setting next_dagrun for example_external_task_marker_parent to None, run_after=None
[2024-12-19T06:48:06.778+0000] {processor.py:208} INFO - Processing /home/airflow/.local/lib/python3.12/site-packages/airflow/example_dags/example_external_task_marker_dag.py took 0.086 seconds
