[2024-12-19T06:41:18.234+0000] {processor.py:186} INFO - Started process (PID=77) to work on /home/airflow/.local/lib/python3.12/site-packages/airflow/example_dags/tutorial_objectstorage.py
[2024-12-19T06:41:18.235+0000] {processor.py:914} INFO - Processing file /home/airflow/.local/lib/python3.12/site-packages/airflow/example_dags/tutorial_objectstorage.py for tasks to queue
[2024-12-19T06:41:18.238+0000] {logging_mixin.py:190} INFO - [2024-12-19T06:41:18.238+0000] {dagbag.py:588} INFO - Filling up the DagBag from /home/airflow/.local/lib/python3.12/site-packages/airflow/example_dags/tutorial_objectstorage.py
[2024-12-19T06:41:18.249+0000] {processor.py:925} INFO - DAG(s) 'tutorial_objectstorage' retrieved from /home/airflow/.local/lib/python3.12/site-packages/airflow/example_dags/tutorial_objectstorage.py
[2024-12-19T06:41:18.279+0000] {logging_mixin.py:190} INFO - [2024-12-19T06:41:18.278+0000] {dag.py:3239} INFO - Sync 1 DAGs
[2024-12-19T06:41:18.298+0000] {logging_mixin.py:190} INFO - [2024-12-19T06:41:18.298+0000] {dag.py:4180} INFO - Setting next_dagrun for tutorial_objectstorage to None, run_after=None
[2024-12-19T06:41:18.323+0000] {processor.py:208} INFO - Processing /home/airflow/.local/lib/python3.12/site-packages/airflow/example_dags/tutorial_objectstorage.py took 0.093 seconds
[2024-12-19T06:41:49.748+0000] {processor.py:186} INFO - Started process (PID=141) to work on /home/airflow/.local/lib/python3.12/site-packages/airflow/example_dags/tutorial_objectstorage.py
[2024-12-19T06:41:49.750+0000] {processor.py:914} INFO - Processing file /home/airflow/.local/lib/python3.12/site-packages/airflow/example_dags/tutorial_objectstorage.py for tasks to queue
[2024-12-19T06:41:49.753+0000] {logging_mixin.py:190} INFO - [2024-12-19T06:41:49.753+0000] {dagbag.py:588} INFO - Filling up the DagBag from /home/airflow/.local/lib/python3.12/site-packages/airflow/example_dags/tutorial_objectstorage.py
[2024-12-19T06:41:49.763+0000] {processor.py:925} INFO - DAG(s) 'tutorial_objectstorage' retrieved from /home/airflow/.local/lib/python3.12/site-packages/airflow/example_dags/tutorial_objectstorage.py
[2024-12-19T06:41:49.787+0000] {logging_mixin.py:190} INFO - [2024-12-19T06:41:49.787+0000] {dag.py:3239} INFO - Sync 1 DAGs
[2024-12-19T06:41:49.801+0000] {logging_mixin.py:190} INFO - [2024-12-19T06:41:49.801+0000] {dag.py:4180} INFO - Setting next_dagrun for tutorial_objectstorage to None, run_after=None
[2024-12-19T06:41:49.822+0000] {processor.py:208} INFO - Processing /home/airflow/.local/lib/python3.12/site-packages/airflow/example_dags/tutorial_objectstorage.py took 0.080 seconds
[2024-12-19T06:42:20.944+0000] {processor.py:186} INFO - Started process (PID=211) to work on /home/airflow/.local/lib/python3.12/site-packages/airflow/example_dags/tutorial_objectstorage.py
[2024-12-19T06:42:20.945+0000] {processor.py:914} INFO - Processing file /home/airflow/.local/lib/python3.12/site-packages/airflow/example_dags/tutorial_objectstorage.py for tasks to queue
[2024-12-19T06:42:20.948+0000] {logging_mixin.py:190} INFO - [2024-12-19T06:42:20.947+0000] {dagbag.py:588} INFO - Filling up the DagBag from /home/airflow/.local/lib/python3.12/site-packages/airflow/example_dags/tutorial_objectstorage.py
[2024-12-19T06:42:20.957+0000] {processor.py:925} INFO - DAG(s) 'tutorial_objectstorage' retrieved from /home/airflow/.local/lib/python3.12/site-packages/airflow/example_dags/tutorial_objectstorage.py
[2024-12-19T06:42:20.975+0000] {logging_mixin.py:190} INFO - [2024-12-19T06:42:20.975+0000] {dag.py:3239} INFO - Sync 1 DAGs
[2024-12-19T06:42:20.989+0000] {logging_mixin.py:190} INFO - [2024-12-19T06:42:20.989+0000] {dag.py:4180} INFO - Setting next_dagrun for tutorial_objectstorage to None, run_after=None
[2024-12-19T06:42:21.008+0000] {processor.py:208} INFO - Processing /home/airflow/.local/lib/python3.12/site-packages/airflow/example_dags/tutorial_objectstorage.py took 0.069 seconds
[2024-12-19T06:42:52.705+0000] {processor.py:186} INFO - Started process (PID=275) to work on /home/airflow/.local/lib/python3.12/site-packages/airflow/example_dags/tutorial_objectstorage.py
[2024-12-19T06:42:52.706+0000] {processor.py:914} INFO - Processing file /home/airflow/.local/lib/python3.12/site-packages/airflow/example_dags/tutorial_objectstorage.py for tasks to queue
[2024-12-19T06:42:52.710+0000] {logging_mixin.py:190} INFO - [2024-12-19T06:42:52.709+0000] {dagbag.py:588} INFO - Filling up the DagBag from /home/airflow/.local/lib/python3.12/site-packages/airflow/example_dags/tutorial_objectstorage.py
[2024-12-19T06:42:52.723+0000] {processor.py:925} INFO - DAG(s) 'tutorial_objectstorage' retrieved from /home/airflow/.local/lib/python3.12/site-packages/airflow/example_dags/tutorial_objectstorage.py
[2024-12-19T06:42:52.742+0000] {logging_mixin.py:190} INFO - [2024-12-19T06:42:52.742+0000] {dag.py:3239} INFO - Sync 1 DAGs
[2024-12-19T06:42:52.759+0000] {logging_mixin.py:190} INFO - [2024-12-19T06:42:52.759+0000] {dag.py:4180} INFO - Setting next_dagrun for tutorial_objectstorage to None, run_after=None
[2024-12-19T06:42:52.782+0000] {processor.py:208} INFO - Processing /home/airflow/.local/lib/python3.12/site-packages/airflow/example_dags/tutorial_objectstorage.py took 0.083 seconds
[2024-12-19T06:43:24.237+0000] {processor.py:186} INFO - Started process (PID=339) to work on /home/airflow/.local/lib/python3.12/site-packages/airflow/example_dags/tutorial_objectstorage.py
[2024-12-19T06:43:24.238+0000] {processor.py:914} INFO - Processing file /home/airflow/.local/lib/python3.12/site-packages/airflow/example_dags/tutorial_objectstorage.py for tasks to queue
[2024-12-19T06:43:24.241+0000] {logging_mixin.py:190} INFO - [2024-12-19T06:43:24.240+0000] {dagbag.py:588} INFO - Filling up the DagBag from /home/airflow/.local/lib/python3.12/site-packages/airflow/example_dags/tutorial_objectstorage.py
[2024-12-19T06:43:24.249+0000] {processor.py:925} INFO - DAG(s) 'tutorial_objectstorage' retrieved from /home/airflow/.local/lib/python3.12/site-packages/airflow/example_dags/tutorial_objectstorage.py
[2024-12-19T06:43:24.273+0000] {logging_mixin.py:190} INFO - [2024-12-19T06:43:24.272+0000] {dag.py:3239} INFO - Sync 1 DAGs
[2024-12-19T06:43:24.287+0000] {logging_mixin.py:190} INFO - [2024-12-19T06:43:24.287+0000] {dag.py:4180} INFO - Setting next_dagrun for tutorial_objectstorage to None, run_after=None
[2024-12-19T06:43:24.313+0000] {processor.py:208} INFO - Processing /home/airflow/.local/lib/python3.12/site-packages/airflow/example_dags/tutorial_objectstorage.py took 0.083 seconds
[2024-12-19T06:43:55.684+0000] {processor.py:186} INFO - Started process (PID=403) to work on /home/airflow/.local/lib/python3.12/site-packages/airflow/example_dags/tutorial_objectstorage.py
[2024-12-19T06:43:55.685+0000] {processor.py:914} INFO - Processing file /home/airflow/.local/lib/python3.12/site-packages/airflow/example_dags/tutorial_objectstorage.py for tasks to queue
[2024-12-19T06:43:55.688+0000] {logging_mixin.py:190} INFO - [2024-12-19T06:43:55.688+0000] {dagbag.py:588} INFO - Filling up the DagBag from /home/airflow/.local/lib/python3.12/site-packages/airflow/example_dags/tutorial_objectstorage.py
[2024-12-19T06:43:55.699+0000] {processor.py:925} INFO - DAG(s) 'tutorial_objectstorage' retrieved from /home/airflow/.local/lib/python3.12/site-packages/airflow/example_dags/tutorial_objectstorage.py
[2024-12-19T06:43:55.718+0000] {logging_mixin.py:190} INFO - [2024-12-19T06:43:55.718+0000] {dag.py:3239} INFO - Sync 1 DAGs
[2024-12-19T06:43:55.735+0000] {logging_mixin.py:190} INFO - [2024-12-19T06:43:55.735+0000] {dag.py:4180} INFO - Setting next_dagrun for tutorial_objectstorage to None, run_after=None
[2024-12-19T06:43:55.758+0000] {processor.py:208} INFO - Processing /home/airflow/.local/lib/python3.12/site-packages/airflow/example_dags/tutorial_objectstorage.py took 0.081 seconds
[2024-12-19T06:44:27.449+0000] {processor.py:186} INFO - Started process (PID=467) to work on /home/airflow/.local/lib/python3.12/site-packages/airflow/example_dags/tutorial_objectstorage.py
[2024-12-19T06:44:27.450+0000] {processor.py:914} INFO - Processing file /home/airflow/.local/lib/python3.12/site-packages/airflow/example_dags/tutorial_objectstorage.py for tasks to queue
[2024-12-19T06:44:27.453+0000] {logging_mixin.py:190} INFO - [2024-12-19T06:44:27.453+0000] {dagbag.py:588} INFO - Filling up the DagBag from /home/airflow/.local/lib/python3.12/site-packages/airflow/example_dags/tutorial_objectstorage.py
[2024-12-19T06:44:27.462+0000] {processor.py:925} INFO - DAG(s) 'tutorial_objectstorage' retrieved from /home/airflow/.local/lib/python3.12/site-packages/airflow/example_dags/tutorial_objectstorage.py
[2024-12-19T06:44:27.481+0000] {logging_mixin.py:190} INFO - [2024-12-19T06:44:27.480+0000] {dag.py:3239} INFO - Sync 1 DAGs
[2024-12-19T06:44:27.494+0000] {logging_mixin.py:190} INFO - [2024-12-19T06:44:27.494+0000] {dag.py:4180} INFO - Setting next_dagrun for tutorial_objectstorage to None, run_after=None
[2024-12-19T06:44:27.521+0000] {processor.py:208} INFO - Processing /home/airflow/.local/lib/python3.12/site-packages/airflow/example_dags/tutorial_objectstorage.py took 0.079 seconds
[2024-12-19T06:44:58.959+0000] {processor.py:186} INFO - Started process (PID=531) to work on /home/airflow/.local/lib/python3.12/site-packages/airflow/example_dags/tutorial_objectstorage.py
[2024-12-19T06:44:58.960+0000] {processor.py:914} INFO - Processing file /home/airflow/.local/lib/python3.12/site-packages/airflow/example_dags/tutorial_objectstorage.py for tasks to queue
[2024-12-19T06:44:58.963+0000] {logging_mixin.py:190} INFO - [2024-12-19T06:44:58.962+0000] {dagbag.py:588} INFO - Filling up the DagBag from /home/airflow/.local/lib/python3.12/site-packages/airflow/example_dags/tutorial_objectstorage.py
[2024-12-19T06:44:58.972+0000] {processor.py:925} INFO - DAG(s) 'tutorial_objectstorage' retrieved from /home/airflow/.local/lib/python3.12/site-packages/airflow/example_dags/tutorial_objectstorage.py
[2024-12-19T06:44:58.991+0000] {logging_mixin.py:190} INFO - [2024-12-19T06:44:58.991+0000] {dag.py:3239} INFO - Sync 1 DAGs
[2024-12-19T06:44:59.006+0000] {logging_mixin.py:190} INFO - [2024-12-19T06:44:59.005+0000] {dag.py:4180} INFO - Setting next_dagrun for tutorial_objectstorage to None, run_after=None
[2024-12-19T06:44:59.026+0000] {processor.py:208} INFO - Processing /home/airflow/.local/lib/python3.12/site-packages/airflow/example_dags/tutorial_objectstorage.py took 0.073 seconds
[2024-12-19T06:45:30.680+0000] {processor.py:186} INFO - Started process (PID=595) to work on /home/airflow/.local/lib/python3.12/site-packages/airflow/example_dags/tutorial_objectstorage.py
[2024-12-19T06:45:30.681+0000] {processor.py:914} INFO - Processing file /home/airflow/.local/lib/python3.12/site-packages/airflow/example_dags/tutorial_objectstorage.py for tasks to queue
[2024-12-19T06:45:30.684+0000] {logging_mixin.py:190} INFO - [2024-12-19T06:45:30.683+0000] {dagbag.py:588} INFO - Filling up the DagBag from /home/airflow/.local/lib/python3.12/site-packages/airflow/example_dags/tutorial_objectstorage.py
[2024-12-19T06:45:30.695+0000] {processor.py:925} INFO - DAG(s) 'tutorial_objectstorage' retrieved from /home/airflow/.local/lib/python3.12/site-packages/airflow/example_dags/tutorial_objectstorage.py
[2024-12-19T06:45:30.715+0000] {logging_mixin.py:190} INFO - [2024-12-19T06:45:30.715+0000] {dag.py:3239} INFO - Sync 1 DAGs
[2024-12-19T06:45:30.732+0000] {logging_mixin.py:190} INFO - [2024-12-19T06:45:30.732+0000] {dag.py:4180} INFO - Setting next_dagrun for tutorial_objectstorage to None, run_after=None
[2024-12-19T06:45:30.754+0000] {processor.py:208} INFO - Processing /home/airflow/.local/lib/python3.12/site-packages/airflow/example_dags/tutorial_objectstorage.py took 0.082 seconds
[2024-12-19T06:46:01.724+0000] {processor.py:186} INFO - Started process (PID=659) to work on /home/airflow/.local/lib/python3.12/site-packages/airflow/example_dags/tutorial_objectstorage.py
[2024-12-19T06:46:01.725+0000] {processor.py:914} INFO - Processing file /home/airflow/.local/lib/python3.12/site-packages/airflow/example_dags/tutorial_objectstorage.py for tasks to queue
[2024-12-19T06:46:01.728+0000] {logging_mixin.py:190} INFO - [2024-12-19T06:46:01.728+0000] {dagbag.py:588} INFO - Filling up the DagBag from /home/airflow/.local/lib/python3.12/site-packages/airflow/example_dags/tutorial_objectstorage.py
[2024-12-19T06:46:01.738+0000] {processor.py:925} INFO - DAG(s) 'tutorial_objectstorage' retrieved from /home/airflow/.local/lib/python3.12/site-packages/airflow/example_dags/tutorial_objectstorage.py
[2024-12-19T06:46:01.761+0000] {logging_mixin.py:190} INFO - [2024-12-19T06:46:01.761+0000] {dag.py:3239} INFO - Sync 1 DAGs
[2024-12-19T06:46:01.775+0000] {logging_mixin.py:190} INFO - [2024-12-19T06:46:01.775+0000] {dag.py:4180} INFO - Setting next_dagrun for tutorial_objectstorage to None, run_after=None
[2024-12-19T06:46:01.796+0000] {processor.py:208} INFO - Processing /home/airflow/.local/lib/python3.12/site-packages/airflow/example_dags/tutorial_objectstorage.py took 0.079 seconds
[2024-12-19T06:46:33.233+0000] {processor.py:186} INFO - Started process (PID=723) to work on /home/airflow/.local/lib/python3.12/site-packages/airflow/example_dags/tutorial_objectstorage.py
[2024-12-19T06:46:33.234+0000] {processor.py:914} INFO - Processing file /home/airflow/.local/lib/python3.12/site-packages/airflow/example_dags/tutorial_objectstorage.py for tasks to queue
[2024-12-19T06:46:33.237+0000] {logging_mixin.py:190} INFO - [2024-12-19T06:46:33.237+0000] {dagbag.py:588} INFO - Filling up the DagBag from /home/airflow/.local/lib/python3.12/site-packages/airflow/example_dags/tutorial_objectstorage.py
[2024-12-19T06:46:33.246+0000] {processor.py:925} INFO - DAG(s) 'tutorial_objectstorage' retrieved from /home/airflow/.local/lib/python3.12/site-packages/airflow/example_dags/tutorial_objectstorage.py
[2024-12-19T06:46:33.265+0000] {logging_mixin.py:190} INFO - [2024-12-19T06:46:33.265+0000] {dag.py:3239} INFO - Sync 1 DAGs
[2024-12-19T06:46:33.280+0000] {logging_mixin.py:190} INFO - [2024-12-19T06:46:33.280+0000] {dag.py:4180} INFO - Setting next_dagrun for tutorial_objectstorage to None, run_after=None
[2024-12-19T06:46:33.299+0000] {processor.py:208} INFO - Processing /home/airflow/.local/lib/python3.12/site-packages/airflow/example_dags/tutorial_objectstorage.py took 0.074 seconds
[2024-12-19T06:47:04.579+0000] {processor.py:186} INFO - Started process (PID=787) to work on /home/airflow/.local/lib/python3.12/site-packages/airflow/example_dags/tutorial_objectstorage.py
[2024-12-19T06:47:04.581+0000] {processor.py:914} INFO - Processing file /home/airflow/.local/lib/python3.12/site-packages/airflow/example_dags/tutorial_objectstorage.py for tasks to queue
[2024-12-19T06:47:04.585+0000] {logging_mixin.py:190} INFO - [2024-12-19T06:47:04.584+0000] {dagbag.py:588} INFO - Filling up the DagBag from /home/airflow/.local/lib/python3.12/site-packages/airflow/example_dags/tutorial_objectstorage.py
[2024-12-19T06:47:04.596+0000] {processor.py:925} INFO - DAG(s) 'tutorial_objectstorage' retrieved from /home/airflow/.local/lib/python3.12/site-packages/airflow/example_dags/tutorial_objectstorage.py
[2024-12-19T06:47:04.620+0000] {logging_mixin.py:190} INFO - [2024-12-19T06:47:04.619+0000] {dag.py:3239} INFO - Sync 1 DAGs
[2024-12-19T06:47:04.639+0000] {logging_mixin.py:190} INFO - [2024-12-19T06:47:04.639+0000] {dag.py:4180} INFO - Setting next_dagrun for tutorial_objectstorage to None, run_after=None
[2024-12-19T06:47:04.662+0000] {processor.py:208} INFO - Processing /home/airflow/.local/lib/python3.12/site-packages/airflow/example_dags/tutorial_objectstorage.py took 0.092 seconds
[2024-12-19T06:47:35.573+0000] {processor.py:186} INFO - Started process (PID=850) to work on /home/airflow/.local/lib/python3.12/site-packages/airflow/example_dags/tutorial_objectstorage.py
[2024-12-19T06:47:35.574+0000] {processor.py:914} INFO - Processing file /home/airflow/.local/lib/python3.12/site-packages/airflow/example_dags/tutorial_objectstorage.py for tasks to queue
[2024-12-19T06:47:35.577+0000] {logging_mixin.py:190} INFO - [2024-12-19T06:47:35.576+0000] {dagbag.py:588} INFO - Filling up the DagBag from /home/airflow/.local/lib/python3.12/site-packages/airflow/example_dags/tutorial_objectstorage.py
[2024-12-19T06:47:35.585+0000] {processor.py:925} INFO - DAG(s) 'tutorial_objectstorage' retrieved from /home/airflow/.local/lib/python3.12/site-packages/airflow/example_dags/tutorial_objectstorage.py
[2024-12-19T06:47:35.603+0000] {logging_mixin.py:190} INFO - [2024-12-19T06:47:35.602+0000] {dag.py:3239} INFO - Sync 1 DAGs
[2024-12-19T06:47:35.617+0000] {logging_mixin.py:190} INFO - [2024-12-19T06:47:35.616+0000] {dag.py:4180} INFO - Setting next_dagrun for tutorial_objectstorage to None, run_after=None
[2024-12-19T06:47:35.636+0000] {processor.py:208} INFO - Processing /home/airflow/.local/lib/python3.12/site-packages/airflow/example_dags/tutorial_objectstorage.py took 0.068 seconds
[2024-12-19T06:48:06.579+0000] {processor.py:186} INFO - Started process (PID=913) to work on /home/airflow/.local/lib/python3.12/site-packages/airflow/example_dags/tutorial_objectstorage.py
[2024-12-19T06:48:06.581+0000] {processor.py:914} INFO - Processing file /home/airflow/.local/lib/python3.12/site-packages/airflow/example_dags/tutorial_objectstorage.py for tasks to queue
[2024-12-19T06:48:06.585+0000] {logging_mixin.py:190} INFO - [2024-12-19T06:48:06.584+0000] {dagbag.py:588} INFO - Filling up the DagBag from /home/airflow/.local/lib/python3.12/site-packages/airflow/example_dags/tutorial_objectstorage.py
[2024-12-19T06:48:06.599+0000] {processor.py:925} INFO - DAG(s) 'tutorial_objectstorage' retrieved from /home/airflow/.local/lib/python3.12/site-packages/airflow/example_dags/tutorial_objectstorage.py
[2024-12-19T06:48:06.621+0000] {logging_mixin.py:190} INFO - [2024-12-19T06:48:06.621+0000] {dag.py:3239} INFO - Sync 1 DAGs
[2024-12-19T06:48:06.639+0000] {logging_mixin.py:190} INFO - [2024-12-19T06:48:06.639+0000] {dag.py:4180} INFO - Setting next_dagrun for tutorial_objectstorage to None, run_after=None
[2024-12-19T06:48:06.661+0000] {processor.py:208} INFO - Processing /home/airflow/.local/lib/python3.12/site-packages/airflow/example_dags/tutorial_objectstorage.py took 0.089 seconds
