[2025-01-05T06:06:54.354+0000] {local_task_job_runner.py:123} INFO - ::group::Pre task execution logs
[2025-01-05T06:06:54.378+0000] {taskinstance.py:2613} INFO - Dependencies all met for dep_context=non-requeueable deps ti=<TaskInstance: user_processing.extract_user manual__2025-01-05T06:06:43.468299+00:00 [queued]>
[2025-01-05T06:06:54.390+0000] {taskinstance.py:2613} INFO - Dependencies all met for dep_context=requeueable deps ti=<TaskInstance: user_processing.extract_user manual__2025-01-05T06:06:43.468299+00:00 [queued]>
[2025-01-05T06:06:54.391+0000] {taskinstance.py:2866} INFO - Starting attempt 1 of 1
[2025-01-05T06:06:54.409+0000] {taskinstance.py:2889} INFO - Executing <Task(SimpleHttpOperator): extract_user> on 2025-01-05 06:06:43.468299+00:00
[2025-01-05T06:06:54.419+0000] {warnings.py:112} WARNING - /home/***/.local/lib/python3.12/site-packages/***/task/task_runner/standard_task_runner.py:70: DeprecationWarning: This process (pid=684) is multi-threaded, use of fork() may lead to deadlocks in the child.
  pid = os.fork()

[2025-01-05T06:06:54.423+0000] {standard_task_runner.py:104} INFO - Running: ['***', 'tasks', 'run', 'user_processing', 'extract_user', 'manual__2025-01-05T06:06:43.468299+00:00', '--job-id', '59', '--raw', '--subdir', 'DAGS_FOLDER/user_processing.py', '--cfg-path', '/tmp/tmpbezeh66w']
[2025-01-05T06:06:54.427+0000] {standard_task_runner.py:72} INFO - Started process 686 to run task
[2025-01-05T06:06:54.428+0000] {standard_task_runner.py:105} INFO - Job 59: Subtask extract_user
[2025-01-05T06:06:54.488+0000] {task_command.py:467} INFO - Running <TaskInstance: user_processing.extract_user manual__2025-01-05T06:06:43.468299+00:00 [running]> on host a67ecbd59b00
[2025-01-05T06:06:54.592+0000] {taskinstance.py:3132} INFO - Exporting env vars: AIRFLOW_CTX_DAG_OWNER='***' AIRFLOW_CTX_DAG_ID='user_processing' AIRFLOW_CTX_TASK_ID='extract_user' AIRFLOW_CTX_EXECUTION_DATE='2025-01-05T06:06:43.468299+00:00' AIRFLOW_CTX_TRY_NUMBER='1' AIRFLOW_CTX_DAG_RUN_ID='manual__2025-01-05T06:06:43.468299+00:00'
[2025-01-05T06:06:54.594+0000] {logging_mixin.py:190} INFO - Task instance is in running state
[2025-01-05T06:06:54.594+0000] {logging_mixin.py:190} INFO -  Previous state of the Task instance: queued
[2025-01-05T06:06:54.595+0000] {logging_mixin.py:190} INFO - Current task name:extract_user state:running start_date:2025-01-05 06:06:54.379208+00:00
[2025-01-05T06:06:54.596+0000] {logging_mixin.py:190} INFO - Dag name:user_processing and current dag run status:running
[2025-01-05T06:06:54.597+0000] {taskinstance.py:731} INFO - ::endgroup::
[2025-01-05T06:06:54.597+0000] {http.py:173} INFO - Calling HTTP method
[2025-01-05T06:06:54.608+0000] {base.py:84} INFO - Retrieving connection 'user_api'
[2025-01-05T06:06:54.617+0000] {base.py:84} INFO - Retrieving connection 'user_api'
[2025-01-05T06:07:01.012+0000] {http.py:222} INFO - {"results":[{"gender":"male","name":{"title":"Mr","first":"Aurelio","last":"Barela"},"location":{"street":{"number":7267,"name":"Cerrada Sur Valverde"},"city":"Canalejas","state":"Colima","country":"Mexico","postcode":54119,"coordinates":{"latitude":"28.2842","longitude":"-156.9483"},"timezone":{"offset":"-7:00","description":"Mountain Time (US & Canada)"}},"email":"aurelio.barela@example.com","login":{"uuid":"112b5147-947e-4dbc-bf96-9814e4f4950f","username":"organicgorilla642","password":"vienna","salt":"IsC51SVR","md5":"49b55a097b4298c97083c2e811814b73","sha1":"da99ce1faa3ae18a50a9ad0334bceb6692ee3660","sha256":"1b68a978b204acb1d70d777122a36285e8f329213c0fda3c6b3f9c83acf42ba6"},"dob":{"date":"1975-08-26T17:41:30.695Z","age":49},"registered":{"date":"2004-05-22T05:38:31.720Z","age":20},"phone":"(692) 926 3096","cell":"(644) 948 9498","id":{"name":"NSS","value":"34 59 46 4874 3"},"picture":{"large":"https://randomuser.me/api/portraits/men/28.jpg","medium":"https://randomuser.me/api/portraits/med/men/28.jpg","thumbnail":"https://randomuser.me/api/portraits/thumb/men/28.jpg"},"nat":"MX"}],"info":{"seed":"6358bcc2f0b1d1f6","results":1,"page":1,"version":"1.4"}}
[2025-01-05T06:07:01.039+0000] {taskinstance.py:340} INFO - ::group::Post task execution logs
[2025-01-05T06:07:01.040+0000] {taskinstance.py:352} INFO - Marking task as SUCCESS. dag_id=user_processing, task_id=extract_user, run_id=manual__2025-01-05T06:06:43.468299+00:00, execution_date=20250105T060643, start_date=20250105T060654, end_date=20250105T060701
[2025-01-05T06:07:01.051+0000] {logging_mixin.py:190} INFO - Task instance in success state
[2025-01-05T06:07:01.052+0000] {logging_mixin.py:190} INFO -  Previous state of the Task instance: running
[2025-01-05T06:07:01.052+0000] {logging_mixin.py:190} INFO - Dag name:user_processing queued_at:2025-01-05 06:06:43.497235+00:00
[2025-01-05T06:07:01.053+0000] {logging_mixin.py:190} INFO - Task hostname:a67ecbd59b00 operator:SimpleHttpOperator
[2025-01-05T06:07:01.085+0000] {local_task_job_runner.py:266} INFO - Task exited with return code 0
[2025-01-05T06:07:01.108+0000] {taskinstance.py:3895} INFO - 1 downstream tasks scheduled from follow-on schedule check
[2025-01-05T06:07:01.111+0000] {local_task_job_runner.py:245} INFO - ::endgroup::
